[2026-05-04T23:35:28.695+0000] {local_task_job_runner.py:123} INFO - ::group::Pre task execution logs
[2026-05-04T23:35:28.702+0000] {taskinstance.py:2612} INFO - Dependencies all met for dep_context=non-requeueable deps ti=<TaskInstance: tmdb_realtime_ingest.load_tmdb_genres scheduled__2026-05-02T00:00:00+00:00 [queued]>
[2026-05-04T23:35:28.706+0000] {taskinstance.py:2612} INFO - Dependencies all met for dep_context=requeueable deps ti=<TaskInstance: tmdb_realtime_ingest.load_tmdb_genres scheduled__2026-05-02T00:00:00+00:00 [queued]>
[2026-05-04T23:35:28.706+0000] {taskinstance.py:2865} INFO - Starting attempt 1 of 1
[2026-05-04T23:35:28.710+0000] {taskinstance.py:2888} INFO - Executing <Task(PythonOperator): load_tmdb_genres> on 2026-05-02 00:00:00+00:00
[2026-05-04T23:35:28.714+0000] {logging_mixin.py:190} WARNING - /home/***/.local/lib/python3.12/site-packages/***/task/task_runner/standard_task_runner.py:70 DeprecationWarning: This process (pid=235) is multi-threaded, use of fork() may lead to deadlocks in the child.
[2026-05-04T23:35:28.715+0000] {standard_task_runner.py:72} INFO - Started process 247 to run task
[2026-05-04T23:35:28.715+0000] {standard_task_runner.py:104} INFO - Running: ['***', 'tasks', 'run', 'tmdb_realtime_ingest', 'load_tmdb_genres', 'scheduled__2026-05-02T00:00:00+00:00', '--job-id', '165', '--raw', '--subdir', 'DAGS_FOLDER/tmdb_pipeline.py', '--cfg-path', '/tmp/tmp78ix4ra_']
[2026-05-04T23:35:28.717+0000] {standard_task_runner.py:105} INFO - Job 165: Subtask load_tmdb_genres
[2026-05-04T23:35:28.754+0000] {task_command.py:467} INFO - Running <TaskInstance: tmdb_realtime_ingest.load_tmdb_genres scheduled__2026-05-02T00:00:00+00:00 [running]> on host 6a67170d577a
[2026-05-04T23:35:28.801+0000] {taskinstance.py:3131} INFO - Exporting env vars: AIRFLOW_CTX_DAG_OWNER='***' AIRFLOW_CTX_DAG_ID='tmdb_realtime_ingest' AIRFLOW_CTX_TASK_ID='load_tmdb_genres' AIRFLOW_CTX_EXECUTION_DATE='2026-05-02T00:00:00+00:00' AIRFLOW_CTX_TRY_NUMBER='1' AIRFLOW_CTX_DAG_RUN_ID='scheduled__2026-05-02T00:00:00+00:00'
[2026-05-04T23:35:28.802+0000] {taskinstance.py:731} INFO - ::endgroup::
[2026-05-04T23:35:28.818+0000] {base.py:84} INFO - Retrieving connection 'conn'
[2026-05-04T23:35:28.820+0000] {connection.py:413} INFO - Snowflake Connector for Python Version: 3.12.2, Python Version: 3.12.5, Platform: Linux-6.12.76-linuxkit-aarch64-with-glibc2.36
[2026-05-04T23:35:28.820+0000] {connection.py:1196} INFO - Connecting to GLOBAL Snowflake domain
[2026-05-04T23:35:28.821+0000] {connection.py:1277} INFO - This connection is in OCSP Fail Open Mode. TLS Certificates would be checked for validity and revocation status. Any other Certificate Revocation related exceptions or OCSP Responder failures would be disregarded in favor of connectivity.
[2026-05-04T23:35:31.222+0000] {base.py:84} INFO - Retrieving connection 'conn'
[2026-05-04T23:35:31.408+0000] {cursor.py:1156} INFO - Number of results in first chunk: 1
[2026-05-04T23:35:31.606+0000] {cursor.py:1156} INFO - Number of results in first chunk: 1
[2026-05-04T23:35:31.752+0000] {cursor.py:1156} INFO - Number of results in first chunk: 1
[2026-05-04T23:35:31.987+0000] {cursor.py:1156} INFO - Number of results in first chunk: 1
[2026-05-04T23:35:33.963+0000] {cursor.py:1156} INFO - Number of results in first chunk: 1
[2026-05-04T23:35:33.964+0000] {connection.py:788} INFO - closed
[2026-05-04T23:35:34.062+0000] {local_task_job_runner.py:127} ERROR - Received SIGTERM. Terminating subprocesses
[2026-05-04T23:35:34.069+0000] {process_utils.py:132} INFO - Sending 15 to group 247. PIDs of all processes in the group: [247]
[2026-05-04T23:35:34.071+0000] {process_utils.py:87} INFO - Sending the signal 15 to group 247
[2026-05-04T23:35:34.073+0000] {taskinstance.py:3092} ERROR - Received SIGTERM. Terminating subprocesses.
[2026-05-07T07:21:13.568+0000] {local_task_job_runner.py:123} INFO - ::group::Pre task execution logs
[2026-05-07T07:21:13.597+0000] {taskinstance.py:2612} INFO - Dependencies all met for dep_context=non-requeueable deps ti=<TaskInstance: tmdb_realtime_ingest.load_tmdb_genres scheduled__2026-05-02T00:00:00+00:00 [queued]>
[2026-05-07T07:21:13.611+0000] {taskinstance.py:2612} INFO - Dependencies all met for dep_context=requeueable deps ti=<TaskInstance: tmdb_realtime_ingest.load_tmdb_genres scheduled__2026-05-02T00:00:00+00:00 [queued]>
[2026-05-07T07:21:13.611+0000] {taskinstance.py:2865} INFO - Starting attempt 1 of 1
[2026-05-07T07:21:13.628+0000] {taskinstance.py:2888} INFO - Executing <Task(PythonOperator): load_tmdb_genres> on 2026-05-02 00:00:00+00:00
[2026-05-07T07:21:13.639+0000] {logging_mixin.py:190} WARNING - /home/***/.local/lib/python3.12/site-packages/***/task/task_runner/standard_task_runner.py:70 DeprecationWarning: This process (pid=2560) is multi-threaded, use of fork() may lead to deadlocks in the child.
[2026-05-07T07:21:13.639+0000] {standard_task_runner.py:104} INFO - Running: ['***', 'tasks', 'run', 'tmdb_realtime_ingest', 'load_tmdb_genres', 'scheduled__2026-05-02T00:00:00+00:00', '--job-id', '485', '--raw', '--subdir', 'DAGS_FOLDER/tmdb_pipeline.py', '--cfg-path', '/tmp/tmp7k0_gg_g']
[2026-05-07T07:21:13.641+0000] {standard_task_runner.py:72} INFO - Started process 2597 to run task
[2026-05-07T07:21:13.641+0000] {standard_task_runner.py:105} INFO - Job 485: Subtask load_tmdb_genres
[2026-05-07T07:21:13.694+0000] {task_command.py:467} INFO - Running <TaskInstance: tmdb_realtime_ingest.load_tmdb_genres scheduled__2026-05-02T00:00:00+00:00 [running]> on host 1589e571b783
[2026-05-07T07:21:13.764+0000] {taskinstance.py:3131} INFO - Exporting env vars: AIRFLOW_CTX_DAG_OWNER='***' AIRFLOW_CTX_DAG_ID='tmdb_realtime_ingest' AIRFLOW_CTX_TASK_ID='load_tmdb_genres' AIRFLOW_CTX_EXECUTION_DATE='2026-05-02T00:00:00+00:00' AIRFLOW_CTX_TRY_NUMBER='1' AIRFLOW_CTX_DAG_RUN_ID='scheduled__2026-05-02T00:00:00+00:00'
[2026-05-07T07:21:13.766+0000] {taskinstance.py:731} INFO - ::endgroup::
[2026-05-07T07:21:13.796+0000] {base.py:84} INFO - Retrieving connection 'conn'
[2026-05-07T07:21:13.797+0000] {connection.py:413} INFO - Snowflake Connector for Python Version: 3.12.2, Python Version: 3.12.5, Platform: Linux-6.12.76-linuxkit-aarch64-with-glibc2.36
[2026-05-07T07:21:13.799+0000] {connection.py:1196} INFO - Connecting to GLOBAL Snowflake domain
[2026-05-07T07:21:13.799+0000] {connection.py:1277} INFO - This connection is in OCSP Fail Open Mode. TLS Certificates would be checked for validity and revocation status. Any other Certificate Revocation related exceptions or OCSP Responder failures would be disregarded in favor of connectivity.
[2026-05-07T07:21:14.138+0000] {base.py:84} INFO - Retrieving connection 'conn'
[2026-05-07T07:21:14.335+0000] {cursor.py:1156} INFO - Number of results in first chunk: 1
[2026-05-07T07:21:14.526+0000] {cursor.py:1156} INFO - Number of results in first chunk: 1
[2026-05-07T07:21:14.643+0000] {cursor.py:1156} INFO - Number of results in first chunk: 1
[2026-05-07T07:21:14.855+0000] {cursor.py:1156} INFO - Number of results in first chunk: 1
[2026-05-07T07:21:17.130+0000] {cursor.py:1156} INFO - Number of results in first chunk: 1
[2026-05-07T07:21:17.132+0000] {connection.py:788} INFO - closed
[2026-05-07T07:21:17.196+0000] {connection.py:794} INFO - No async queries seem to be running, deleting session
[2026-05-07T07:21:17.294+0000] {python.py:240} INFO - Done. Returned value was: None
[2026-05-07T07:21:17.331+0000] {taskinstance.py:340} INFO - ::group::Post task execution logs
[2026-05-07T07:21:17.332+0000] {taskinstance.py:352} INFO - Marking task as SUCCESS. dag_id=tmdb_realtime_ingest, task_id=load_tmdb_genres, run_id=scheduled__2026-05-02T00:00:00+00:00, execution_date=20260502T000000, start_date=20260507T072113, end_date=20260507T072117
[2026-05-07T07:21:17.396+0000] {local_task_job_runner.py:266} INFO - Task exited with return code 0
[2026-05-07T07:21:17.475+0000] {local_task_job_runner.py:245} INFO - ::endgroup::
[2026-05-07T07:35:37.260+0000] {local_task_job_runner.py:123} INFO - ::group::Pre task execution logs
[2026-05-07T07:35:37.272+0000] {taskinstance.py:2612} INFO - Dependencies all met for dep_context=non-requeueable deps ti=<TaskInstance: tmdb_realtime_ingest.load_tmdb_genres scheduled__2026-05-02T00:00:00+00:00 [queued]>
[2026-05-07T07:35:37.282+0000] {taskinstance.py:2612} INFO - Dependencies all met for dep_context=requeueable deps ti=<TaskInstance: tmdb_realtime_ingest.load_tmdb_genres scheduled__2026-05-02T00:00:00+00:00 [queued]>
[2026-05-07T07:35:37.283+0000] {taskinstance.py:2865} INFO - Starting attempt 1 of 1
[2026-05-07T07:35:37.299+0000] {taskinstance.py:2888} INFO - Executing <Task(PythonOperator): load_tmdb_genres> on 2026-05-02 00:00:00+00:00
[2026-05-07T07:35:37.306+0000] {logging_mixin.py:190} WARNING - /home/***/.local/lib/python3.12/site-packages/***/task/task_runner/standard_task_runner.py:70 DeprecationWarning: This process (pid=2570) is multi-threaded, use of fork() may lead to deadlocks in the child.
[2026-05-07T07:35:37.307+0000] {standard_task_runner.py:72} INFO - Started process 2601 to run task
[2026-05-07T07:35:37.309+0000] {standard_task_runner.py:104} INFO - Running: ['***', 'tasks', 'run', 'tmdb_realtime_ingest', 'load_tmdb_genres', 'scheduled__2026-05-02T00:00:00+00:00', '--job-id', '830', '--raw', '--subdir', 'DAGS_FOLDER/tmdb_pipeline.py', '--cfg-path', '/tmp/tmpi7mvgfh6']
[2026-05-07T07:35:37.312+0000] {standard_task_runner.py:105} INFO - Job 830: Subtask load_tmdb_genres
[2026-05-07T07:35:37.357+0000] {task_command.py:467} INFO - Running <TaskInstance: tmdb_realtime_ingest.load_tmdb_genres scheduled__2026-05-02T00:00:00+00:00 [running]> on host da59d52ee0b5
[2026-05-07T07:35:37.441+0000] {taskinstance.py:3131} INFO - Exporting env vars: AIRFLOW_CTX_DAG_OWNER='***' AIRFLOW_CTX_DAG_ID='tmdb_realtime_ingest' AIRFLOW_CTX_TASK_ID='load_tmdb_genres' AIRFLOW_CTX_EXECUTION_DATE='2026-05-02T00:00:00+00:00' AIRFLOW_CTX_TRY_NUMBER='1' AIRFLOW_CTX_DAG_RUN_ID='scheduled__2026-05-02T00:00:00+00:00'
[2026-05-07T07:35:37.444+0000] {taskinstance.py:731} INFO - ::endgroup::
[2026-05-07T07:35:37.464+0000] {base.py:84} INFO - Retrieving connection 'conn'
[2026-05-07T07:35:37.465+0000] {connection.py:413} INFO - Snowflake Connector for Python Version: 3.12.2, Python Version: 3.12.5, Platform: Linux-6.12.76-linuxkit-aarch64-with-glibc2.36
[2026-05-07T07:35:37.467+0000] {connection.py:1196} INFO - Connecting to GLOBAL Snowflake domain
[2026-05-07T07:35:37.467+0000] {connection.py:1277} INFO - This connection is in OCSP Fail Open Mode. TLS Certificates would be checked for validity and revocation status. Any other Certificate Revocation related exceptions or OCSP Responder failures would be disregarded in favor of connectivity.
[2026-05-07T07:35:38.352+0000] {base.py:84} INFO - Retrieving connection 'conn'
[2026-05-07T07:35:38.552+0000] {cursor.py:1156} INFO - Number of results in first chunk: 1
[2026-05-07T07:35:38.728+0000] {cursor.py:1156} INFO - Number of results in first chunk: 1
[2026-05-07T07:35:38.899+0000] {cursor.py:1156} INFO - Number of results in first chunk: 1
[2026-05-07T07:35:39.112+0000] {cursor.py:1156} INFO - Number of results in first chunk: 1
[2026-05-07T07:35:40.921+0000] {cursor.py:1156} INFO - Number of results in first chunk: 1
[2026-05-07T07:35:40.945+0000] {connection.py:788} INFO - closed
[2026-05-07T07:35:41.072+0000] {connection.py:794} INFO - No async queries seem to be running, deleting session
[2026-05-07T07:35:41.290+0000] {python.py:240} INFO - Done. Returned value was: None
[2026-05-07T07:35:41.485+0000] {taskinstance.py:340} INFO - ::group::Post task execution logs
[2026-05-07T07:35:41.486+0000] {taskinstance.py:352} INFO - Marking task as SUCCESS. dag_id=tmdb_realtime_ingest, task_id=load_tmdb_genres, run_id=scheduled__2026-05-02T00:00:00+00:00, execution_date=20260502T000000, start_date=20260507T073537, end_date=20260507T073541
[2026-05-07T07:35:41.565+0000] {local_task_job_runner.py:266} INFO - Task exited with return code 0
[2026-05-07T07:35:41.665+0000] {local_task_job_runner.py:245} INFO - ::endgroup::
[2026-05-07T07:44:50.755+0000] {local_task_job_runner.py:123} INFO - ::group::Pre task execution logs
[2026-05-07T07:44:50.764+0000] {taskinstance.py:2612} INFO - Dependencies all met for dep_context=non-requeueable deps ti=<TaskInstance: tmdb_realtime_ingest.load_tmdb_genres scheduled__2026-05-02T00:00:00+00:00 [queued]>
[2026-05-07T07:44:50.767+0000] {taskinstance.py:2612} INFO - Dependencies all met for dep_context=requeueable deps ti=<TaskInstance: tmdb_realtime_ingest.load_tmdb_genres scheduled__2026-05-02T00:00:00+00:00 [queued]>
[2026-05-07T07:44:50.767+0000] {taskinstance.py:2865} INFO - Starting attempt 1 of 1
[2026-05-07T07:44:50.772+0000] {taskinstance.py:2888} INFO - Executing <Task(PythonOperator): load_tmdb_genres> on 2026-05-02 00:00:00+00:00
[2026-05-07T07:44:50.783+0000] {logging_mixin.py:190} WARNING - /home/***/.local/lib/python3.12/site-packages/***/task/task_runner/standard_task_runner.py:70 DeprecationWarning: This process (pid=5689) is multi-threaded, use of fork() may lead to deadlocks in the child.
[2026-05-07T07:44:50.784+0000] {standard_task_runner.py:72} INFO - Started process 5699 to run task
[2026-05-07T07:44:50.784+0000] {standard_task_runner.py:104} INFO - Running: ['***', 'tasks', 'run', 'tmdb_realtime_ingest', 'load_tmdb_genres', 'scheduled__2026-05-02T00:00:00+00:00', '--job-id', '1174', '--raw', '--subdir', 'DAGS_FOLDER/tmdb_pipeline.py', '--cfg-path', '/tmp/tmpul7akbsv']
[2026-05-07T07:44:50.786+0000] {standard_task_runner.py:105} INFO - Job 1174: Subtask load_tmdb_genres
[2026-05-07T07:44:50.826+0000] {task_command.py:467} INFO - Running <TaskInstance: tmdb_realtime_ingest.load_tmdb_genres scheduled__2026-05-02T00:00:00+00:00 [running]> on host da59d52ee0b5
[2026-05-07T07:44:50.870+0000] {taskinstance.py:3131} INFO - Exporting env vars: AIRFLOW_CTX_DAG_OWNER='***' AIRFLOW_CTX_DAG_ID='tmdb_realtime_ingest' AIRFLOW_CTX_TASK_ID='load_tmdb_genres' AIRFLOW_CTX_EXECUTION_DATE='2026-05-02T00:00:00+00:00' AIRFLOW_CTX_TRY_NUMBER='1' AIRFLOW_CTX_DAG_RUN_ID='scheduled__2026-05-02T00:00:00+00:00'
[2026-05-07T07:44:50.870+0000] {taskinstance.py:731} INFO - ::endgroup::
[2026-05-07T07:44:50.882+0000] {base.py:84} INFO - Retrieving connection 'conn'
[2026-05-07T07:44:50.883+0000] {connection.py:413} INFO - Snowflake Connector for Python Version: 3.12.2, Python Version: 3.12.5, Platform: Linux-6.12.76-linuxkit-aarch64-with-glibc2.36
[2026-05-07T07:44:50.884+0000] {connection.py:1196} INFO - Connecting to GLOBAL Snowflake domain
[2026-05-07T07:44:50.884+0000] {connection.py:1277} INFO - This connection is in OCSP Fail Open Mode. TLS Certificates would be checked for validity and revocation status. Any other Certificate Revocation related exceptions or OCSP Responder failures would be disregarded in favor of connectivity.
[2026-05-07T07:44:51.736+0000] {base.py:84} INFO - Retrieving connection 'conn'
[2026-05-07T07:44:51.966+0000] {cursor.py:1156} INFO - Number of results in first chunk: 1
[2026-05-07T07:44:52.180+0000] {cursor.py:1156} INFO - Number of results in first chunk: 1
[2026-05-07T07:44:52.411+0000] {cursor.py:1156} INFO - Number of results in first chunk: 1
[2026-05-07T07:44:52.800+0000] {cursor.py:1156} INFO - Number of results in first chunk: 1
[2026-05-07T07:44:54.646+0000] {cursor.py:1156} INFO - Number of results in first chunk: 1
[2026-05-07T07:44:54.648+0000] {connection.py:788} INFO - closed
[2026-05-07T07:44:54.847+0000] {connection.py:794} INFO - No async queries seem to be running, deleting session
[2026-05-07T07:44:55.101+0000] {python.py:240} INFO - Done. Returned value was: None
[2026-05-07T07:44:55.140+0000] {taskinstance.py:340} INFO - ::group::Post task execution logs
[2026-05-07T07:44:55.142+0000] {taskinstance.py:352} INFO - Marking task as SUCCESS. dag_id=tmdb_realtime_ingest, task_id=load_tmdb_genres, run_id=scheduled__2026-05-02T00:00:00+00:00, execution_date=20260502T000000, start_date=20260507T074450, end_date=20260507T074455
[2026-05-07T07:44:55.207+0000] {local_task_job_runner.py:266} INFO - Task exited with return code 0
[2026-05-07T07:44:55.305+0000] {taskinstance.py:3900} INFO - 1 downstream tasks scheduled from follow-on schedule check
[2026-05-07T07:44:55.308+0000] {local_task_job_runner.py:245} INFO - ::endgroup::
[2026-05-07T08:00:11.915+0000] {local_task_job_runner.py:123} INFO - ::group::Pre task execution logs
[2026-05-07T08:00:11.937+0000] {taskinstance.py:2612} INFO - Dependencies all met for dep_context=non-requeueable deps ti=<TaskInstance: tmdb_realtime_ingest.load_tmdb_genres scheduled__2026-05-02T00:00:00+00:00 [queued]>
[2026-05-07T08:00:11.949+0000] {taskinstance.py:2612} INFO - Dependencies all met for dep_context=requeueable deps ti=<TaskInstance: tmdb_realtime_ingest.load_tmdb_genres scheduled__2026-05-02T00:00:00+00:00 [queued]>
[2026-05-07T08:00:11.952+0000] {taskinstance.py:2865} INFO - Starting attempt 1 of 1
[2026-05-07T08:00:12.049+0000] {taskinstance.py:2888} INFO - Executing <Task(PythonOperator): load_tmdb_genres> on 2026-05-02 00:00:00+00:00
[2026-05-07T08:00:12.098+0000] {logging_mixin.py:190} WARNING - /home/***/.local/lib/python3.12/site-packages/***/task/task_runner/standard_task_runner.py:70 DeprecationWarning: This process (pid=3257) is multi-threaded, use of fork() may lead to deadlocks in the child.
[2026-05-07T08:00:12.099+0000] {standard_task_runner.py:72} INFO - Started process 3289 to run task
[2026-05-07T08:00:12.099+0000] {standard_task_runner.py:104} INFO - Running: ['***', 'tasks', 'run', 'tmdb_realtime_ingest', 'load_tmdb_genres', 'scheduled__2026-05-02T00:00:00+00:00', '--job-id', '1657', '--raw', '--subdir', 'DAGS_FOLDER/tmdb_pipeline.py', '--cfg-path', '/tmp/tmp5cse_ph8']
[2026-05-07T08:00:12.104+0000] {standard_task_runner.py:105} INFO - Job 1657: Subtask load_tmdb_genres
[2026-05-07T08:00:12.181+0000] {task_command.py:467} INFO - Running <TaskInstance: tmdb_realtime_ingest.load_tmdb_genres scheduled__2026-05-02T00:00:00+00:00 [running]> on host aec0b0090a27
[2026-05-07T08:00:12.304+0000] {taskinstance.py:3131} INFO - Exporting env vars: AIRFLOW_CTX_DAG_OWNER='***' AIRFLOW_CTX_DAG_ID='tmdb_realtime_ingest' AIRFLOW_CTX_TASK_ID='load_tmdb_genres' AIRFLOW_CTX_EXECUTION_DATE='2026-05-02T00:00:00+00:00' AIRFLOW_CTX_TRY_NUMBER='1' AIRFLOW_CTX_DAG_RUN_ID='scheduled__2026-05-02T00:00:00+00:00'
[2026-05-07T08:00:12.312+0000] {taskinstance.py:731} INFO - ::endgroup::
[2026-05-07T08:00:12.347+0000] {base.py:84} INFO - Retrieving connection 'conn'
[2026-05-07T08:00:12.352+0000] {connection.py:413} INFO - Snowflake Connector for Python Version: 3.12.2, Python Version: 3.12.5, Platform: Linux-6.12.76-linuxkit-aarch64-with-glibc2.36
[2026-05-07T08:00:12.355+0000] {connection.py:1196} INFO - Connecting to GLOBAL Snowflake domain
[2026-05-07T08:00:12.356+0000] {connection.py:1277} INFO - This connection is in OCSP Fail Open Mode. TLS Certificates would be checked for validity and revocation status. Any other Certificate Revocation related exceptions or OCSP Responder failures would be disregarded in favor of connectivity.
[2026-05-07T08:00:13.096+0000] {base.py:84} INFO - Retrieving connection 'conn'
[2026-05-07T08:00:13.370+0000] {cursor.py:1156} INFO - Number of results in first chunk: 1
[2026-05-07T08:00:13.608+0000] {cursor.py:1156} INFO - Number of results in first chunk: 1
[2026-05-07T08:00:14.007+0000] {cursor.py:1156} INFO - Number of results in first chunk: 1
[2026-05-07T08:00:14.852+0000] {cursor.py:1156} INFO - Number of results in first chunk: 1
[2026-05-07T08:00:21.414+0000] {cursor.py:1156} INFO - Number of results in first chunk: 1
[2026-05-07T08:00:21.431+0000] {connection.py:788} INFO - closed
[2026-05-07T08:00:21.627+0000] {connection.py:794} INFO - No async queries seem to be running, deleting session
[2026-05-07T08:00:21.756+0000] {python.py:240} INFO - Done. Returned value was: None
[2026-05-07T08:00:21.786+0000] {taskinstance.py:340} INFO - ::group::Post task execution logs
[2026-05-07T08:00:21.789+0000] {taskinstance.py:352} INFO - Marking task as SUCCESS. dag_id=tmdb_realtime_ingest, task_id=load_tmdb_genres, run_id=scheduled__2026-05-02T00:00:00+00:00, execution_date=20260502T000000, start_date=20260507T080011, end_date=20260507T080021
[2026-05-07T08:00:21.824+0000] {local_task_job_runner.py:266} INFO - Task exited with return code 0
[2026-05-07T08:00:21.874+0000] {taskinstance.py:3900} INFO - 1 downstream tasks scheduled from follow-on schedule check
[2026-05-07T08:00:21.876+0000] {local_task_job_runner.py:245} INFO - ::endgroup::
[2026-05-07T08:09:56.747+0000] {local_task_job_runner.py:123} INFO - ::group::Pre task execution logs
[2026-05-07T08:09:56.778+0000] {taskinstance.py:2612} INFO - Dependencies all met for dep_context=non-requeueable deps ti=<TaskInstance: tmdb_realtime_ingest.load_tmdb_genres scheduled__2026-05-02T00:00:00+00:00 [queued]>
[2026-05-07T08:09:56.844+0000] {taskinstance.py:2612} INFO - Dependencies all met for dep_context=requeueable deps ti=<TaskInstance: tmdb_realtime_ingest.load_tmdb_genres scheduled__2026-05-02T00:00:00+00:00 [queued]>
[2026-05-07T08:09:56.846+0000] {taskinstance.py:2865} INFO - Starting attempt 1 of 1
[2026-05-07T08:09:56.899+0000] {taskinstance.py:2888} INFO - Executing <Task(PythonOperator): load_tmdb_genres> on 2026-05-02 00:00:00+00:00
[2026-05-07T08:09:56.946+0000] {logging_mixin.py:190} WARNING - /home/***/.local/lib/python3.12/site-packages/***/task/task_runner/standard_task_runner.py:70 DeprecationWarning: This process (pid=667) is multi-threaded, use of fork() may lead to deadlocks in the child.
[2026-05-07T08:09:56.961+0000] {standard_task_runner.py:72} INFO - Started process 707 to run task
[2026-05-07T08:09:56.966+0000] {standard_task_runner.py:104} INFO - Running: ['***', 'tasks', 'run', 'tmdb_realtime_ingest', 'load_tmdb_genres', 'scheduled__2026-05-02T00:00:00+00:00', '--job-id', '1757', '--raw', '--subdir', 'DAGS_FOLDER/tmdb_pipeline.py', '--cfg-path', '/tmp/tmprnmope1o']
[2026-05-07T08:09:56.979+0000] {standard_task_runner.py:105} INFO - Job 1757: Subtask load_tmdb_genres
[2026-05-07T08:09:57.191+0000] {task_command.py:467} INFO - Running <TaskInstance: tmdb_realtime_ingest.load_tmdb_genres scheduled__2026-05-02T00:00:00+00:00 [running]> on host 304727ced316
[2026-05-07T08:09:57.517+0000] {taskinstance.py:3131} INFO - Exporting env vars: AIRFLOW_CTX_DAG_OWNER='***' AIRFLOW_CTX_DAG_ID='tmdb_realtime_ingest' AIRFLOW_CTX_TASK_ID='load_tmdb_genres' AIRFLOW_CTX_EXECUTION_DATE='2026-05-02T00:00:00+00:00' AIRFLOW_CTX_TRY_NUMBER='1' AIRFLOW_CTX_DAG_RUN_ID='scheduled__2026-05-02T00:00:00+00:00'
[2026-05-07T08:09:57.528+0000] {taskinstance.py:731} INFO - ::endgroup::
[2026-05-07T08:09:57.637+0000] {base.py:84} INFO - Retrieving connection 'conn'
[2026-05-07T08:09:57.641+0000] {connection.py:413} INFO - Snowflake Connector for Python Version: 3.12.2, Python Version: 3.12.5, Platform: Linux-6.12.76-linuxkit-aarch64-with-glibc2.36
[2026-05-07T08:09:57.648+0000] {connection.py:1196} INFO - Connecting to GLOBAL Snowflake domain
[2026-05-07T08:09:57.651+0000] {connection.py:1277} INFO - This connection is in OCSP Fail Open Mode. TLS Certificates would be checked for validity and revocation status. Any other Certificate Revocation related exceptions or OCSP Responder failures would be disregarded in favor of connectivity.
[2026-05-07T08:09:58.205+0000] {base.py:84} INFO - Retrieving connection 'conn'
[2026-05-07T08:09:58.549+0000] {cursor.py:1156} INFO - Number of results in first chunk: 1
[2026-05-07T08:09:58.857+0000] {cursor.py:1156} INFO - Number of results in first chunk: 1
[2026-05-07T08:09:59.002+0000] {cursor.py:1156} INFO - Number of results in first chunk: 1
[2026-05-07T08:09:59.212+0000] {cursor.py:1156} INFO - Number of results in first chunk: 1
[2026-05-07T08:10:01.483+0000] {cursor.py:1156} INFO - Number of results in first chunk: 1
[2026-05-07T08:10:01.500+0000] {connection.py:788} INFO - closed
[2026-05-07T08:10:01.584+0000] {connection.py:794} INFO - No async queries seem to be running, deleting session
[2026-05-07T08:10:01.710+0000] {python.py:240} INFO - Done. Returned value was: None
[2026-05-07T08:10:01.810+0000] {taskinstance.py:340} INFO - ::group::Post task execution logs
[2026-05-07T08:10:01.814+0000] {taskinstance.py:352} INFO - Marking task as SUCCESS. dag_id=tmdb_realtime_ingest, task_id=load_tmdb_genres, run_id=scheduled__2026-05-02T00:00:00+00:00, execution_date=20260502T000000, start_date=20260507T080956, end_date=20260507T081001
[2026-05-07T08:10:02.217+0000] {local_task_job_runner.py:266} INFO - Task exited with return code 0
[2026-05-07T08:10:02.262+0000] {taskinstance.py:3900} INFO - 0 downstream tasks scheduled from follow-on schedule check
[2026-05-07T08:10:02.283+0000] {local_task_job_runner.py:245} INFO - ::endgroup::
[2026-05-07T08:21:41.707+0000] {local_task_job_runner.py:123} INFO - ::group::Pre task execution logs
[2026-05-07T08:21:41.725+0000] {taskinstance.py:2612} INFO - Dependencies all met for dep_context=non-requeueable deps ti=<TaskInstance: tmdb_realtime_ingest.load_tmdb_genres scheduled__2026-05-02T00:00:00+00:00 [queued]>
[2026-05-07T08:21:41.731+0000] {taskinstance.py:2612} INFO - Dependencies all met for dep_context=requeueable deps ti=<TaskInstance: tmdb_realtime_ingest.load_tmdb_genres scheduled__2026-05-02T00:00:00+00:00 [queued]>
[2026-05-07T08:21:41.731+0000] {taskinstance.py:2865} INFO - Starting attempt 1 of 1
[2026-05-07T08:21:41.743+0000] {taskinstance.py:2888} INFO - Executing <Task(PythonOperator): load_tmdb_genres> on 2026-05-02 00:00:00+00:00
[2026-05-07T08:21:41.754+0000] {logging_mixin.py:190} WARNING - /home/***/.local/lib/python3.12/site-packages/***/task/task_runner/standard_task_runner.py:70 DeprecationWarning: This process (pid=670) is multi-threaded, use of fork() may lead to deadlocks in the child.
[2026-05-07T08:21:41.756+0000] {standard_task_runner.py:72} INFO - Started process 692 to run task
[2026-05-07T08:21:41.759+0000] {standard_task_runner.py:104} INFO - Running: ['***', 'tasks', 'run', 'tmdb_realtime_ingest', 'load_tmdb_genres', 'scheduled__2026-05-02T00:00:00+00:00', '--job-id', '1847', '--raw', '--subdir', 'DAGS_FOLDER/tmdb_pipeline.py', '--cfg-path', '/tmp/tmphcu13dvn']
[2026-05-07T08:21:41.766+0000] {standard_task_runner.py:105} INFO - Job 1847: Subtask load_tmdb_genres
[2026-05-07T08:21:41.844+0000] {task_command.py:467} INFO - Running <TaskInstance: tmdb_realtime_ingest.load_tmdb_genres scheduled__2026-05-02T00:00:00+00:00 [running]> on host 468e1946259b
[2026-05-07T08:21:41.913+0000] {taskinstance.py:3131} INFO - Exporting env vars: AIRFLOW_CTX_DAG_OWNER='***' AIRFLOW_CTX_DAG_ID='tmdb_realtime_ingest' AIRFLOW_CTX_TASK_ID='load_tmdb_genres' AIRFLOW_CTX_EXECUTION_DATE='2026-05-02T00:00:00+00:00' AIRFLOW_CTX_TRY_NUMBER='1' AIRFLOW_CTX_DAG_RUN_ID='scheduled__2026-05-02T00:00:00+00:00'
[2026-05-07T08:21:41.919+0000] {taskinstance.py:731} INFO - ::endgroup::
[2026-05-07T08:21:41.971+0000] {base.py:84} INFO - Retrieving connection 'conn'
[2026-05-07T08:21:41.974+0000] {connection.py:413} INFO - Snowflake Connector for Python Version: 3.12.2, Python Version: 3.12.5, Platform: Linux-6.12.76-linuxkit-aarch64-with-glibc2.36
[2026-05-07T08:21:41.978+0000] {connection.py:1196} INFO - Connecting to GLOBAL Snowflake domain
[2026-05-07T08:21:41.983+0000] {connection.py:1277} INFO - This connection is in OCSP Fail Open Mode. TLS Certificates would be checked for validity and revocation status. Any other Certificate Revocation related exceptions or OCSP Responder failures would be disregarded in favor of connectivity.
[2026-05-07T08:21:42.361+0000] {base.py:84} INFO - Retrieving connection 'conn'
[2026-05-07T08:21:42.627+0000] {cursor.py:1156} INFO - Number of results in first chunk: 1
[2026-05-07T08:21:43.502+0000] {cursor.py:1156} INFO - Number of results in first chunk: 1
[2026-05-07T08:21:43.629+0000] {cursor.py:1156} INFO - Number of results in first chunk: 1
[2026-05-07T08:21:43.857+0000] {cursor.py:1156} INFO - Number of results in first chunk: 1
[2026-05-07T08:21:45.912+0000] {cursor.py:1156} INFO - Number of results in first chunk: 1
[2026-05-07T08:21:45.917+0000] {connection.py:788} INFO - closed
[2026-05-07T08:21:45.999+0000] {connection.py:794} INFO - No async queries seem to be running, deleting session
[2026-05-07T08:21:46.092+0000] {python.py:240} INFO - Done. Returned value was: None
[2026-05-07T08:21:46.135+0000] {taskinstance.py:340} INFO - ::group::Post task execution logs
[2026-05-07T08:21:46.140+0000] {taskinstance.py:352} INFO - Marking task as SUCCESS. dag_id=tmdb_realtime_ingest, task_id=load_tmdb_genres, run_id=scheduled__2026-05-02T00:00:00+00:00, execution_date=20260502T000000, start_date=20260507T082141, end_date=20260507T082146
[2026-05-07T08:21:46.250+0000] {local_task_job_runner.py:266} INFO - Task exited with return code 0
[2026-05-07T08:21:46.290+0000] {taskinstance.py:3900} INFO - 1 downstream tasks scheduled from follow-on schedule check
[2026-05-07T08:21:46.296+0000] {local_task_job_runner.py:245} INFO - ::endgroup::
