[2026-05-04T23:36:43.168+0000] {local_task_job_runner.py:123} INFO - ::group::Pre task execution logs
[2026-05-04T23:36:43.180+0000] {taskinstance.py:2612} INFO - Dependencies all met for dep_context=non-requeueable deps ti=<TaskInstance: tmdb_realtime_ingest.extract_tmdb_data manual__2026-05-04T23:36:41.900185+00:00 [queued]>
[2026-05-04T23:36:43.187+0000] {taskinstance.py:2612} INFO - Dependencies all met for dep_context=requeueable deps ti=<TaskInstance: tmdb_realtime_ingest.extract_tmdb_data manual__2026-05-04T23:36:41.900185+00:00 [queued]>
[2026-05-04T23:36:43.187+0000] {taskinstance.py:2865} INFO - Starting attempt 1 of 1
[2026-05-04T23:36:43.193+0000] {taskinstance.py:2888} INFO - Executing <Task(PythonOperator): extract_tmdb_data> on 2026-05-04 23:36:41.900185+00:00
[2026-05-04T23:36:43.196+0000] {logging_mixin.py:190} WARNING - /home/***/.local/lib/python3.12/site-packages/***/task/task_runner/standard_task_runner.py:70 DeprecationWarning: This process (pid=338) is multi-threaded, use of fork() may lead to deadlocks in the child.
[2026-05-04T23:36:43.197+0000] {standard_task_runner.py:72} INFO - Started process 346 to run task
[2026-05-04T23:36:43.196+0000] {standard_task_runner.py:104} INFO - Running: ['***', 'tasks', 'run', 'tmdb_realtime_ingest', 'extract_tmdb_data', 'manual__2026-05-04T23:36:41.900185+00:00', '--job-id', '172', '--raw', '--subdir', 'DAGS_FOLDER/tmdb_pipeline.py', '--cfg-path', '/tmp/tmposur7tm9']
[2026-05-04T23:36:43.197+0000] {standard_task_runner.py:105} INFO - Job 172: Subtask extract_tmdb_data
[2026-05-04T23:36:43.216+0000] {task_command.py:467} INFO - Running <TaskInstance: tmdb_realtime_ingest.extract_tmdb_data manual__2026-05-04T23:36:41.900185+00:00 [running]> on host e1ba2d8925c7
[2026-05-04T23:36:43.245+0000] {taskinstance.py:3131} INFO - Exporting env vars: AIRFLOW_CTX_DAG_OWNER='***' AIRFLOW_CTX_DAG_ID='tmdb_realtime_ingest' AIRFLOW_CTX_TASK_ID='extract_tmdb_data' AIRFLOW_CTX_EXECUTION_DATE='2026-05-04T23:36:41.900185+00:00' AIRFLOW_CTX_TRY_NUMBER='1' AIRFLOW_CTX_DAG_RUN_ID='manual__2026-05-04T23:36:41.900185+00:00'
[2026-05-04T23:36:43.245+0000] {taskinstance.py:731} INFO - ::endgroup::
[2026-05-04T23:36:43.371+0000] {logging_mixin.py:190} INFO - Preview of TMDb data:
[2026-05-04T23:36:43.380+0000] {logging_mixin.py:190} INFO -    tmdb_id  ...         snapshot_timestamp
0  1266127  ... 2026-05-04 23:36:43.368828
1  1007757  ... 2026-05-04 23:36:43.368828
2  1314481  ... 2026-05-04 23:36:43.368828
3   936075  ... 2026-05-04 23:36:43.368828
4   931285  ... 2026-05-04 23:36:43.368828

[5 rows x 9 columns]
[2026-05-04T23:36:43.382+0000] {logging_mixin.py:190} INFO - TMDb realtime ingestion complete!
[2026-05-04T23:36:43.382+0000] {python.py:240} INFO - Done. Returned value was: None
[2026-05-04T23:36:43.386+0000] {taskinstance.py:340} INFO - ::group::Post task execution logs
[2026-05-04T23:36:43.386+0000] {taskinstance.py:352} INFO - Marking task as SUCCESS. dag_id=tmdb_realtime_ingest, task_id=extract_tmdb_data, run_id=manual__2026-05-04T23:36:41.900185+00:00, execution_date=20260504T233641, start_date=20260504T233643, end_date=20260504T233643
[2026-05-04T23:36:43.424+0000] {local_task_job_runner.py:266} INFO - Task exited with return code 0
[2026-05-04T23:36:43.435+0000] {taskinstance.py:3900} INFO - 1 downstream tasks scheduled from follow-on schedule check
[2026-05-04T23:36:43.436+0000] {local_task_job_runner.py:245} INFO - ::endgroup::
