[2026-05-01T17:51:23.379+0000] {local_task_job_runner.py:123} INFO - ::group::Pre task execution logs
[2026-05-01T17:51:23.383+0000] {taskinstance.py:2612} INFO - Dependencies all met for dep_context=non-requeueable deps ti=<TaskInstance: tmdb_realtime_ingest.extract_tmdb_data manual__2026-05-01T17:51:22.305649+00:00 [queued]>
[2026-05-01T17:51:23.386+0000] {taskinstance.py:2612} INFO - Dependencies all met for dep_context=requeueable deps ti=<TaskInstance: tmdb_realtime_ingest.extract_tmdb_data manual__2026-05-01T17:51:22.305649+00:00 [queued]>
[2026-05-01T17:51:23.386+0000] {taskinstance.py:2865} INFO - Starting attempt 1 of 1
[2026-05-01T17:51:23.389+0000] {taskinstance.py:2888} INFO - Executing <Task(PythonOperator): extract_tmdb_data> on 2026-05-01 17:51:22.305649+00:00
[2026-05-01T17:51:23.394+0000] {logging_mixin.py:190} WARNING - /home/***/.local/lib/python3.12/site-packages/***/task/task_runner/standard_task_runner.py:70 DeprecationWarning: This process (pid=221) is multi-threaded, use of fork() may lead to deadlocks in the child.
[2026-05-01T17:51:23.397+0000] {standard_task_runner.py:72} INFO - Started process 224 to run task
[2026-05-01T17:51:23.396+0000] {standard_task_runner.py:104} INFO - Running: ['***', 'tasks', 'run', 'tmdb_realtime_ingest', 'extract_tmdb_data', 'manual__2026-05-01T17:51:22.305649+00:00', '--job-id', '62', '--raw', '--subdir', 'DAGS_FOLDER/tmdb_pipeline.py', '--cfg-path', '/tmp/tmpvrz52rwe']
[2026-05-01T17:51:23.398+0000] {standard_task_runner.py:105} INFO - Job 62: Subtask extract_tmdb_data
[2026-05-01T17:51:23.427+0000] {task_command.py:467} INFO - Running <TaskInstance: tmdb_realtime_ingest.extract_tmdb_data manual__2026-05-01T17:51:22.305649+00:00 [running]> on host b4dfdc541ceb
[2026-05-01T17:51:23.464+0000] {taskinstance.py:3131} INFO - Exporting env vars: AIRFLOW_CTX_DAG_OWNER='***' AIRFLOW_CTX_DAG_ID='tmdb_realtime_ingest' AIRFLOW_CTX_TASK_ID='extract_tmdb_data' AIRFLOW_CTX_EXECUTION_DATE='2026-05-01T17:51:22.305649+00:00' AIRFLOW_CTX_TRY_NUMBER='1' AIRFLOW_CTX_DAG_RUN_ID='manual__2026-05-01T17:51:22.305649+00:00'
[2026-05-01T17:51:23.464+0000] {taskinstance.py:731} INFO - ::endgroup::
[2026-05-01T17:51:23.562+0000] {logging_mixin.py:190} INFO - Preview of TMDb data:
[2026-05-01T17:51:23.568+0000] {logging_mixin.py:190} INFO -    tmdb_id                    title  ...                genre_ids  original_language
0  1007757                  Swapped  ...  [12, 16, 35, 10751, 14]                 en
1  1314481  The Devil Wears Prada 2  ...                 [35, 18]                 en
2  1318447                     Apex  ...                 [28, 53]                 en
3   936075                  Michael  ...              [10402, 18]                 en
4   687163        Project Hail Mary  ...                [878, 12]                 en

[5 rows x 8 columns]
[2026-05-01T17:51:23.571+0000] {logging_mixin.py:190} INFO - TMDb realtime ingestion complete!
[2026-05-01T17:51:23.571+0000] {python.py:240} INFO - Done. Returned value was: None
[2026-05-01T17:51:23.577+0000] {taskinstance.py:340} INFO - ::group::Post task execution logs
[2026-05-01T17:51:23.577+0000] {taskinstance.py:352} INFO - Marking task as SUCCESS. dag_id=tmdb_realtime_ingest, task_id=extract_tmdb_data, run_id=manual__2026-05-01T17:51:22.305649+00:00, execution_date=20260501T175122, start_date=20260501T175123, end_date=20260501T175123
[2026-05-01T17:51:23.626+0000] {local_task_job_runner.py:266} INFO - Task exited with return code 0
[2026-05-01T17:51:23.634+0000] {taskinstance.py:3900} INFO - 1 downstream tasks scheduled from follow-on schedule check
[2026-05-01T17:51:23.635+0000] {local_task_job_runner.py:245} INFO - ::endgroup::
