[2026-05-02T17:51:40.869+0000] {local_task_job_runner.py:123} INFO - ::group::Pre task execution logs
[2026-05-02T17:51:40.876+0000] {taskinstance.py:2612} INFO - Dependencies all met for dep_context=non-requeueable deps ti=<TaskInstance: tmdb_realtime_ingest.load_tmdb manual__2026-05-02T17:51:39.149842+00:00 [queued]>
[2026-05-02T17:51:40.879+0000] {taskinstance.py:2612} INFO - Dependencies all met for dep_context=requeueable deps ti=<TaskInstance: tmdb_realtime_ingest.load_tmdb manual__2026-05-02T17:51:39.149842+00:00 [queued]>
[2026-05-02T17:51:40.880+0000] {taskinstance.py:2865} INFO - Starting attempt 1 of 1
[2026-05-02T17:51:40.885+0000] {taskinstance.py:2888} INFO - Executing <Task(PythonOperator): load_tmdb> on 2026-05-02 17:51:39.149842+00:00
[2026-05-02T17:51:40.889+0000] {standard_task_runner.py:104} INFO - Running: ['***', 'tasks', 'run', 'tmdb_realtime_ingest', 'load_tmdb', 'manual__2026-05-02T17:51:39.149842+00:00', '--job-id', '114', '--raw', '--subdir', 'DAGS_FOLDER/tmdb_pipeline.py', '--cfg-path', '/tmp/tmp8a1veued']
[2026-05-02T17:51:40.891+0000] {standard_task_runner.py:105} INFO - Job 114: Subtask load_tmdb
[2026-05-02T17:51:40.889+0000] {logging_mixin.py:190} WARNING - /home/***/.local/lib/python3.12/site-packages/***/task/task_runner/standard_task_runner.py:70 DeprecationWarning: This process (pid=225) is multi-threaded, use of fork() may lead to deadlocks in the child.
[2026-05-02T17:51:40.891+0000] {standard_task_runner.py:72} INFO - Started process 231 to run task
[2026-05-02T17:51:40.906+0000] {task_command.py:467} INFO - Running <TaskInstance: tmdb_realtime_ingest.load_tmdb manual__2026-05-02T17:51:39.149842+00:00 [running]> on host 3b074d23707d
[2026-05-02T17:51:40.932+0000] {taskinstance.py:3131} INFO - Exporting env vars: AIRFLOW_CTX_DAG_OWNER='***' AIRFLOW_CTX_DAG_ID='tmdb_realtime_ingest' AIRFLOW_CTX_TASK_ID='load_tmdb' AIRFLOW_CTX_EXECUTION_DATE='2026-05-02T17:51:39.149842+00:00' AIRFLOW_CTX_TRY_NUMBER='1' AIRFLOW_CTX_DAG_RUN_ID='manual__2026-05-02T17:51:39.149842+00:00'
[2026-05-02T17:51:40.933+0000] {taskinstance.py:731} INFO - ::endgroup::
[2026-05-02T17:51:40.944+0000] {base.py:84} INFO - Retrieving connection 'conn'
[2026-05-02T17:51:40.944+0000] {connection.py:413} INFO - Snowflake Connector for Python Version: 3.12.1, Python Version: 3.12.5, Platform: Linux-6.12.76-linuxkit-aarch64-with-glibc2.36
[2026-05-02T17:51:40.945+0000] {connection.py:1196} INFO - Connecting to GLOBAL Snowflake domain
[2026-05-02T17:51:40.945+0000] {connection.py:1277} INFO - This connection is in OCSP Fail Open Mode. TLS Certificates would be checked for validity and revocation status. Any other Certificate Revocation related exceptions or OCSP Responder failures would be disregarded in favor of connectivity.
[2026-05-02T17:51:41.957+0000] {base.py:84} INFO - Retrieving connection 'conn'
[2026-05-02T17:51:42.173+0000] {cursor.py:1156} INFO - Number of results in first chunk: 1
[2026-05-02T17:51:42.377+0000] {cursor.py:1156} INFO - Number of results in first chunk: 1
[2026-05-02T17:51:42.555+0000] {cursor.py:1156} INFO - Number of results in first chunk: 1
[2026-05-02T17:51:42.783+0000] {cursor.py:1156} INFO - Number of results in first chunk: 1
[2026-05-02T17:51:44.903+0000] {cursor.py:1156} INFO - Number of results in first chunk: 1
[2026-05-02T17:51:44.904+0000] {connection.py:788} INFO - closed
[2026-05-02T17:51:44.965+0000] {connection.py:794} INFO - No async queries seem to be running, deleting session
[2026-05-02T17:51:45.047+0000] {python.py:240} INFO - Done. Returned value was: None
[2026-05-02T17:51:45.065+0000] {taskinstance.py:340} INFO - ::group::Post task execution logs
[2026-05-02T17:51:45.065+0000] {taskinstance.py:352} INFO - Marking task as SUCCESS. dag_id=tmdb_realtime_ingest, task_id=load_tmdb, run_id=manual__2026-05-02T17:51:39.149842+00:00, execution_date=20260502T175139, start_date=20260502T175140, end_date=20260502T175145
[2026-05-02T17:51:45.104+0000] {local_task_job_runner.py:266} INFO - Task exited with return code 0
[2026-05-02T17:51:45.115+0000] {taskinstance.py:3900} INFO - 1 downstream tasks scheduled from follow-on schedule check
[2026-05-02T17:51:45.117+0000] {local_task_job_runner.py:245} INFO - ::endgroup::
