[2026-05-02T19:18:52.430+0000] {local_task_job_runner.py:123} INFO - ::group::Pre task execution logs
[2026-05-02T19:18:52.441+0000] {taskinstance.py:2612} INFO - Dependencies all met for dep_context=non-requeueable deps ti=<TaskInstance: tmdb_realtime_ingest.extract_tmdb_data manual__2026-05-02T19:18:50.856995+00:00 [queued]>
[2026-05-02T19:18:52.448+0000] {taskinstance.py:2612} INFO - Dependencies all met for dep_context=requeueable deps ti=<TaskInstance: tmdb_realtime_ingest.extract_tmdb_data manual__2026-05-02T19:18:50.856995+00:00 [queued]>
[2026-05-02T19:18:52.449+0000] {taskinstance.py:2865} INFO - Starting attempt 1 of 1
[2026-05-02T19:18:52.460+0000] {taskinstance.py:2888} INFO - Executing <Task(PythonOperator): extract_tmdb_data> on 2026-05-02 19:18:50.856995+00:00
[2026-05-02T19:18:52.467+0000] {logging_mixin.py:190} WARNING - /home/***/.local/lib/python3.12/site-packages/***/task/task_runner/standard_task_runner.py:70 DeprecationWarning: This process (pid=302) is multi-threaded, use of fork() may lead to deadlocks in the child.
[2026-05-02T19:18:52.468+0000] {standard_task_runner.py:72} INFO - Started process 307 to run task
[2026-05-02T19:18:52.467+0000] {standard_task_runner.py:104} INFO - Running: ['***', 'tasks', 'run', 'tmdb_realtime_ingest', 'extract_tmdb_data', 'manual__2026-05-02T19:18:50.856995+00:00', '--job-id', '135', '--raw', '--subdir', 'DAGS_FOLDER/tmdb_pipeline.py', '--cfg-path', '/tmp/tmp_9gxi2yi']
[2026-05-02T19:18:52.470+0000] {standard_task_runner.py:105} INFO - Job 135: Subtask extract_tmdb_data
[2026-05-02T19:18:52.511+0000] {task_command.py:467} INFO - Running <TaskInstance: tmdb_realtime_ingest.extract_tmdb_data manual__2026-05-02T19:18:50.856995+00:00 [running]> on host 0bd3991b4276
[2026-05-02T19:18:52.578+0000] {taskinstance.py:3131} INFO - Exporting env vars: AIRFLOW_CTX_DAG_OWNER='***' AIRFLOW_CTX_DAG_ID='tmdb_realtime_ingest' AIRFLOW_CTX_TASK_ID='extract_tmdb_data' AIRFLOW_CTX_EXECUTION_DATE='2026-05-02T19:18:50.856995+00:00' AIRFLOW_CTX_TRY_NUMBER='1' AIRFLOW_CTX_DAG_RUN_ID='manual__2026-05-02T19:18:50.856995+00:00'
[2026-05-02T19:18:52.580+0000] {taskinstance.py:731} INFO - ::endgroup::
[2026-05-02T19:18:52.830+0000] {logging_mixin.py:190} INFO - Preview of TMDb data:
[2026-05-02T19:18:52.842+0000] {logging_mixin.py:190} INFO -    tmdb_id  ...         snapshot_timestamp
0  1007757  ... 2026-05-02 19:18:52.826072
1  1314481  ... 2026-05-02 19:18:52.826072
2   936075  ... 2026-05-02 19:18:52.826072
3  1651233  ... 2026-05-02 19:18:52.826072
4  1327819  ... 2026-05-02 19:18:52.826072

[5 rows x 9 columns]
[2026-05-02T19:18:52.845+0000] {logging_mixin.py:190} INFO - TMDb realtime ingestion complete!
[2026-05-02T19:18:52.846+0000] {python.py:240} INFO - Done. Returned value was: None
[2026-05-02T19:18:52.854+0000] {taskinstance.py:340} INFO - ::group::Post task execution logs
[2026-05-02T19:18:52.854+0000] {taskinstance.py:352} INFO - Marking task as SUCCESS. dag_id=tmdb_realtime_ingest, task_id=extract_tmdb_data, run_id=manual__2026-05-02T19:18:50.856995+00:00, execution_date=20260502T191850, start_date=20260502T191852, end_date=20260502T191852
[2026-05-02T19:18:52.903+0000] {local_task_job_runner.py:266} INFO - Task exited with return code 0
[2026-05-02T19:18:52.931+0000] {taskinstance.py:3900} INFO - 1 downstream tasks scheduled from follow-on schedule check
[2026-05-02T19:18:52.932+0000] {local_task_job_runner.py:245} INFO - ::endgroup::
