[2026-04-28T22:52:43.346+0000] {processor.py:186} INFO - Started process (PID=315) to work on /opt/airflow/dags/tmdb_pipeline.py
[2026-04-28T22:52:43.347+0000] {processor.py:914} INFO - Processing file /opt/airflow/dags/tmdb_pipeline.py for tasks to queue
[2026-04-28T22:52:43.348+0000] {logging_mixin.py:190} INFO - [2026-04-28T22:52:43.348+0000] {dagbag.py:587} INFO - Filling up the DagBag from /opt/airflow/dags/tmdb_pipeline.py
[2026-04-28T22:52:43.581+0000] {processor.py:925} INFO - DAG(s) 'tmdb_pipeline' retrieved from /opt/airflow/dags/tmdb_pipeline.py
[2026-04-28T22:52:43.615+0000] {logging_mixin.py:190} INFO - [2026-04-28T22:52:43.615+0000] {override.py:1900} INFO - Created Permission View: can edit on DAG:tmdb_pipeline
[2026-04-28T22:52:43.617+0000] {logging_mixin.py:190} INFO - [2026-04-28T22:52:43.617+0000] {override.py:1900} INFO - Created Permission View: can read on DAG:tmdb_pipeline
[2026-04-28T22:52:43.619+0000] {logging_mixin.py:190} INFO - [2026-04-28T22:52:43.619+0000] {override.py:1900} INFO - Created Permission View: can delete on DAG:tmdb_pipeline
[2026-04-28T22:52:43.620+0000] {logging_mixin.py:190} INFO - [2026-04-28T22:52:43.620+0000] {override.py:1900} INFO - Created Permission View: can create on DAG Run:tmdb_pipeline
[2026-04-28T22:52:43.621+0000] {logging_mixin.py:190} INFO - [2026-04-28T22:52:43.621+0000] {override.py:1900} INFO - Created Permission View: menu access on DAG Run:tmdb_pipeline
[2026-04-28T22:52:43.622+0000] {logging_mixin.py:190} INFO - [2026-04-28T22:52:43.622+0000] {override.py:1900} INFO - Created Permission View: can read on DAG Run:tmdb_pipeline
[2026-04-28T22:52:43.623+0000] {logging_mixin.py:190} INFO - [2026-04-28T22:52:43.623+0000] {override.py:1900} INFO - Created Permission View: can delete on DAG Run:tmdb_pipeline
[2026-04-28T22:52:43.624+0000] {logging_mixin.py:190} INFO - [2026-04-28T22:52:43.624+0000] {dag.py:3229} INFO - Sync 1 DAGs
[2026-04-28T22:52:43.628+0000] {logging_mixin.py:190} INFO - [2026-04-28T22:52:43.628+0000] {dag.py:3252} INFO - Creating ORM DAG for tmdb_pipeline
[2026-04-28T22:52:43.631+0000] {logging_mixin.py:190} INFO - [2026-04-28T22:52:43.631+0000] {dag.py:4156} INFO - Setting next_dagrun for tmdb_pipeline to 2026-04-27 00:00:00+00:00, run_after=2026-04-28 00:00:00+00:00
[2026-04-28T22:52:43.634+0000] {processor.py:208} INFO - Processing /opt/airflow/dags/tmdb_pipeline.py took 0.291 seconds
[2026-04-28T22:53:13.670+0000] {processor.py:186} INFO - Started process (PID=332) to work on /opt/airflow/dags/tmdb_pipeline.py
[2026-04-28T22:53:13.670+0000] {processor.py:914} INFO - Processing file /opt/airflow/dags/tmdb_pipeline.py for tasks to queue
[2026-04-28T22:53:13.673+0000] {logging_mixin.py:190} INFO - [2026-04-28T22:53:13.672+0000] {dagbag.py:587} INFO - Filling up the DagBag from /opt/airflow/dags/tmdb_pipeline.py
[2026-04-28T22:53:13.858+0000] {processor.py:925} INFO - DAG(s) 'tmdb_pipeline' retrieved from /opt/airflow/dags/tmdb_pipeline.py
[2026-04-28T22:53:13.865+0000] {logging_mixin.py:190} INFO - [2026-04-28T22:53:13.865+0000] {dag.py:3229} INFO - Sync 1 DAGs
[2026-04-28T22:53:13.872+0000] {logging_mixin.py:190} INFO - [2026-04-28T22:53:13.872+0000] {dag.py:4156} INFO - Setting next_dagrun for tmdb_pipeline to 2026-04-27 00:00:00+00:00, run_after=2026-04-28 00:00:00+00:00
[2026-04-28T22:53:13.877+0000] {processor.py:208} INFO - Processing /opt/airflow/dags/tmdb_pipeline.py took 0.212 seconds
[2026-04-28T22:53:43.997+0000] {processor.py:186} INFO - Started process (PID=349) to work on /opt/airflow/dags/tmdb_pipeline.py
[2026-04-28T22:53:43.998+0000] {processor.py:914} INFO - Processing file /opt/airflow/dags/tmdb_pipeline.py for tasks to queue
[2026-04-28T22:53:44.000+0000] {logging_mixin.py:190} INFO - [2026-04-28T22:53:44.000+0000] {dagbag.py:587} INFO - Filling up the DagBag from /opt/airflow/dags/tmdb_pipeline.py
[2026-04-28T22:53:44.212+0000] {processor.py:925} INFO - DAG(s) 'tmdb_pipeline' retrieved from /opt/airflow/dags/tmdb_pipeline.py
[2026-04-28T22:53:44.220+0000] {logging_mixin.py:190} INFO - [2026-04-28T22:53:44.220+0000] {dag.py:3229} INFO - Sync 1 DAGs
[2026-04-28T22:53:44.227+0000] {logging_mixin.py:190} INFO - [2026-04-28T22:53:44.227+0000] {dag.py:4156} INFO - Setting next_dagrun for tmdb_pipeline to 2026-04-27 00:00:00+00:00, run_after=2026-04-28 00:00:00+00:00
[2026-04-28T22:53:44.232+0000] {processor.py:208} INFO - Processing /opt/airflow/dags/tmdb_pipeline.py took 0.241 seconds
[2026-04-28T22:53:59.189+0000] {processor.py:186} INFO - Started process (PID=366) to work on /opt/airflow/dags/tmdb_pipeline.py
[2026-04-28T22:53:59.189+0000] {processor.py:914} INFO - Processing file /opt/airflow/dags/tmdb_pipeline.py for tasks to queue
[2026-04-28T22:53:59.191+0000] {logging_mixin.py:190} INFO - [2026-04-28T22:53:59.191+0000] {dagbag.py:587} INFO - Filling up the DagBag from /opt/airflow/dags/tmdb_pipeline.py
[2026-04-28T22:53:59.386+0000] {processor.py:925} INFO - DAG(s) 'tmdb_pipeline' retrieved from /opt/airflow/dags/tmdb_pipeline.py
[2026-04-28T22:53:59.393+0000] {logging_mixin.py:190} INFO - [2026-04-28T22:53:59.393+0000] {dag.py:3229} INFO - Sync 1 DAGs
[2026-04-28T22:53:59.400+0000] {logging_mixin.py:190} INFO - [2026-04-28T22:53:59.400+0000] {dag.py:4156} INFO - Setting next_dagrun for tmdb_pipeline to 2026-04-27 00:00:00+00:00, run_after=2026-04-28 00:00:00+00:00
[2026-04-28T22:53:59.405+0000] {processor.py:208} INFO - Processing /opt/airflow/dags/tmdb_pipeline.py took 0.221 seconds
[2026-04-28T22:54:03.242+0000] {processor.py:186} INFO - Started process (PID=372) to work on /opt/airflow/dags/tmdb_pipeline.py
[2026-04-28T22:54:03.242+0000] {processor.py:914} INFO - Processing file /opt/airflow/dags/tmdb_pipeline.py for tasks to queue
[2026-04-28T22:54:03.244+0000] {logging_mixin.py:190} INFO - [2026-04-28T22:54:03.244+0000] {dagbag.py:587} INFO - Filling up the DagBag from /opt/airflow/dags/tmdb_pipeline.py
[2026-04-28T22:54:03.425+0000] {processor.py:925} INFO - DAG(s) 'tmdb_pipeline' retrieved from /opt/airflow/dags/tmdb_pipeline.py
[2026-04-28T22:54:03.433+0000] {logging_mixin.py:190} INFO - [2026-04-28T22:54:03.432+0000] {dag.py:3229} INFO - Sync 1 DAGs
[2026-04-28T22:54:03.439+0000] {logging_mixin.py:190} INFO - [2026-04-28T22:54:03.439+0000] {dag.py:4156} INFO - Setting next_dagrun for tmdb_pipeline to 2026-04-27 00:00:00+00:00, run_after=2026-04-28 00:00:00+00:00
[2026-04-28T22:54:03.444+0000] {processor.py:208} INFO - Processing /opt/airflow/dags/tmdb_pipeline.py took 0.208 seconds
[2026-04-28T22:54:33.795+0000] {processor.py:186} INFO - Started process (PID=389) to work on /opt/airflow/dags/tmdb_pipeline.py
[2026-04-28T22:54:33.796+0000] {processor.py:914} INFO - Processing file /opt/airflow/dags/tmdb_pipeline.py for tasks to queue
[2026-04-28T22:54:33.797+0000] {logging_mixin.py:190} INFO - [2026-04-28T22:54:33.797+0000] {dagbag.py:587} INFO - Filling up the DagBag from /opt/airflow/dags/tmdb_pipeline.py
[2026-04-28T22:54:34.007+0000] {processor.py:925} INFO - DAG(s) 'tmdb_pipeline' retrieved from /opt/airflow/dags/tmdb_pipeline.py
[2026-04-28T22:54:34.016+0000] {logging_mixin.py:190} INFO - [2026-04-28T22:54:34.016+0000] {dag.py:3229} INFO - Sync 1 DAGs
[2026-04-28T22:54:34.023+0000] {logging_mixin.py:190} INFO - [2026-04-28T22:54:34.023+0000] {dag.py:4156} INFO - Setting next_dagrun for tmdb_pipeline to 2026-04-27 00:00:00+00:00, run_after=2026-04-28 00:00:00+00:00
[2026-04-28T22:54:34.028+0000] {processor.py:208} INFO - Processing /opt/airflow/dags/tmdb_pipeline.py took 0.238 seconds
[2026-04-28T22:55:04.149+0000] {processor.py:186} INFO - Started process (PID=406) to work on /opt/airflow/dags/tmdb_pipeline.py
[2026-04-28T22:55:04.150+0000] {processor.py:914} INFO - Processing file /opt/airflow/dags/tmdb_pipeline.py for tasks to queue
[2026-04-28T22:55:04.151+0000] {logging_mixin.py:190} INFO - [2026-04-28T22:55:04.151+0000] {dagbag.py:587} INFO - Filling up the DagBag from /opt/airflow/dags/tmdb_pipeline.py
[2026-04-28T22:55:04.337+0000] {processor.py:925} INFO - DAG(s) 'tmdb_pipeline' retrieved from /opt/airflow/dags/tmdb_pipeline.py
[2026-04-28T22:55:04.344+0000] {logging_mixin.py:190} INFO - [2026-04-28T22:55:04.344+0000] {dag.py:3229} INFO - Sync 1 DAGs
[2026-04-28T22:55:04.350+0000] {logging_mixin.py:190} INFO - [2026-04-28T22:55:04.350+0000] {dag.py:4156} INFO - Setting next_dagrun for tmdb_pipeline to 2026-04-27 00:00:00+00:00, run_after=2026-04-28 00:00:00+00:00
[2026-04-28T22:55:04.355+0000] {processor.py:208} INFO - Processing /opt/airflow/dags/tmdb_pipeline.py took 0.211 seconds
[2026-04-28T22:55:08.200+0000] {processor.py:186} INFO - Started process (PID=412) to work on /opt/airflow/dags/tmdb_pipeline.py
[2026-04-28T22:55:08.201+0000] {processor.py:914} INFO - Processing file /opt/airflow/dags/tmdb_pipeline.py for tasks to queue
[2026-04-28T22:55:08.203+0000] {logging_mixin.py:190} INFO - [2026-04-28T22:55:08.203+0000] {dagbag.py:587} INFO - Filling up the DagBag from /opt/airflow/dags/tmdb_pipeline.py
[2026-04-28T22:55:08.406+0000] {processor.py:925} INFO - DAG(s) 'tmdb_pipeline' retrieved from /opt/airflow/dags/tmdb_pipeline.py
[2026-04-28T22:55:08.413+0000] {logging_mixin.py:190} INFO - [2026-04-28T22:55:08.413+0000] {dag.py:3229} INFO - Sync 1 DAGs
[2026-04-28T22:55:08.421+0000] {logging_mixin.py:190} INFO - [2026-04-28T22:55:08.421+0000] {dag.py:4156} INFO - Setting next_dagrun for tmdb_pipeline to 2026-04-27 00:00:00+00:00, run_after=2026-04-28 00:00:00+00:00
[2026-04-28T22:55:08.426+0000] {processor.py:208} INFO - Processing /opt/airflow/dags/tmdb_pipeline.py took 0.229 seconds
[2026-04-28T22:55:26.624+0000] {processor.py:186} INFO - Started process (PID=429) to work on /opt/airflow/dags/tmdb_pipeline.py
[2026-04-28T22:55:26.626+0000] {processor.py:914} INFO - Processing file /opt/airflow/dags/tmdb_pipeline.py for tasks to queue
[2026-04-28T22:55:26.628+0000] {logging_mixin.py:190} INFO - [2026-04-28T22:55:26.627+0000] {dagbag.py:587} INFO - Filling up the DagBag from /opt/airflow/dags/tmdb_pipeline.py
[2026-04-28T22:55:26.816+0000] {logging_mixin.py:190} INFO - [2026-04-28T22:55:26.815+0000] {dagbag.py:386} ERROR - Failed to import: /opt/airflow/dags/tmdb_pipeline.py
Traceback (most recent call last):
  File "/home/airflow/.local/lib/python3.12/site-packages/airflow/models/dagbag.py", line 382, in parse
    loader.exec_module(new_module)
  File "<frozen importlib._bootstrap_external>", line 995, in exec_module
  File "<frozen importlib._bootstrap>", line 488, in _call_with_frames_removed
  File "/opt/airflow/dags/tmdb_pipeline.py", line 8, in <module>
    API_KEY = Variable.get("tmdb_api_key")
              ^^^^^^^^^^^^^^^^^^^^^^^^^^^^
  File "/home/airflow/.local/lib/python3.12/site-packages/airflow/models/variable.py", line 145, in get
    raise KeyError(f"Variable {key} does not exist")
KeyError: 'Variable tmdb_api_key does not exist'
[2026-04-28T22:55:26.816+0000] {processor.py:927} WARNING - No viable dags retrieved from /opt/airflow/dags/tmdb_pipeline.py
[2026-04-28T22:55:26.819+0000] {processor.py:208} INFO - Processing /opt/airflow/dags/tmdb_pipeline.py took 0.200 seconds
[2026-04-28T22:55:56.925+0000] {processor.py:186} INFO - Started process (PID=446) to work on /opt/airflow/dags/tmdb_pipeline.py
[2026-04-28T22:55:56.925+0000] {processor.py:914} INFO - Processing file /opt/airflow/dags/tmdb_pipeline.py for tasks to queue
[2026-04-28T22:55:56.926+0000] {logging_mixin.py:190} INFO - [2026-04-28T22:55:56.926+0000] {dagbag.py:587} INFO - Filling up the DagBag from /opt/airflow/dags/tmdb_pipeline.py
[2026-04-28T22:55:57.114+0000] {processor.py:925} INFO - DAG(s) 'tmdb_pipeline' retrieved from /opt/airflow/dags/tmdb_pipeline.py
[2026-04-28T22:55:57.119+0000] {logging_mixin.py:190} INFO - [2026-04-28T22:55:57.119+0000] {dag.py:3229} INFO - Sync 1 DAGs
[2026-04-28T22:55:57.126+0000] {logging_mixin.py:190} INFO - [2026-04-28T22:55:57.126+0000] {dag.py:4156} INFO - Setting next_dagrun for tmdb_pipeline to 2026-04-27 00:00:00+00:00, run_after=2026-04-28 00:00:00+00:00
[2026-04-28T22:55:57.131+0000] {processor.py:208} INFO - Processing /opt/airflow/dags/tmdb_pipeline.py took 0.210 seconds
[2026-04-28T22:56:27.240+0000] {processor.py:186} INFO - Started process (PID=464) to work on /opt/airflow/dags/tmdb_pipeline.py
[2026-04-28T22:56:27.241+0000] {processor.py:914} INFO - Processing file /opt/airflow/dags/tmdb_pipeline.py for tasks to queue
[2026-04-28T22:56:27.242+0000] {logging_mixin.py:190} INFO - [2026-04-28T22:56:27.242+0000] {dagbag.py:587} INFO - Filling up the DagBag from /opt/airflow/dags/tmdb_pipeline.py
[2026-04-28T22:56:27.429+0000] {processor.py:925} INFO - DAG(s) 'tmdb_pipeline' retrieved from /opt/airflow/dags/tmdb_pipeline.py
[2026-04-28T22:56:27.434+0000] {logging_mixin.py:190} INFO - [2026-04-28T22:56:27.434+0000] {dag.py:3229} INFO - Sync 1 DAGs
[2026-04-28T22:56:27.441+0000] {logging_mixin.py:190} INFO - [2026-04-28T22:56:27.441+0000] {dag.py:4156} INFO - Setting next_dagrun for tmdb_pipeline to 2026-04-27 00:00:00+00:00, run_after=2026-04-28 00:00:00+00:00
[2026-04-28T22:56:27.446+0000] {processor.py:208} INFO - Processing /opt/airflow/dags/tmdb_pipeline.py took 0.210 seconds
[2026-04-28T22:56:51.558+0000] {processor.py:186} INFO - Started process (PID=475) to work on /opt/airflow/dags/tmdb_pipeline.py
[2026-04-28T22:56:51.558+0000] {processor.py:914} INFO - Processing file /opt/airflow/dags/tmdb_pipeline.py for tasks to queue
[2026-04-28T22:56:51.560+0000] {logging_mixin.py:190} INFO - [2026-04-28T22:56:51.560+0000] {dagbag.py:587} INFO - Filling up the DagBag from /opt/airflow/dags/tmdb_pipeline.py
[2026-04-28T22:56:51.561+0000] {logging_mixin.py:190} INFO - [2026-04-28T22:56:51.561+0000] {dagbag.py:365} INFO - File /opt/airflow/dags/tmdb_pipeline.py assumed to contain no DAGs. Skipping.
[2026-04-28T22:56:51.561+0000] {processor.py:927} WARNING - No viable dags retrieved from /opt/airflow/dags/tmdb_pipeline.py
[2026-04-28T22:56:51.571+0000] {processor.py:208} INFO - Processing /opt/airflow/dags/tmdb_pipeline.py took 0.020 seconds
[2026-04-28T22:57:21.892+0000] {processor.py:186} INFO - Started process (PID=491) to work on /opt/airflow/dags/tmdb_pipeline.py
[2026-04-28T22:57:21.893+0000] {processor.py:914} INFO - Processing file /opt/airflow/dags/tmdb_pipeline.py for tasks to queue
[2026-04-28T22:57:21.895+0000] {logging_mixin.py:190} INFO - [2026-04-28T22:57:21.895+0000] {dagbag.py:587} INFO - Filling up the DagBag from /opt/airflow/dags/tmdb_pipeline.py
[2026-04-28T22:57:21.896+0000] {logging_mixin.py:190} INFO - [2026-04-28T22:57:21.896+0000] {dagbag.py:365} INFO - File /opt/airflow/dags/tmdb_pipeline.py assumed to contain no DAGs. Skipping.
[2026-04-28T22:57:21.896+0000] {processor.py:927} WARNING - No viable dags retrieved from /opt/airflow/dags/tmdb_pipeline.py
[2026-04-28T22:57:21.906+0000] {processor.py:208} INFO - Processing /opt/airflow/dags/tmdb_pipeline.py took 0.020 seconds
[2026-04-28T23:11:45.548+0000] {processor.py:186} INFO - Started process (PID=167) to work on /opt/airflow/dags/tmdb_pipeline.py
[2026-04-28T23:11:45.549+0000] {processor.py:914} INFO - Processing file /opt/airflow/dags/tmdb_pipeline.py for tasks to queue
[2026-04-28T23:11:45.550+0000] {logging_mixin.py:190} INFO - [2026-04-28T23:11:45.550+0000] {dagbag.py:587} INFO - Filling up the DagBag from /opt/airflow/dags/tmdb_pipeline.py
[2026-04-28T23:11:45.844+0000] {processor.py:925} INFO - DAG(s) 'tmdb_pipeline' retrieved from /opt/airflow/dags/tmdb_pipeline.py
[2026-04-28T23:11:45.880+0000] {logging_mixin.py:190} INFO - [2026-04-28T23:11:45.880+0000] {override.py:1900} INFO - Created Permission View: can edit on DAG:tmdb_pipeline
[2026-04-28T23:11:45.883+0000] {logging_mixin.py:190} INFO - [2026-04-28T23:11:45.883+0000] {override.py:1900} INFO - Created Permission View: can delete on DAG:tmdb_pipeline
[2026-04-28T23:11:45.884+0000] {logging_mixin.py:190} INFO - [2026-04-28T23:11:45.884+0000] {override.py:1900} INFO - Created Permission View: can read on DAG:tmdb_pipeline
[2026-04-28T23:11:45.886+0000] {logging_mixin.py:190} INFO - [2026-04-28T23:11:45.886+0000] {override.py:1900} INFO - Created Permission View: can delete on DAG Run:tmdb_pipeline
[2026-04-28T23:11:45.889+0000] {logging_mixin.py:190} INFO - [2026-04-28T23:11:45.889+0000] {override.py:1900} INFO - Created Permission View: menu access on DAG Run:tmdb_pipeline
[2026-04-28T23:11:45.891+0000] {logging_mixin.py:190} INFO - [2026-04-28T23:11:45.891+0000] {override.py:1900} INFO - Created Permission View: can read on DAG Run:tmdb_pipeline
[2026-04-28T23:11:45.893+0000] {logging_mixin.py:190} INFO - [2026-04-28T23:11:45.893+0000] {override.py:1900} INFO - Created Permission View: can create on DAG Run:tmdb_pipeline
[2026-04-28T23:11:45.893+0000] {logging_mixin.py:190} INFO - [2026-04-28T23:11:45.893+0000] {dag.py:3229} INFO - Sync 1 DAGs
[2026-04-28T23:11:45.897+0000] {logging_mixin.py:190} INFO - [2026-04-28T23:11:45.897+0000] {dag.py:3252} INFO - Creating ORM DAG for tmdb_pipeline
[2026-04-28T23:11:45.901+0000] {logging_mixin.py:190} INFO - [2026-04-28T23:11:45.900+0000] {dag.py:4156} INFO - Setting next_dagrun for tmdb_pipeline to 2026-04-27 00:00:00+00:00, run_after=2026-04-28 00:00:00+00:00
[2026-04-28T23:11:45.905+0000] {processor.py:208} INFO - Processing /opt/airflow/dags/tmdb_pipeline.py took 0.360 seconds
[2026-04-28T23:12:15.985+0000] {processor.py:186} INFO - Started process (PID=213) to work on /opt/airflow/dags/tmdb_pipeline.py
[2026-04-28T23:12:15.986+0000] {processor.py:914} INFO - Processing file /opt/airflow/dags/tmdb_pipeline.py for tasks to queue
[2026-04-28T23:12:15.988+0000] {logging_mixin.py:190} INFO - [2026-04-28T23:12:15.987+0000] {dagbag.py:587} INFO - Filling up the DagBag from /opt/airflow/dags/tmdb_pipeline.py
[2026-04-28T23:12:16.189+0000] {processor.py:925} INFO - DAG(s) 'tmdb_pipeline' retrieved from /opt/airflow/dags/tmdb_pipeline.py
[2026-04-28T23:12:16.196+0000] {logging_mixin.py:190} INFO - [2026-04-28T23:12:16.196+0000] {dag.py:3229} INFO - Sync 1 DAGs
[2026-04-28T23:12:16.202+0000] {logging_mixin.py:190} INFO - [2026-04-28T23:12:16.202+0000] {dag.py:4156} INFO - Setting next_dagrun for tmdb_pipeline to 2026-04-28 00:00:00+00:00, run_after=2026-04-29 00:00:00+00:00
[2026-04-28T23:12:16.206+0000] {processor.py:208} INFO - Processing /opt/airflow/dags/tmdb_pipeline.py took 0.227 seconds
[2026-04-28T23:12:46.349+0000] {processor.py:186} INFO - Started process (PID=234) to work on /opt/airflow/dags/tmdb_pipeline.py
[2026-04-28T23:12:46.350+0000] {processor.py:914} INFO - Processing file /opt/airflow/dags/tmdb_pipeline.py for tasks to queue
[2026-04-28T23:12:46.352+0000] {logging_mixin.py:190} INFO - [2026-04-28T23:12:46.351+0000] {dagbag.py:587} INFO - Filling up the DagBag from /opt/airflow/dags/tmdb_pipeline.py
[2026-04-28T23:12:46.536+0000] {processor.py:925} INFO - DAG(s) 'tmdb_pipeline' retrieved from /opt/airflow/dags/tmdb_pipeline.py
[2026-04-28T23:12:46.543+0000] {logging_mixin.py:190} INFO - [2026-04-28T23:12:46.543+0000] {dag.py:3229} INFO - Sync 1 DAGs
[2026-04-28T23:12:46.549+0000] {logging_mixin.py:190} INFO - [2026-04-28T23:12:46.549+0000] {dag.py:4156} INFO - Setting next_dagrun for tmdb_pipeline to 2026-04-28 00:00:00+00:00, run_after=2026-04-29 00:00:00+00:00
[2026-04-28T23:12:46.554+0000] {processor.py:208} INFO - Processing /opt/airflow/dags/tmdb_pipeline.py took 0.210 seconds
[2026-04-28T23:13:16.715+0000] {processor.py:186} INFO - Started process (PID=251) to work on /opt/airflow/dags/tmdb_pipeline.py
[2026-04-28T23:13:16.716+0000] {processor.py:914} INFO - Processing file /opt/airflow/dags/tmdb_pipeline.py for tasks to queue
[2026-04-28T23:13:16.717+0000] {logging_mixin.py:190} INFO - [2026-04-28T23:13:16.717+0000] {dagbag.py:587} INFO - Filling up the DagBag from /opt/airflow/dags/tmdb_pipeline.py
[2026-04-28T23:13:16.908+0000] {processor.py:925} INFO - DAG(s) 'tmdb_pipeline' retrieved from /opt/airflow/dags/tmdb_pipeline.py
[2026-04-28T23:13:16.915+0000] {logging_mixin.py:190} INFO - [2026-04-28T23:13:16.915+0000] {dag.py:3229} INFO - Sync 1 DAGs
[2026-04-28T23:13:16.922+0000] {logging_mixin.py:190} INFO - [2026-04-28T23:13:16.922+0000] {dag.py:4156} INFO - Setting next_dagrun for tmdb_pipeline to 2026-04-28 00:00:00+00:00, run_after=2026-04-29 00:00:00+00:00
[2026-04-28T23:13:16.927+0000] {processor.py:208} INFO - Processing /opt/airflow/dags/tmdb_pipeline.py took 0.217 seconds
[2026-04-28T23:13:47.092+0000] {processor.py:186} INFO - Started process (PID=268) to work on /opt/airflow/dags/tmdb_pipeline.py
[2026-04-28T23:13:47.093+0000] {processor.py:914} INFO - Processing file /opt/airflow/dags/tmdb_pipeline.py for tasks to queue
[2026-04-28T23:13:47.095+0000] {logging_mixin.py:190} INFO - [2026-04-28T23:13:47.094+0000] {dagbag.py:587} INFO - Filling up the DagBag from /opt/airflow/dags/tmdb_pipeline.py
[2026-04-28T23:13:47.295+0000] {processor.py:925} INFO - DAG(s) 'tmdb_pipeline' retrieved from /opt/airflow/dags/tmdb_pipeline.py
[2026-04-28T23:13:47.302+0000] {logging_mixin.py:190} INFO - [2026-04-28T23:13:47.301+0000] {dag.py:3229} INFO - Sync 1 DAGs
[2026-04-28T23:13:47.308+0000] {logging_mixin.py:190} INFO - [2026-04-28T23:13:47.308+0000] {dag.py:4156} INFO - Setting next_dagrun for tmdb_pipeline to 2026-04-28 00:00:00+00:00, run_after=2026-04-29 00:00:00+00:00
[2026-04-28T23:13:47.313+0000] {processor.py:208} INFO - Processing /opt/airflow/dags/tmdb_pipeline.py took 0.226 seconds
[2026-04-28T23:14:17.510+0000] {processor.py:186} INFO - Started process (PID=285) to work on /opt/airflow/dags/tmdb_pipeline.py
[2026-04-28T23:14:17.511+0000] {processor.py:914} INFO - Processing file /opt/airflow/dags/tmdb_pipeline.py for tasks to queue
[2026-04-28T23:14:17.513+0000] {logging_mixin.py:190} INFO - [2026-04-28T23:14:17.513+0000] {dagbag.py:587} INFO - Filling up the DagBag from /opt/airflow/dags/tmdb_pipeline.py
[2026-04-28T23:14:17.695+0000] {processor.py:925} INFO - DAG(s) 'tmdb_pipeline' retrieved from /opt/airflow/dags/tmdb_pipeline.py
[2026-04-28T23:14:17.702+0000] {logging_mixin.py:190} INFO - [2026-04-28T23:14:17.702+0000] {dag.py:3229} INFO - Sync 1 DAGs
[2026-04-28T23:14:17.709+0000] {logging_mixin.py:190} INFO - [2026-04-28T23:14:17.709+0000] {dag.py:4156} INFO - Setting next_dagrun for tmdb_pipeline to 2026-04-28 00:00:00+00:00, run_after=2026-04-29 00:00:00+00:00
[2026-04-28T23:14:17.714+0000] {processor.py:208} INFO - Processing /opt/airflow/dags/tmdb_pipeline.py took 0.209 seconds
