[2026-05-04T23:36:07.611+0000] {local_task_job_runner.py:123} INFO - ::group::Pre task execution logs
[2026-05-04T23:36:07.618+0000] {taskinstance.py:2612} INFO - Dependencies all met for dep_context=non-requeueable deps ti=<TaskInstance: tmdb_realtime_ingest.run_dbt scheduled__2026-05-03T00:00:00+00:00 [queued]>
[2026-05-04T23:36:07.622+0000] {taskinstance.py:2612} INFO - Dependencies all met for dep_context=requeueable deps ti=<TaskInstance: tmdb_realtime_ingest.run_dbt scheduled__2026-05-03T00:00:00+00:00 [queued]>
[2026-05-04T23:36:07.623+0000] {taskinstance.py:2865} INFO - Starting attempt 1 of 1
[2026-05-04T23:36:07.628+0000] {taskinstance.py:2888} INFO - Executing <Task(PythonOperator): run_dbt> on 2026-05-03 00:00:00+00:00
[2026-05-04T23:36:07.632+0000] {logging_mixin.py:190} WARNING - /home/***/.local/lib/python3.12/site-packages/***/task/task_runner/standard_task_runner.py:70 DeprecationWarning: This process (pid=249) is multi-threaded, use of fork() may lead to deadlocks in the child.
[2026-05-04T23:36:07.633+0000] {standard_task_runner.py:72} INFO - Started process 266 to run task
[2026-05-04T23:36:07.633+0000] {standard_task_runner.py:104} INFO - Running: ['***', 'tasks', 'run', 'tmdb_realtime_ingest', 'run_dbt', 'scheduled__2026-05-03T00:00:00+00:00', '--job-id', '169', '--raw', '--subdir', 'DAGS_FOLDER/tmdb_pipeline.py', '--cfg-path', '/tmp/tmpvtqaovo7']
[2026-05-04T23:36:07.635+0000] {standard_task_runner.py:105} INFO - Job 169: Subtask run_dbt
[2026-05-04T23:36:07.679+0000] {task_command.py:467} INFO - Running <TaskInstance: tmdb_realtime_ingest.run_dbt scheduled__2026-05-03T00:00:00+00:00 [running]> on host e1ba2d8925c7
[2026-05-04T23:36:07.767+0000] {taskinstance.py:3131} INFO - Exporting env vars: AIRFLOW_CTX_DAG_OWNER='***' AIRFLOW_CTX_DAG_ID='tmdb_realtime_ingest' AIRFLOW_CTX_TASK_ID='run_dbt' AIRFLOW_CTX_EXECUTION_DATE='2026-05-03T00:00:00+00:00' AIRFLOW_CTX_TRY_NUMBER='1' AIRFLOW_CTX_DAG_RUN_ID='scheduled__2026-05-03T00:00:00+00:00'
[2026-05-04T23:36:07.768+0000] {taskinstance.py:731} INFO - ::endgroup::
[2026-05-04T23:36:36.339+0000] {python.py:240} INFO - Done. Returned value was: None
[2026-05-04T23:36:36.354+0000] {taskinstance.py:340} INFO - ::group::Post task execution logs
[2026-05-04T23:36:36.354+0000] {taskinstance.py:352} INFO - Marking task as SUCCESS. dag_id=tmdb_realtime_ingest, task_id=run_dbt, run_id=scheduled__2026-05-03T00:00:00+00:00, execution_date=20260503T000000, start_date=20260504T233607, end_date=20260504T233636
[2026-05-04T23:36:36.390+0000] {local_task_job_runner.py:266} INFO - Task exited with return code 0
[2026-05-04T23:36:36.399+0000] {taskinstance.py:3900} INFO - 0 downstream tasks scheduled from follow-on schedule check
[2026-05-04T23:36:36.399+0000] {local_task_job_runner.py:245} INFO - ::endgroup::
[2026-05-07T07:21:23.327+0000] {local_task_job_runner.py:123} INFO - ::group::Pre task execution logs
[2026-05-07T07:21:23.390+0000] {taskinstance.py:2612} INFO - Dependencies all met for dep_context=non-requeueable deps ti=<TaskInstance: tmdb_realtime_ingest.run_dbt scheduled__2026-05-03T00:00:00+00:00 [queued]>
[2026-05-07T07:21:23.444+0000] {taskinstance.py:2612} INFO - Dependencies all met for dep_context=requeueable deps ti=<TaskInstance: tmdb_realtime_ingest.run_dbt scheduled__2026-05-03T00:00:00+00:00 [queued]>
[2026-05-07T07:21:23.450+0000] {taskinstance.py:2865} INFO - Starting attempt 1 of 1
[2026-05-07T07:21:23.474+0000] {taskinstance.py:2888} INFO - Executing <Task(PythonOperator): run_dbt> on 2026-05-03 00:00:00+00:00
[2026-05-07T07:21:23.495+0000] {logging_mixin.py:190} WARNING - /home/***/.local/lib/python3.12/site-packages/***/task/task_runner/standard_task_runner.py:70 DeprecationWarning: This process (pid=2718) is multi-threaded, use of fork() may lead to deadlocks in the child.
[2026-05-07T07:21:23.504+0000] {standard_task_runner.py:72} INFO - Started process 2753 to run task
[2026-05-07T07:21:23.543+0000] {standard_task_runner.py:104} INFO - Running: ['***', 'tasks', 'run', 'tmdb_realtime_ingest', 'run_dbt', 'scheduled__2026-05-03T00:00:00+00:00', '--job-id', '506', '--raw', '--subdir', 'DAGS_FOLDER/tmdb_pipeline.py', '--cfg-path', '/tmp/tmpo175uyih']
[2026-05-07T07:21:23.553+0000] {standard_task_runner.py:105} INFO - Job 506: Subtask run_dbt
[2026-05-07T07:21:23.728+0000] {task_command.py:467} INFO - Running <TaskInstance: tmdb_realtime_ingest.run_dbt scheduled__2026-05-03T00:00:00+00:00 [running]> on host 1589e571b783
[2026-05-07T07:21:23.991+0000] {taskinstance.py:3131} INFO - Exporting env vars: AIRFLOW_CTX_DAG_OWNER='***' AIRFLOW_CTX_DAG_ID='tmdb_realtime_ingest' AIRFLOW_CTX_TASK_ID='run_dbt' AIRFLOW_CTX_EXECUTION_DATE='2026-05-03T00:00:00+00:00' AIRFLOW_CTX_TRY_NUMBER='1' AIRFLOW_CTX_DAG_RUN_ID='scheduled__2026-05-03T00:00:00+00:00'
[2026-05-07T07:21:23.996+0000] {taskinstance.py:731} INFO - ::endgroup::
[2026-05-07T07:21:53.162+0000] {python.py:240} INFO - Done. Returned value was: None
[2026-05-07T07:21:53.248+0000] {taskinstance.py:340} INFO - ::group::Post task execution logs
[2026-05-07T07:21:53.253+0000] {taskinstance.py:352} INFO - Marking task as SUCCESS. dag_id=tmdb_realtime_ingest, task_id=run_dbt, run_id=scheduled__2026-05-03T00:00:00+00:00, execution_date=20260503T000000, start_date=20260507T072123, end_date=20260507T072153
[2026-05-07T07:21:53.321+0000] {local_task_job_runner.py:266} INFO - Task exited with return code 0
[2026-05-07T07:21:53.438+0000] {taskinstance.py:3900} INFO - 1 downstream tasks scheduled from follow-on schedule check
[2026-05-07T07:21:53.448+0000] {local_task_job_runner.py:245} INFO - ::endgroup::
[2026-05-07T07:35:44.194+0000] {local_task_job_runner.py:123} INFO - ::group::Pre task execution logs
[2026-05-07T07:35:44.227+0000] {taskinstance.py:2612} INFO - Dependencies all met for dep_context=non-requeueable deps ti=<TaskInstance: tmdb_realtime_ingest.run_dbt scheduled__2026-05-03T00:00:00+00:00 [queued]>
[2026-05-07T07:35:44.247+0000] {taskinstance.py:2612} INFO - Dependencies all met for dep_context=requeueable deps ti=<TaskInstance: tmdb_realtime_ingest.run_dbt scheduled__2026-05-03T00:00:00+00:00 [queued]>
[2026-05-07T07:35:44.248+0000] {taskinstance.py:2865} INFO - Starting attempt 1 of 1
[2026-05-07T07:35:44.272+0000] {taskinstance.py:2888} INFO - Executing <Task(PythonOperator): run_dbt> on 2026-05-03 00:00:00+00:00
[2026-05-07T07:35:44.281+0000] {logging_mixin.py:190} WARNING - /home/***/.local/lib/python3.12/site-packages/***/task/task_runner/standard_task_runner.py:70 DeprecationWarning: This process (pid=2696) is multi-threaded, use of fork() may lead to deadlocks in the child.
[2026-05-07T07:35:44.284+0000] {standard_task_runner.py:72} INFO - Started process 2773 to run task
[2026-05-07T07:35:44.291+0000] {standard_task_runner.py:104} INFO - Running: ['***', 'tasks', 'run', 'tmdb_realtime_ingest', 'run_dbt', 'scheduled__2026-05-03T00:00:00+00:00', '--job-id', '847', '--raw', '--subdir', 'DAGS_FOLDER/tmdb_pipeline.py', '--cfg-path', '/tmp/tmp9qw2jocv']
[2026-05-07T07:35:44.295+0000] {standard_task_runner.py:105} INFO - Job 847: Subtask run_dbt
[2026-05-07T07:35:44.412+0000] {task_command.py:467} INFO - Running <TaskInstance: tmdb_realtime_ingest.run_dbt scheduled__2026-05-03T00:00:00+00:00 [running]> on host da59d52ee0b5
[2026-05-07T07:35:44.780+0000] {taskinstance.py:3131} INFO - Exporting env vars: AIRFLOW_CTX_DAG_OWNER='***' AIRFLOW_CTX_DAG_ID='tmdb_realtime_ingest' AIRFLOW_CTX_TASK_ID='run_dbt' AIRFLOW_CTX_EXECUTION_DATE='2026-05-03T00:00:00+00:00' AIRFLOW_CTX_TRY_NUMBER='1' AIRFLOW_CTX_DAG_RUN_ID='scheduled__2026-05-03T00:00:00+00:00'
[2026-05-07T07:35:44.795+0000] {taskinstance.py:731} INFO - ::endgroup::
[2026-05-07T07:36:08.654+0000] {python.py:240} INFO - Done. Returned value was: None
[2026-05-07T07:36:08.702+0000] {taskinstance.py:340} INFO - ::group::Post task execution logs
[2026-05-07T07:36:08.704+0000] {taskinstance.py:352} INFO - Marking task as SUCCESS. dag_id=tmdb_realtime_ingest, task_id=run_dbt, run_id=scheduled__2026-05-03T00:00:00+00:00, execution_date=20260503T000000, start_date=20260507T073544, end_date=20260507T073608
[2026-05-07T07:36:08.768+0000] {local_task_job_runner.py:266} INFO - Task exited with return code 0
[2026-05-07T07:36:08.831+0000] {taskinstance.py:3900} INFO - 1 downstream tasks scheduled from follow-on schedule check
[2026-05-07T07:36:08.837+0000] {local_task_job_runner.py:245} INFO - ::endgroup::
[2026-05-07T07:45:01.528+0000] {local_task_job_runner.py:123} INFO - ::group::Pre task execution logs
[2026-05-07T07:45:01.554+0000] {taskinstance.py:2612} INFO - Dependencies all met for dep_context=non-requeueable deps ti=<TaskInstance: tmdb_realtime_ingest.run_dbt scheduled__2026-05-03T00:00:00+00:00 [queued]>
[2026-05-07T07:45:01.569+0000] {taskinstance.py:2612} INFO - Dependencies all met for dep_context=requeueable deps ti=<TaskInstance: tmdb_realtime_ingest.run_dbt scheduled__2026-05-03T00:00:00+00:00 [queued]>
[2026-05-07T07:45:01.570+0000] {taskinstance.py:2865} INFO - Starting attempt 1 of 1
[2026-05-07T07:45:01.625+0000] {taskinstance.py:2888} INFO - Executing <Task(PythonOperator): run_dbt> on 2026-05-03 00:00:00+00:00
[2026-05-07T07:45:01.660+0000] {standard_task_runner.py:104} INFO - Running: ['***', 'tasks', 'run', 'tmdb_realtime_ingest', 'run_dbt', 'scheduled__2026-05-03T00:00:00+00:00', '--job-id', '1193', '--raw', '--subdir', 'DAGS_FOLDER/tmdb_pipeline.py', '--cfg-path', '/tmp/tmp7mnpiwn5']
[2026-05-07T07:45:01.658+0000] {logging_mixin.py:190} WARNING - /home/***/.local/lib/python3.12/site-packages/***/task/task_runner/standard_task_runner.py:70 DeprecationWarning: This process (pid=5948) is multi-threaded, use of fork() may lead to deadlocks in the child.
[2026-05-07T07:45:01.670+0000] {standard_task_runner.py:105} INFO - Job 1193: Subtask run_dbt
[2026-05-07T07:45:01.670+0000] {standard_task_runner.py:72} INFO - Started process 5978 to run task
[2026-05-07T07:45:01.767+0000] {task_command.py:467} INFO - Running <TaskInstance: tmdb_realtime_ingest.run_dbt scheduled__2026-05-03T00:00:00+00:00 [running]> on host da59d52ee0b5
[2026-05-07T07:45:01.898+0000] {taskinstance.py:3131} INFO - Exporting env vars: AIRFLOW_CTX_DAG_OWNER='***' AIRFLOW_CTX_DAG_ID='tmdb_realtime_ingest' AIRFLOW_CTX_TASK_ID='run_dbt' AIRFLOW_CTX_EXECUTION_DATE='2026-05-03T00:00:00+00:00' AIRFLOW_CTX_TRY_NUMBER='1' AIRFLOW_CTX_DAG_RUN_ID='scheduled__2026-05-03T00:00:00+00:00'
[2026-05-07T07:45:01.910+0000] {taskinstance.py:731} INFO - ::endgroup::
[2026-05-07T07:45:29.719+0000] {python.py:240} INFO - Done. Returned value was: None
[2026-05-07T07:45:29.764+0000] {taskinstance.py:340} INFO - ::group::Post task execution logs
[2026-05-07T07:45:29.765+0000] {taskinstance.py:352} INFO - Marking task as SUCCESS. dag_id=tmdb_realtime_ingest, task_id=run_dbt, run_id=scheduled__2026-05-03T00:00:00+00:00, execution_date=20260503T000000, start_date=20260507T074501, end_date=20260507T074529
[2026-05-07T07:45:29.796+0000] {local_task_job_runner.py:266} INFO - Task exited with return code 0
[2026-05-07T07:45:29.856+0000] {taskinstance.py:3900} INFO - 1 downstream tasks scheduled from follow-on schedule check
[2026-05-07T07:45:29.857+0000] {local_task_job_runner.py:245} INFO - ::endgroup::
[2026-05-07T08:00:28.087+0000] {local_task_job_runner.py:123} INFO - ::group::Pre task execution logs
[2026-05-07T08:00:28.096+0000] {taskinstance.py:2612} INFO - Dependencies all met for dep_context=non-requeueable deps ti=<TaskInstance: tmdb_realtime_ingest.run_dbt scheduled__2026-05-03T00:00:00+00:00 [queued]>
[2026-05-07T08:00:28.100+0000] {taskinstance.py:2612} INFO - Dependencies all met for dep_context=requeueable deps ti=<TaskInstance: tmdb_realtime_ingest.run_dbt scheduled__2026-05-03T00:00:00+00:00 [queued]>
[2026-05-07T08:00:28.100+0000] {taskinstance.py:2865} INFO - Starting attempt 1 of 1
[2026-05-07T08:00:28.106+0000] {taskinstance.py:2888} INFO - Executing <Task(PythonOperator): run_dbt> on 2026-05-03 00:00:00+00:00
[2026-05-07T08:00:28.112+0000] {logging_mixin.py:190} WARNING - /home/***/.local/lib/python3.12/site-packages/***/task/task_runner/standard_task_runner.py:70 DeprecationWarning: This process (pid=3509) is multi-threaded, use of fork() may lead to deadlocks in the child.
[2026-05-07T08:00:28.113+0000] {standard_task_runner.py:72} INFO - Started process 3515 to run task
[2026-05-07T08:00:28.114+0000] {standard_task_runner.py:104} INFO - Running: ['***', 'tasks', 'run', 'tmdb_realtime_ingest', 'run_dbt', 'scheduled__2026-05-03T00:00:00+00:00', '--job-id', '1674', '--raw', '--subdir', 'DAGS_FOLDER/tmdb_pipeline.py', '--cfg-path', '/tmp/tmpuemuf543']
[2026-05-07T08:00:28.118+0000] {standard_task_runner.py:105} INFO - Job 1674: Subtask run_dbt
[2026-05-07T08:00:28.146+0000] {task_command.py:467} INFO - Running <TaskInstance: tmdb_realtime_ingest.run_dbt scheduled__2026-05-03T00:00:00+00:00 [running]> on host aec0b0090a27
[2026-05-07T08:00:28.214+0000] {taskinstance.py:3131} INFO - Exporting env vars: AIRFLOW_CTX_DAG_OWNER='***' AIRFLOW_CTX_DAG_ID='tmdb_realtime_ingest' AIRFLOW_CTX_TASK_ID='run_dbt' AIRFLOW_CTX_EXECUTION_DATE='2026-05-03T00:00:00+00:00' AIRFLOW_CTX_TRY_NUMBER='1' AIRFLOW_CTX_DAG_RUN_ID='scheduled__2026-05-03T00:00:00+00:00'
[2026-05-07T08:00:28.215+0000] {taskinstance.py:731} INFO - ::endgroup::
[2026-05-07T08:01:01.409+0000] {python.py:240} INFO - Done. Returned value was: None
[2026-05-07T08:01:01.424+0000] {taskinstance.py:340} INFO - ::group::Post task execution logs
[2026-05-07T08:01:01.425+0000] {taskinstance.py:352} INFO - Marking task as SUCCESS. dag_id=tmdb_realtime_ingest, task_id=run_dbt, run_id=scheduled__2026-05-03T00:00:00+00:00, execution_date=20260503T000000, start_date=20260507T080028, end_date=20260507T080101
[2026-05-07T08:01:01.469+0000] {local_task_job_runner.py:266} INFO - Task exited with return code 0
[2026-05-07T08:01:01.500+0000] {taskinstance.py:3900} INFO - 1 downstream tasks scheduled from follow-on schedule check
[2026-05-07T08:01:01.501+0000] {local_task_job_runner.py:245} INFO - ::endgroup::
[2026-05-07T08:10:05.231+0000] {local_task_job_runner.py:123} INFO - ::group::Pre task execution logs
[2026-05-07T08:10:05.252+0000] {taskinstance.py:2612} INFO - Dependencies all met for dep_context=non-requeueable deps ti=<TaskInstance: tmdb_realtime_ingest.run_dbt scheduled__2026-05-03T00:00:00+00:00 [queued]>
[2026-05-07T08:10:05.297+0000] {taskinstance.py:2612} INFO - Dependencies all met for dep_context=requeueable deps ti=<TaskInstance: tmdb_realtime_ingest.run_dbt scheduled__2026-05-03T00:00:00+00:00 [queued]>
[2026-05-07T08:10:05.298+0000] {taskinstance.py:2865} INFO - Starting attempt 1 of 1
[2026-05-07T08:10:05.845+0000] {taskinstance.py:2888} INFO - Executing <Task(PythonOperator): run_dbt> on 2026-05-03 00:00:00+00:00
[2026-05-07T08:10:05.873+0000] {logging_mixin.py:190} WARNING - /home/***/.local/lib/python3.12/site-packages/***/task/task_runner/standard_task_runner.py:70 DeprecationWarning: This process (pid=831) is multi-threaded, use of fork() may lead to deadlocks in the child.
[2026-05-07T08:10:05.878+0000] {standard_task_runner.py:72} INFO - Started process 877 to run task
[2026-05-07T08:10:05.941+0000] {standard_task_runner.py:104} INFO - Running: ['***', 'tasks', 'run', 'tmdb_realtime_ingest', 'run_dbt', 'scheduled__2026-05-03T00:00:00+00:00', '--job-id', '1777', '--raw', '--subdir', 'DAGS_FOLDER/tmdb_pipeline.py', '--cfg-path', '/tmp/tmpzgjf_nnm']
[2026-05-07T08:10:05.968+0000] {standard_task_runner.py:105} INFO - Job 1777: Subtask run_dbt
[2026-05-07T08:10:06.213+0000] {task_command.py:467} INFO - Running <TaskInstance: tmdb_realtime_ingest.run_dbt scheduled__2026-05-03T00:00:00+00:00 [running]> on host 304727ced316
[2026-05-07T08:10:06.526+0000] {taskinstance.py:3131} INFO - Exporting env vars: AIRFLOW_CTX_DAG_OWNER='***' AIRFLOW_CTX_DAG_ID='tmdb_realtime_ingest' AIRFLOW_CTX_TASK_ID='run_dbt' AIRFLOW_CTX_EXECUTION_DATE='2026-05-03T00:00:00+00:00' AIRFLOW_CTX_TRY_NUMBER='1' AIRFLOW_CTX_DAG_RUN_ID='scheduled__2026-05-03T00:00:00+00:00'
[2026-05-07T08:10:06.528+0000] {taskinstance.py:731} INFO - ::endgroup::
[2026-05-07T08:10:27.556+0000] {taskinstance.py:3310} ERROR - Task failed with exception
Traceback (most recent call last):
  File "/home/airflow/.local/lib/python3.12/site-packages/airflow/models/taskinstance.py", line 767, in _execute_task
    result = _execute_callable(context=context, **execute_callable_kwargs)
             ^^^^^^^^^^^^^^^^^^^^^^^^^^^^^^^^^^^^^^^^^^^^^^^^^^^^^^^^^^^^^
  File "/home/airflow/.local/lib/python3.12/site-packages/airflow/models/taskinstance.py", line 733, in _execute_callable
    return ExecutionCallableRunner(
           ^^^^^^^^^^^^^^^^^^^^^^^^
  File "/home/airflow/.local/lib/python3.12/site-packages/airflow/utils/operator_helpers.py", line 252, in run
    return self.func(*args, **kwargs)
           ^^^^^^^^^^^^^^^^^^^^^^^^^^
  File "/home/airflow/.local/lib/python3.12/site-packages/airflow/models/baseoperator.py", line 406, in wrapper
    return func(self, *args, **kwargs)
           ^^^^^^^^^^^^^^^^^^^^^^^^^^^
  File "/home/airflow/.local/lib/python3.12/site-packages/airflow/operators/python.py", line 238, in execute
    return_value = self.execute_callable()
                   ^^^^^^^^^^^^^^^^^^^^^^^
  File "/home/airflow/.local/lib/python3.12/site-packages/airflow/operators/python.py", line 256, in execute_callable
    return runner.run(*self.op_args, **self.op_kwargs)
           ^^^^^^^^^^^^^^^^^^^^^^^^^^^^^^^^^^^^^^^^^^^
  File "/home/airflow/.local/lib/python3.12/site-packages/airflow/utils/operator_helpers.py", line 252, in run
    return self.func(*args, **kwargs)
           ^^^^^^^^^^^^^^^^^^^^^^^^^^
  File "/opt/airflow/dags/tmdb_pipeline.py", line 165, in run_dbt
    subprocess.run(
  File "/usr/local/lib/python3.12/subprocess.py", line 571, in run
    raise CalledProcessError(retcode, process.args,
subprocess.CalledProcessError: Command '['dbt', 'run']' returned non-zero exit status 1.
[2026-05-07T08:10:27.602+0000] {taskinstance.py:1225} INFO - Marking task as FAILED. dag_id=tmdb_realtime_ingest, task_id=run_dbt, run_id=scheduled__2026-05-03T00:00:00+00:00, execution_date=20260503T000000, start_date=20260507T081005, end_date=20260507T081027
[2026-05-07T08:10:27.653+0000] {taskinstance.py:340} INFO - ::group::Post task execution logs
[2026-05-07T08:10:27.660+0000] {standard_task_runner.py:124} ERROR - Failed to execute job 1777 for task run_dbt (Command '['dbt', 'run']' returned non-zero exit status 1.; 877)
Traceback (most recent call last):
  File "/home/airflow/.local/lib/python3.12/site-packages/airflow/task/task_runner/standard_task_runner.py", line 117, in _start_by_fork
    ret = args.func(args, dag=self.dag)
          ^^^^^^^^^^^^^^^^^^^^^^^^^^^^^
  File "/home/airflow/.local/lib/python3.12/site-packages/airflow/cli/cli_config.py", line 49, in command
    return func(*args, **kwargs)
           ^^^^^^^^^^^^^^^^^^^^^
  File "/home/airflow/.local/lib/python3.12/site-packages/airflow/utils/cli.py", line 115, in wrapper
    return f(*args, **kwargs)
           ^^^^^^^^^^^^^^^^^^
  File "/home/airflow/.local/lib/python3.12/site-packages/airflow/cli/commands/task_command.py", line 483, in task_run
    task_return_code = _run_task_by_selected_method(args, _dag, ti)
                       ^^^^^^^^^^^^^^^^^^^^^^^^^^^^^^^^^^^^^^^^^^^^
  File "/home/airflow/.local/lib/python3.12/site-packages/airflow/cli/commands/task_command.py", line 256, in _run_task_by_selected_method
    return _run_raw_task(args, ti)
           ^^^^^^^^^^^^^^^^^^^^^^^
  File "/home/airflow/.local/lib/python3.12/site-packages/airflow/cli/commands/task_command.py", line 341, in _run_raw_task
    return ti._run_raw_task(
           ^^^^^^^^^^^^^^^^^
  File "/home/airflow/.local/lib/python3.12/site-packages/airflow/utils/session.py", line 97, in wrapper
    return func(*args, session=session, **kwargs)
           ^^^^^^^^^^^^^^^^^^^^^^^^^^^^^^^^^^^^^^
  File "/home/airflow/.local/lib/python3.12/site-packages/airflow/models/taskinstance.py", line 3004, in _run_raw_task
    return _run_raw_task(
           ^^^^^^^^^^^^^^
  File "/home/airflow/.local/lib/python3.12/site-packages/airflow/models/taskinstance.py", line 273, in _run_raw_task
    TaskInstance._execute_task_with_callbacks(
  File "/home/airflow/.local/lib/python3.12/site-packages/airflow/models/taskinstance.py", line 3158, in _execute_task_with_callbacks
    result = self._execute_task(context, task_orig)
             ^^^^^^^^^^^^^^^^^^^^^^^^^^^^^^^^^^^^^^
  File "/home/airflow/.local/lib/python3.12/site-packages/airflow/models/taskinstance.py", line 3182, in _execute_task
    return _execute_task(self, context, task_orig)
           ^^^^^^^^^^^^^^^^^^^^^^^^^^^^^^^^^^^^^^^
  File "/home/airflow/.local/lib/python3.12/site-packages/airflow/models/taskinstance.py", line 767, in _execute_task
    result = _execute_callable(context=context, **execute_callable_kwargs)
             ^^^^^^^^^^^^^^^^^^^^^^^^^^^^^^^^^^^^^^^^^^^^^^^^^^^^^^^^^^^^^
  File "/home/airflow/.local/lib/python3.12/site-packages/airflow/models/taskinstance.py", line 733, in _execute_callable
    return ExecutionCallableRunner(
           ^^^^^^^^^^^^^^^^^^^^^^^^
  File "/home/airflow/.local/lib/python3.12/site-packages/airflow/utils/operator_helpers.py", line 252, in run
    return self.func(*args, **kwargs)
           ^^^^^^^^^^^^^^^^^^^^^^^^^^
  File "/home/airflow/.local/lib/python3.12/site-packages/airflow/models/baseoperator.py", line 406, in wrapper
    return func(self, *args, **kwargs)
           ^^^^^^^^^^^^^^^^^^^^^^^^^^^
  File "/home/airflow/.local/lib/python3.12/site-packages/airflow/operators/python.py", line 238, in execute
    return_value = self.execute_callable()
                   ^^^^^^^^^^^^^^^^^^^^^^^
  File "/home/airflow/.local/lib/python3.12/site-packages/airflow/operators/python.py", line 256, in execute_callable
    return runner.run(*self.op_args, **self.op_kwargs)
           ^^^^^^^^^^^^^^^^^^^^^^^^^^^^^^^^^^^^^^^^^^^
  File "/home/airflow/.local/lib/python3.12/site-packages/airflow/utils/operator_helpers.py", line 252, in run
    return self.func(*args, **kwargs)
           ^^^^^^^^^^^^^^^^^^^^^^^^^^
  File "/opt/airflow/dags/tmdb_pipeline.py", line 165, in run_dbt
    subprocess.run(
  File "/usr/local/lib/python3.12/subprocess.py", line 571, in run
    raise CalledProcessError(retcode, process.args,
subprocess.CalledProcessError: Command '['dbt', 'run']' returned non-zero exit status 1.
[2026-05-07T08:10:27.732+0000] {local_task_job_runner.py:266} INFO - Task exited with return code 1
[2026-05-07T08:10:27.820+0000] {taskinstance.py:3900} INFO - 0 downstream tasks scheduled from follow-on schedule check
[2026-05-07T08:10:27.830+0000] {local_task_job_runner.py:245} INFO - ::endgroup::
[2026-05-07T08:21:50.042+0000] {local_task_job_runner.py:123} INFO - ::group::Pre task execution logs
[2026-05-07T08:21:50.090+0000] {taskinstance.py:2612} INFO - Dependencies all met for dep_context=non-requeueable deps ti=<TaskInstance: tmdb_realtime_ingest.run_dbt scheduled__2026-05-03T00:00:00+00:00 [queued]>
[2026-05-07T08:21:50.106+0000] {taskinstance.py:2612} INFO - Dependencies all met for dep_context=requeueable deps ti=<TaskInstance: tmdb_realtime_ingest.run_dbt scheduled__2026-05-03T00:00:00+00:00 [queued]>
[2026-05-07T08:21:50.118+0000] {taskinstance.py:2865} INFO - Starting attempt 1 of 1
[2026-05-07T08:21:50.165+0000] {taskinstance.py:2888} INFO - Executing <Task(PythonOperator): run_dbt> on 2026-05-03 00:00:00+00:00
[2026-05-07T08:21:50.218+0000] {standard_task_runner.py:104} INFO - Running: ['***', 'tasks', 'run', 'tmdb_realtime_ingest', 'run_dbt', 'scheduled__2026-05-03T00:00:00+00:00', '--job-id', '1870', '--raw', '--subdir', 'DAGS_FOLDER/tmdb_pipeline.py', '--cfg-path', '/tmp/tmps79qelue']
[2026-05-07T08:21:50.228+0000] {standard_task_runner.py:105} INFO - Job 1870: Subtask run_dbt
[2026-05-07T08:21:50.218+0000] {logging_mixin.py:190} WARNING - /home/***/.local/lib/python3.12/site-packages/***/task/task_runner/standard_task_runner.py:70 DeprecationWarning: This process (pid=875) is multi-threaded, use of fork() may lead to deadlocks in the child.
[2026-05-07T08:21:50.232+0000] {standard_task_runner.py:72} INFO - Started process 903 to run task
[2026-05-07T08:21:50.384+0000] {task_command.py:467} INFO - Running <TaskInstance: tmdb_realtime_ingest.run_dbt scheduled__2026-05-03T00:00:00+00:00 [running]> on host 468e1946259b
[2026-05-07T08:21:50.589+0000] {taskinstance.py:3131} INFO - Exporting env vars: AIRFLOW_CTX_DAG_OWNER='***' AIRFLOW_CTX_DAG_ID='tmdb_realtime_ingest' AIRFLOW_CTX_TASK_ID='run_dbt' AIRFLOW_CTX_EXECUTION_DATE='2026-05-03T00:00:00+00:00' AIRFLOW_CTX_TRY_NUMBER='1' AIRFLOW_CTX_DAG_RUN_ID='scheduled__2026-05-03T00:00:00+00:00'
[2026-05-07T08:21:50.594+0000] {taskinstance.py:731} INFO - ::endgroup::
[2026-05-07T08:22:10.165+0000] {python.py:240} INFO - Done. Returned value was: None
[2026-05-07T08:22:10.221+0000] {taskinstance.py:340} INFO - ::group::Post task execution logs
[2026-05-07T08:22:10.222+0000] {taskinstance.py:352} INFO - Marking task as SUCCESS. dag_id=tmdb_realtime_ingest, task_id=run_dbt, run_id=scheduled__2026-05-03T00:00:00+00:00, execution_date=20260503T000000, start_date=20260507T082150, end_date=20260507T082210
[2026-05-07T08:22:10.277+0000] {local_task_job_runner.py:266} INFO - Task exited with return code 0
[2026-05-07T08:22:10.314+0000] {taskinstance.py:3900} INFO - 1 downstream tasks scheduled from follow-on schedule check
[2026-05-07T08:22:10.316+0000] {local_task_job_runner.py:245} INFO - ::endgroup::
