[2026-05-04T23:35:28.693+0000] {local_task_job_runner.py:123} INFO - ::group::Pre task execution logs
[2026-05-04T23:35:28.703+0000] {taskinstance.py:2612} INFO - Dependencies all met for dep_context=non-requeueable deps ti=<TaskInstance: tmdb_realtime_ingest.load_tmdb_genres scheduled__2026-05-03T00:00:00+00:00 [queued]>
[2026-05-04T23:35:28.708+0000] {taskinstance.py:2612} INFO - Dependencies all met for dep_context=requeueable deps ti=<TaskInstance: tmdb_realtime_ingest.load_tmdb_genres scheduled__2026-05-03T00:00:00+00:00 [queued]>
[2026-05-04T23:35:28.709+0000] {taskinstance.py:2865} INFO - Starting attempt 1 of 1
[2026-05-04T23:35:28.718+0000] {taskinstance.py:2888} INFO - Executing <Task(PythonOperator): load_tmdb_genres> on 2026-05-03 00:00:00+00:00
[2026-05-04T23:35:28.724+0000] {logging_mixin.py:190} WARNING - /home/***/.local/lib/python3.12/site-packages/***/task/task_runner/standard_task_runner.py:70 DeprecationWarning: This process (pid=237) is multi-threaded, use of fork() may lead to deadlocks in the child.
[2026-05-04T23:35:28.725+0000] {standard_task_runner.py:72} INFO - Started process 251 to run task
[2026-05-04T23:35:28.724+0000] {standard_task_runner.py:104} INFO - Running: ['***', 'tasks', 'run', 'tmdb_realtime_ingest', 'load_tmdb_genres', 'scheduled__2026-05-03T00:00:00+00:00', '--job-id', '164', '--raw', '--subdir', 'DAGS_FOLDER/tmdb_pipeline.py', '--cfg-path', '/tmp/tmpca35n52k']
[2026-05-04T23:35:28.726+0000] {standard_task_runner.py:105} INFO - Job 164: Subtask load_tmdb_genres
[2026-05-04T23:35:28.761+0000] {task_command.py:467} INFO - Running <TaskInstance: tmdb_realtime_ingest.load_tmdb_genres scheduled__2026-05-03T00:00:00+00:00 [running]> on host 6a67170d577a
[2026-05-04T23:35:28.814+0000] {taskinstance.py:3131} INFO - Exporting env vars: AIRFLOW_CTX_DAG_OWNER='***' AIRFLOW_CTX_DAG_ID='tmdb_realtime_ingest' AIRFLOW_CTX_TASK_ID='load_tmdb_genres' AIRFLOW_CTX_EXECUTION_DATE='2026-05-03T00:00:00+00:00' AIRFLOW_CTX_TRY_NUMBER='1' AIRFLOW_CTX_DAG_RUN_ID='scheduled__2026-05-03T00:00:00+00:00'
[2026-05-04T23:35:28.815+0000] {taskinstance.py:731} INFO - ::endgroup::
[2026-05-04T23:35:28.829+0000] {base.py:84} INFO - Retrieving connection 'conn'
[2026-05-04T23:35:28.829+0000] {connection.py:413} INFO - Snowflake Connector for Python Version: 3.12.2, Python Version: 3.12.5, Platform: Linux-6.12.76-linuxkit-aarch64-with-glibc2.36
[2026-05-04T23:35:28.830+0000] {connection.py:1196} INFO - Connecting to GLOBAL Snowflake domain
[2026-05-04T23:35:28.830+0000] {connection.py:1277} INFO - This connection is in OCSP Fail Open Mode. TLS Certificates would be checked for validity and revocation status. Any other Certificate Revocation related exceptions or OCSP Responder failures would be disregarded in favor of connectivity.
[2026-05-04T23:35:29.740+0000] {base.py:84} INFO - Retrieving connection 'conn'
[2026-05-04T23:35:30.662+0000] {cursor.py:1156} INFO - Number of results in first chunk: 1
[2026-05-04T23:35:30.895+0000] {cursor.py:1156} INFO - Number of results in first chunk: 1
[2026-05-04T23:35:31.109+0000] {cursor.py:1156} INFO - Number of results in first chunk: 1
[2026-05-04T23:35:31.456+0000] {cursor.py:1156} INFO - Number of results in first chunk: 1
[2026-05-04T23:35:33.721+0000] {cursor.py:1156} INFO - Number of results in first chunk: 1
[2026-05-04T23:35:33.721+0000] {connection.py:788} INFO - closed
[2026-05-04T23:35:33.899+0000] {connection.py:794} INFO - No async queries seem to be running, deleting session
[2026-05-04T23:35:33.982+0000] {python.py:240} INFO - Done. Returned value was: None
[2026-05-04T23:35:33.991+0000] {taskinstance.py:340} INFO - ::group::Post task execution logs
[2026-05-04T23:35:33.991+0000] {taskinstance.py:352} INFO - Marking task as SUCCESS. dag_id=tmdb_realtime_ingest, task_id=load_tmdb_genres, run_id=scheduled__2026-05-03T00:00:00+00:00, execution_date=20260503T000000, start_date=20260504T233528, end_date=20260504T233533
[2026-05-04T23:35:34.034+0000] {local_task_job_runner.py:266} INFO - Task exited with return code 0
[2026-05-04T23:35:34.048+0000] {taskinstance.py:3900} INFO - 1 downstream tasks scheduled from follow-on schedule check
[2026-05-04T23:35:34.050+0000] {local_task_job_runner.py:245} INFO - ::endgroup::
[2026-05-07T07:21:15.465+0000] {local_task_job_runner.py:123} INFO - ::group::Pre task execution logs
[2026-05-07T07:21:15.491+0000] {taskinstance.py:2612} INFO - Dependencies all met for dep_context=non-requeueable deps ti=<TaskInstance: tmdb_realtime_ingest.load_tmdb_genres scheduled__2026-05-03T00:00:00+00:00 [queued]>
[2026-05-07T07:21:15.501+0000] {taskinstance.py:2612} INFO - Dependencies all met for dep_context=requeueable deps ti=<TaskInstance: tmdb_realtime_ingest.load_tmdb_genres scheduled__2026-05-03T00:00:00+00:00 [queued]>
[2026-05-07T07:21:15.502+0000] {taskinstance.py:2865} INFO - Starting attempt 1 of 1
[2026-05-07T07:21:15.516+0000] {taskinstance.py:2888} INFO - Executing <Task(PythonOperator): load_tmdb_genres> on 2026-05-03 00:00:00+00:00
[2026-05-07T07:21:15.529+0000] {logging_mixin.py:190} WARNING - /home/***/.local/lib/python3.12/site-packages/***/task/task_runner/standard_task_runner.py:70 DeprecationWarning: This process (pid=2604) is multi-threaded, use of fork() may lead to deadlocks in the child.
[2026-05-07T07:21:15.530+0000] {standard_task_runner.py:72} INFO - Started process 2618 to run task
[2026-05-07T07:21:15.531+0000] {standard_task_runner.py:104} INFO - Running: ['***', 'tasks', 'run', 'tmdb_realtime_ingest', 'load_tmdb_genres', 'scheduled__2026-05-03T00:00:00+00:00', '--job-id', '486', '--raw', '--subdir', 'DAGS_FOLDER/tmdb_pipeline.py', '--cfg-path', '/tmp/tmp8l20z1r1']
[2026-05-07T07:21:15.533+0000] {standard_task_runner.py:105} INFO - Job 486: Subtask load_tmdb_genres
[2026-05-07T07:21:15.651+0000] {task_command.py:467} INFO - Running <TaskInstance: tmdb_realtime_ingest.load_tmdb_genres scheduled__2026-05-03T00:00:00+00:00 [running]> on host 1589e571b783
[2026-05-07T07:21:15.738+0000] {taskinstance.py:3131} INFO - Exporting env vars: AIRFLOW_CTX_DAG_OWNER='***' AIRFLOW_CTX_DAG_ID='tmdb_realtime_ingest' AIRFLOW_CTX_TASK_ID='load_tmdb_genres' AIRFLOW_CTX_EXECUTION_DATE='2026-05-03T00:00:00+00:00' AIRFLOW_CTX_TRY_NUMBER='1' AIRFLOW_CTX_DAG_RUN_ID='scheduled__2026-05-03T00:00:00+00:00'
[2026-05-07T07:21:15.741+0000] {taskinstance.py:731} INFO - ::endgroup::
[2026-05-07T07:21:15.777+0000] {base.py:84} INFO - Retrieving connection 'conn'
[2026-05-07T07:21:15.779+0000] {connection.py:413} INFO - Snowflake Connector for Python Version: 3.12.2, Python Version: 3.12.5, Platform: Linux-6.12.76-linuxkit-aarch64-with-glibc2.36
[2026-05-07T07:21:15.783+0000] {connection.py:1196} INFO - Connecting to GLOBAL Snowflake domain
[2026-05-07T07:21:15.783+0000] {connection.py:1277} INFO - This connection is in OCSP Fail Open Mode. TLS Certificates would be checked for validity and revocation status. Any other Certificate Revocation related exceptions or OCSP Responder failures would be disregarded in favor of connectivity.
[2026-05-07T07:21:17.198+0000] {base.py:84} INFO - Retrieving connection 'conn'
[2026-05-07T07:21:17.376+0000] {cursor.py:1156} INFO - Number of results in first chunk: 1
[2026-05-07T07:21:17.489+0000] {cursor.py:1156} INFO - Number of results in first chunk: 1
[2026-05-07T07:21:17.631+0000] {cursor.py:1156} INFO - Number of results in first chunk: 1
[2026-05-07T07:21:17.810+0000] {cursor.py:1156} INFO - Number of results in first chunk: 1
[2026-05-07T07:21:19.527+0000] {cursor.py:1156} INFO - Number of results in first chunk: 1
[2026-05-07T07:21:19.534+0000] {connection.py:788} INFO - closed
[2026-05-07T07:21:19.623+0000] {connection.py:794} INFO - No async queries seem to be running, deleting session
[2026-05-07T07:21:19.736+0000] {python.py:240} INFO - Done. Returned value was: None
[2026-05-07T07:21:19.779+0000] {taskinstance.py:340} INFO - ::group::Post task execution logs
[2026-05-07T07:21:19.780+0000] {taskinstance.py:352} INFO - Marking task as SUCCESS. dag_id=tmdb_realtime_ingest, task_id=load_tmdb_genres, run_id=scheduled__2026-05-03T00:00:00+00:00, execution_date=20260503T000000, start_date=20260507T072115, end_date=20260507T072119
[2026-05-07T07:21:19.848+0000] {local_task_job_runner.py:266} INFO - Task exited with return code 0
[2026-05-07T07:21:19.981+0000] {taskinstance.py:3900} INFO - 1 downstream tasks scheduled from follow-on schedule check
[2026-05-07T07:21:19.998+0000] {local_task_job_runner.py:245} INFO - ::endgroup::
[2026-05-07T07:35:37.275+0000] {local_task_job_runner.py:123} INFO - ::group::Pre task execution logs
[2026-05-07T07:35:37.291+0000] {taskinstance.py:2612} INFO - Dependencies all met for dep_context=non-requeueable deps ti=<TaskInstance: tmdb_realtime_ingest.load_tmdb_genres scheduled__2026-05-03T00:00:00+00:00 [queued]>
[2026-05-07T07:35:37.299+0000] {taskinstance.py:2612} INFO - Dependencies all met for dep_context=requeueable deps ti=<TaskInstance: tmdb_realtime_ingest.load_tmdb_genres scheduled__2026-05-03T00:00:00+00:00 [queued]>
[2026-05-07T07:35:37.299+0000] {taskinstance.py:2865} INFO - Starting attempt 1 of 1
[2026-05-07T07:35:37.310+0000] {taskinstance.py:2888} INFO - Executing <Task(PythonOperator): load_tmdb_genres> on 2026-05-03 00:00:00+00:00
[2026-05-07T07:35:37.319+0000] {logging_mixin.py:190} WARNING - /home/***/.local/lib/python3.12/site-packages/***/task/task_runner/standard_task_runner.py:70 DeprecationWarning: This process (pid=2574) is multi-threaded, use of fork() may lead to deadlocks in the child.
[2026-05-07T07:35:37.319+0000] {standard_task_runner.py:104} INFO - Running: ['***', 'tasks', 'run', 'tmdb_realtime_ingest', 'load_tmdb_genres', 'scheduled__2026-05-03T00:00:00+00:00', '--job-id', '831', '--raw', '--subdir', 'DAGS_FOLDER/tmdb_pipeline.py', '--cfg-path', '/tmp/tmpbx0dstyj']
[2026-05-07T07:35:37.321+0000] {standard_task_runner.py:72} INFO - Started process 2604 to run task
[2026-05-07T07:35:37.321+0000] {standard_task_runner.py:105} INFO - Job 831: Subtask load_tmdb_genres
[2026-05-07T07:35:37.368+0000] {task_command.py:467} INFO - Running <TaskInstance: tmdb_realtime_ingest.load_tmdb_genres scheduled__2026-05-03T00:00:00+00:00 [running]> on host da59d52ee0b5
[2026-05-07T07:35:37.445+0000] {taskinstance.py:3131} INFO - Exporting env vars: AIRFLOW_CTX_DAG_OWNER='***' AIRFLOW_CTX_DAG_ID='tmdb_realtime_ingest' AIRFLOW_CTX_TASK_ID='load_tmdb_genres' AIRFLOW_CTX_EXECUTION_DATE='2026-05-03T00:00:00+00:00' AIRFLOW_CTX_TRY_NUMBER='1' AIRFLOW_CTX_DAG_RUN_ID='scheduled__2026-05-03T00:00:00+00:00'
[2026-05-07T07:35:37.446+0000] {taskinstance.py:731} INFO - ::endgroup::
[2026-05-07T07:35:37.462+0000] {base.py:84} INFO - Retrieving connection 'conn'
[2026-05-07T07:35:37.463+0000] {connection.py:413} INFO - Snowflake Connector for Python Version: 3.12.2, Python Version: 3.12.5, Platform: Linux-6.12.76-linuxkit-aarch64-with-glibc2.36
[2026-05-07T07:35:37.465+0000] {connection.py:1196} INFO - Connecting to GLOBAL Snowflake domain
[2026-05-07T07:35:37.465+0000] {connection.py:1277} INFO - This connection is in OCSP Fail Open Mode. TLS Certificates would be checked for validity and revocation status. Any other Certificate Revocation related exceptions or OCSP Responder failures would be disregarded in favor of connectivity.
[2026-05-07T07:35:37.811+0000] {base.py:84} INFO - Retrieving connection 'conn'
[2026-05-07T07:35:38.030+0000] {cursor.py:1156} INFO - Number of results in first chunk: 1
[2026-05-07T07:35:38.210+0000] {cursor.py:1156} INFO - Number of results in first chunk: 1
[2026-05-07T07:35:38.375+0000] {cursor.py:1156} INFO - Number of results in first chunk: 1
[2026-05-07T07:35:38.778+0000] {cursor.py:1156} INFO - Number of results in first chunk: 1
[2026-05-07T07:35:40.313+0000] {cursor.py:1156} INFO - Number of results in first chunk: 1
[2026-05-07T07:35:40.337+0000] {connection.py:788} INFO - closed
[2026-05-07T07:35:40.979+0000] {connection.py:794} INFO - No async queries seem to be running, deleting session
[2026-05-07T07:35:41.085+0000] {python.py:240} INFO - Done. Returned value was: None
[2026-05-07T07:35:41.233+0000] {taskinstance.py:340} INFO - ::group::Post task execution logs
[2026-05-07T07:35:41.239+0000] {taskinstance.py:352} INFO - Marking task as SUCCESS. dag_id=tmdb_realtime_ingest, task_id=load_tmdb_genres, run_id=scheduled__2026-05-03T00:00:00+00:00, execution_date=20260503T000000, start_date=20260507T073537, end_date=20260507T073541
[2026-05-07T07:35:41.473+0000] {local_task_job_runner.py:266} INFO - Task exited with return code 0
[2026-05-07T07:35:41.581+0000] {local_task_job_runner.py:245} INFO - ::endgroup::
[2026-05-07T07:44:50.755+0000] {local_task_job_runner.py:123} INFO - ::group::Pre task execution logs
[2026-05-07T07:44:50.764+0000] {taskinstance.py:2612} INFO - Dependencies all met for dep_context=non-requeueable deps ti=<TaskInstance: tmdb_realtime_ingest.load_tmdb_genres scheduled__2026-05-03T00:00:00+00:00 [queued]>
[2026-05-07T07:44:50.767+0000] {taskinstance.py:2612} INFO - Dependencies all met for dep_context=requeueable deps ti=<TaskInstance: tmdb_realtime_ingest.load_tmdb_genres scheduled__2026-05-03T00:00:00+00:00 [queued]>
[2026-05-07T07:44:50.767+0000] {taskinstance.py:2865} INFO - Starting attempt 1 of 1
[2026-05-07T07:44:50.772+0000] {taskinstance.py:2888} INFO - Executing <Task(PythonOperator): load_tmdb_genres> on 2026-05-03 00:00:00+00:00
[2026-05-07T07:44:50.783+0000] {logging_mixin.py:190} WARNING - /home/***/.local/lib/python3.12/site-packages/***/task/task_runner/standard_task_runner.py:70 DeprecationWarning: This process (pid=5688) is multi-threaded, use of fork() may lead to deadlocks in the child.
[2026-05-07T07:44:50.784+0000] {standard_task_runner.py:72} INFO - Started process 5698 to run task
[2026-05-07T07:44:50.783+0000] {standard_task_runner.py:104} INFO - Running: ['***', 'tasks', 'run', 'tmdb_realtime_ingest', 'load_tmdb_genres', 'scheduled__2026-05-03T00:00:00+00:00', '--job-id', '1173', '--raw', '--subdir', 'DAGS_FOLDER/tmdb_pipeline.py', '--cfg-path', '/tmp/tmpv92k8467']
[2026-05-07T07:44:50.785+0000] {standard_task_runner.py:105} INFO - Job 1173: Subtask load_tmdb_genres
[2026-05-07T07:44:50.826+0000] {task_command.py:467} INFO - Running <TaskInstance: tmdb_realtime_ingest.load_tmdb_genres scheduled__2026-05-03T00:00:00+00:00 [running]> on host da59d52ee0b5
[2026-05-07T07:44:50.868+0000] {taskinstance.py:3131} INFO - Exporting env vars: AIRFLOW_CTX_DAG_OWNER='***' AIRFLOW_CTX_DAG_ID='tmdb_realtime_ingest' AIRFLOW_CTX_TASK_ID='load_tmdb_genres' AIRFLOW_CTX_EXECUTION_DATE='2026-05-03T00:00:00+00:00' AIRFLOW_CTX_TRY_NUMBER='1' AIRFLOW_CTX_DAG_RUN_ID='scheduled__2026-05-03T00:00:00+00:00'
[2026-05-07T07:44:50.869+0000] {taskinstance.py:731} INFO - ::endgroup::
[2026-05-07T07:44:50.882+0000] {base.py:84} INFO - Retrieving connection 'conn'
[2026-05-07T07:44:50.883+0000] {connection.py:413} INFO - Snowflake Connector for Python Version: 3.12.2, Python Version: 3.12.5, Platform: Linux-6.12.76-linuxkit-aarch64-with-glibc2.36
[2026-05-07T07:44:50.884+0000] {connection.py:1196} INFO - Connecting to GLOBAL Snowflake domain
[2026-05-07T07:44:50.884+0000] {connection.py:1277} INFO - This connection is in OCSP Fail Open Mode. TLS Certificates would be checked for validity and revocation status. Any other Certificate Revocation related exceptions or OCSP Responder failures would be disregarded in favor of connectivity.
[2026-05-07T07:44:51.385+0000] {base.py:84} INFO - Retrieving connection 'conn'
[2026-05-07T07:44:51.581+0000] {cursor.py:1156} INFO - Number of results in first chunk: 1
[2026-05-07T07:44:51.766+0000] {cursor.py:1156} INFO - Number of results in first chunk: 1
[2026-05-07T07:44:51.905+0000] {cursor.py:1156} INFO - Number of results in first chunk: 1
[2026-05-07T07:44:52.104+0000] {cursor.py:1156} INFO - Number of results in first chunk: 1
[2026-05-07T07:44:53.826+0000] {cursor.py:1156} INFO - Number of results in first chunk: 1
[2026-05-07T07:44:53.831+0000] {connection.py:788} INFO - closed
[2026-05-07T07:44:53.946+0000] {connection.py:794} INFO - No async queries seem to be running, deleting session
[2026-05-07T07:44:54.136+0000] {python.py:240} INFO - Done. Returned value was: None
[2026-05-07T07:44:54.255+0000] {taskinstance.py:340} INFO - ::group::Post task execution logs
[2026-05-07T07:44:54.261+0000] {taskinstance.py:352} INFO - Marking task as SUCCESS. dag_id=tmdb_realtime_ingest, task_id=load_tmdb_genres, run_id=scheduled__2026-05-03T00:00:00+00:00, execution_date=20260503T000000, start_date=20260507T074450, end_date=20260507T074454
[2026-05-07T07:44:54.394+0000] {local_task_job_runner.py:266} INFO - Task exited with return code 0
[2026-05-07T07:44:54.435+0000] {local_task_job_runner.py:245} INFO - ::endgroup::
[2026-05-07T08:00:13.280+0000] {local_task_job_runner.py:123} INFO - ::group::Pre task execution logs
[2026-05-07T08:00:13.301+0000] {taskinstance.py:2612} INFO - Dependencies all met for dep_context=non-requeueable deps ti=<TaskInstance: tmdb_realtime_ingest.load_tmdb_genres scheduled__2026-05-03T00:00:00+00:00 [queued]>
[2026-05-07T08:00:13.305+0000] {taskinstance.py:2612} INFO - Dependencies all met for dep_context=requeueable deps ti=<TaskInstance: tmdb_realtime_ingest.load_tmdb_genres scheduled__2026-05-03T00:00:00+00:00 [queued]>
[2026-05-07T08:00:13.306+0000] {taskinstance.py:2865} INFO - Starting attempt 1 of 1
[2026-05-07T08:00:13.313+0000] {taskinstance.py:2888} INFO - Executing <Task(PythonOperator): load_tmdb_genres> on 2026-05-03 00:00:00+00:00
[2026-05-07T08:00:13.325+0000] {logging_mixin.py:190} WARNING - /home/***/.local/lib/python3.12/site-packages/***/task/task_runner/standard_task_runner.py:70 DeprecationWarning: This process (pid=3286) is multi-threaded, use of fork() may lead to deadlocks in the child.
[2026-05-07T08:00:13.324+0000] {standard_task_runner.py:104} INFO - Running: ['***', 'tasks', 'run', 'tmdb_realtime_ingest', 'load_tmdb_genres', 'scheduled__2026-05-03T00:00:00+00:00', '--job-id', '1662', '--raw', '--subdir', 'DAGS_FOLDER/tmdb_pipeline.py', '--cfg-path', '/tmp/tmp8z7z11nw']
[2026-05-07T08:00:13.326+0000] {standard_task_runner.py:72} INFO - Started process 3312 to run task
[2026-05-07T08:00:13.326+0000] {standard_task_runner.py:105} INFO - Job 1662: Subtask load_tmdb_genres
[2026-05-07T08:00:13.378+0000] {task_command.py:467} INFO - Running <TaskInstance: tmdb_realtime_ingest.load_tmdb_genres scheduled__2026-05-03T00:00:00+00:00 [running]> on host aec0b0090a27
[2026-05-07T08:00:13.444+0000] {taskinstance.py:3131} INFO - Exporting env vars: AIRFLOW_CTX_DAG_OWNER='***' AIRFLOW_CTX_DAG_ID='tmdb_realtime_ingest' AIRFLOW_CTX_TASK_ID='load_tmdb_genres' AIRFLOW_CTX_EXECUTION_DATE='2026-05-03T00:00:00+00:00' AIRFLOW_CTX_TRY_NUMBER='1' AIRFLOW_CTX_DAG_RUN_ID='scheduled__2026-05-03T00:00:00+00:00'
[2026-05-07T08:00:13.446+0000] {taskinstance.py:731} INFO - ::endgroup::
[2026-05-07T08:00:13.469+0000] {base.py:84} INFO - Retrieving connection 'conn'
[2026-05-07T08:00:13.470+0000] {connection.py:413} INFO - Snowflake Connector for Python Version: 3.12.2, Python Version: 3.12.5, Platform: Linux-6.12.76-linuxkit-aarch64-with-glibc2.36
[2026-05-07T08:00:13.470+0000] {connection.py:1196} INFO - Connecting to GLOBAL Snowflake domain
[2026-05-07T08:00:13.470+0000] {connection.py:1277} INFO - This connection is in OCSP Fail Open Mode. TLS Certificates would be checked for validity and revocation status. Any other Certificate Revocation related exceptions or OCSP Responder failures would be disregarded in favor of connectivity.
[2026-05-07T08:00:15.161+0000] {base.py:84} INFO - Retrieving connection 'conn'
[2026-05-07T08:00:15.301+0000] {cursor.py:1156} INFO - Number of results in first chunk: 1
[2026-05-07T08:00:15.524+0000] {cursor.py:1156} INFO - Number of results in first chunk: 1
[2026-05-07T08:00:15.648+0000] {cursor.py:1156} INFO - Number of results in first chunk: 1
[2026-05-07T08:00:16.728+0000] {cursor.py:1156} INFO - Number of results in first chunk: 1
[2026-05-07T08:00:23.932+0000] {cursor.py:1156} INFO - Number of results in first chunk: 1
[2026-05-07T08:00:23.934+0000] {connection.py:788} INFO - closed
[2026-05-07T08:00:24.155+0000] {connection.py:794} INFO - No async queries seem to be running, deleting session
[2026-05-07T08:00:26.997+0000] {python.py:240} INFO - Done. Returned value was: None
[2026-05-07T08:00:27.025+0000] {taskinstance.py:340} INFO - ::group::Post task execution logs
[2026-05-07T08:00:27.026+0000] {taskinstance.py:352} INFO - Marking task as SUCCESS. dag_id=tmdb_realtime_ingest, task_id=load_tmdb_genres, run_id=scheduled__2026-05-03T00:00:00+00:00, execution_date=20260503T000000, start_date=20260507T080013, end_date=20260507T080027
[2026-05-07T08:00:27.073+0000] {local_task_job_runner.py:266} INFO - Task exited with return code 0
[2026-05-07T08:00:27.137+0000] {taskinstance.py:3900} INFO - 1 downstream tasks scheduled from follow-on schedule check
[2026-05-07T08:00:27.142+0000] {local_task_job_runner.py:245} INFO - ::endgroup::
[2026-05-07T08:09:56.971+0000] {local_task_job_runner.py:123} INFO - ::group::Pre task execution logs
[2026-05-07T08:09:57.037+0000] {taskinstance.py:2612} INFO - Dependencies all met for dep_context=non-requeueable deps ti=<TaskInstance: tmdb_realtime_ingest.load_tmdb_genres scheduled__2026-05-03T00:00:00+00:00 [queued]>
[2026-05-07T08:09:57.096+0000] {taskinstance.py:2612} INFO - Dependencies all met for dep_context=requeueable deps ti=<TaskInstance: tmdb_realtime_ingest.load_tmdb_genres scheduled__2026-05-03T00:00:00+00:00 [queued]>
[2026-05-07T08:09:57.096+0000] {taskinstance.py:2865} INFO - Starting attempt 1 of 1
[2026-05-07T08:09:57.155+0000] {taskinstance.py:2888} INFO - Executing <Task(PythonOperator): load_tmdb_genres> on 2026-05-03 00:00:00+00:00
[2026-05-07T08:09:57.191+0000] {logging_mixin.py:190} WARNING - /home/***/.local/lib/python3.12/site-packages/***/task/task_runner/standard_task_runner.py:70 DeprecationWarning: This process (pid=670) is multi-threaded, use of fork() may lead to deadlocks in the child.
[2026-05-07T08:09:57.202+0000] {standard_task_runner.py:72} INFO - Started process 714 to run task
[2026-05-07T08:09:57.243+0000] {standard_task_runner.py:104} INFO - Running: ['***', 'tasks', 'run', 'tmdb_realtime_ingest', 'load_tmdb_genres', 'scheduled__2026-05-03T00:00:00+00:00', '--job-id', '1760', '--raw', '--subdir', 'DAGS_FOLDER/tmdb_pipeline.py', '--cfg-path', '/tmp/tmp15sxs6qh']
[2026-05-07T08:09:57.281+0000] {standard_task_runner.py:105} INFO - Job 1760: Subtask load_tmdb_genres
[2026-05-07T08:09:57.524+0000] {task_command.py:467} INFO - Running <TaskInstance: tmdb_realtime_ingest.load_tmdb_genres scheduled__2026-05-03T00:00:00+00:00 [running]> on host 304727ced316
[2026-05-07T08:09:57.774+0000] {taskinstance.py:3131} INFO - Exporting env vars: AIRFLOW_CTX_DAG_OWNER='***' AIRFLOW_CTX_DAG_ID='tmdb_realtime_ingest' AIRFLOW_CTX_TASK_ID='load_tmdb_genres' AIRFLOW_CTX_EXECUTION_DATE='2026-05-03T00:00:00+00:00' AIRFLOW_CTX_TRY_NUMBER='1' AIRFLOW_CTX_DAG_RUN_ID='scheduled__2026-05-03T00:00:00+00:00'
[2026-05-07T08:09:57.784+0000] {taskinstance.py:731} INFO - ::endgroup::
[2026-05-07T08:09:57.852+0000] {base.py:84} INFO - Retrieving connection 'conn'
[2026-05-07T08:09:57.856+0000] {connection.py:413} INFO - Snowflake Connector for Python Version: 3.12.2, Python Version: 3.12.5, Platform: Linux-6.12.76-linuxkit-aarch64-with-glibc2.36
[2026-05-07T08:09:57.858+0000] {connection.py:1196} INFO - Connecting to GLOBAL Snowflake domain
[2026-05-07T08:09:57.858+0000] {connection.py:1277} INFO - This connection is in OCSP Fail Open Mode. TLS Certificates would be checked for validity and revocation status. Any other Certificate Revocation related exceptions or OCSP Responder failures would be disregarded in favor of connectivity.
[2026-05-07T08:09:58.428+0000] {base.py:84} INFO - Retrieving connection 'conn'
[2026-05-07T08:09:58.860+0000] {cursor.py:1156} INFO - Number of results in first chunk: 1
[2026-05-07T08:09:58.976+0000] {cursor.py:1156} INFO - Number of results in first chunk: 1
[2026-05-07T08:09:59.133+0000] {cursor.py:1156} INFO - Number of results in first chunk: 1
[2026-05-07T08:09:59.298+0000] {cursor.py:1156} INFO - Number of results in first chunk: 1
[2026-05-07T08:10:00.764+0000] {cursor.py:1156} INFO - Number of results in first chunk: 1
[2026-05-07T08:10:00.768+0000] {connection.py:788} INFO - closed
[2026-05-07T08:10:00.843+0000] {connection.py:794} INFO - No async queries seem to be running, deleting session
[2026-05-07T08:10:00.955+0000] {python.py:240} INFO - Done. Returned value was: None
[2026-05-07T08:10:01.003+0000] {taskinstance.py:340} INFO - ::group::Post task execution logs
[2026-05-07T08:10:01.003+0000] {taskinstance.py:352} INFO - Marking task as SUCCESS. dag_id=tmdb_realtime_ingest, task_id=load_tmdb_genres, run_id=scheduled__2026-05-03T00:00:00+00:00, execution_date=20260503T000000, start_date=20260507T080957, end_date=20260507T081001
[2026-05-07T08:10:01.083+0000] {local_task_job_runner.py:266} INFO - Task exited with return code 0
[2026-05-07T08:10:01.127+0000] {local_task_job_runner.py:245} INFO - ::endgroup::
[2026-05-07T08:21:42.949+0000] {local_task_job_runner.py:123} INFO - ::group::Pre task execution logs
[2026-05-07T08:21:42.959+0000] {taskinstance.py:2612} INFO - Dependencies all met for dep_context=non-requeueable deps ti=<TaskInstance: tmdb_realtime_ingest.load_tmdb_genres scheduled__2026-05-03T00:00:00+00:00 [queued]>
[2026-05-07T08:21:42.964+0000] {taskinstance.py:2612} INFO - Dependencies all met for dep_context=requeueable deps ti=<TaskInstance: tmdb_realtime_ingest.load_tmdb_genres scheduled__2026-05-03T00:00:00+00:00 [queued]>
[2026-05-07T08:21:42.964+0000] {taskinstance.py:2865} INFO - Starting attempt 1 of 1
[2026-05-07T08:21:42.970+0000] {taskinstance.py:2888} INFO - Executing <Task(PythonOperator): load_tmdb_genres> on 2026-05-03 00:00:00+00:00
[2026-05-07T08:21:42.976+0000] {logging_mixin.py:190} WARNING - /home/***/.local/lib/python3.12/site-packages/***/task/task_runner/standard_task_runner.py:70 DeprecationWarning: This process (pid=711) is multi-threaded, use of fork() may lead to deadlocks in the child.
[2026-05-07T08:21:42.976+0000] {standard_task_runner.py:104} INFO - Running: ['***', 'tasks', 'run', 'tmdb_realtime_ingest', 'load_tmdb_genres', 'scheduled__2026-05-03T00:00:00+00:00', '--job-id', '1854', '--raw', '--subdir', 'DAGS_FOLDER/tmdb_pipeline.py', '--cfg-path', '/tmp/tmpwj3tzd4z']
[2026-05-07T08:21:42.978+0000] {standard_task_runner.py:72} INFO - Started process 724 to run task
[2026-05-07T08:21:42.978+0000] {standard_task_runner.py:105} INFO - Job 1854: Subtask load_tmdb_genres
[2026-05-07T08:21:43.006+0000] {task_command.py:467} INFO - Running <TaskInstance: tmdb_realtime_ingest.load_tmdb_genres scheduled__2026-05-03T00:00:00+00:00 [running]> on host 468e1946259b
[2026-05-07T08:21:43.046+0000] {taskinstance.py:3131} INFO - Exporting env vars: AIRFLOW_CTX_DAG_OWNER='***' AIRFLOW_CTX_DAG_ID='tmdb_realtime_ingest' AIRFLOW_CTX_TASK_ID='load_tmdb_genres' AIRFLOW_CTX_EXECUTION_DATE='2026-05-03T00:00:00+00:00' AIRFLOW_CTX_TRY_NUMBER='1' AIRFLOW_CTX_DAG_RUN_ID='scheduled__2026-05-03T00:00:00+00:00'
[2026-05-07T08:21:43.047+0000] {taskinstance.py:731} INFO - ::endgroup::
[2026-05-07T08:21:43.065+0000] {base.py:84} INFO - Retrieving connection 'conn'
[2026-05-07T08:21:43.066+0000] {connection.py:413} INFO - Snowflake Connector for Python Version: 3.12.2, Python Version: 3.12.5, Platform: Linux-6.12.76-linuxkit-aarch64-with-glibc2.36
[2026-05-07T08:21:43.067+0000] {connection.py:1196} INFO - Connecting to GLOBAL Snowflake domain
[2026-05-07T08:21:43.067+0000] {connection.py:1277} INFO - This connection is in OCSP Fail Open Mode. TLS Certificates would be checked for validity and revocation status. Any other Certificate Revocation related exceptions or OCSP Responder failures would be disregarded in favor of connectivity.
[2026-05-07T08:21:43.369+0000] {base.py:84} INFO - Retrieving connection 'conn'
[2026-05-07T08:21:43.499+0000] {cursor.py:1156} INFO - Number of results in first chunk: 1
[2026-05-07T08:21:43.695+0000] {cursor.py:1156} INFO - Number of results in first chunk: 1
[2026-05-07T08:21:43.848+0000] {cursor.py:1156} INFO - Number of results in first chunk: 1
[2026-05-07T08:21:44.143+0000] {cursor.py:1156} INFO - Number of results in first chunk: 1
[2026-05-07T08:21:46.873+0000] {cursor.py:1156} INFO - Number of results in first chunk: 1
[2026-05-07T08:21:46.879+0000] {connection.py:788} INFO - closed
[2026-05-07T08:21:46.986+0000] {connection.py:794} INFO - No async queries seem to be running, deleting session
[2026-05-07T08:21:47.127+0000] {python.py:240} INFO - Done. Returned value was: None
[2026-05-07T08:21:47.195+0000] {taskinstance.py:340} INFO - ::group::Post task execution logs
[2026-05-07T08:21:47.202+0000] {taskinstance.py:352} INFO - Marking task as SUCCESS. dag_id=tmdb_realtime_ingest, task_id=load_tmdb_genres, run_id=scheduled__2026-05-03T00:00:00+00:00, execution_date=20260503T000000, start_date=20260507T082142, end_date=20260507T082147
[2026-05-07T08:21:47.523+0000] {local_task_job_runner.py:266} INFO - Task exited with return code 0
[2026-05-07T08:21:47.594+0000] {taskinstance.py:3900} INFO - 1 downstream tasks scheduled from follow-on schedule check
[2026-05-07T08:21:47.601+0000] {local_task_job_runner.py:245} INFO - ::endgroup::
