[2026-05-01T18:26:08.094+0000] {local_task_job_runner.py:123} INFO - ::group::Pre task execution logs
[2026-05-01T18:26:08.100+0000] {taskinstance.py:2612} INFO - Dependencies all met for dep_context=non-requeueable deps ti=<TaskInstance: tmdb_realtime_ingest.load_tmdb_genres manual__2026-05-01T18:26:05.996628+00:00 [queued]>
[2026-05-01T18:26:08.106+0000] {taskinstance.py:2612} INFO - Dependencies all met for dep_context=requeueable deps ti=<TaskInstance: tmdb_realtime_ingest.load_tmdb_genres manual__2026-05-01T18:26:05.996628+00:00 [queued]>
[2026-05-01T18:26:08.107+0000] {taskinstance.py:2865} INFO - Starting attempt 1 of 1
[2026-05-01T18:26:08.111+0000] {taskinstance.py:2888} INFO - Executing <Task(PythonOperator): load_tmdb_genres> on 2026-05-01 18:26:05.996628+00:00
[2026-05-01T18:26:08.115+0000] {standard_task_runner.py:104} INFO - Running: ['***', 'tasks', 'run', 'tmdb_realtime_ingest', 'load_tmdb_genres', 'manual__2026-05-01T18:26:05.996628+00:00', '--job-id', '87', '--raw', '--subdir', 'DAGS_FOLDER/tmdb_pipeline.py', '--cfg-path', '/tmp/tmpzw0xayq5']
[2026-05-01T18:26:08.117+0000] {standard_task_runner.py:105} INFO - Job 87: Subtask load_tmdb_genres
[2026-05-01T18:26:08.116+0000] {logging_mixin.py:190} WARNING - /home/***/.local/lib/python3.12/site-packages/***/task/task_runner/standard_task_runner.py:70 DeprecationWarning: This process (pid=317) is multi-threaded, use of fork() may lead to deadlocks in the child.
[2026-05-01T18:26:08.118+0000] {standard_task_runner.py:72} INFO - Started process 323 to run task
[2026-05-01T18:26:08.132+0000] {task_command.py:467} INFO - Running <TaskInstance: tmdb_realtime_ingest.load_tmdb_genres manual__2026-05-01T18:26:05.996628+00:00 [running]> on host d85a01143666
[2026-05-01T18:26:08.158+0000] {taskinstance.py:3131} INFO - Exporting env vars: AIRFLOW_CTX_DAG_OWNER='***' AIRFLOW_CTX_DAG_ID='tmdb_realtime_ingest' AIRFLOW_CTX_TASK_ID='load_tmdb_genres' AIRFLOW_CTX_EXECUTION_DATE='2026-05-01T18:26:05.996628+00:00' AIRFLOW_CTX_TRY_NUMBER='1' AIRFLOW_CTX_DAG_RUN_ID='manual__2026-05-01T18:26:05.996628+00:00'
[2026-05-01T18:26:08.159+0000] {taskinstance.py:731} INFO - ::endgroup::
[2026-05-01T18:26:08.168+0000] {base.py:84} INFO - Retrieving connection 'conn'
[2026-05-01T18:26:08.169+0000] {connection.py:413} INFO - Snowflake Connector for Python Version: 3.12.1, Python Version: 3.12.5, Platform: Linux-6.12.76-linuxkit-aarch64-with-glibc2.36
[2026-05-01T18:26:08.169+0000] {connection.py:1196} INFO - Connecting to GLOBAL Snowflake domain
[2026-05-01T18:26:08.169+0000] {connection.py:1277} INFO - This connection is in OCSP Fail Open Mode. TLS Certificates would be checked for validity and revocation status. Any other Certificate Revocation related exceptions or OCSP Responder failures would be disregarded in favor of connectivity.
[2026-05-01T18:26:08.876+0000] {base.py:84} INFO - Retrieving connection 'conn'
[2026-05-01T18:26:09.037+0000] {cursor.py:1156} INFO - Number of results in first chunk: 1
[2026-05-01T18:26:09.373+0000] {cursor.py:1156} INFO - Number of results in first chunk: 1
[2026-05-01T18:26:09.565+0000] {cursor.py:1156} INFO - Number of results in first chunk: 1
[2026-05-01T18:26:11.971+0000] {connection.py:788} INFO - closed
[2026-05-01T18:26:12.034+0000] {connection.py:794} INFO - No async queries seem to be running, deleting session
[2026-05-01T18:26:12.132+0000] {taskinstance.py:3310} ERROR - Task failed with exception
Traceback (most recent call last):
  File "/home/airflow/.local/lib/python3.12/site-packages/airflow/models/taskinstance.py", line 767, in _execute_task
    result = _execute_callable(context=context, **execute_callable_kwargs)
             ^^^^^^^^^^^^^^^^^^^^^^^^^^^^^^^^^^^^^^^^^^^^^^^^^^^^^^^^^^^^^
  File "/home/airflow/.local/lib/python3.12/site-packages/airflow/models/taskinstance.py", line 733, in _execute_callable
    return ExecutionCallableRunner(
           ^^^^^^^^^^^^^^^^^^^^^^^^
  File "/home/airflow/.local/lib/python3.12/site-packages/airflow/utils/operator_helpers.py", line 252, in run
    return self.func(*args, **kwargs)
           ^^^^^^^^^^^^^^^^^^^^^^^^^^
  File "/home/airflow/.local/lib/python3.12/site-packages/airflow/models/baseoperator.py", line 406, in wrapper
    return func(self, *args, **kwargs)
           ^^^^^^^^^^^^^^^^^^^^^^^^^^^
  File "/home/airflow/.local/lib/python3.12/site-packages/airflow/operators/python.py", line 238, in execute
    return_value = self.execute_callable()
                   ^^^^^^^^^^^^^^^^^^^^^^^
  File "/home/airflow/.local/lib/python3.12/site-packages/airflow/operators/python.py", line 256, in execute_callable
    return runner.run(*self.op_args, **self.op_kwargs)
           ^^^^^^^^^^^^^^^^^^^^^^^^^^^^^^^^^^^^^^^^^^^
  File "/home/airflow/.local/lib/python3.12/site-packages/airflow/utils/operator_helpers.py", line 252, in run
    return self.func(*args, **kwargs)
           ^^^^^^^^^^^^^^^^^^^^^^^^^^
  File "/opt/airflow/dags/tmdb_pipeline.py", line 135, in load_tmdb_genres
    cur.execute("""
  File "/home/airflow/.local/lib/python3.12/site-packages/snowflake/connector/cursor.py", line 1087, in execute
    Error.errorhandler_wrapper(self.connection, self, error_class, errvalue)
  File "/home/airflow/.local/lib/python3.12/site-packages/snowflake/connector/errors.py", line 284, in errorhandler_wrapper
    handed_over = Error.hand_to_other_handler(
                  ^^^^^^^^^^^^^^^^^^^^^^^^^^^^
  File "/home/airflow/.local/lib/python3.12/site-packages/snowflake/connector/errors.py", line 339, in hand_to_other_handler
    cursor.errorhandler(connection, cursor, error_class, error_value)
  File "/home/airflow/.local/lib/python3.12/site-packages/snowflake/connector/errors.py", line 215, in default_errorhandler
    raise error_class(
snowflake.connector.errors.ProgrammingError: 100080 (22000): 01c41512-0308-bdf5-001b-e5430066663e: Number of columns in file (9) does not match that of the corresponding table (2), use file format option error_on_column_count_mismatch=false to ignore this error
  File 'tmdb_data.csv.gz', line 3, character 1
  Row 1 starts at line 2, column "TMDB_GENRES"[9]
  If you would like to continue loading when an error is encountered, use other values such as 'SKIP_FILE' or 'CONTINUE' for the ON_ERROR option. For more information on loading options, please run 'info loading_data' in a SQL client.
[2026-05-01T18:26:12.146+0000] {taskinstance.py:1225} INFO - Marking task as FAILED. dag_id=tmdb_realtime_ingest, task_id=load_tmdb_genres, run_id=manual__2026-05-01T18:26:05.996628+00:00, execution_date=20260501T182605, start_date=20260501T182608, end_date=20260501T182612
[2026-05-01T18:26:12.156+0000] {taskinstance.py:340} INFO - ::group::Post task execution logs
[2026-05-01T18:26:12.156+0000] {standard_task_runner.py:124} ERROR - Failed to execute job 87 for task load_tmdb_genres (100080 (22000): 01c41512-0308-bdf5-001b-e5430066663e: Number of columns in file (9) does not match that of the corresponding table (2), use file format option error_on_column_count_mismatch=false to ignore this error
  File 'tmdb_data.csv.gz', line 3, character 1
  Row 1 starts at line 2, column "TMDB_GENRES"[9]
  If you would like to continue loading when an error is encountered, use other values such as 'SKIP_FILE' or 'CONTINUE' for the ON_ERROR option. For more information on loading options, please run 'info loading_data' in a SQL client.; 323)
Traceback (most recent call last):
  File "/home/airflow/.local/lib/python3.12/site-packages/airflow/task/task_runner/standard_task_runner.py", line 117, in _start_by_fork
    ret = args.func(args, dag=self.dag)
          ^^^^^^^^^^^^^^^^^^^^^^^^^^^^^
  File "/home/airflow/.local/lib/python3.12/site-packages/airflow/cli/cli_config.py", line 49, in command
    return func(*args, **kwargs)
           ^^^^^^^^^^^^^^^^^^^^^
  File "/home/airflow/.local/lib/python3.12/site-packages/airflow/utils/cli.py", line 115, in wrapper
    return f(*args, **kwargs)
           ^^^^^^^^^^^^^^^^^^
  File "/home/airflow/.local/lib/python3.12/site-packages/airflow/cli/commands/task_command.py", line 483, in task_run
    task_return_code = _run_task_by_selected_method(args, _dag, ti)
                       ^^^^^^^^^^^^^^^^^^^^^^^^^^^^^^^^^^^^^^^^^^^^
  File "/home/airflow/.local/lib/python3.12/site-packages/airflow/cli/commands/task_command.py", line 256, in _run_task_by_selected_method
    return _run_raw_task(args, ti)
           ^^^^^^^^^^^^^^^^^^^^^^^
  File "/home/airflow/.local/lib/python3.12/site-packages/airflow/cli/commands/task_command.py", line 341, in _run_raw_task
    return ti._run_raw_task(
           ^^^^^^^^^^^^^^^^^
  File "/home/airflow/.local/lib/python3.12/site-packages/airflow/utils/session.py", line 97, in wrapper
    return func(*args, session=session, **kwargs)
           ^^^^^^^^^^^^^^^^^^^^^^^^^^^^^^^^^^^^^^
  File "/home/airflow/.local/lib/python3.12/site-packages/airflow/models/taskinstance.py", line 3004, in _run_raw_task
    return _run_raw_task(
           ^^^^^^^^^^^^^^
  File "/home/airflow/.local/lib/python3.12/site-packages/airflow/models/taskinstance.py", line 273, in _run_raw_task
    TaskInstance._execute_task_with_callbacks(
  File "/home/airflow/.local/lib/python3.12/site-packages/airflow/models/taskinstance.py", line 3158, in _execute_task_with_callbacks
    result = self._execute_task(context, task_orig)
             ^^^^^^^^^^^^^^^^^^^^^^^^^^^^^^^^^^^^^^
  File "/home/airflow/.local/lib/python3.12/site-packages/airflow/models/taskinstance.py", line 3182, in _execute_task
    return _execute_task(self, context, task_orig)
           ^^^^^^^^^^^^^^^^^^^^^^^^^^^^^^^^^^^^^^^
  File "/home/airflow/.local/lib/python3.12/site-packages/airflow/models/taskinstance.py", line 767, in _execute_task
    result = _execute_callable(context=context, **execute_callable_kwargs)
             ^^^^^^^^^^^^^^^^^^^^^^^^^^^^^^^^^^^^^^^^^^^^^^^^^^^^^^^^^^^^^
  File "/home/airflow/.local/lib/python3.12/site-packages/airflow/models/taskinstance.py", line 733, in _execute_callable
    return ExecutionCallableRunner(
           ^^^^^^^^^^^^^^^^^^^^^^^^
  File "/home/airflow/.local/lib/python3.12/site-packages/airflow/utils/operator_helpers.py", line 252, in run
    return self.func(*args, **kwargs)
           ^^^^^^^^^^^^^^^^^^^^^^^^^^
  File "/home/airflow/.local/lib/python3.12/site-packages/airflow/models/baseoperator.py", line 406, in wrapper
    return func(self, *args, **kwargs)
           ^^^^^^^^^^^^^^^^^^^^^^^^^^^
  File "/home/airflow/.local/lib/python3.12/site-packages/airflow/operators/python.py", line 238, in execute
    return_value = self.execute_callable()
                   ^^^^^^^^^^^^^^^^^^^^^^^
  File "/home/airflow/.local/lib/python3.12/site-packages/airflow/operators/python.py", line 256, in execute_callable
    return runner.run(*self.op_args, **self.op_kwargs)
           ^^^^^^^^^^^^^^^^^^^^^^^^^^^^^^^^^^^^^^^^^^^
  File "/home/airflow/.local/lib/python3.12/site-packages/airflow/utils/operator_helpers.py", line 252, in run
    return self.func(*args, **kwargs)
           ^^^^^^^^^^^^^^^^^^^^^^^^^^
  File "/opt/airflow/dags/tmdb_pipeline.py", line 135, in load_tmdb_genres
    cur.execute("""
  File "/home/airflow/.local/lib/python3.12/site-packages/snowflake/connector/cursor.py", line 1087, in execute
    Error.errorhandler_wrapper(self.connection, self, error_class, errvalue)
  File "/home/airflow/.local/lib/python3.12/site-packages/snowflake/connector/errors.py", line 284, in errorhandler_wrapper
    handed_over = Error.hand_to_other_handler(
                  ^^^^^^^^^^^^^^^^^^^^^^^^^^^^
  File "/home/airflow/.local/lib/python3.12/site-packages/snowflake/connector/errors.py", line 339, in hand_to_other_handler
    cursor.errorhandler(connection, cursor, error_class, error_value)
  File "/home/airflow/.local/lib/python3.12/site-packages/snowflake/connector/errors.py", line 215, in default_errorhandler
    raise error_class(
snowflake.connector.errors.ProgrammingError: 100080 (22000): 01c41512-0308-bdf5-001b-e5430066663e: Number of columns in file (9) does not match that of the corresponding table (2), use file format option error_on_column_count_mismatch=false to ignore this error
  File 'tmdb_data.csv.gz', line 3, character 1
  Row 1 starts at line 2, column "TMDB_GENRES"[9]
  If you would like to continue loading when an error is encountered, use other values such as 'SKIP_FILE' or 'CONTINUE' for the ON_ERROR option. For more information on loading options, please run 'info loading_data' in a SQL client.
[2026-05-01T18:26:12.193+0000] {local_task_job_runner.py:266} INFO - Task exited with return code 1
[2026-05-01T18:26:12.203+0000] {taskinstance.py:3900} INFO - 0 downstream tasks scheduled from follow-on schedule check
[2026-05-01T18:26:12.204+0000] {local_task_job_runner.py:245} INFO - ::endgroup::
