[2026-05-04T23:35:26.901+0000] {local_task_job_runner.py:123} INFO - ::group::Pre task execution logs
[2026-05-04T23:35:26.924+0000] {taskinstance.py:2612} INFO - Dependencies all met for dep_context=non-requeueable deps ti=<TaskInstance: tmdb_realtime_ingest.extract_tmdb_data scheduled__2026-05-02T00:00:00+00:00 [queued]>
[2026-05-04T23:35:26.934+0000] {taskinstance.py:2612} INFO - Dependencies all met for dep_context=requeueable deps ti=<TaskInstance: tmdb_realtime_ingest.extract_tmdb_data scheduled__2026-05-02T00:00:00+00:00 [queued]>
[2026-05-04T23:35:26.935+0000] {taskinstance.py:2865} INFO - Starting attempt 1 of 1
[2026-05-04T23:35:26.945+0000] {taskinstance.py:2888} INFO - Executing <Task(PythonOperator): extract_tmdb_data> on 2026-05-02 00:00:00+00:00
[2026-05-04T23:35:26.952+0000] {standard_task_runner.py:104} INFO - Running: ['***', 'tasks', 'run', 'tmdb_realtime_ingest', 'extract_tmdb_data', 'scheduled__2026-05-02T00:00:00+00:00', '--job-id', '159', '--raw', '--subdir', 'DAGS_FOLDER/tmdb_pipeline.py', '--cfg-path', '/tmp/tmpz2mdomyf']
[2026-05-04T23:35:26.954+0000] {standard_task_runner.py:105} INFO - Job 159: Subtask extract_tmdb_data
[2026-05-04T23:35:26.954+0000] {logging_mixin.py:190} WARNING - /home/***/.local/lib/python3.12/site-packages/***/task/task_runner/standard_task_runner.py:70 DeprecationWarning: This process (pid=186) is multi-threaded, use of fork() may lead to deadlocks in the child.
[2026-05-04T23:35:26.955+0000] {standard_task_runner.py:72} INFO - Started process 214 to run task
[2026-05-04T23:35:26.996+0000] {task_command.py:467} INFO - Running <TaskInstance: tmdb_realtime_ingest.extract_tmdb_data scheduled__2026-05-02T00:00:00+00:00 [running]> on host 6a67170d577a
[2026-05-04T23:35:27.052+0000] {taskinstance.py:3131} INFO - Exporting env vars: AIRFLOW_CTX_DAG_OWNER='***' AIRFLOW_CTX_DAG_ID='tmdb_realtime_ingest' AIRFLOW_CTX_TASK_ID='extract_tmdb_data' AIRFLOW_CTX_EXECUTION_DATE='2026-05-02T00:00:00+00:00' AIRFLOW_CTX_TRY_NUMBER='1' AIRFLOW_CTX_DAG_RUN_ID='scheduled__2026-05-02T00:00:00+00:00'
[2026-05-04T23:35:27.053+0000] {taskinstance.py:731} INFO - ::endgroup::
[2026-05-04T23:35:27.297+0000] {logging_mixin.py:190} INFO - Preview of TMDb data:
[2026-05-04T23:35:27.302+0000] {logging_mixin.py:190} INFO -    tmdb_id  ...         snapshot_timestamp
0  1266127  ... 2026-05-04 23:35:27.295582
1  1007757  ... 2026-05-04 23:35:27.295582
2  1314481  ... 2026-05-04 23:35:27.295582
3   936075  ... 2026-05-04 23:35:27.295582
4   931285  ... 2026-05-04 23:35:27.295582

[5 rows x 9 columns]
[2026-05-04T23:35:27.304+0000] {logging_mixin.py:190} INFO - TMDb realtime ingestion complete!
[2026-05-04T23:35:27.304+0000] {python.py:240} INFO - Done. Returned value was: None
[2026-05-04T23:35:27.309+0000] {taskinstance.py:340} INFO - ::group::Post task execution logs
[2026-05-04T23:35:27.309+0000] {taskinstance.py:352} INFO - Marking task as SUCCESS. dag_id=tmdb_realtime_ingest, task_id=extract_tmdb_data, run_id=scheduled__2026-05-02T00:00:00+00:00, execution_date=20260502T000000, start_date=20260504T233526, end_date=20260504T233527
[2026-05-04T23:35:27.345+0000] {local_task_job_runner.py:266} INFO - Task exited with return code 0
[2026-05-04T23:35:27.360+0000] {taskinstance.py:3900} INFO - 1 downstream tasks scheduled from follow-on schedule check
[2026-05-04T23:35:27.361+0000] {local_task_job_runner.py:245} INFO - ::endgroup::
[2026-05-07T07:21:07.502+0000] {local_task_job_runner.py:123} INFO - ::group::Pre task execution logs
[2026-05-07T07:21:07.516+0000] {taskinstance.py:2612} INFO - Dependencies all met for dep_context=non-requeueable deps ti=<TaskInstance: tmdb_realtime_ingest.extract_tmdb_data scheduled__2026-05-02T00:00:00+00:00 [queued]>
[2026-05-07T07:21:07.523+0000] {taskinstance.py:2612} INFO - Dependencies all met for dep_context=requeueable deps ti=<TaskInstance: tmdb_realtime_ingest.extract_tmdb_data scheduled__2026-05-02T00:00:00+00:00 [queued]>
[2026-05-07T07:21:07.523+0000] {taskinstance.py:2865} INFO - Starting attempt 1 of 1
[2026-05-07T07:21:07.536+0000] {taskinstance.py:2888} INFO - Executing <Task(PythonOperator): extract_tmdb_data> on 2026-05-02 00:00:00+00:00
[2026-05-07T07:21:07.545+0000] {logging_mixin.py:190} WARNING - /home/***/.local/lib/python3.12/site-packages/***/task/task_runner/standard_task_runner.py:70 DeprecationWarning: This process (pid=2438) is multi-threaded, use of fork() may lead to deadlocks in the child.
[2026-05-07T07:21:07.547+0000] {standard_task_runner.py:72} INFO - Started process 2456 to run task
[2026-05-07T07:21:07.546+0000] {standard_task_runner.py:104} INFO - Running: ['***', 'tasks', 'run', 'tmdb_realtime_ingest', 'extract_tmdb_data', 'scheduled__2026-05-02T00:00:00+00:00', '--job-id', '461', '--raw', '--subdir', 'DAGS_FOLDER/tmdb_pipeline.py', '--cfg-path', '/tmp/tmp_8k056xn']
[2026-05-07T07:21:07.552+0000] {standard_task_runner.py:105} INFO - Job 461: Subtask extract_tmdb_data
[2026-05-07T07:21:07.624+0000] {task_command.py:467} INFO - Running <TaskInstance: tmdb_realtime_ingest.extract_tmdb_data scheduled__2026-05-02T00:00:00+00:00 [running]> on host 1589e571b783
[2026-05-07T07:21:07.725+0000] {taskinstance.py:3131} INFO - Exporting env vars: AIRFLOW_CTX_DAG_OWNER='***' AIRFLOW_CTX_DAG_ID='tmdb_realtime_ingest' AIRFLOW_CTX_TASK_ID='extract_tmdb_data' AIRFLOW_CTX_EXECUTION_DATE='2026-05-02T00:00:00+00:00' AIRFLOW_CTX_TRY_NUMBER='1' AIRFLOW_CTX_DAG_RUN_ID='scheduled__2026-05-02T00:00:00+00:00'
[2026-05-07T07:21:07.727+0000] {taskinstance.py:731} INFO - ::endgroup::
[2026-05-07T07:21:07.840+0000] {logging_mixin.py:190} INFO - Preview of TMDb data:
[2026-05-07T07:21:07.849+0000] {logging_mixin.py:190} INFO -    tmdb_id  ...        snapshot_timestamp
0   931285  ... 2026-05-02 00:00:00+00:00
1  1325734  ... 2026-05-02 00:00:00+00:00
2  1266127  ... 2026-05-02 00:00:00+00:00
3  1226863  ... 2026-05-02 00:00:00+00:00
4  1314481  ... 2026-05-02 00:00:00+00:00

[5 rows x 9 columns]
[2026-05-07T07:21:07.852+0000] {logging_mixin.py:190} INFO - TMDb realtime ingestion complete!
[2026-05-07T07:21:07.853+0000] {python.py:240} INFO - Done. Returned value was: None
[2026-05-07T07:21:07.858+0000] {taskinstance.py:340} INFO - ::group::Post task execution logs
[2026-05-07T07:21:07.858+0000] {taskinstance.py:352} INFO - Marking task as SUCCESS. dag_id=tmdb_realtime_ingest, task_id=extract_tmdb_data, run_id=scheduled__2026-05-02T00:00:00+00:00, execution_date=20260502T000000, start_date=20260507T072107, end_date=20260507T072107
[2026-05-07T07:21:07.902+0000] {local_task_job_runner.py:266} INFO - Task exited with return code 0
[2026-05-07T07:21:07.922+0000] {taskinstance.py:3900} INFO - 1 downstream tasks scheduled from follow-on schedule check
[2026-05-07T07:21:07.925+0000] {local_task_job_runner.py:245} INFO - ::endgroup::
[2026-05-07T07:35:30.804+0000] {local_task_job_runner.py:123} INFO - ::group::Pre task execution logs
[2026-05-07T07:35:30.823+0000] {taskinstance.py:2612} INFO - Dependencies all met for dep_context=non-requeueable deps ti=<TaskInstance: tmdb_realtime_ingest.extract_tmdb_data scheduled__2026-05-02T00:00:00+00:00 [queued]>
[2026-05-07T07:35:30.834+0000] {taskinstance.py:2612} INFO - Dependencies all met for dep_context=requeueable deps ti=<TaskInstance: tmdb_realtime_ingest.extract_tmdb_data scheduled__2026-05-02T00:00:00+00:00 [queued]>
[2026-05-07T07:35:30.839+0000] {taskinstance.py:2865} INFO - Starting attempt 1 of 1
[2026-05-07T07:35:30.871+0000] {taskinstance.py:2888} INFO - Executing <Task(PythonOperator): extract_tmdb_data> on 2026-05-02 00:00:00+00:00
[2026-05-07T07:35:30.898+0000] {standard_task_runner.py:104} INFO - Running: ['***', 'tasks', 'run', 'tmdb_realtime_ingest', 'extract_tmdb_data', 'scheduled__2026-05-02T00:00:00+00:00', '--job-id', '803', '--raw', '--subdir', 'DAGS_FOLDER/tmdb_pipeline.py', '--cfg-path', '/tmp/tmp3e6vxzv3']
[2026-05-07T07:35:30.902+0000] {logging_mixin.py:190} WARNING - /home/***/.local/lib/python3.12/site-packages/***/task/task_runner/standard_task_runner.py:70 DeprecationWarning: This process (pid=2405) is multi-threaded, use of fork() may lead to deadlocks in the child.
[2026-05-07T07:35:30.907+0000] {standard_task_runner.py:105} INFO - Job 803: Subtask extract_tmdb_data
[2026-05-07T07:35:30.908+0000] {standard_task_runner.py:72} INFO - Started process 2430 to run task
[2026-05-07T07:35:30.988+0000] {task_command.py:467} INFO - Running <TaskInstance: tmdb_realtime_ingest.extract_tmdb_data scheduled__2026-05-02T00:00:00+00:00 [running]> on host da59d52ee0b5
[2026-05-07T07:35:31.055+0000] {taskinstance.py:3131} INFO - Exporting env vars: AIRFLOW_CTX_DAG_OWNER='***' AIRFLOW_CTX_DAG_ID='tmdb_realtime_ingest' AIRFLOW_CTX_TASK_ID='extract_tmdb_data' AIRFLOW_CTX_EXECUTION_DATE='2026-05-02T00:00:00+00:00' AIRFLOW_CTX_TRY_NUMBER='1' AIRFLOW_CTX_DAG_RUN_ID='scheduled__2026-05-02T00:00:00+00:00'
[2026-05-07T07:35:31.058+0000] {taskinstance.py:731} INFO - ::endgroup::
[2026-05-07T07:35:31.212+0000] {logging_mixin.py:190} INFO - Preview of TMDb data:
[2026-05-07T07:35:31.230+0000] {logging_mixin.py:190} INFO -    tmdb_id  ...         snapshot_timestamp
0   931285  ... 2026-05-07 07:35:31.208919
1  1325734  ... 2026-05-07 07:35:31.208919
2  1226863  ... 2026-05-07 07:35:31.208919
3  1266127  ... 2026-05-07 07:35:31.208919
4  1314481  ... 2026-05-07 07:35:31.208919

[5 rows x 9 columns]
[2026-05-07T07:35:31.232+0000] {logging_mixin.py:190} INFO - TMDb realtime ingestion complete!
[2026-05-07T07:35:31.233+0000] {python.py:240} INFO - Done. Returned value was: None
[2026-05-07T07:35:31.244+0000] {taskinstance.py:340} INFO - ::group::Post task execution logs
[2026-05-07T07:35:31.244+0000] {taskinstance.py:352} INFO - Marking task as SUCCESS. dag_id=tmdb_realtime_ingest, task_id=extract_tmdb_data, run_id=scheduled__2026-05-02T00:00:00+00:00, execution_date=20260502T000000, start_date=20260507T073530, end_date=20260507T073531
[2026-05-07T07:35:31.275+0000] {local_task_job_runner.py:266} INFO - Task exited with return code 0
[2026-05-07T07:35:31.295+0000] {taskinstance.py:3900} INFO - 1 downstream tasks scheduled from follow-on schedule check
[2026-05-07T07:35:31.302+0000] {local_task_job_runner.py:245} INFO - ::endgroup::
[2026-05-07T07:44:44.913+0000] {local_task_job_runner.py:123} INFO - ::group::Pre task execution logs
[2026-05-07T07:44:44.931+0000] {taskinstance.py:2612} INFO - Dependencies all met for dep_context=non-requeueable deps ti=<TaskInstance: tmdb_realtime_ingest.extract_tmdb_data scheduled__2026-05-02T00:00:00+00:00 [queued]>
[2026-05-07T07:44:44.941+0000] {taskinstance.py:2612} INFO - Dependencies all met for dep_context=requeueable deps ti=<TaskInstance: tmdb_realtime_ingest.extract_tmdb_data scheduled__2026-05-02T00:00:00+00:00 [queued]>
[2026-05-07T07:44:44.943+0000] {taskinstance.py:2865} INFO - Starting attempt 1 of 1
[2026-05-07T07:44:44.956+0000] {taskinstance.py:2888} INFO - Executing <Task(PythonOperator): extract_tmdb_data> on 2026-05-02 00:00:00+00:00
[2026-05-07T07:44:44.981+0000] {logging_mixin.py:190} WARNING - /home/***/.local/lib/python3.12/site-packages/***/task/task_runner/standard_task_runner.py:70 DeprecationWarning: This process (pid=5555) is multi-threaded, use of fork() may lead to deadlocks in the child.
[2026-05-07T07:44:44.983+0000] {standard_task_runner.py:72} INFO - Started process 5584 to run task
[2026-05-07T07:44:44.981+0000] {standard_task_runner.py:104} INFO - Running: ['***', 'tasks', 'run', 'tmdb_realtime_ingest', 'extract_tmdb_data', 'scheduled__2026-05-02T00:00:00+00:00', '--job-id', '1151', '--raw', '--subdir', 'DAGS_FOLDER/tmdb_pipeline.py', '--cfg-path', '/tmp/tmpsmdjit9y']
[2026-05-07T07:44:44.998+0000] {standard_task_runner.py:105} INFO - Job 1151: Subtask extract_tmdb_data
[2026-05-07T07:44:45.096+0000] {task_command.py:467} INFO - Running <TaskInstance: tmdb_realtime_ingest.extract_tmdb_data scheduled__2026-05-02T00:00:00+00:00 [running]> on host da59d52ee0b5
[2026-05-07T07:44:45.226+0000] {taskinstance.py:3131} INFO - Exporting env vars: AIRFLOW_CTX_DAG_OWNER='***' AIRFLOW_CTX_DAG_ID='tmdb_realtime_ingest' AIRFLOW_CTX_TASK_ID='extract_tmdb_data' AIRFLOW_CTX_EXECUTION_DATE='2026-05-02T00:00:00+00:00' AIRFLOW_CTX_TRY_NUMBER='1' AIRFLOW_CTX_DAG_RUN_ID='scheduled__2026-05-02T00:00:00+00:00'
[2026-05-07T07:44:45.228+0000] {taskinstance.py:731} INFO - ::endgroup::
[2026-05-07T07:44:45.410+0000] {logging_mixin.py:190} INFO - Preview of TMDb data:
[2026-05-07T07:44:45.425+0000] {logging_mixin.py:190} INFO -    tmdb_id  ...         snapshot_timestamp
0   931285  ... 2026-05-07 07:44:45.405404
1  1325734  ... 2026-05-07 07:44:45.405404
2  1266127  ... 2026-05-07 07:44:45.405404
3  1226863  ... 2026-05-07 07:44:45.405404
4  1327819  ... 2026-05-07 07:44:45.405404

[5 rows x 9 columns]
[2026-05-07T07:44:45.427+0000] {logging_mixin.py:190} INFO - TMDb realtime ingestion complete!
[2026-05-07T07:44:45.427+0000] {python.py:240} INFO - Done. Returned value was: None
[2026-05-07T07:44:45.434+0000] {taskinstance.py:340} INFO - ::group::Post task execution logs
[2026-05-07T07:44:45.435+0000] {taskinstance.py:352} INFO - Marking task as SUCCESS. dag_id=tmdb_realtime_ingest, task_id=extract_tmdb_data, run_id=scheduled__2026-05-02T00:00:00+00:00, execution_date=20260502T000000, start_date=20260507T074444, end_date=20260507T074445
[2026-05-07T07:44:45.466+0000] {local_task_job_runner.py:266} INFO - Task exited with return code 0
[2026-05-07T07:44:45.492+0000] {taskinstance.py:3900} INFO - 1 downstream tasks scheduled from follow-on schedule check
[2026-05-07T07:44:45.494+0000] {local_task_job_runner.py:245} INFO - ::endgroup::
[2026-05-07T08:00:07.196+0000] {local_task_job_runner.py:123} INFO - ::group::Pre task execution logs
[2026-05-07T08:00:07.226+0000] {taskinstance.py:2612} INFO - Dependencies all met for dep_context=non-requeueable deps ti=<TaskInstance: tmdb_realtime_ingest.extract_tmdb_data scheduled__2026-05-02T00:00:00+00:00 [queued]>
[2026-05-07T08:00:07.256+0000] {taskinstance.py:2612} INFO - Dependencies all met for dep_context=requeueable deps ti=<TaskInstance: tmdb_realtime_ingest.extract_tmdb_data scheduled__2026-05-02T00:00:00+00:00 [queued]>
[2026-05-07T08:00:07.264+0000] {taskinstance.py:2865} INFO - Starting attempt 1 of 1
[2026-05-07T08:00:07.298+0000] {taskinstance.py:2888} INFO - Executing <Task(PythonOperator): extract_tmdb_data> on 2026-05-02 00:00:00+00:00
[2026-05-07T08:00:07.312+0000] {standard_task_runner.py:104} INFO - Running: ['***', 'tasks', 'run', 'tmdb_realtime_ingest', 'extract_tmdb_data', 'scheduled__2026-05-02T00:00:00+00:00', '--job-id', '1641', '--raw', '--subdir', 'DAGS_FOLDER/tmdb_pipeline.py', '--cfg-path', '/tmp/tmppu5ivcv2']
[2026-05-07T08:00:07.317+0000] {standard_task_runner.py:105} INFO - Job 1641: Subtask extract_tmdb_data
[2026-05-07T08:00:07.314+0000] {logging_mixin.py:190} WARNING - /home/***/.local/lib/python3.12/site-packages/***/task/task_runner/standard_task_runner.py:70 DeprecationWarning: This process (pid=3140) is multi-threaded, use of fork() may lead to deadlocks in the child.
[2026-05-07T08:00:07.323+0000] {standard_task_runner.py:72} INFO - Started process 3171 to run task
[2026-05-07T08:00:07.419+0000] {task_command.py:467} INFO - Running <TaskInstance: tmdb_realtime_ingest.extract_tmdb_data scheduled__2026-05-02T00:00:00+00:00 [running]> on host aec0b0090a27
[2026-05-07T08:00:07.632+0000] {taskinstance.py:3131} INFO - Exporting env vars: AIRFLOW_CTX_DAG_OWNER='***' AIRFLOW_CTX_DAG_ID='tmdb_realtime_ingest' AIRFLOW_CTX_TASK_ID='extract_tmdb_data' AIRFLOW_CTX_EXECUTION_DATE='2026-05-02T00:00:00+00:00' AIRFLOW_CTX_TRY_NUMBER='1' AIRFLOW_CTX_DAG_RUN_ID='scheduled__2026-05-02T00:00:00+00:00'
[2026-05-07T08:00:07.645+0000] {taskinstance.py:731} INFO - ::endgroup::
[2026-05-07T08:00:07.931+0000] {logging_mixin.py:190} INFO - Preview of TMDb data:
[2026-05-07T08:00:07.949+0000] {logging_mixin.py:190} INFO -    tmdb_id  ...         snapshot_timestamp
0  1325734  ... 2026-05-07 08:00:07.927808
1   931285  ... 2026-05-07 08:00:07.927808
2  1266127  ... 2026-05-07 08:00:07.927808
3  1226863  ... 2026-05-07 08:00:07.927808
4  1007757  ... 2026-05-07 08:00:07.927808

[5 rows x 9 columns]
[2026-05-07T08:00:07.962+0000] {logging_mixin.py:190} INFO - TMDb realtime ingestion complete!
[2026-05-07T08:00:07.968+0000] {python.py:240} INFO - Done. Returned value was: None
[2026-05-07T08:00:07.989+0000] {taskinstance.py:340} INFO - ::group::Post task execution logs
[2026-05-07T08:00:07.997+0000] {taskinstance.py:352} INFO - Marking task as SUCCESS. dag_id=tmdb_realtime_ingest, task_id=extract_tmdb_data, run_id=scheduled__2026-05-02T00:00:00+00:00, execution_date=20260502T000000, start_date=20260507T080007, end_date=20260507T080007
[2026-05-07T08:00:08.085+0000] {local_task_job_runner.py:266} INFO - Task exited with return code 0
[2026-05-07T08:00:08.146+0000] {taskinstance.py:3900} INFO - 1 downstream tasks scheduled from follow-on schedule check
[2026-05-07T08:00:08.170+0000] {local_task_job_runner.py:245} INFO - ::endgroup::
[2026-05-07T08:09:43.986+0000] {local_task_job_runner.py:123} INFO - ::group::Pre task execution logs
[2026-05-07T08:09:44.000+0000] {taskinstance.py:2612} INFO - Dependencies all met for dep_context=non-requeueable deps ti=<TaskInstance: tmdb_realtime_ingest.extract_tmdb_data scheduled__2026-05-02T00:00:00+00:00 [queued]>
[2026-05-07T08:09:44.013+0000] {taskinstance.py:2612} INFO - Dependencies all met for dep_context=requeueable deps ti=<TaskInstance: tmdb_realtime_ingest.extract_tmdb_data scheduled__2026-05-02T00:00:00+00:00 [queued]>
[2026-05-07T08:09:44.014+0000] {taskinstance.py:2865} INFO - Starting attempt 1 of 1
[2026-05-07T08:09:44.033+0000] {taskinstance.py:2888} INFO - Executing <Task(PythonOperator): extract_tmdb_data> on 2026-05-02 00:00:00+00:00
[2026-05-07T08:09:44.039+0000] {logging_mixin.py:190} WARNING - /home/***/.local/lib/python3.12/site-packages/***/task/task_runner/standard_task_runner.py:70 DeprecationWarning: This process (pid=486) is multi-threaded, use of fork() may lead to deadlocks in the child.
[2026-05-07T08:09:44.040+0000] {standard_task_runner.py:72} INFO - Started process 523 to run task
[2026-05-07T08:09:44.039+0000] {standard_task_runner.py:104} INFO - Running: ['***', 'tasks', 'run', 'tmdb_realtime_ingest', 'extract_tmdb_data', 'scheduled__2026-05-02T00:00:00+00:00', '--job-id', '1731', '--raw', '--subdir', 'DAGS_FOLDER/tmdb_pipeline.py', '--cfg-path', '/tmp/tmp92ew_ok3']
[2026-05-07T08:09:44.041+0000] {standard_task_runner.py:105} INFO - Job 1731: Subtask extract_tmdb_data
[2026-05-07T08:09:44.076+0000] {task_command.py:467} INFO - Running <TaskInstance: tmdb_realtime_ingest.extract_tmdb_data scheduled__2026-05-02T00:00:00+00:00 [running]> on host 304727ced316
[2026-05-07T08:09:44.145+0000] {taskinstance.py:3131} INFO - Exporting env vars: AIRFLOW_CTX_DAG_OWNER='***' AIRFLOW_CTX_DAG_ID='tmdb_realtime_ingest' AIRFLOW_CTX_TASK_ID='extract_tmdb_data' AIRFLOW_CTX_EXECUTION_DATE='2026-05-02T00:00:00+00:00' AIRFLOW_CTX_TRY_NUMBER='1' AIRFLOW_CTX_DAG_RUN_ID='scheduled__2026-05-02T00:00:00+00:00'
[2026-05-07T08:09:44.147+0000] {taskinstance.py:731} INFO - ::endgroup::
[2026-05-07T08:09:44.273+0000] {logging_mixin.py:190} INFO - Preview of TMDb data:
[2026-05-07T08:09:44.395+0000] {logging_mixin.py:190} INFO -    tmdb_id  ...         snapshot_timestamp
0  1325734  ... 2026-05-07 08:09:44.271287
1   931285  ... 2026-05-07 08:09:44.271287
2  1266127  ... 2026-05-07 08:09:44.271287
3  1226863  ... 2026-05-07 08:09:44.271287
4  1007757  ... 2026-05-07 08:09:44.271287

[5 rows x 9 columns]
[2026-05-07T08:09:44.412+0000] {logging_mixin.py:190} INFO - TMDb realtime ingestion complete!
[2026-05-07T08:09:44.423+0000] {python.py:240} INFO - Done. Returned value was: None
[2026-05-07T08:09:44.467+0000] {taskinstance.py:340} INFO - ::group::Post task execution logs
[2026-05-07T08:09:44.479+0000] {taskinstance.py:352} INFO - Marking task as SUCCESS. dag_id=tmdb_realtime_ingest, task_id=extract_tmdb_data, run_id=scheduled__2026-05-02T00:00:00+00:00, execution_date=20260502T000000, start_date=20260507T080944, end_date=20260507T080944
[2026-05-07T08:09:44.540+0000] {local_task_job_runner.py:266} INFO - Task exited with return code 0
[2026-05-07T08:09:44.584+0000] {local_task_job_runner.py:245} INFO - ::endgroup::
[2026-05-07T08:21:35.306+0000] {local_task_job_runner.py:123} INFO - ::group::Pre task execution logs
[2026-05-07T08:21:35.353+0000] {taskinstance.py:2612} INFO - Dependencies all met for dep_context=non-requeueable deps ti=<TaskInstance: tmdb_realtime_ingest.extract_tmdb_data scheduled__2026-05-02T00:00:00+00:00 [queued]>
[2026-05-07T08:21:35.366+0000] {taskinstance.py:2612} INFO - Dependencies all met for dep_context=requeueable deps ti=<TaskInstance: tmdb_realtime_ingest.extract_tmdb_data scheduled__2026-05-02T00:00:00+00:00 [queued]>
[2026-05-07T08:21:35.374+0000] {taskinstance.py:2865} INFO - Starting attempt 1 of 1
[2026-05-07T08:21:35.419+0000] {taskinstance.py:2888} INFO - Executing <Task(PythonOperator): extract_tmdb_data> on 2026-05-02 00:00:00+00:00
[2026-05-07T08:21:35.425+0000] {logging_mixin.py:190} WARNING - /home/***/.local/lib/python3.12/site-packages/***/task/task_runner/standard_task_runner.py:70 DeprecationWarning: This process (pid=516) is multi-threaded, use of fork() may lead to deadlocks in the child.
[2026-05-07T08:21:35.431+0000] {standard_task_runner.py:72} INFO - Started process 550 to run task
[2026-05-07T08:21:35.439+0000] {standard_task_runner.py:104} INFO - Running: ['***', 'tasks', 'run', 'tmdb_realtime_ingest', 'extract_tmdb_data', 'scheduled__2026-05-02T00:00:00+00:00', '--job-id', '1822', '--raw', '--subdir', 'DAGS_FOLDER/tmdb_pipeline.py', '--cfg-path', '/tmp/tmpypl1d209']
[2026-05-07T08:21:35.449+0000] {standard_task_runner.py:105} INFO - Job 1822: Subtask extract_tmdb_data
[2026-05-07T08:21:35.632+0000] {task_command.py:467} INFO - Running <TaskInstance: tmdb_realtime_ingest.extract_tmdb_data scheduled__2026-05-02T00:00:00+00:00 [running]> on host 468e1946259b
[2026-05-07T08:21:35.829+0000] {taskinstance.py:3131} INFO - Exporting env vars: AIRFLOW_CTX_DAG_OWNER='***' AIRFLOW_CTX_DAG_ID='tmdb_realtime_ingest' AIRFLOW_CTX_TASK_ID='extract_tmdb_data' AIRFLOW_CTX_EXECUTION_DATE='2026-05-02T00:00:00+00:00' AIRFLOW_CTX_TRY_NUMBER='1' AIRFLOW_CTX_DAG_RUN_ID='scheduled__2026-05-02T00:00:00+00:00'
[2026-05-07T08:21:35.841+0000] {taskinstance.py:731} INFO - ::endgroup::
[2026-05-07T08:21:36.105+0000] {logging_mixin.py:190} INFO - Preview of TMDb data:
[2026-05-07T08:21:36.128+0000] {logging_mixin.py:190} INFO -    tmdb_id  ...         snapshot_timestamp
0   931285  ... 2026-05-07 08:21:36.091839
1  1325734  ... 2026-05-07 08:21:36.091839
2  1266127  ... 2026-05-07 08:21:36.091839
3  1226863  ... 2026-05-07 08:21:36.091839
4   936075  ... 2026-05-07 08:21:36.091839

[5 rows x 9 columns]
[2026-05-07T08:21:36.143+0000] {logging_mixin.py:190} INFO - TMDb realtime ingestion complete!
[2026-05-07T08:21:36.146+0000] {python.py:240} INFO - Done. Returned value was: None
[2026-05-07T08:21:36.167+0000] {taskinstance.py:340} INFO - ::group::Post task execution logs
[2026-05-07T08:21:36.168+0000] {taskinstance.py:352} INFO - Marking task as SUCCESS. dag_id=tmdb_realtime_ingest, task_id=extract_tmdb_data, run_id=scheduled__2026-05-02T00:00:00+00:00, execution_date=20260502T000000, start_date=20260507T082135, end_date=20260507T082136
[2026-05-07T08:21:36.228+0000] {local_task_job_runner.py:266} INFO - Task exited with return code 0
[2026-05-07T08:21:36.240+0000] {local_task_job_runner.py:245} INFO - ::endgroup::
