[2026-05-02T17:43:05.308+0000] {local_task_job_runner.py:123} INFO - ::group::Pre task execution logs
[2026-05-02T17:43:05.314+0000] {taskinstance.py:2612} INFO - Dependencies all met for dep_context=non-requeueable deps ti=<TaskInstance: tmdb_realtime_ingest.load_tmdb scheduled__2026-05-01T00:00:00+00:00 [queued]>
[2026-05-02T17:43:05.319+0000] {taskinstance.py:2612} INFO - Dependencies all met for dep_context=requeueable deps ti=<TaskInstance: tmdb_realtime_ingest.load_tmdb scheduled__2026-05-01T00:00:00+00:00 [queued]>
[2026-05-02T17:43:05.319+0000] {taskinstance.py:2865} INFO - Starting attempt 1 of 1
[2026-05-02T17:43:05.325+0000] {taskinstance.py:2888} INFO - Executing <Task(PythonOperator): load_tmdb> on 2026-05-01 00:00:00+00:00
[2026-05-02T17:43:05.328+0000] {logging_mixin.py:190} WARNING - /home/***/.local/lib/python3.12/site-packages/***/task/task_runner/standard_task_runner.py:70 DeprecationWarning: This process (pid=208) is multi-threaded, use of fork() may lead to deadlocks in the child.
[2026-05-02T17:43:05.328+0000] {standard_task_runner.py:104} INFO - Running: ['***', 'tasks', 'run', 'tmdb_realtime_ingest', 'load_tmdb', 'scheduled__2026-05-01T00:00:00+00:00', '--job-id', '102', '--raw', '--subdir', 'DAGS_FOLDER/tmdb_pipeline.py', '--cfg-path', '/tmp/tmpl3h7a5co']
[2026-05-02T17:43:05.330+0000] {standard_task_runner.py:72} INFO - Started process 214 to run task
[2026-05-02T17:43:05.330+0000] {standard_task_runner.py:105} INFO - Job 102: Subtask load_tmdb
[2026-05-02T17:43:05.352+0000] {task_command.py:467} INFO - Running <TaskInstance: tmdb_realtime_ingest.load_tmdb scheduled__2026-05-01T00:00:00+00:00 [running]> on host b6b3d98776f7
[2026-05-02T17:43:05.385+0000] {taskinstance.py:3131} INFO - Exporting env vars: AIRFLOW_CTX_DAG_OWNER='***' AIRFLOW_CTX_DAG_ID='tmdb_realtime_ingest' AIRFLOW_CTX_TASK_ID='load_tmdb' AIRFLOW_CTX_EXECUTION_DATE='2026-05-01T00:00:00+00:00' AIRFLOW_CTX_TRY_NUMBER='1' AIRFLOW_CTX_DAG_RUN_ID='scheduled__2026-05-01T00:00:00+00:00'
[2026-05-02T17:43:05.386+0000] {taskinstance.py:731} INFO - ::endgroup::
[2026-05-02T17:43:05.396+0000] {base.py:84} INFO - Retrieving connection 'conn'
[2026-05-02T17:43:05.396+0000] {connection.py:413} INFO - Snowflake Connector for Python Version: 3.12.1, Python Version: 3.12.5, Platform: Linux-6.12.76-linuxkit-aarch64-with-glibc2.36
[2026-05-02T17:43:05.397+0000] {connection.py:1196} INFO - Connecting to GLOBAL Snowflake domain
[2026-05-02T17:43:05.397+0000] {connection.py:1277} INFO - This connection is in OCSP Fail Open Mode. TLS Certificates would be checked for validity and revocation status. Any other Certificate Revocation related exceptions or OCSP Responder failures would be disregarded in favor of connectivity.
[2026-05-02T17:43:06.487+0000] {base.py:84} INFO - Retrieving connection 'conn'
[2026-05-02T17:43:06.756+0000] {cursor.py:1156} INFO - Number of results in first chunk: 1
[2026-05-02T17:43:06.901+0000] {cursor.py:1156} INFO - Number of results in first chunk: 1
[2026-05-02T17:43:07.114+0000] {cursor.py:1156} INFO - Number of results in first chunk: 1
[2026-05-02T17:43:07.373+0000] {cursor.py:1156} INFO - Number of results in first chunk: 1
[2026-05-02T17:43:10.603+0000] {cursor.py:1156} INFO - Number of results in first chunk: 1
[2026-05-02T17:43:10.604+0000] {connection.py:788} INFO - closed
[2026-05-02T17:43:10.686+0000] {connection.py:794} INFO - No async queries seem to be running, deleting session
[2026-05-02T17:43:10.805+0000] {python.py:240} INFO - Done. Returned value was: None
[2026-05-02T17:43:10.819+0000] {taskinstance.py:340} INFO - ::group::Post task execution logs
[2026-05-02T17:43:10.820+0000] {taskinstance.py:352} INFO - Marking task as SUCCESS. dag_id=tmdb_realtime_ingest, task_id=load_tmdb, run_id=scheduled__2026-05-01T00:00:00+00:00, execution_date=20260501T000000, start_date=20260502T174305, end_date=20260502T174310
[2026-05-02T17:43:10.852+0000] {local_task_job_runner.py:266} INFO - Task exited with return code 0
[2026-05-02T17:43:10.861+0000] {taskinstance.py:3900} INFO - 0 downstream tasks scheduled from follow-on schedule check
[2026-05-02T17:43:10.862+0000] {local_task_job_runner.py:245} INFO - ::endgroup::
[2026-05-02T18:54:54.677+0000] {local_task_job_runner.py:123} INFO - ::group::Pre task execution logs
[2026-05-02T18:54:54.689+0000] {taskinstance.py:2612} INFO - Dependencies all met for dep_context=non-requeueable deps ti=<TaskInstance: tmdb_realtime_ingest.load_tmdb scheduled__2026-05-01T00:00:00+00:00 [queued]>
[2026-05-02T18:54:54.697+0000] {taskinstance.py:2612} INFO - Dependencies all met for dep_context=requeueable deps ti=<TaskInstance: tmdb_realtime_ingest.load_tmdb scheduled__2026-05-01T00:00:00+00:00 [queued]>
[2026-05-02T18:54:54.698+0000] {taskinstance.py:2865} INFO - Starting attempt 1 of 1
[2026-05-02T18:54:54.707+0000] {taskinstance.py:2888} INFO - Executing <Task(PythonOperator): load_tmdb> on 2026-05-01 00:00:00+00:00
[2026-05-02T18:54:54.713+0000] {logging_mixin.py:190} WARNING - /home/***/.local/lib/python3.12/site-packages/***/task/task_runner/standard_task_runner.py:70 DeprecationWarning: This process (pid=311) is multi-threaded, use of fork() may lead to deadlocks in the child.
[2026-05-02T18:54:54.714+0000] {standard_task_runner.py:72} INFO - Started process 317 to run task
[2026-05-02T18:54:54.714+0000] {standard_task_runner.py:104} INFO - Running: ['***', 'tasks', 'run', 'tmdb_realtime_ingest', 'load_tmdb', 'scheduled__2026-05-01T00:00:00+00:00', '--job-id', '126', '--raw', '--subdir', 'DAGS_FOLDER/tmdb_pipeline.py', '--cfg-path', '/tmp/tmp_zs7alla']
[2026-05-02T18:54:54.715+0000] {standard_task_runner.py:105} INFO - Job 126: Subtask load_tmdb
[2026-05-02T18:54:54.745+0000] {task_command.py:467} INFO - Running <TaskInstance: tmdb_realtime_ingest.load_tmdb scheduled__2026-05-01T00:00:00+00:00 [running]> on host 391814367cf2
[2026-05-02T18:54:54.792+0000] {taskinstance.py:3131} INFO - Exporting env vars: AIRFLOW_CTX_DAG_OWNER='***' AIRFLOW_CTX_DAG_ID='tmdb_realtime_ingest' AIRFLOW_CTX_TASK_ID='load_tmdb' AIRFLOW_CTX_EXECUTION_DATE='2026-05-01T00:00:00+00:00' AIRFLOW_CTX_TRY_NUMBER='1' AIRFLOW_CTX_DAG_RUN_ID='scheduled__2026-05-01T00:00:00+00:00'
[2026-05-02T18:54:54.793+0000] {taskinstance.py:731} INFO - ::endgroup::
[2026-05-02T18:54:54.810+0000] {base.py:84} INFO - Retrieving connection 'conn'
[2026-05-02T18:54:54.811+0000] {connection.py:413} INFO - Snowflake Connector for Python Version: 3.12.2, Python Version: 3.12.5, Platform: Linux-6.12.76-linuxkit-aarch64-with-glibc2.36
[2026-05-02T18:54:54.811+0000] {connection.py:1196} INFO - Connecting to GLOBAL Snowflake domain
[2026-05-02T18:54:54.812+0000] {connection.py:1277} INFO - This connection is in OCSP Fail Open Mode. TLS Certificates would be checked for validity and revocation status. Any other Certificate Revocation related exceptions or OCSP Responder failures would be disregarded in favor of connectivity.
[2026-05-02T18:54:56.201+0000] {base.py:84} INFO - Retrieving connection 'conn'
[2026-05-02T18:54:56.435+0000] {cursor.py:1156} INFO - Number of results in first chunk: 1
[2026-05-02T18:54:56.608+0000] {cursor.py:1156} INFO - Number of results in first chunk: 1
[2026-05-02T18:54:56.785+0000] {cursor.py:1156} INFO - Number of results in first chunk: 1
[2026-05-02T18:54:57.029+0000] {cursor.py:1156} INFO - Number of results in first chunk: 1
[2026-05-02T18:55:00.277+0000] {cursor.py:1156} INFO - Number of results in first chunk: 1
[2026-05-02T18:55:00.278+0000] {connection.py:788} INFO - closed
[2026-05-02T18:55:00.352+0000] {connection.py:794} INFO - No async queries seem to be running, deleting session
[2026-05-02T18:55:00.441+0000] {python.py:240} INFO - Done. Returned value was: None
[2026-05-02T18:55:00.453+0000] {taskinstance.py:340} INFO - ::group::Post task execution logs
[2026-05-02T18:55:00.453+0000] {taskinstance.py:352} INFO - Marking task as SUCCESS. dag_id=tmdb_realtime_ingest, task_id=load_tmdb, run_id=scheduled__2026-05-01T00:00:00+00:00, execution_date=20260501T000000, start_date=20260502T185454, end_date=20260502T185500
[2026-05-02T18:55:00.481+0000] {local_task_job_runner.py:266} INFO - Task exited with return code 0
[2026-05-02T18:55:00.496+0000] {taskinstance.py:3900} INFO - 1 downstream tasks scheduled from follow-on schedule check
[2026-05-02T18:55:00.498+0000] {local_task_job_runner.py:245} INFO - ::endgroup::
[2026-05-07T07:21:12.658+0000] {local_task_job_runner.py:123} INFO - ::group::Pre task execution logs
[2026-05-07T07:21:12.700+0000] {taskinstance.py:2612} INFO - Dependencies all met for dep_context=non-requeueable deps ti=<TaskInstance: tmdb_realtime_ingest.load_tmdb scheduled__2026-05-01T00:00:00+00:00 [queued]>
[2026-05-07T07:21:12.727+0000] {taskinstance.py:2612} INFO - Dependencies all met for dep_context=requeueable deps ti=<TaskInstance: tmdb_realtime_ingest.load_tmdb scheduled__2026-05-01T00:00:00+00:00 [queued]>
[2026-05-07T07:21:12.731+0000] {taskinstance.py:2865} INFO - Starting attempt 1 of 1
[2026-05-07T07:21:12.747+0000] {taskinstance.py:2888} INFO - Executing <Task(PythonOperator): load_tmdb> on 2026-05-01 00:00:00+00:00
[2026-05-07T07:21:12.768+0000] {standard_task_runner.py:104} INFO - Running: ['***', 'tasks', 'run', 'tmdb_realtime_ingest', 'load_tmdb', 'scheduled__2026-05-01T00:00:00+00:00', '--job-id', '475', '--raw', '--subdir', 'DAGS_FOLDER/tmdb_pipeline.py', '--cfg-path', '/tmp/tmpf86d9xmn']
[2026-05-07T07:21:12.771+0000] {standard_task_runner.py:105} INFO - Job 475: Subtask load_tmdb
[2026-05-07T07:21:12.773+0000] {logging_mixin.py:190} WARNING - /home/***/.local/lib/python3.12/site-packages/***/task/task_runner/standard_task_runner.py:70 DeprecationWarning: This process (pid=2539) is multi-threaded, use of fork() may lead to deadlocks in the child.
[2026-05-07T07:21:12.777+0000] {standard_task_runner.py:72} INFO - Started process 2575 to run task
[2026-05-07T07:21:12.846+0000] {task_command.py:467} INFO - Running <TaskInstance: tmdb_realtime_ingest.load_tmdb scheduled__2026-05-01T00:00:00+00:00 [running]> on host 1589e571b783
[2026-05-07T07:21:13.034+0000] {taskinstance.py:3131} INFO - Exporting env vars: AIRFLOW_CTX_DAG_OWNER='***' AIRFLOW_CTX_DAG_ID='tmdb_realtime_ingest' AIRFLOW_CTX_TASK_ID='load_tmdb' AIRFLOW_CTX_EXECUTION_DATE='2026-05-01T00:00:00+00:00' AIRFLOW_CTX_TRY_NUMBER='1' AIRFLOW_CTX_DAG_RUN_ID='scheduled__2026-05-01T00:00:00+00:00'
[2026-05-07T07:21:13.038+0000] {taskinstance.py:731} INFO - ::endgroup::
[2026-05-07T07:21:13.073+0000] {base.py:84} INFO - Retrieving connection 'conn'
[2026-05-07T07:21:13.074+0000] {connection.py:413} INFO - Snowflake Connector for Python Version: 3.12.2, Python Version: 3.12.5, Platform: Linux-6.12.76-linuxkit-aarch64-with-glibc2.36
[2026-05-07T07:21:13.075+0000] {connection.py:1196} INFO - Connecting to GLOBAL Snowflake domain
[2026-05-07T07:21:13.077+0000] {connection.py:1277} INFO - This connection is in OCSP Fail Open Mode. TLS Certificates would be checked for validity and revocation status. Any other Certificate Revocation related exceptions or OCSP Responder failures would be disregarded in favor of connectivity.
[2026-05-07T07:21:13.398+0000] {base.py:84} INFO - Retrieving connection 'conn'
[2026-05-07T07:21:13.608+0000] {cursor.py:1156} INFO - Number of results in first chunk: 1
[2026-05-07T07:21:13.775+0000] {cursor.py:1156} INFO - Number of results in first chunk: 1
[2026-05-07T07:21:13.898+0000] {cursor.py:1156} INFO - Number of results in first chunk: 1
[2026-05-07T07:21:14.086+0000] {cursor.py:1156} INFO - Number of results in first chunk: 1
[2026-05-07T07:21:16.051+0000] {cursor.py:1156} INFO - Number of results in first chunk: 1
[2026-05-07T07:21:16.054+0000] {connection.py:788} INFO - closed
[2026-05-07T07:21:16.116+0000] {connection.py:794} INFO - No async queries seem to be running, deleting session
[2026-05-07T07:21:16.196+0000] {python.py:240} INFO - Done. Returned value was: None
[2026-05-07T07:21:16.239+0000] {taskinstance.py:340} INFO - ::group::Post task execution logs
[2026-05-07T07:21:16.240+0000] {taskinstance.py:352} INFO - Marking task as SUCCESS. dag_id=tmdb_realtime_ingest, task_id=load_tmdb, run_id=scheduled__2026-05-01T00:00:00+00:00, execution_date=20260501T000000, start_date=20260507T072112, end_date=20260507T072116
[2026-05-07T07:21:16.285+0000] {local_task_job_runner.py:266} INFO - Task exited with return code 0
[2026-05-07T07:21:16.366+0000] {taskinstance.py:3900} INFO - 0 downstream tasks scheduled from follow-on schedule check
[2026-05-07T07:21:16.370+0000] {local_task_job_runner.py:245} INFO - ::endgroup::
[2026-05-07T07:35:35.010+0000] {local_task_job_runner.py:123} INFO - ::group::Pre task execution logs
[2026-05-07T07:35:35.018+0000] {taskinstance.py:2612} INFO - Dependencies all met for dep_context=non-requeueable deps ti=<TaskInstance: tmdb_realtime_ingest.load_tmdb scheduled__2026-05-01T00:00:00+00:00 [queued]>
[2026-05-07T07:35:35.021+0000] {taskinstance.py:2612} INFO - Dependencies all met for dep_context=requeueable deps ti=<TaskInstance: tmdb_realtime_ingest.load_tmdb scheduled__2026-05-01T00:00:00+00:00 [queued]>
[2026-05-07T07:35:35.021+0000] {taskinstance.py:2865} INFO - Starting attempt 1 of 1
[2026-05-07T07:35:35.025+0000] {taskinstance.py:2888} INFO - Executing <Task(PythonOperator): load_tmdb> on 2026-05-01 00:00:00+00:00
[2026-05-07T07:35:35.029+0000] {logging_mixin.py:190} WARNING - /home/***/.local/lib/python3.12/site-packages/***/task/task_runner/standard_task_runner.py:70 DeprecationWarning: This process (pid=2542) is multi-threaded, use of fork() may lead to deadlocks in the child.
[2026-05-07T07:35:35.030+0000] {standard_task_runner.py:72} INFO - Started process 2557 to run task
[2026-05-07T07:35:35.030+0000] {standard_task_runner.py:104} INFO - Running: ['***', 'tasks', 'run', 'tmdb_realtime_ingest', 'load_tmdb', 'scheduled__2026-05-01T00:00:00+00:00', '--job-id', '827', '--raw', '--subdir', 'DAGS_FOLDER/tmdb_pipeline.py', '--cfg-path', '/tmp/tmp3f8jqcmb']
[2026-05-07T07:35:35.032+0000] {standard_task_runner.py:105} INFO - Job 827: Subtask load_tmdb
[2026-05-07T07:35:35.053+0000] {task_command.py:467} INFO - Running <TaskInstance: tmdb_realtime_ingest.load_tmdb scheduled__2026-05-01T00:00:00+00:00 [running]> on host da59d52ee0b5
[2026-05-07T07:35:35.090+0000] {taskinstance.py:3131} INFO - Exporting env vars: AIRFLOW_CTX_DAG_OWNER='***' AIRFLOW_CTX_DAG_ID='tmdb_realtime_ingest' AIRFLOW_CTX_TASK_ID='load_tmdb' AIRFLOW_CTX_EXECUTION_DATE='2026-05-01T00:00:00+00:00' AIRFLOW_CTX_TRY_NUMBER='1' AIRFLOW_CTX_DAG_RUN_ID='scheduled__2026-05-01T00:00:00+00:00'
[2026-05-07T07:35:35.090+0000] {taskinstance.py:731} INFO - ::endgroup::
[2026-05-07T07:35:35.099+0000] {base.py:84} INFO - Retrieving connection 'conn'
[2026-05-07T07:35:35.100+0000] {connection.py:413} INFO - Snowflake Connector for Python Version: 3.12.2, Python Version: 3.12.5, Platform: Linux-6.12.76-linuxkit-aarch64-with-glibc2.36
[2026-05-07T07:35:35.100+0000] {connection.py:1196} INFO - Connecting to GLOBAL Snowflake domain
[2026-05-07T07:35:35.100+0000] {connection.py:1277} INFO - This connection is in OCSP Fail Open Mode. TLS Certificates would be checked for validity and revocation status. Any other Certificate Revocation related exceptions or OCSP Responder failures would be disregarded in favor of connectivity.
[2026-05-07T07:35:35.493+0000] {base.py:84} INFO - Retrieving connection 'conn'
[2026-05-07T07:35:35.695+0000] {cursor.py:1156} INFO - Number of results in first chunk: 1
[2026-05-07T07:35:35.868+0000] {cursor.py:1156} INFO - Number of results in first chunk: 1
[2026-05-07T07:35:36.041+0000] {cursor.py:1156} INFO - Number of results in first chunk: 1
[2026-05-07T07:35:36.303+0000] {cursor.py:1156} INFO - Number of results in first chunk: 1
[2026-05-07T07:35:37.915+0000] {cursor.py:1156} INFO - Number of results in first chunk: 1
[2026-05-07T07:35:37.916+0000] {connection.py:788} INFO - closed
[2026-05-07T07:35:38.038+0000] {connection.py:794} INFO - No async queries seem to be running, deleting session
[2026-05-07T07:35:38.221+0000] {python.py:240} INFO - Done. Returned value was: None
[2026-05-07T07:35:38.240+0000] {taskinstance.py:340} INFO - ::group::Post task execution logs
[2026-05-07T07:35:38.241+0000] {taskinstance.py:352} INFO - Marking task as SUCCESS. dag_id=tmdb_realtime_ingest, task_id=load_tmdb, run_id=scheduled__2026-05-01T00:00:00+00:00, execution_date=20260501T000000, start_date=20260507T073535, end_date=20260507T073538
[2026-05-07T07:35:38.301+0000] {local_task_job_runner.py:266} INFO - Task exited with return code 0
[2026-05-07T07:35:38.332+0000] {taskinstance.py:3900} INFO - 0 downstream tasks scheduled from follow-on schedule check
[2026-05-07T07:35:38.338+0000] {local_task_job_runner.py:245} INFO - ::endgroup::
[2026-05-07T07:44:49.051+0000] {local_task_job_runner.py:123} INFO - ::group::Pre task execution logs
[2026-05-07T07:44:49.093+0000] {taskinstance.py:2612} INFO - Dependencies all met for dep_context=non-requeueable deps ti=<TaskInstance: tmdb_realtime_ingest.load_tmdb scheduled__2026-05-01T00:00:00+00:00 [queued]>
[2026-05-07T07:44:49.105+0000] {taskinstance.py:2612} INFO - Dependencies all met for dep_context=requeueable deps ti=<TaskInstance: tmdb_realtime_ingest.load_tmdb scheduled__2026-05-01T00:00:00+00:00 [queued]>
[2026-05-07T07:44:49.107+0000] {taskinstance.py:2865} INFO - Starting attempt 1 of 1
[2026-05-07T07:44:49.125+0000] {taskinstance.py:2888} INFO - Executing <Task(PythonOperator): load_tmdb> on 2026-05-01 00:00:00+00:00
[2026-05-07T07:44:49.140+0000] {logging_mixin.py:190} WARNING - /home/***/.local/lib/python3.12/site-packages/***/task/task_runner/standard_task_runner.py:70 DeprecationWarning: This process (pid=5659) is multi-threaded, use of fork() may lead to deadlocks in the child.
[2026-05-07T07:44:49.147+0000] {standard_task_runner.py:72} INFO - Started process 5678 to run task
[2026-05-07T07:44:49.149+0000] {standard_task_runner.py:104} INFO - Running: ['***', 'tasks', 'run', 'tmdb_realtime_ingest', 'load_tmdb', 'scheduled__2026-05-01T00:00:00+00:00', '--job-id', '1168', '--raw', '--subdir', 'DAGS_FOLDER/tmdb_pipeline.py', '--cfg-path', '/tmp/tmpp49zc44k']
[2026-05-07T07:44:49.156+0000] {standard_task_runner.py:105} INFO - Job 1168: Subtask load_tmdb
[2026-05-07T07:44:49.236+0000] {task_command.py:467} INFO - Running <TaskInstance: tmdb_realtime_ingest.load_tmdb scheduled__2026-05-01T00:00:00+00:00 [running]> on host da59d52ee0b5
[2026-05-07T07:44:49.339+0000] {taskinstance.py:3131} INFO - Exporting env vars: AIRFLOW_CTX_DAG_OWNER='***' AIRFLOW_CTX_DAG_ID='tmdb_realtime_ingest' AIRFLOW_CTX_TASK_ID='load_tmdb' AIRFLOW_CTX_EXECUTION_DATE='2026-05-01T00:00:00+00:00' AIRFLOW_CTX_TRY_NUMBER='1' AIRFLOW_CTX_DAG_RUN_ID='scheduled__2026-05-01T00:00:00+00:00'
[2026-05-07T07:44:49.341+0000] {taskinstance.py:731} INFO - ::endgroup::
[2026-05-07T07:44:49.370+0000] {base.py:84} INFO - Retrieving connection 'conn'
[2026-05-07T07:44:49.372+0000] {connection.py:413} INFO - Snowflake Connector for Python Version: 3.12.2, Python Version: 3.12.5, Platform: Linux-6.12.76-linuxkit-aarch64-with-glibc2.36
[2026-05-07T07:44:49.374+0000] {connection.py:1196} INFO - Connecting to GLOBAL Snowflake domain
[2026-05-07T07:44:49.377+0000] {connection.py:1277} INFO - This connection is in OCSP Fail Open Mode. TLS Certificates would be checked for validity and revocation status. Any other Certificate Revocation related exceptions or OCSP Responder failures would be disregarded in favor of connectivity.
[2026-05-07T07:44:50.413+0000] {base.py:84} INFO - Retrieving connection 'conn'
[2026-05-07T07:44:50.677+0000] {cursor.py:1156} INFO - Number of results in first chunk: 1
[2026-05-07T07:44:50.901+0000] {cursor.py:1156} INFO - Number of results in first chunk: 1
[2026-05-07T07:44:51.181+0000] {cursor.py:1156} INFO - Number of results in first chunk: 1
[2026-05-07T07:44:51.655+0000] {cursor.py:1156} INFO - Number of results in first chunk: 1
[2026-05-07T07:44:54.244+0000] {cursor.py:1156} INFO - Number of results in first chunk: 1
[2026-05-07T07:44:54.250+0000] {connection.py:788} INFO - closed
[2026-05-07T07:44:54.386+0000] {connection.py:794} INFO - No async queries seem to be running, deleting session
[2026-05-07T07:44:54.613+0000] {python.py:240} INFO - Done. Returned value was: None
[2026-05-07T07:44:54.650+0000] {taskinstance.py:340} INFO - ::group::Post task execution logs
[2026-05-07T07:44:54.653+0000] {taskinstance.py:352} INFO - Marking task as SUCCESS. dag_id=tmdb_realtime_ingest, task_id=load_tmdb, run_id=scheduled__2026-05-01T00:00:00+00:00, execution_date=20260501T000000, start_date=20260507T074449, end_date=20260507T074454
[2026-05-07T07:44:54.714+0000] {local_task_job_runner.py:266} INFO - Task exited with return code 0
[2026-05-07T07:44:54.725+0000] {local_task_job_runner.py:245} INFO - ::endgroup::
[2026-05-07T08:00:11.942+0000] {local_task_job_runner.py:123} INFO - ::group::Pre task execution logs
[2026-05-07T08:00:12.057+0000] {taskinstance.py:2612} INFO - Dependencies all met for dep_context=non-requeueable deps ti=<TaskInstance: tmdb_realtime_ingest.load_tmdb scheduled__2026-05-01T00:00:00+00:00 [queued]>
[2026-05-07T08:00:12.093+0000] {taskinstance.py:2612} INFO - Dependencies all met for dep_context=requeueable deps ti=<TaskInstance: tmdb_realtime_ingest.load_tmdb scheduled__2026-05-01T00:00:00+00:00 [queued]>
[2026-05-07T08:00:12.095+0000] {taskinstance.py:2865} INFO - Starting attempt 1 of 1
[2026-05-07T08:00:12.197+0000] {taskinstance.py:2888} INFO - Executing <Task(PythonOperator): load_tmdb> on 2026-05-01 00:00:00+00:00
[2026-05-07T08:00:12.210+0000] {logging_mixin.py:190} WARNING - /home/***/.local/lib/python3.12/site-packages/***/task/task_runner/standard_task_runner.py:70 DeprecationWarning: This process (pid=3255) is multi-threaded, use of fork() may lead to deadlocks in the child.
[2026-05-07T08:00:12.211+0000] {standard_task_runner.py:72} INFO - Started process 3295 to run task
[2026-05-07T08:00:12.212+0000] {standard_task_runner.py:104} INFO - Running: ['***', 'tasks', 'run', 'tmdb_realtime_ingest', 'load_tmdb', 'scheduled__2026-05-01T00:00:00+00:00', '--job-id', '1658', '--raw', '--subdir', 'DAGS_FOLDER/tmdb_pipeline.py', '--cfg-path', '/tmp/tmpv5c8jk2x']
[2026-05-07T08:00:12.222+0000] {standard_task_runner.py:105} INFO - Job 1658: Subtask load_tmdb
[2026-05-07T08:00:12.322+0000] {task_command.py:467} INFO - Running <TaskInstance: tmdb_realtime_ingest.load_tmdb scheduled__2026-05-01T00:00:00+00:00 [running]> on host aec0b0090a27
[2026-05-07T08:00:12.556+0000] {taskinstance.py:3131} INFO - Exporting env vars: AIRFLOW_CTX_DAG_OWNER='***' AIRFLOW_CTX_DAG_ID='tmdb_realtime_ingest' AIRFLOW_CTX_TASK_ID='load_tmdb' AIRFLOW_CTX_EXECUTION_DATE='2026-05-01T00:00:00+00:00' AIRFLOW_CTX_TRY_NUMBER='1' AIRFLOW_CTX_DAG_RUN_ID='scheduled__2026-05-01T00:00:00+00:00'
[2026-05-07T08:00:12.562+0000] {taskinstance.py:731} INFO - ::endgroup::
[2026-05-07T08:00:12.645+0000] {base.py:84} INFO - Retrieving connection 'conn'
[2026-05-07T08:00:12.648+0000] {connection.py:413} INFO - Snowflake Connector for Python Version: 3.12.2, Python Version: 3.12.5, Platform: Linux-6.12.76-linuxkit-aarch64-with-glibc2.36
[2026-05-07T08:00:12.656+0000] {connection.py:1196} INFO - Connecting to GLOBAL Snowflake domain
[2026-05-07T08:00:12.656+0000] {connection.py:1277} INFO - This connection is in OCSP Fail Open Mode. TLS Certificates would be checked for validity and revocation status. Any other Certificate Revocation related exceptions or OCSP Responder failures would be disregarded in favor of connectivity.
[2026-05-07T08:00:14.275+0000] {base.py:84} INFO - Retrieving connection 'conn'
[2026-05-07T08:00:15.389+0000] {cursor.py:1156} INFO - Number of results in first chunk: 1
[2026-05-07T08:00:15.588+0000] {cursor.py:1156} INFO - Number of results in first chunk: 1
[2026-05-07T08:00:15.776+0000] {cursor.py:1156} INFO - Number of results in first chunk: 1
[2026-05-07T08:00:16.792+0000] {cursor.py:1156} INFO - Number of results in first chunk: 1
[2026-05-07T08:00:19.409+0000] {cursor.py:1156} INFO - Number of results in first chunk: 1
[2026-05-07T08:00:19.411+0000] {connection.py:788} INFO - closed
[2026-05-07T08:00:19.769+0000] {connection.py:794} INFO - No async queries seem to be running, deleting session
[2026-05-07T08:00:19.900+0000] {python.py:240} INFO - Done. Returned value was: None
[2026-05-07T08:00:19.912+0000] {taskinstance.py:340} INFO - ::group::Post task execution logs
[2026-05-07T08:00:19.913+0000] {taskinstance.py:352} INFO - Marking task as SUCCESS. dag_id=tmdb_realtime_ingest, task_id=load_tmdb, run_id=scheduled__2026-05-01T00:00:00+00:00, execution_date=20260501T000000, start_date=20260507T080012, end_date=20260507T080019
[2026-05-07T08:00:19.968+0000] {local_task_job_runner.py:266} INFO - Task exited with return code 0
[2026-05-07T08:00:20.004+0000] {taskinstance.py:3900} INFO - 1 downstream tasks scheduled from follow-on schedule check
[2026-05-07T08:00:20.005+0000] {local_task_job_runner.py:245} INFO - ::endgroup::
[2026-05-07T08:09:57.124+0000] {local_task_job_runner.py:123} INFO - ::group::Pre task execution logs
[2026-05-07T08:09:57.179+0000] {taskinstance.py:2612} INFO - Dependencies all met for dep_context=non-requeueable deps ti=<TaskInstance: tmdb_realtime_ingest.load_tmdb scheduled__2026-05-01T00:00:00+00:00 [queued]>
[2026-05-07T08:09:57.197+0000] {taskinstance.py:2612} INFO - Dependencies all met for dep_context=requeueable deps ti=<TaskInstance: tmdb_realtime_ingest.load_tmdb scheduled__2026-05-01T00:00:00+00:00 [queued]>
[2026-05-07T08:09:57.199+0000] {taskinstance.py:2865} INFO - Starting attempt 1 of 1
[2026-05-07T08:09:57.249+0000] {taskinstance.py:2888} INFO - Executing <Task(PythonOperator): load_tmdb> on 2026-05-01 00:00:00+00:00
[2026-05-07T08:09:57.278+0000] {logging_mixin.py:190} WARNING - /home/***/.local/lib/python3.12/site-packages/***/task/task_runner/standard_task_runner.py:70 DeprecationWarning: This process (pid=664) is multi-threaded, use of fork() may lead to deadlocks in the child.
[2026-05-07T08:09:57.283+0000] {standard_task_runner.py:72} INFO - Started process 716 to run task
[2026-05-07T08:09:57.297+0000] {standard_task_runner.py:104} INFO - Running: ['***', 'tasks', 'run', 'tmdb_realtime_ingest', 'load_tmdb', 'scheduled__2026-05-01T00:00:00+00:00', '--job-id', '1761', '--raw', '--subdir', 'DAGS_FOLDER/tmdb_pipeline.py', '--cfg-path', '/tmp/tmp4_kfapey']
[2026-05-07T08:09:57.324+0000] {standard_task_runner.py:105} INFO - Job 1761: Subtask load_tmdb
[2026-05-07T08:09:57.566+0000] {task_command.py:467} INFO - Running <TaskInstance: tmdb_realtime_ingest.load_tmdb scheduled__2026-05-01T00:00:00+00:00 [running]> on host 304727ced316
[2026-05-07T08:09:57.797+0000] {taskinstance.py:3131} INFO - Exporting env vars: AIRFLOW_CTX_DAG_OWNER='***' AIRFLOW_CTX_DAG_ID='tmdb_realtime_ingest' AIRFLOW_CTX_TASK_ID='load_tmdb' AIRFLOW_CTX_EXECUTION_DATE='2026-05-01T00:00:00+00:00' AIRFLOW_CTX_TRY_NUMBER='1' AIRFLOW_CTX_DAG_RUN_ID='scheduled__2026-05-01T00:00:00+00:00'
[2026-05-07T08:09:57.803+0000] {taskinstance.py:731} INFO - ::endgroup::
[2026-05-07T08:09:57.859+0000] {base.py:84} INFO - Retrieving connection 'conn'
[2026-05-07T08:09:57.868+0000] {connection.py:413} INFO - Snowflake Connector for Python Version: 3.12.2, Python Version: 3.12.5, Platform: Linux-6.12.76-linuxkit-aarch64-with-glibc2.36
[2026-05-07T08:09:57.871+0000] {connection.py:1196} INFO - Connecting to GLOBAL Snowflake domain
[2026-05-07T08:09:57.872+0000] {connection.py:1277} INFO - This connection is in OCSP Fail Open Mode. TLS Certificates would be checked for validity and revocation status. Any other Certificate Revocation related exceptions or OCSP Responder failures would be disregarded in favor of connectivity.
[2026-05-07T08:09:58.404+0000] {base.py:84} INFO - Retrieving connection 'conn'
[2026-05-07T08:09:58.803+0000] {cursor.py:1156} INFO - Number of results in first chunk: 1
[2026-05-07T08:09:58.953+0000] {cursor.py:1156} INFO - Number of results in first chunk: 1
[2026-05-07T08:09:59.242+0000] {cursor.py:1156} INFO - Number of results in first chunk: 1
[2026-05-07T08:09:59.408+0000] {cursor.py:1156} INFO - Number of results in first chunk: 1
[2026-05-07T08:10:00.950+0000] {cursor.py:1156} INFO - Number of results in first chunk: 1
[2026-05-07T08:10:00.953+0000] {connection.py:788} INFO - closed
[2026-05-07T08:10:01.040+0000] {connection.py:794} INFO - No async queries seem to be running, deleting session
[2026-05-07T08:10:01.155+0000] {python.py:240} INFO - Done. Returned value was: None
[2026-05-07T08:10:01.178+0000] {taskinstance.py:340} INFO - ::group::Post task execution logs
[2026-05-07T08:10:01.179+0000] {taskinstance.py:352} INFO - Marking task as SUCCESS. dag_id=tmdb_realtime_ingest, task_id=load_tmdb, run_id=scheduled__2026-05-01T00:00:00+00:00, execution_date=20260501T000000, start_date=20260507T080957, end_date=20260507T081001
[2026-05-07T08:10:01.216+0000] {local_task_job_runner.py:266} INFO - Task exited with return code 0
[2026-05-07T08:10:01.244+0000] {local_task_job_runner.py:245} INFO - ::endgroup::
[2026-05-07T08:21:41.707+0000] {local_task_job_runner.py:123} INFO - ::group::Pre task execution logs
[2026-05-07T08:21:41.726+0000] {taskinstance.py:2612} INFO - Dependencies all met for dep_context=non-requeueable deps ti=<TaskInstance: tmdb_realtime_ingest.load_tmdb scheduled__2026-05-01T00:00:00+00:00 [queued]>
[2026-05-07T08:21:41.734+0000] {taskinstance.py:2612} INFO - Dependencies all met for dep_context=requeueable deps ti=<TaskInstance: tmdb_realtime_ingest.load_tmdb scheduled__2026-05-01T00:00:00+00:00 [queued]>
[2026-05-07T08:21:41.735+0000] {taskinstance.py:2865} INFO - Starting attempt 1 of 1
[2026-05-07T08:21:41.746+0000] {taskinstance.py:2888} INFO - Executing <Task(PythonOperator): load_tmdb> on 2026-05-01 00:00:00+00:00
[2026-05-07T08:21:41.757+0000] {logging_mixin.py:190} WARNING - /home/***/.local/lib/python3.12/site-packages/***/task/task_runner/standard_task_runner.py:70 DeprecationWarning: This process (pid=674) is multi-threaded, use of fork() may lead to deadlocks in the child.
[2026-05-07T08:21:41.759+0000] {standard_task_runner.py:72} INFO - Started process 694 to run task
[2026-05-07T08:21:41.759+0000] {standard_task_runner.py:104} INFO - Running: ['***', 'tasks', 'run', 'tmdb_realtime_ingest', 'load_tmdb', 'scheduled__2026-05-01T00:00:00+00:00', '--job-id', '1845', '--raw', '--subdir', 'DAGS_FOLDER/tmdb_pipeline.py', '--cfg-path', '/tmp/tmpq6pgog_h']
[2026-05-07T08:21:41.762+0000] {standard_task_runner.py:105} INFO - Job 1845: Subtask load_tmdb
[2026-05-07T08:21:41.844+0000] {task_command.py:467} INFO - Running <TaskInstance: tmdb_realtime_ingest.load_tmdb scheduled__2026-05-01T00:00:00+00:00 [running]> on host 468e1946259b
[2026-05-07T08:21:41.934+0000] {taskinstance.py:3131} INFO - Exporting env vars: AIRFLOW_CTX_DAG_OWNER='***' AIRFLOW_CTX_DAG_ID='tmdb_realtime_ingest' AIRFLOW_CTX_TASK_ID='load_tmdb' AIRFLOW_CTX_EXECUTION_DATE='2026-05-01T00:00:00+00:00' AIRFLOW_CTX_TRY_NUMBER='1' AIRFLOW_CTX_DAG_RUN_ID='scheduled__2026-05-01T00:00:00+00:00'
[2026-05-07T08:21:41.937+0000] {taskinstance.py:731} INFO - ::endgroup::
[2026-05-07T08:21:41.976+0000] {base.py:84} INFO - Retrieving connection 'conn'
[2026-05-07T08:21:41.978+0000] {connection.py:413} INFO - Snowflake Connector for Python Version: 3.12.2, Python Version: 3.12.5, Platform: Linux-6.12.76-linuxkit-aarch64-with-glibc2.36
[2026-05-07T08:21:41.985+0000] {connection.py:1196} INFO - Connecting to GLOBAL Snowflake domain
[2026-05-07T08:21:41.986+0000] {connection.py:1277} INFO - This connection is in OCSP Fail Open Mode. TLS Certificates would be checked for validity and revocation status. Any other Certificate Revocation related exceptions or OCSP Responder failures would be disregarded in favor of connectivity.
[2026-05-07T08:21:42.377+0000] {base.py:84} INFO - Retrieving connection 'conn'
[2026-05-07T08:21:42.633+0000] {cursor.py:1156} INFO - Number of results in first chunk: 1
[2026-05-07T08:21:42.751+0000] {cursor.py:1156} INFO - Number of results in first chunk: 1
[2026-05-07T08:21:42.885+0000] {cursor.py:1156} INFO - Number of results in first chunk: 1
[2026-05-07T08:21:43.553+0000] {cursor.py:1156} INFO - Number of results in first chunk: 1
[2026-05-07T08:21:45.794+0000] {cursor.py:1156} INFO - Number of results in first chunk: 1
[2026-05-07T08:21:45.798+0000] {connection.py:788} INFO - closed
[2026-05-07T08:21:45.868+0000] {connection.py:794} INFO - No async queries seem to be running, deleting session
[2026-05-07T08:21:45.971+0000] {python.py:240} INFO - Done. Returned value was: None
[2026-05-07T08:21:46.024+0000] {taskinstance.py:340} INFO - ::group::Post task execution logs
[2026-05-07T08:21:46.026+0000] {taskinstance.py:352} INFO - Marking task as SUCCESS. dag_id=tmdb_realtime_ingest, task_id=load_tmdb, run_id=scheduled__2026-05-01T00:00:00+00:00, execution_date=20260501T000000, start_date=20260507T082141, end_date=20260507T082146
[2026-05-07T08:21:46.100+0000] {local_task_job_runner.py:266} INFO - Task exited with return code 0
[2026-05-07T08:21:46.167+0000] {taskinstance.py:3900} INFO - 1 downstream tasks scheduled from follow-on schedule check
[2026-05-07T08:21:46.180+0000] {local_task_job_runner.py:245} INFO - ::endgroup::
