[2026-05-01T06:21:19.972+0000] {local_task_job_runner.py:123} INFO - ::group::Pre task execution logs
[2026-05-01T06:21:19.978+0000] {taskinstance.py:2612} INFO - Dependencies all met for dep_context=non-requeueable deps ti=<TaskInstance: tmdb_realtime_ingest.extract_tmdb_data manual__2026-05-01T06:21:19.127535+00:00 [queued]>
[2026-05-01T06:21:19.981+0000] {taskinstance.py:2612} INFO - Dependencies all met for dep_context=requeueable deps ti=<TaskInstance: tmdb_realtime_ingest.extract_tmdb_data manual__2026-05-01T06:21:19.127535+00:00 [queued]>
[2026-05-01T06:21:19.981+0000] {taskinstance.py:2865} INFO - Starting attempt 1 of 1
[2026-05-01T06:21:19.985+0000] {taskinstance.py:2888} INFO - Executing <Task(PythonOperator): extract_tmdb_data> on 2026-05-01 06:21:19.127535+00:00
[2026-05-01T06:21:19.989+0000] {standard_task_runner.py:104} INFO - Running: ['***', 'tasks', 'run', 'tmdb_realtime_ingest', 'extract_tmdb_data', 'manual__2026-05-01T06:21:19.127535+00:00', '--job-id', '3', '--raw', '--subdir', 'DAGS_FOLDER/tmdb_pipeline.py', '--cfg-path', '/tmp/tmp443ge2nl']
[2026-05-01T06:21:19.991+0000] {standard_task_runner.py:105} INFO - Job 3: Subtask extract_tmdb_data
[2026-05-01T06:21:19.990+0000] {logging_mixin.py:190} WARNING - /home/***/.local/lib/python3.12/site-packages/***/task/task_runner/standard_task_runner.py:70 DeprecationWarning: This process (pid=468) is multi-threaded, use of fork() may lead to deadlocks in the child.
[2026-05-01T06:21:19.991+0000] {standard_task_runner.py:72} INFO - Started process 470 to run task
[2026-05-01T06:21:20.009+0000] {task_command.py:467} INFO - Running <TaskInstance: tmdb_realtime_ingest.extract_tmdb_data manual__2026-05-01T06:21:19.127535+00:00 [running]> on host 6ffc2c4e3562
[2026-05-01T06:21:20.044+0000] {taskinstance.py:3131} INFO - Exporting env vars: AIRFLOW_CTX_DAG_OWNER='***' AIRFLOW_CTX_DAG_ID='tmdb_realtime_ingest' AIRFLOW_CTX_TASK_ID='extract_tmdb_data' AIRFLOW_CTX_EXECUTION_DATE='2026-05-01T06:21:19.127535+00:00' AIRFLOW_CTX_TRY_NUMBER='1' AIRFLOW_CTX_DAG_RUN_ID='manual__2026-05-01T06:21:19.127535+00:00'
[2026-05-01T06:21:20.045+0000] {taskinstance.py:731} INFO - ::endgroup::
[2026-05-01T06:21:20.158+0000] {logging_mixin.py:190} INFO - Preview of TMDb data:
[2026-05-01T06:21:20.164+0000] {logging_mixin.py:190} INFO -         id                    title  ... vote_average         snapshot_timestamp
0  1318447                     Apex  ...        6.520 2026-05-01 06:21:20.158145
1  1314481  The Devil Wears Prada 2  ...        6.286 2026-05-01 06:21:20.158145
2  1292695       They Will Kill You  ...        6.589 2026-05-01 06:21:20.158145
3   936075                  Michael  ...        7.600 2026-05-01 06:21:20.158145
4  1462229                Pegasus 3  ...        7.300 2026-05-01 06:21:20.158145

[5 rows x 6 columns]
[2026-05-01T06:21:20.166+0000] {logging_mixin.py:190} INFO - TMDb realtime ingestion complete!
[2026-05-01T06:21:20.166+0000] {python.py:240} INFO - Done. Returned value was: None
[2026-05-01T06:21:20.172+0000] {taskinstance.py:340} INFO - ::group::Post task execution logs
[2026-05-01T06:21:20.173+0000] {taskinstance.py:352} INFO - Marking task as SUCCESS. dag_id=tmdb_realtime_ingest, task_id=extract_tmdb_data, run_id=manual__2026-05-01T06:21:19.127535+00:00, execution_date=20260501T062119, start_date=20260501T062119, end_date=20260501T062120
[2026-05-01T06:21:20.216+0000] {local_task_job_runner.py:266} INFO - Task exited with return code 0
[2026-05-01T06:21:20.224+0000] {taskinstance.py:3900} INFO - 0 downstream tasks scheduled from follow-on schedule check
[2026-05-01T06:21:20.225+0000] {local_task_job_runner.py:245} INFO - ::endgroup::
