[2026-05-04T23:35:26.913+0000] {local_task_job_runner.py:123} INFO - ::group::Pre task execution logs
[2026-05-04T23:35:26.926+0000] {taskinstance.py:2612} INFO - Dependencies all met for dep_context=non-requeueable deps ti=<TaskInstance: tmdb_realtime_ingest.extract_tmdb_data scheduled__2026-05-03T00:00:00+00:00 [queued]>
[2026-05-04T23:35:26.931+0000] {taskinstance.py:2612} INFO - Dependencies all met for dep_context=requeueable deps ti=<TaskInstance: tmdb_realtime_ingest.extract_tmdb_data scheduled__2026-05-03T00:00:00+00:00 [queued]>
[2026-05-04T23:35:26.932+0000] {taskinstance.py:2865} INFO - Starting attempt 1 of 1
[2026-05-04T23:35:26.948+0000] {taskinstance.py:2888} INFO - Executing <Task(PythonOperator): extract_tmdb_data> on 2026-05-03 00:00:00+00:00
[2026-05-04T23:35:26.955+0000] {logging_mixin.py:190} WARNING - /home/***/.local/lib/python3.12/site-packages/***/task/task_runner/standard_task_runner.py:70 DeprecationWarning: This process (pid=188) is multi-threaded, use of fork() may lead to deadlocks in the child.
[2026-05-04T23:35:26.956+0000] {standard_task_runner.py:72} INFO - Started process 216 to run task
[2026-05-04T23:35:26.956+0000] {standard_task_runner.py:104} INFO - Running: ['***', 'tasks', 'run', 'tmdb_realtime_ingest', 'extract_tmdb_data', 'scheduled__2026-05-03T00:00:00+00:00', '--job-id', '162', '--raw', '--subdir', 'DAGS_FOLDER/tmdb_pipeline.py', '--cfg-path', '/tmp/tmp6ihepgr5']
[2026-05-04T23:35:26.959+0000] {standard_task_runner.py:105} INFO - Job 162: Subtask extract_tmdb_data
[2026-05-04T23:35:26.996+0000] {task_command.py:467} INFO - Running <TaskInstance: tmdb_realtime_ingest.extract_tmdb_data scheduled__2026-05-03T00:00:00+00:00 [running]> on host 6a67170d577a
[2026-05-04T23:35:27.052+0000] {taskinstance.py:3131} INFO - Exporting env vars: AIRFLOW_CTX_DAG_OWNER='***' AIRFLOW_CTX_DAG_ID='tmdb_realtime_ingest' AIRFLOW_CTX_TASK_ID='extract_tmdb_data' AIRFLOW_CTX_EXECUTION_DATE='2026-05-03T00:00:00+00:00' AIRFLOW_CTX_TRY_NUMBER='1' AIRFLOW_CTX_DAG_RUN_ID='scheduled__2026-05-03T00:00:00+00:00'
[2026-05-04T23:35:27.053+0000] {taskinstance.py:731} INFO - ::endgroup::
[2026-05-04T23:35:27.295+0000] {logging_mixin.py:190} INFO - Preview of TMDb data:
[2026-05-04T23:35:27.301+0000] {logging_mixin.py:190} INFO -    tmdb_id  ...         snapshot_timestamp
0  1266127  ... 2026-05-04 23:35:27.290999
1  1007757  ... 2026-05-04 23:35:27.290999
2  1314481  ... 2026-05-04 23:35:27.290999
3   936075  ... 2026-05-04 23:35:27.290999
4   931285  ... 2026-05-04 23:35:27.290999

[5 rows x 9 columns]
[2026-05-04T23:35:27.303+0000] {logging_mixin.py:190} INFO - TMDb realtime ingestion complete!
[2026-05-04T23:35:27.304+0000] {python.py:240} INFO - Done. Returned value was: None
[2026-05-04T23:35:27.309+0000] {taskinstance.py:340} INFO - ::group::Post task execution logs
[2026-05-04T23:35:27.309+0000] {taskinstance.py:352} INFO - Marking task as SUCCESS. dag_id=tmdb_realtime_ingest, task_id=extract_tmdb_data, run_id=scheduled__2026-05-03T00:00:00+00:00, execution_date=20260503T000000, start_date=20260504T233526, end_date=20260504T233527
[2026-05-04T23:35:27.344+0000] {local_task_job_runner.py:266} INFO - Task exited with return code 0
[2026-05-04T23:35:27.362+0000] {taskinstance.py:3900} INFO - 1 downstream tasks scheduled from follow-on schedule check
[2026-05-04T23:35:27.362+0000] {local_task_job_runner.py:245} INFO - ::endgroup::
[2026-05-07T07:21:07.671+0000] {local_task_job_runner.py:123} INFO - ::group::Pre task execution logs
[2026-05-07T07:21:07.687+0000] {taskinstance.py:2612} INFO - Dependencies all met for dep_context=non-requeueable deps ti=<TaskInstance: tmdb_realtime_ingest.extract_tmdb_data scheduled__2026-05-03T00:00:00+00:00 [queued]>
[2026-05-07T07:21:07.693+0000] {taskinstance.py:2612} INFO - Dependencies all met for dep_context=requeueable deps ti=<TaskInstance: tmdb_realtime_ingest.extract_tmdb_data scheduled__2026-05-03T00:00:00+00:00 [queued]>
[2026-05-07T07:21:07.693+0000] {taskinstance.py:2865} INFO - Starting attempt 1 of 1
[2026-05-07T07:21:07.703+0000] {taskinstance.py:2888} INFO - Executing <Task(PythonOperator): extract_tmdb_data> on 2026-05-03 00:00:00+00:00
[2026-05-07T07:21:07.713+0000] {logging_mixin.py:190} WARNING - /home/***/.local/lib/python3.12/site-packages/***/task/task_runner/standard_task_runner.py:70 DeprecationWarning: This process (pid=2446) is multi-threaded, use of fork() may lead to deadlocks in the child.
[2026-05-07T07:21:07.716+0000] {standard_task_runner.py:72} INFO - Started process 2465 to run task
[2026-05-07T07:21:07.718+0000] {standard_task_runner.py:104} INFO - Running: ['***', 'tasks', 'run', 'tmdb_realtime_ingest', 'extract_tmdb_data', 'scheduled__2026-05-03T00:00:00+00:00', '--job-id', '465', '--raw', '--subdir', 'DAGS_FOLDER/tmdb_pipeline.py', '--cfg-path', '/tmp/tmpb_bpx1eq']
[2026-05-07T07:21:07.720+0000] {standard_task_runner.py:105} INFO - Job 465: Subtask extract_tmdb_data
[2026-05-07T07:21:07.766+0000] {task_command.py:467} INFO - Running <TaskInstance: tmdb_realtime_ingest.extract_tmdb_data scheduled__2026-05-03T00:00:00+00:00 [running]> on host 1589e571b783
[2026-05-07T07:21:07.817+0000] {taskinstance.py:3131} INFO - Exporting env vars: AIRFLOW_CTX_DAG_OWNER='***' AIRFLOW_CTX_DAG_ID='tmdb_realtime_ingest' AIRFLOW_CTX_TASK_ID='extract_tmdb_data' AIRFLOW_CTX_EXECUTION_DATE='2026-05-03T00:00:00+00:00' AIRFLOW_CTX_TRY_NUMBER='1' AIRFLOW_CTX_DAG_RUN_ID='scheduled__2026-05-03T00:00:00+00:00'
[2026-05-07T07:21:07.818+0000] {taskinstance.py:731} INFO - ::endgroup::
[2026-05-07T07:21:07.918+0000] {logging_mixin.py:190} INFO - Preview of TMDb data:
[2026-05-07T07:21:07.926+0000] {logging_mixin.py:190} INFO -    tmdb_id  ...        snapshot_timestamp
0   931285  ... 2026-05-03 00:00:00+00:00
1  1325734  ... 2026-05-03 00:00:00+00:00
2  1266127  ... 2026-05-03 00:00:00+00:00
3  1226863  ... 2026-05-03 00:00:00+00:00
4  1314481  ... 2026-05-03 00:00:00+00:00

[5 rows x 9 columns]
[2026-05-07T07:21:07.928+0000] {logging_mixin.py:190} INFO - TMDb realtime ingestion complete!
[2026-05-07T07:21:07.928+0000] {python.py:240} INFO - Done. Returned value was: None
[2026-05-07T07:21:07.936+0000] {taskinstance.py:340} INFO - ::group::Post task execution logs
[2026-05-07T07:21:07.936+0000] {taskinstance.py:352} INFO - Marking task as SUCCESS. dag_id=tmdb_realtime_ingest, task_id=extract_tmdb_data, run_id=scheduled__2026-05-03T00:00:00+00:00, execution_date=20260503T000000, start_date=20260507T072107, end_date=20260507T072107
[2026-05-07T07:21:07.982+0000] {local_task_job_runner.py:266} INFO - Task exited with return code 0
[2026-05-07T07:21:07.995+0000] {taskinstance.py:3900} INFO - 1 downstream tasks scheduled from follow-on schedule check
[2026-05-07T07:21:07.995+0000] {local_task_job_runner.py:245} INFO - ::endgroup::
[2026-05-07T07:35:30.792+0000] {local_task_job_runner.py:123} INFO - ::group::Pre task execution logs
[2026-05-07T07:35:30.805+0000] {taskinstance.py:2612} INFO - Dependencies all met for dep_context=non-requeueable deps ti=<TaskInstance: tmdb_realtime_ingest.extract_tmdb_data scheduled__2026-05-03T00:00:00+00:00 [queued]>
[2026-05-07T07:35:30.816+0000] {taskinstance.py:2612} INFO - Dependencies all met for dep_context=requeueable deps ti=<TaskInstance: tmdb_realtime_ingest.extract_tmdb_data scheduled__2026-05-03T00:00:00+00:00 [queued]>
[2026-05-07T07:35:30.816+0000] {taskinstance.py:2865} INFO - Starting attempt 1 of 1
[2026-05-07T07:35:30.830+0000] {taskinstance.py:2888} INFO - Executing <Task(PythonOperator): extract_tmdb_data> on 2026-05-03 00:00:00+00:00
[2026-05-07T07:35:30.850+0000] {logging_mixin.py:190} WARNING - /home/***/.local/lib/python3.12/site-packages/***/task/task_runner/standard_task_runner.py:70 DeprecationWarning: This process (pid=2402) is multi-threaded, use of fork() may lead to deadlocks in the child.
[2026-05-07T07:35:30.852+0000] {standard_task_runner.py:72} INFO - Started process 2426 to run task
[2026-05-07T07:35:30.852+0000] {standard_task_runner.py:104} INFO - Running: ['***', 'tasks', 'run', 'tmdb_realtime_ingest', 'extract_tmdb_data', 'scheduled__2026-05-03T00:00:00+00:00', '--job-id', '804', '--raw', '--subdir', 'DAGS_FOLDER/tmdb_pipeline.py', '--cfg-path', '/tmp/tmpkx29xyvs']
[2026-05-07T07:35:30.860+0000] {standard_task_runner.py:105} INFO - Job 804: Subtask extract_tmdb_data
[2026-05-07T07:35:30.909+0000] {task_command.py:467} INFO - Running <TaskInstance: tmdb_realtime_ingest.extract_tmdb_data scheduled__2026-05-03T00:00:00+00:00 [running]> on host da59d52ee0b5
[2026-05-07T07:35:31.024+0000] {taskinstance.py:3131} INFO - Exporting env vars: AIRFLOW_CTX_DAG_OWNER='***' AIRFLOW_CTX_DAG_ID='tmdb_realtime_ingest' AIRFLOW_CTX_TASK_ID='extract_tmdb_data' AIRFLOW_CTX_EXECUTION_DATE='2026-05-03T00:00:00+00:00' AIRFLOW_CTX_TRY_NUMBER='1' AIRFLOW_CTX_DAG_RUN_ID='scheduled__2026-05-03T00:00:00+00:00'
[2026-05-07T07:35:31.025+0000] {taskinstance.py:731} INFO - ::endgroup::
[2026-05-07T07:35:31.182+0000] {logging_mixin.py:190} INFO - Preview of TMDb data:
[2026-05-07T07:35:31.201+0000] {logging_mixin.py:190} INFO -    tmdb_id  ...         snapshot_timestamp
0   931285  ... 2026-05-07 07:35:31.176026
1  1325734  ... 2026-05-07 07:35:31.176026
2  1226863  ... 2026-05-07 07:35:31.176026
3  1266127  ... 2026-05-07 07:35:31.176026
4  1314481  ... 2026-05-07 07:35:31.176026

[5 rows x 9 columns]
[2026-05-07T07:35:31.207+0000] {logging_mixin.py:190} INFO - TMDb realtime ingestion complete!
[2026-05-07T07:35:31.207+0000] {python.py:240} INFO - Done. Returned value was: None
[2026-05-07T07:35:31.215+0000] {taskinstance.py:340} INFO - ::group::Post task execution logs
[2026-05-07T07:35:31.215+0000] {taskinstance.py:352} INFO - Marking task as SUCCESS. dag_id=tmdb_realtime_ingest, task_id=extract_tmdb_data, run_id=scheduled__2026-05-03T00:00:00+00:00, execution_date=20260503T000000, start_date=20260507T073530, end_date=20260507T073531
[2026-05-07T07:35:31.254+0000] {local_task_job_runner.py:266} INFO - Task exited with return code 0
[2026-05-07T07:35:31.278+0000] {taskinstance.py:3900} INFO - 1 downstream tasks scheduled from follow-on schedule check
[2026-05-07T07:35:31.284+0000] {local_task_job_runner.py:245} INFO - ::endgroup::
[2026-05-07T07:44:44.954+0000] {local_task_job_runner.py:123} INFO - ::group::Pre task execution logs
[2026-05-07T07:44:44.974+0000] {taskinstance.py:2612} INFO - Dependencies all met for dep_context=non-requeueable deps ti=<TaskInstance: tmdb_realtime_ingest.extract_tmdb_data scheduled__2026-05-03T00:00:00+00:00 [queued]>
[2026-05-07T07:44:44.989+0000] {taskinstance.py:2612} INFO - Dependencies all met for dep_context=requeueable deps ti=<TaskInstance: tmdb_realtime_ingest.extract_tmdb_data scheduled__2026-05-03T00:00:00+00:00 [queued]>
[2026-05-07T07:44:44.997+0000] {taskinstance.py:2865} INFO - Starting attempt 1 of 1
[2026-05-07T07:44:45.019+0000] {taskinstance.py:2888} INFO - Executing <Task(PythonOperator): extract_tmdb_data> on 2026-05-03 00:00:00+00:00
[2026-05-07T07:44:45.049+0000] {logging_mixin.py:190} WARNING - /home/***/.local/lib/python3.12/site-packages/***/task/task_runner/standard_task_runner.py:70 DeprecationWarning: This process (pid=5563) is multi-threaded, use of fork() may lead to deadlocks in the child.
[2026-05-07T07:44:45.050+0000] {standard_task_runner.py:72} INFO - Started process 5593 to run task
[2026-05-07T07:44:45.044+0000] {standard_task_runner.py:104} INFO - Running: ['***', 'tasks', 'run', 'tmdb_realtime_ingest', 'extract_tmdb_data', 'scheduled__2026-05-03T00:00:00+00:00', '--job-id', '1157', '--raw', '--subdir', 'DAGS_FOLDER/tmdb_pipeline.py', '--cfg-path', '/tmp/tmpjdrb_38o']
[2026-05-07T07:44:45.053+0000] {standard_task_runner.py:105} INFO - Job 1157: Subtask extract_tmdb_data
[2026-05-07T07:44:45.211+0000] {task_command.py:467} INFO - Running <TaskInstance: tmdb_realtime_ingest.extract_tmdb_data scheduled__2026-05-03T00:00:00+00:00 [running]> on host da59d52ee0b5
[2026-05-07T07:44:45.332+0000] {taskinstance.py:3131} INFO - Exporting env vars: AIRFLOW_CTX_DAG_OWNER='***' AIRFLOW_CTX_DAG_ID='tmdb_realtime_ingest' AIRFLOW_CTX_TASK_ID='extract_tmdb_data' AIRFLOW_CTX_EXECUTION_DATE='2026-05-03T00:00:00+00:00' AIRFLOW_CTX_TRY_NUMBER='1' AIRFLOW_CTX_DAG_RUN_ID='scheduled__2026-05-03T00:00:00+00:00'
[2026-05-07T07:44:45.335+0000] {taskinstance.py:731} INFO - ::endgroup::
[2026-05-07T07:44:45.689+0000] {logging_mixin.py:190} INFO - Preview of TMDb data:
[2026-05-07T07:44:45.696+0000] {logging_mixin.py:190} INFO -    tmdb_id  ...         snapshot_timestamp
0   931285  ... 2026-05-07 07:44:45.686200
1  1325734  ... 2026-05-07 07:44:45.686200
2  1266127  ... 2026-05-07 07:44:45.686200
3  1226863  ... 2026-05-07 07:44:45.686200
4  1327819  ... 2026-05-07 07:44:45.686200

[5 rows x 9 columns]
[2026-05-07T07:44:45.698+0000] {logging_mixin.py:190} INFO - TMDb realtime ingestion complete!
[2026-05-07T07:44:45.699+0000] {python.py:240} INFO - Done. Returned value was: None
[2026-05-07T07:44:45.703+0000] {taskinstance.py:340} INFO - ::group::Post task execution logs
[2026-05-07T07:44:45.703+0000] {taskinstance.py:352} INFO - Marking task as SUCCESS. dag_id=tmdb_realtime_ingest, task_id=extract_tmdb_data, run_id=scheduled__2026-05-03T00:00:00+00:00, execution_date=20260503T000000, start_date=20260507T074444, end_date=20260507T074445
[2026-05-07T07:44:45.735+0000] {local_task_job_runner.py:266} INFO - Task exited with return code 0
[2026-05-07T07:44:45.750+0000] {taskinstance.py:3900} INFO - 1 downstream tasks scheduled from follow-on schedule check
[2026-05-07T07:44:45.750+0000] {local_task_job_runner.py:245} INFO - ::endgroup::
[2026-05-07T08:00:07.693+0000] {local_task_job_runner.py:123} INFO - ::group::Pre task execution logs
[2026-05-07T08:00:07.780+0000] {taskinstance.py:2612} INFO - Dependencies all met for dep_context=non-requeueable deps ti=<TaskInstance: tmdb_realtime_ingest.extract_tmdb_data scheduled__2026-05-03T00:00:00+00:00 [queued]>
[2026-05-07T08:00:07.812+0000] {taskinstance.py:2612} INFO - Dependencies all met for dep_context=requeueable deps ti=<TaskInstance: tmdb_realtime_ingest.extract_tmdb_data scheduled__2026-05-03T00:00:00+00:00 [queued]>
[2026-05-07T08:00:07.813+0000] {taskinstance.py:2865} INFO - Starting attempt 1 of 1
[2026-05-07T08:00:08.044+0000] {taskinstance.py:2888} INFO - Executing <Task(PythonOperator): extract_tmdb_data> on 2026-05-03 00:00:00+00:00
[2026-05-07T08:00:08.080+0000] {logging_mixin.py:190} WARNING - /home/***/.local/lib/python3.12/site-packages/***/task/task_runner/standard_task_runner.py:70 DeprecationWarning: This process (pid=3143) is multi-threaded, use of fork() may lead to deadlocks in the child.
[2026-05-07T08:00:08.084+0000] {standard_task_runner.py:72} INFO - Started process 3185 to run task
[2026-05-07T08:00:08.092+0000] {standard_task_runner.py:104} INFO - Running: ['***', 'tasks', 'run', 'tmdb_realtime_ingest', 'extract_tmdb_data', 'scheduled__2026-05-03T00:00:00+00:00', '--job-id', '1642', '--raw', '--subdir', 'DAGS_FOLDER/tmdb_pipeline.py', '--cfg-path', '/tmp/tmp9_vl72iz']
[2026-05-07T08:00:08.104+0000] {standard_task_runner.py:105} INFO - Job 1642: Subtask extract_tmdb_data
[2026-05-07T08:00:08.214+0000] {task_command.py:467} INFO - Running <TaskInstance: tmdb_realtime_ingest.extract_tmdb_data scheduled__2026-05-03T00:00:00+00:00 [running]> on host aec0b0090a27
[2026-05-07T08:00:08.454+0000] {taskinstance.py:3131} INFO - Exporting env vars: AIRFLOW_CTX_DAG_OWNER='***' AIRFLOW_CTX_DAG_ID='tmdb_realtime_ingest' AIRFLOW_CTX_TASK_ID='extract_tmdb_data' AIRFLOW_CTX_EXECUTION_DATE='2026-05-03T00:00:00+00:00' AIRFLOW_CTX_TRY_NUMBER='1' AIRFLOW_CTX_DAG_RUN_ID='scheduled__2026-05-03T00:00:00+00:00'
[2026-05-07T08:00:08.460+0000] {taskinstance.py:731} INFO - ::endgroup::
[2026-05-07T08:00:09.022+0000] {logging_mixin.py:190} INFO - Preview of TMDb data:
[2026-05-07T08:00:09.065+0000] {logging_mixin.py:190} INFO -    tmdb_id  ...         snapshot_timestamp
0  1325734  ... 2026-05-07 08:00:08.975154
1   931285  ... 2026-05-07 08:00:08.975154
2  1266127  ... 2026-05-07 08:00:08.975154
3  1226863  ... 2026-05-07 08:00:08.975154
4  1007757  ... 2026-05-07 08:00:08.975154

[5 rows x 9 columns]
[2026-05-07T08:00:09.086+0000] {logging_mixin.py:190} INFO - TMDb realtime ingestion complete!
[2026-05-07T08:00:09.090+0000] {python.py:240} INFO - Done. Returned value was: None
[2026-05-07T08:00:09.105+0000] {taskinstance.py:340} INFO - ::group::Post task execution logs
[2026-05-07T08:00:09.105+0000] {taskinstance.py:352} INFO - Marking task as SUCCESS. dag_id=tmdb_realtime_ingest, task_id=extract_tmdb_data, run_id=scheduled__2026-05-03T00:00:00+00:00, execution_date=20260503T000000, start_date=20260507T080007, end_date=20260507T080009
[2026-05-07T08:00:09.172+0000] {local_task_job_runner.py:266} INFO - Task exited with return code 0
[2026-05-07T08:00:09.276+0000] {taskinstance.py:3900} INFO - 1 downstream tasks scheduled from follow-on schedule check
[2026-05-07T08:00:09.289+0000] {local_task_job_runner.py:245} INFO - ::endgroup::
[2026-05-07T08:09:46.355+0000] {local_task_job_runner.py:123} INFO - ::group::Pre task execution logs
[2026-05-07T08:09:46.371+0000] {taskinstance.py:2612} INFO - Dependencies all met for dep_context=non-requeueable deps ti=<TaskInstance: tmdb_realtime_ingest.extract_tmdb_data scheduled__2026-05-03T00:00:00+00:00 [queued]>
[2026-05-07T08:09:46.376+0000] {taskinstance.py:2612} INFO - Dependencies all met for dep_context=requeueable deps ti=<TaskInstance: tmdb_realtime_ingest.extract_tmdb_data scheduled__2026-05-03T00:00:00+00:00 [queued]>
[2026-05-07T08:09:46.377+0000] {taskinstance.py:2865} INFO - Starting attempt 1 of 1
[2026-05-07T08:09:46.390+0000] {taskinstance.py:2888} INFO - Executing <Task(PythonOperator): extract_tmdb_data> on 2026-05-03 00:00:00+00:00
[2026-05-07T08:09:46.401+0000] {logging_mixin.py:190} WARNING - /home/***/.local/lib/python3.12/site-packages/***/task/task_runner/standard_task_runner.py:70 DeprecationWarning: This process (pid=534) is multi-threaded, use of fork() may lead to deadlocks in the child.
[2026-05-07T08:09:46.402+0000] {standard_task_runner.py:72} INFO - Started process 579 to run task
[2026-05-07T08:09:46.409+0000] {standard_task_runner.py:104} INFO - Running: ['***', 'tasks', 'run', 'tmdb_realtime_ingest', 'extract_tmdb_data', 'scheduled__2026-05-03T00:00:00+00:00', '--job-id', '1738', '--raw', '--subdir', 'DAGS_FOLDER/tmdb_pipeline.py', '--cfg-path', '/tmp/tmpcqhaehth']
[2026-05-07T08:09:46.412+0000] {standard_task_runner.py:105} INFO - Job 1738: Subtask extract_tmdb_data
[2026-05-07T08:09:46.493+0000] {task_command.py:467} INFO - Running <TaskInstance: tmdb_realtime_ingest.extract_tmdb_data scheduled__2026-05-03T00:00:00+00:00 [running]> on host 304727ced316
[2026-05-07T08:09:46.636+0000] {taskinstance.py:3131} INFO - Exporting env vars: AIRFLOW_CTX_DAG_OWNER='***' AIRFLOW_CTX_DAG_ID='tmdb_realtime_ingest' AIRFLOW_CTX_TASK_ID='extract_tmdb_data' AIRFLOW_CTX_EXECUTION_DATE='2026-05-03T00:00:00+00:00' AIRFLOW_CTX_TRY_NUMBER='1' AIRFLOW_CTX_DAG_RUN_ID='scheduled__2026-05-03T00:00:00+00:00'
[2026-05-07T08:09:46.640+0000] {taskinstance.py:731} INFO - ::endgroup::
[2026-05-07T08:09:46.836+0000] {logging_mixin.py:190} INFO - Preview of TMDb data:
[2026-05-07T08:09:46.889+0000] {logging_mixin.py:190} INFO -    tmdb_id  ...         snapshot_timestamp
0  1325734  ... 2026-05-07 08:09:46.821351
1   931285  ... 2026-05-07 08:09:46.821351
2  1266127  ... 2026-05-07 08:09:46.821351
3  1226863  ... 2026-05-07 08:09:46.821351
4  1007757  ... 2026-05-07 08:09:46.821351

[5 rows x 9 columns]
[2026-05-07T08:09:46.892+0000] {logging_mixin.py:190} INFO - TMDb realtime ingestion complete!
[2026-05-07T08:09:46.895+0000] {python.py:240} INFO - Done. Returned value was: None
[2026-05-07T08:09:46.911+0000] {taskinstance.py:340} INFO - ::group::Post task execution logs
[2026-05-07T08:09:46.914+0000] {taskinstance.py:352} INFO - Marking task as SUCCESS. dag_id=tmdb_realtime_ingest, task_id=extract_tmdb_data, run_id=scheduled__2026-05-03T00:00:00+00:00, execution_date=20260503T000000, start_date=20260507T080946, end_date=20260507T080946
[2026-05-07T08:09:47.027+0000] {local_task_job_runner.py:266} INFO - Task exited with return code 0
[2026-05-07T08:09:47.077+0000] {taskinstance.py:3900} INFO - 1 downstream tasks scheduled from follow-on schedule check
[2026-05-07T08:09:47.081+0000] {local_task_job_runner.py:245} INFO - ::endgroup::
[2026-05-07T08:21:37.353+0000] {local_task_job_runner.py:123} INFO - ::group::Pre task execution logs
[2026-05-07T08:21:37.368+0000] {taskinstance.py:2612} INFO - Dependencies all met for dep_context=non-requeueable deps ti=<TaskInstance: tmdb_realtime_ingest.extract_tmdb_data scheduled__2026-05-03T00:00:00+00:00 [queued]>
[2026-05-07T08:21:37.386+0000] {taskinstance.py:2612} INFO - Dependencies all met for dep_context=requeueable deps ti=<TaskInstance: tmdb_realtime_ingest.extract_tmdb_data scheduled__2026-05-03T00:00:00+00:00 [queued]>
[2026-05-07T08:21:37.387+0000] {taskinstance.py:2865} INFO - Starting attempt 1 of 1
[2026-05-07T08:21:37.395+0000] {taskinstance.py:2888} INFO - Executing <Task(PythonOperator): extract_tmdb_data> on 2026-05-03 00:00:00+00:00
[2026-05-07T08:21:37.403+0000] {logging_mixin.py:190} WARNING - /home/***/.local/lib/python3.12/site-packages/***/task/task_runner/standard_task_runner.py:70 DeprecationWarning: This process (pid=581) is multi-threaded, use of fork() may lead to deadlocks in the child.
[2026-05-07T08:21:37.405+0000] {standard_task_runner.py:72} INFO - Started process 597 to run task
[2026-05-07T08:21:37.404+0000] {standard_task_runner.py:104} INFO - Running: ['***', 'tasks', 'run', 'tmdb_realtime_ingest', 'extract_tmdb_data', 'scheduled__2026-05-03T00:00:00+00:00', '--job-id', '1835', '--raw', '--subdir', 'DAGS_FOLDER/tmdb_pipeline.py', '--cfg-path', '/tmp/tmp4h11la_h']
[2026-05-07T08:21:37.406+0000] {standard_task_runner.py:105} INFO - Job 1835: Subtask extract_tmdb_data
[2026-05-07T08:21:37.529+0000] {task_command.py:467} INFO - Running <TaskInstance: tmdb_realtime_ingest.extract_tmdb_data scheduled__2026-05-03T00:00:00+00:00 [running]> on host 468e1946259b
[2026-05-07T08:21:37.598+0000] {taskinstance.py:3131} INFO - Exporting env vars: AIRFLOW_CTX_DAG_OWNER='***' AIRFLOW_CTX_DAG_ID='tmdb_realtime_ingest' AIRFLOW_CTX_TASK_ID='extract_tmdb_data' AIRFLOW_CTX_EXECUTION_DATE='2026-05-03T00:00:00+00:00' AIRFLOW_CTX_TRY_NUMBER='1' AIRFLOW_CTX_DAG_RUN_ID='scheduled__2026-05-03T00:00:00+00:00'
[2026-05-07T08:21:37.599+0000] {taskinstance.py:731} INFO - ::endgroup::
[2026-05-07T08:21:37.721+0000] {logging_mixin.py:190} INFO - Preview of TMDb data:
[2026-05-07T08:21:37.733+0000] {logging_mixin.py:190} INFO -    tmdb_id  ...         snapshot_timestamp
0   931285  ... 2026-05-07 08:21:37.718165
1  1325734  ... 2026-05-07 08:21:37.718165
2  1266127  ... 2026-05-07 08:21:37.718165
3  1226863  ... 2026-05-07 08:21:37.718165
4   936075  ... 2026-05-07 08:21:37.718165

[5 rows x 9 columns]
[2026-05-07T08:21:37.736+0000] {logging_mixin.py:190} INFO - TMDb realtime ingestion complete!
[2026-05-07T08:21:37.736+0000] {python.py:240} INFO - Done. Returned value was: None
[2026-05-07T08:21:37.750+0000] {taskinstance.py:340} INFO - ::group::Post task execution logs
[2026-05-07T08:21:37.750+0000] {taskinstance.py:352} INFO - Marking task as SUCCESS. dag_id=tmdb_realtime_ingest, task_id=extract_tmdb_data, run_id=scheduled__2026-05-03T00:00:00+00:00, execution_date=20260503T000000, start_date=20260507T082137, end_date=20260507T082137
[2026-05-07T08:21:37.793+0000] {local_task_job_runner.py:266} INFO - Task exited with return code 0
[2026-05-07T08:21:37.802+0000] {local_task_job_runner.py:245} INFO - ::endgroup::
