[2026-05-01T18:11:10.095+0000] {local_task_job_runner.py:123} INFO - ::group::Pre task execution logs
[2026-05-01T18:11:10.100+0000] {taskinstance.py:2612} INFO - Dependencies all met for dep_context=non-requeueable deps ti=<TaskInstance: tmdb_realtime_ingest.extract_tmdb_data manual__2026-05-01T18:11:09.036040+00:00 [queued]>
[2026-05-01T18:11:10.103+0000] {taskinstance.py:2612} INFO - Dependencies all met for dep_context=requeueable deps ti=<TaskInstance: tmdb_realtime_ingest.extract_tmdb_data manual__2026-05-01T18:11:09.036040+00:00 [queued]>
[2026-05-01T18:11:10.103+0000] {taskinstance.py:2865} INFO - Starting attempt 1 of 1
[2026-05-01T18:11:10.107+0000] {taskinstance.py:2888} INFO - Executing <Task(PythonOperator): extract_tmdb_data> on 2026-05-01 18:11:09.036040+00:00
[2026-05-01T18:11:10.112+0000] {logging_mixin.py:190} WARNING - /home/***/.local/lib/python3.12/site-packages/***/task/task_runner/standard_task_runner.py:70 DeprecationWarning: This process (pid=529) is multi-threaded, use of fork() may lead to deadlocks in the child.
[2026-05-01T18:11:10.113+0000] {standard_task_runner.py:72} INFO - Started process 532 to run task
[2026-05-01T18:11:10.112+0000] {standard_task_runner.py:104} INFO - Running: ['***', 'tasks', 'run', 'tmdb_realtime_ingest', 'extract_tmdb_data', 'manual__2026-05-01T18:11:09.036040+00:00', '--job-id', '80', '--raw', '--subdir', 'DAGS_FOLDER/tmdb_pipeline.py', '--cfg-path', '/tmp/tmp8k1dcdkx']
[2026-05-01T18:11:10.113+0000] {standard_task_runner.py:105} INFO - Job 80: Subtask extract_tmdb_data
[2026-05-01T18:11:10.132+0000] {task_command.py:467} INFO - Running <TaskInstance: tmdb_realtime_ingest.extract_tmdb_data manual__2026-05-01T18:11:09.036040+00:00 [running]> on host 3003a2a9b4d5
[2026-05-01T18:11:10.160+0000] {taskinstance.py:3131} INFO - Exporting env vars: AIRFLOW_CTX_DAG_OWNER='***' AIRFLOW_CTX_DAG_ID='tmdb_realtime_ingest' AIRFLOW_CTX_TASK_ID='extract_tmdb_data' AIRFLOW_CTX_EXECUTION_DATE='2026-05-01T18:11:09.036040+00:00' AIRFLOW_CTX_TRY_NUMBER='1' AIRFLOW_CTX_DAG_RUN_ID='manual__2026-05-01T18:11:09.036040+00:00'
[2026-05-01T18:11:10.160+0000] {taskinstance.py:731} INFO - ::endgroup::
[2026-05-01T18:11:10.234+0000] {logging_mixin.py:190} INFO - Preview of TMDb data:
[2026-05-01T18:11:10.244+0000] {logging_mixin.py:190} INFO -    tmdb_id               title  ... original_language         snapshot_timestamp
0  1007757             Swapped  ...                en 2026-05-01 18:11:10.232255
1   687163   Project Hail Mary  ...                en 2026-05-01 18:11:10.232255
2   936075             Michael  ...                en 2026-05-01 18:11:10.232255
3  1292695  They Will Kill You  ...                en 2026-05-01 18:11:10.232255
4  1327819             Hoppers  ...                en 2026-05-01 18:11:10.232255

[5 rows x 9 columns]
[2026-05-01T18:11:10.246+0000] {logging_mixin.py:190} INFO - TMDb realtime ingestion complete!
[2026-05-01T18:11:10.246+0000] {python.py:240} INFO - Done. Returned value was: None
[2026-05-01T18:11:10.249+0000] {taskinstance.py:340} INFO - ::group::Post task execution logs
[2026-05-01T18:11:10.249+0000] {taskinstance.py:352} INFO - Marking task as SUCCESS. dag_id=tmdb_realtime_ingest, task_id=extract_tmdb_data, run_id=manual__2026-05-01T18:11:09.036040+00:00, execution_date=20260501T181109, start_date=20260501T181110, end_date=20260501T181110
[2026-05-01T18:11:10.294+0000] {local_task_job_runner.py:266} INFO - Task exited with return code 0
[2026-05-01T18:11:10.303+0000] {taskinstance.py:3900} INFO - 1 downstream tasks scheduled from follow-on schedule check
[2026-05-01T18:11:10.303+0000] {local_task_job_runner.py:245} INFO - ::endgroup::
