[2026-05-02T19:18:54.064+0000] {local_task_job_runner.py:123} INFO - ::group::Pre task execution logs
[2026-05-02T19:18:54.078+0000] {taskinstance.py:2612} INFO - Dependencies all met for dep_context=non-requeueable deps ti=<TaskInstance: tmdb_realtime_ingest.load_tmdb manual__2026-05-02T19:18:50.856995+00:00 [queued]>
[2026-05-02T19:18:54.087+0000] {taskinstance.py:2612} INFO - Dependencies all met for dep_context=requeueable deps ti=<TaskInstance: tmdb_realtime_ingest.load_tmdb manual__2026-05-02T19:18:50.856995+00:00 [queued]>
[2026-05-02T19:18:54.087+0000] {taskinstance.py:2865} INFO - Starting attempt 1 of 1
[2026-05-02T19:18:54.099+0000] {taskinstance.py:2888} INFO - Executing <Task(PythonOperator): load_tmdb> on 2026-05-02 19:18:50.856995+00:00
[2026-05-02T19:18:54.105+0000] {logging_mixin.py:190} WARNING - /home/***/.local/lib/python3.12/site-packages/***/task/task_runner/standard_task_runner.py:70 DeprecationWarning: This process (pid=311) is multi-threaded, use of fork() may lead to deadlocks in the child.
[2026-05-02T19:18:54.106+0000] {standard_task_runner.py:72} INFO - Started process 318 to run task
[2026-05-02T19:18:54.106+0000] {standard_task_runner.py:104} INFO - Running: ['***', 'tasks', 'run', 'tmdb_realtime_ingest', 'load_tmdb', 'manual__2026-05-02T19:18:50.856995+00:00', '--job-id', '138', '--raw', '--subdir', 'DAGS_FOLDER/tmdb_pipeline.py', '--cfg-path', '/tmp/tmpsul4d7ph']
[2026-05-02T19:18:54.108+0000] {standard_task_runner.py:105} INFO - Job 138: Subtask load_tmdb
[2026-05-02T19:18:54.138+0000] {task_command.py:467} INFO - Running <TaskInstance: tmdb_realtime_ingest.load_tmdb manual__2026-05-02T19:18:50.856995+00:00 [running]> on host 0bd3991b4276
[2026-05-02T19:18:54.190+0000] {taskinstance.py:3131} INFO - Exporting env vars: AIRFLOW_CTX_DAG_OWNER='***' AIRFLOW_CTX_DAG_ID='tmdb_realtime_ingest' AIRFLOW_CTX_TASK_ID='load_tmdb' AIRFLOW_CTX_EXECUTION_DATE='2026-05-02T19:18:50.856995+00:00' AIRFLOW_CTX_TRY_NUMBER='1' AIRFLOW_CTX_DAG_RUN_ID='manual__2026-05-02T19:18:50.856995+00:00'
[2026-05-02T19:18:54.191+0000] {taskinstance.py:731} INFO - ::endgroup::
[2026-05-02T19:18:54.211+0000] {base.py:84} INFO - Retrieving connection 'conn'
[2026-05-02T19:18:54.212+0000] {connection.py:413} INFO - Snowflake Connector for Python Version: 3.12.2, Python Version: 3.12.5, Platform: Linux-6.12.76-linuxkit-aarch64-with-glibc2.36
[2026-05-02T19:18:54.213+0000] {connection.py:1196} INFO - Connecting to GLOBAL Snowflake domain
[2026-05-02T19:18:54.214+0000] {connection.py:1277} INFO - This connection is in OCSP Fail Open Mode. TLS Certificates would be checked for validity and revocation status. Any other Certificate Revocation related exceptions or OCSP Responder failures would be disregarded in favor of connectivity.
[2026-05-02T19:18:55.339+0000] {base.py:84} INFO - Retrieving connection 'conn'
[2026-05-02T19:18:55.562+0000] {cursor.py:1156} INFO - Number of results in first chunk: 1
[2026-05-02T19:18:55.751+0000] {cursor.py:1156} INFO - Number of results in first chunk: 1
[2026-05-02T19:18:55.878+0000] {cursor.py:1156} INFO - Number of results in first chunk: 1
[2026-05-02T19:18:56.104+0000] {cursor.py:1156} INFO - Number of results in first chunk: 1
[2026-05-02T19:18:58.959+0000] {cursor.py:1156} INFO - Number of results in first chunk: 1
[2026-05-02T19:18:58.959+0000] {connection.py:788} INFO - closed
[2026-05-02T19:18:59.031+0000] {connection.py:794} INFO - No async queries seem to be running, deleting session
[2026-05-02T19:18:59.111+0000] {python.py:240} INFO - Done. Returned value was: None
[2026-05-02T19:18:59.124+0000] {taskinstance.py:340} INFO - ::group::Post task execution logs
[2026-05-02T19:18:59.125+0000] {taskinstance.py:352} INFO - Marking task as SUCCESS. dag_id=tmdb_realtime_ingest, task_id=load_tmdb, run_id=manual__2026-05-02T19:18:50.856995+00:00, execution_date=20260502T191850, start_date=20260502T191854, end_date=20260502T191859
[2026-05-02T19:18:59.156+0000] {local_task_job_runner.py:266} INFO - Task exited with return code 0
[2026-05-02T19:18:59.169+0000] {taskinstance.py:3900} INFO - 0 downstream tasks scheduled from follow-on schedule check
[2026-05-02T19:18:59.170+0000] {local_task_job_runner.py:245} INFO - ::endgroup::
