[2026-05-01T06:57:55.574+0000] {local_task_job_runner.py:123} INFO - ::group::Pre task execution logs
[2026-05-01T06:57:55.580+0000] {taskinstance.py:2612} INFO - Dependencies all met for dep_context=non-requeueable deps ti=<TaskInstance: tmdb_realtime_ingest.extract_tmdb_data manual__2026-05-01T06:57:54.453275+00:00 [queued]>
[2026-05-01T06:57:55.583+0000] {taskinstance.py:2612} INFO - Dependencies all met for dep_context=requeueable deps ti=<TaskInstance: tmdb_realtime_ingest.extract_tmdb_data manual__2026-05-01T06:57:54.453275+00:00 [queued]>
[2026-05-01T06:57:55.584+0000] {taskinstance.py:2865} INFO - Starting attempt 1 of 1
[2026-05-01T06:57:55.588+0000] {taskinstance.py:2888} INFO - Executing <Task(PythonOperator): extract_tmdb_data> on 2026-05-01 06:57:54.453275+00:00
[2026-05-01T06:57:55.594+0000] {logging_mixin.py:190} WARNING - /home/***/.local/lib/python3.12/site-packages/***/task/task_runner/standard_task_runner.py:70 DeprecationWarning: This process (pid=1948) is multi-threaded, use of fork() may lead to deadlocks in the child.
[2026-05-01T06:57:55.594+0000] {standard_task_runner.py:72} INFO - Started process 1951 to run task
[2026-05-01T06:57:55.594+0000] {standard_task_runner.py:104} INFO - Running: ['***', 'tasks', 'run', 'tmdb_realtime_ingest', 'extract_tmdb_data', 'manual__2026-05-01T06:57:54.453275+00:00', '--job-id', '28', '--raw', '--subdir', 'DAGS_FOLDER/tmdb_pipeline.py', '--cfg-path', '/tmp/tmpv18ijc2v']
[2026-05-01T06:57:55.595+0000] {standard_task_runner.py:105} INFO - Job 28: Subtask extract_tmdb_data
[2026-05-01T06:57:55.616+0000] {task_command.py:467} INFO - Running <TaskInstance: tmdb_realtime_ingest.extract_tmdb_data manual__2026-05-01T06:57:54.453275+00:00 [running]> on host 6ffc2c4e3562
[2026-05-01T06:57:55.649+0000] {taskinstance.py:3131} INFO - Exporting env vars: AIRFLOW_CTX_DAG_OWNER='***' AIRFLOW_CTX_DAG_ID='tmdb_realtime_ingest' AIRFLOW_CTX_TASK_ID='extract_tmdb_data' AIRFLOW_CTX_EXECUTION_DATE='2026-05-01T06:57:54.453275+00:00' AIRFLOW_CTX_TRY_NUMBER='1' AIRFLOW_CTX_DAG_RUN_ID='manual__2026-05-01T06:57:54.453275+00:00'
[2026-05-01T06:57:55.650+0000] {taskinstance.py:731} INFO - ::endgroup::
[2026-05-01T06:57:55.749+0000] {logging_mixin.py:190} INFO - Preview of TMDb data:
[2026-05-01T06:57:55.755+0000] {logging_mixin.py:190} INFO -                   genre_ids  ...         snapshot_timestamp
0                  [35, 18]  ... 2026-05-01 06:57:55.748233
1               [10402, 18]  ... 2026-05-01 06:57:55.748233
2                  [18, 35]  ... 2026-05-01 06:57:55.748233
3  [12, 16, 35, 10751, 878]  ... 2026-05-01 06:57:55.748233
4                  [28, 53]  ... 2026-05-01 06:57:55.748233

[5 rows x 9 columns]
[2026-05-01T06:57:55.757+0000] {logging_mixin.py:190} INFO - TMDb realtime ingestion complete!
[2026-05-01T06:57:55.758+0000] {python.py:240} INFO - Done. Returned value was: None
[2026-05-01T06:57:55.762+0000] {taskinstance.py:340} INFO - ::group::Post task execution logs
[2026-05-01T06:57:55.762+0000] {taskinstance.py:352} INFO - Marking task as SUCCESS. dag_id=tmdb_realtime_ingest, task_id=extract_tmdb_data, run_id=manual__2026-05-01T06:57:54.453275+00:00, execution_date=20260501T065754, start_date=20260501T065755, end_date=20260501T065755
[2026-05-01T06:57:55.777+0000] {local_task_job_runner.py:266} INFO - Task exited with return code 0
[2026-05-01T06:57:55.788+0000] {taskinstance.py:3900} INFO - 1 downstream tasks scheduled from follow-on schedule check
[2026-05-01T06:57:55.789+0000] {local_task_job_runner.py:245} INFO - ::endgroup::
