[2026-05-01T07:17:47.294+0000] {local_task_job_runner.py:123} INFO - ::group::Pre task execution logs
[2026-05-01T07:17:47.299+0000] {taskinstance.py:2612} INFO - Dependencies all met for dep_context=non-requeueable deps ti=<TaskInstance: tmdb_realtime_ingest.extract_tmdb_data manual__2026-05-01T07:17:46.454303+00:00 [queued]>
[2026-05-01T07:17:47.301+0000] {taskinstance.py:2612} INFO - Dependencies all met for dep_context=requeueable deps ti=<TaskInstance: tmdb_realtime_ingest.extract_tmdb_data manual__2026-05-01T07:17:46.454303+00:00 [queued]>
[2026-05-01T07:17:47.302+0000] {taskinstance.py:2865} INFO - Starting attempt 1 of 1
[2026-05-01T07:17:47.307+0000] {taskinstance.py:2888} INFO - Executing <Task(PythonOperator): extract_tmdb_data> on 2026-05-01 07:17:46.454303+00:00
[2026-05-01T07:17:47.310+0000] {logging_mixin.py:190} WARNING - /home/***/.local/lib/python3.12/site-packages/***/task/task_runner/standard_task_runner.py:70 DeprecationWarning: This process (pid=226) is multi-threaded, use of fork() may lead to deadlocks in the child.
[2026-05-01T07:17:47.311+0000] {standard_task_runner.py:72} INFO - Started process 229 to run task
[2026-05-01T07:17:47.310+0000] {standard_task_runner.py:104} INFO - Running: ['***', 'tasks', 'run', 'tmdb_realtime_ingest', 'extract_tmdb_data', 'manual__2026-05-01T07:17:46.454303+00:00', '--job-id', '40', '--raw', '--subdir', 'DAGS_FOLDER/tmdb_pipeline.py', '--cfg-path', '/tmp/tmpep4q2jem']
[2026-05-01T07:17:47.311+0000] {standard_task_runner.py:105} INFO - Job 40: Subtask extract_tmdb_data
[2026-05-01T07:17:47.334+0000] {task_command.py:467} INFO - Running <TaskInstance: tmdb_realtime_ingest.extract_tmdb_data manual__2026-05-01T07:17:46.454303+00:00 [running]> on host 292e120553fe
[2026-05-01T07:17:47.364+0000] {taskinstance.py:3131} INFO - Exporting env vars: AIRFLOW_CTX_DAG_OWNER='***' AIRFLOW_CTX_DAG_ID='tmdb_realtime_ingest' AIRFLOW_CTX_TASK_ID='extract_tmdb_data' AIRFLOW_CTX_EXECUTION_DATE='2026-05-01T07:17:46.454303+00:00' AIRFLOW_CTX_TRY_NUMBER='1' AIRFLOW_CTX_DAG_RUN_ID='manual__2026-05-01T07:17:46.454303+00:00'
[2026-05-01T07:17:47.365+0000] {taskinstance.py:731} INFO - ::endgroup::
[2026-05-01T07:17:47.631+0000] {logging_mixin.py:190} INFO - Preview of TMDb data:
[2026-05-01T07:17:47.642+0000] {logging_mixin.py:190} INFO -    tmdb_id                    title  ...                 genre_ids  original_language
0  1314481  The Devil Wears Prada 2  ...                  [35, 18]                 en
1   936075                  Michael  ...               [10402, 18]                 en
2  1462229                Pegasus 3  ...                  [18, 35]                 zh
3  1327819                  Hoppers  ...  [12, 16, 35, 10751, 878]                 en
4  1292695       They Will Kill You  ...              [28, 35, 27]                 en

[5 rows x 8 columns]
[2026-05-01T07:17:47.645+0000] {logging_mixin.py:190} INFO - TMDb realtime ingestion complete!
[2026-05-01T07:17:47.645+0000] {python.py:240} INFO - Done. Returned value was: None
[2026-05-01T07:17:47.650+0000] {taskinstance.py:340} INFO - ::group::Post task execution logs
[2026-05-01T07:17:47.650+0000] {taskinstance.py:352} INFO - Marking task as SUCCESS. dag_id=tmdb_realtime_ingest, task_id=extract_tmdb_data, run_id=manual__2026-05-01T07:17:46.454303+00:00, execution_date=20260501T071746, start_date=20260501T071747, end_date=20260501T071747
[2026-05-01T07:17:47.661+0000] {local_task_job_runner.py:266} INFO - Task exited with return code 0
[2026-05-01T07:17:47.670+0000] {taskinstance.py:3900} INFO - 1 downstream tasks scheduled from follow-on schedule check
[2026-05-01T07:17:47.671+0000] {local_task_job_runner.py:245} INFO - ::endgroup::
