[2026-05-01T06:53:49.802+0000] {local_task_job_runner.py:123} INFO - ::group::Pre task execution logs
[2026-05-01T06:53:49.807+0000] {taskinstance.py:2612} INFO - Dependencies all met for dep_context=non-requeueable deps ti=<TaskInstance: tmdb_realtime_ingest.extract_tmdb_data manual__2026-05-01T06:53:49.086258+00:00 [queued]>
[2026-05-01T06:53:49.810+0000] {taskinstance.py:2612} INFO - Dependencies all met for dep_context=requeueable deps ti=<TaskInstance: tmdb_realtime_ingest.extract_tmdb_data manual__2026-05-01T06:53:49.086258+00:00 [queued]>
[2026-05-01T06:53:49.810+0000] {taskinstance.py:2865} INFO - Starting attempt 1 of 1
[2026-05-01T06:53:49.815+0000] {taskinstance.py:2888} INFO - Executing <Task(PythonOperator): extract_tmdb_data> on 2026-05-01 06:53:49.086258+00:00
[2026-05-01T06:53:49.819+0000] {logging_mixin.py:190} WARNING - /home/***/.local/lib/python3.12/site-packages/***/task/task_runner/standard_task_runner.py:70 DeprecationWarning: This process (pid=1787) is multi-threaded, use of fork() may lead to deadlocks in the child.
[2026-05-01T06:53:49.820+0000] {standard_task_runner.py:72} INFO - Started process 1790 to run task
[2026-05-01T06:53:49.819+0000] {standard_task_runner.py:104} INFO - Running: ['***', 'tasks', 'run', 'tmdb_realtime_ingest', 'extract_tmdb_data', 'manual__2026-05-01T06:53:49.086258+00:00', '--job-id', '24', '--raw', '--subdir', 'DAGS_FOLDER/tmdb_pipeline.py', '--cfg-path', '/tmp/tmp48sc_7g0']
[2026-05-01T06:53:49.821+0000] {standard_task_runner.py:105} INFO - Job 24: Subtask extract_tmdb_data
[2026-05-01T06:53:49.841+0000] {task_command.py:467} INFO - Running <TaskInstance: tmdb_realtime_ingest.extract_tmdb_data manual__2026-05-01T06:53:49.086258+00:00 [running]> on host 6ffc2c4e3562
[2026-05-01T06:53:49.873+0000] {taskinstance.py:3131} INFO - Exporting env vars: AIRFLOW_CTX_DAG_OWNER='***' AIRFLOW_CTX_DAG_ID='tmdb_realtime_ingest' AIRFLOW_CTX_TASK_ID='extract_tmdb_data' AIRFLOW_CTX_EXECUTION_DATE='2026-05-01T06:53:49.086258+00:00' AIRFLOW_CTX_TRY_NUMBER='1' AIRFLOW_CTX_DAG_RUN_ID='manual__2026-05-01T06:53:49.086258+00:00'
[2026-05-01T06:53:49.874+0000] {taskinstance.py:731} INFO - ::endgroup::
[2026-05-01T06:53:50.040+0000] {logging_mixin.py:190} INFO - Preview of TMDb data:
[2026-05-01T06:53:50.046+0000] {logging_mixin.py:190} INFO -                   genre_ids  ...         snapshot_timestamp
0                  [35, 18]  ... 2026-05-01 06:53:50.039937
1                  [18, 35]  ... 2026-05-01 06:53:50.039937
2               [10402, 18]  ... 2026-05-01 06:53:50.039937
3  [12, 16, 35, 10751, 878]  ... 2026-05-01 06:53:50.039937
4                  [28, 53]  ... 2026-05-01 06:53:50.039937

[5 rows x 9 columns]
[2026-05-01T06:53:50.049+0000] {logging_mixin.py:190} INFO - TMDb realtime ingestion complete!
[2026-05-01T06:53:50.049+0000] {python.py:240} INFO - Done. Returned value was: None
[2026-05-01T06:53:50.053+0000] {taskinstance.py:340} INFO - ::group::Post task execution logs
[2026-05-01T06:53:50.053+0000] {taskinstance.py:352} INFO - Marking task as SUCCESS. dag_id=tmdb_realtime_ingest, task_id=extract_tmdb_data, run_id=manual__2026-05-01T06:53:49.086258+00:00, execution_date=20260501T065349, start_date=20260501T065349, end_date=20260501T065350
[2026-05-01T06:53:50.091+0000] {local_task_job_runner.py:266} INFO - Task exited with return code 0
[2026-05-01T06:53:50.099+0000] {taskinstance.py:3900} INFO - 1 downstream tasks scheduled from follow-on schedule check
[2026-05-01T06:53:50.100+0000] {local_task_job_runner.py:245} INFO - ::endgroup::
