[2026-05-01T06:21:18.859+0000] {local_task_job_runner.py:123} INFO - ::group::Pre task execution logs
[2026-05-01T06:21:18.864+0000] {taskinstance.py:2612} INFO - Dependencies all met for dep_context=non-requeueable deps ti=<TaskInstance: tmdb_realtime_ingest.extract_tmdb_data scheduled__2026-04-30T00:00:00+00:00 [queued]>
[2026-05-01T06:21:18.867+0000] {taskinstance.py:2612} INFO - Dependencies all met for dep_context=requeueable deps ti=<TaskInstance: tmdb_realtime_ingest.extract_tmdb_data scheduled__2026-04-30T00:00:00+00:00 [queued]>
[2026-05-01T06:21:18.867+0000] {taskinstance.py:2865} INFO - Starting attempt 1 of 1
[2026-05-01T06:21:18.871+0000] {taskinstance.py:2888} INFO - Executing <Task(PythonOperator): extract_tmdb_data> on 2026-04-30 00:00:00+00:00
[2026-05-01T06:21:18.874+0000] {standard_task_runner.py:104} INFO - Running: ['***', 'tasks', 'run', 'tmdb_realtime_ingest', 'extract_tmdb_data', 'scheduled__2026-04-30T00:00:00+00:00', '--job-id', '2', '--raw', '--subdir', 'DAGS_FOLDER/tmdb_pipeline.py', '--cfg-path', '/tmp/tmpniyvy7s5']
[2026-05-01T06:21:18.876+0000] {standard_task_runner.py:105} INFO - Job 2: Subtask extract_tmdb_data
[2026-05-01T06:21:18.875+0000] {logging_mixin.py:190} WARNING - /home/***/.local/lib/python3.12/site-packages/***/task/task_runner/standard_task_runner.py:70 DeprecationWarning: This process (pid=459) is multi-threaded, use of fork() may lead to deadlocks in the child.
[2026-05-01T06:21:18.877+0000] {standard_task_runner.py:72} INFO - Started process 461 to run task
[2026-05-01T06:21:18.893+0000] {task_command.py:467} INFO - Running <TaskInstance: tmdb_realtime_ingest.extract_tmdb_data scheduled__2026-04-30T00:00:00+00:00 [running]> on host 6ffc2c4e3562
[2026-05-01T06:21:18.919+0000] {taskinstance.py:3131} INFO - Exporting env vars: AIRFLOW_CTX_DAG_OWNER='***' AIRFLOW_CTX_DAG_ID='tmdb_realtime_ingest' AIRFLOW_CTX_TASK_ID='extract_tmdb_data' AIRFLOW_CTX_EXECUTION_DATE='2026-04-30T00:00:00+00:00' AIRFLOW_CTX_TRY_NUMBER='1' AIRFLOW_CTX_DAG_RUN_ID='scheduled__2026-04-30T00:00:00+00:00'
[2026-05-01T06:21:18.919+0000] {taskinstance.py:731} INFO - ::endgroup::
[2026-05-01T06:21:19.148+0000] {logging_mixin.py:190} INFO - Preview of TMDb data:
[2026-05-01T06:21:19.157+0000] {logging_mixin.py:190} INFO -         id                    title  ... vote_average         snapshot_timestamp
0  1318447                     Apex  ...        6.520 2026-05-01 06:21:19.147344
1  1314481  The Devil Wears Prada 2  ...        6.286 2026-05-01 06:21:19.147344
2  1292695       They Will Kill You  ...        6.589 2026-05-01 06:21:19.147344
3   936075                  Michael  ...        7.600 2026-05-01 06:21:19.147344
4  1462229                Pegasus 3  ...        7.300 2026-05-01 06:21:19.147344

[5 rows x 6 columns]
[2026-05-01T06:21:19.161+0000] {logging_mixin.py:190} INFO - TMDb realtime ingestion complete!
[2026-05-01T06:21:19.161+0000] {python.py:240} INFO - Done. Returned value was: None
[2026-05-01T06:21:19.167+0000] {taskinstance.py:340} INFO - ::group::Post task execution logs
[2026-05-01T06:21:19.168+0000] {taskinstance.py:352} INFO - Marking task as SUCCESS. dag_id=tmdb_realtime_ingest, task_id=extract_tmdb_data, run_id=scheduled__2026-04-30T00:00:00+00:00, execution_date=20260430T000000, start_date=20260501T062118, end_date=20260501T062119
[2026-05-01T06:21:19.186+0000] {local_task_job_runner.py:266} INFO - Task exited with return code 0
[2026-05-01T06:21:19.193+0000] {taskinstance.py:3900} INFO - 0 downstream tasks scheduled from follow-on schedule check
[2026-05-01T06:21:19.194+0000] {local_task_job_runner.py:245} INFO - ::endgroup::
[2026-05-01T06:51:14.314+0000] {local_task_job_runner.py:123} INFO - ::group::Pre task execution logs
[2026-05-01T06:51:14.320+0000] {taskinstance.py:2612} INFO - Dependencies all met for dep_context=non-requeueable deps ti=<TaskInstance: tmdb_realtime_ingest.extract_tmdb_data scheduled__2026-04-30T00:00:00+00:00 [queued]>
[2026-05-01T06:51:14.323+0000] {taskinstance.py:2612} INFO - Dependencies all met for dep_context=requeueable deps ti=<TaskInstance: tmdb_realtime_ingest.extract_tmdb_data scheduled__2026-04-30T00:00:00+00:00 [queued]>
[2026-05-01T06:51:14.323+0000] {taskinstance.py:2865} INFO - Starting attempt 1 of 1
[2026-05-01T06:51:14.328+0000] {taskinstance.py:2888} INFO - Executing <Task(PythonOperator): extract_tmdb_data> on 2026-04-30 00:00:00+00:00
[2026-05-01T06:51:14.332+0000] {standard_task_runner.py:104} INFO - Running: ['***', 'tasks', 'run', 'tmdb_realtime_ingest', 'extract_tmdb_data', 'scheduled__2026-04-30T00:00:00+00:00', '--job-id', '20', '--raw', '--subdir', 'DAGS_FOLDER/tmdb_pipeline.py', '--cfg-path', '/tmp/tmpyq_urday']
[2026-05-01T06:51:14.333+0000] {standard_task_runner.py:105} INFO - Job 20: Subtask extract_tmdb_data
[2026-05-01T06:51:14.333+0000] {logging_mixin.py:190} WARNING - /home/***/.local/lib/python3.12/site-packages/***/task/task_runner/standard_task_runner.py:70 DeprecationWarning: This process (pid=1660) is multi-threaded, use of fork() may lead to deadlocks in the child.
[2026-05-01T06:51:14.334+0000] {standard_task_runner.py:72} INFO - Started process 1663 to run task
[2026-05-01T06:51:14.354+0000] {task_command.py:467} INFO - Running <TaskInstance: tmdb_realtime_ingest.extract_tmdb_data scheduled__2026-04-30T00:00:00+00:00 [running]> on host 6ffc2c4e3562
[2026-05-01T06:51:14.385+0000] {taskinstance.py:3131} INFO - Exporting env vars: AIRFLOW_CTX_DAG_OWNER='***' AIRFLOW_CTX_DAG_ID='tmdb_realtime_ingest' AIRFLOW_CTX_TASK_ID='extract_tmdb_data' AIRFLOW_CTX_EXECUTION_DATE='2026-04-30T00:00:00+00:00' AIRFLOW_CTX_TRY_NUMBER='1' AIRFLOW_CTX_DAG_RUN_ID='scheduled__2026-04-30T00:00:00+00:00'
[2026-05-01T06:51:14.385+0000] {taskinstance.py:731} INFO - ::endgroup::
[2026-05-01T06:51:14.504+0000] {logging_mixin.py:190} INFO - Preview of TMDb data:
[2026-05-01T06:51:14.509+0000] {logging_mixin.py:190} INFO -                   genre_ids  ...         snapshot_timestamp
0                  [35, 18]  ... 2026-05-01 06:51:14.504182
1                  [18, 35]  ... 2026-05-01 06:51:14.504182
2               [10402, 18]  ... 2026-05-01 06:51:14.504182
3  [12, 16, 35, 10751, 878]  ... 2026-05-01 06:51:14.504182
4                  [28, 53]  ... 2026-05-01 06:51:14.504182

[5 rows x 9 columns]
[2026-05-01T06:51:14.511+0000] {logging_mixin.py:190} INFO - TMDb realtime ingestion complete!
[2026-05-01T06:51:14.511+0000] {python.py:240} INFO - Done. Returned value was: None
[2026-05-01T06:51:14.515+0000] {taskinstance.py:340} INFO - ::group::Post task execution logs
[2026-05-01T06:51:14.515+0000] {taskinstance.py:352} INFO - Marking task as SUCCESS. dag_id=tmdb_realtime_ingest, task_id=extract_tmdb_data, run_id=scheduled__2026-04-30T00:00:00+00:00, execution_date=20260430T000000, start_date=20260501T065114, end_date=20260501T065114
[2026-05-01T06:51:14.559+0000] {local_task_job_runner.py:266} INFO - Task exited with return code 0
[2026-05-01T06:51:14.567+0000] {taskinstance.py:3900} INFO - 1 downstream tasks scheduled from follow-on schedule check
[2026-05-01T06:51:14.567+0000] {local_task_job_runner.py:245} INFO - ::endgroup::
[2026-05-01T07:00:18.771+0000] {local_task_job_runner.py:123} INFO - ::group::Pre task execution logs
[2026-05-01T07:00:18.777+0000] {taskinstance.py:2612} INFO - Dependencies all met for dep_context=non-requeueable deps ti=<TaskInstance: tmdb_realtime_ingest.extract_tmdb_data scheduled__2026-04-30T00:00:00+00:00 [queued]>
[2026-05-01T07:00:18.779+0000] {taskinstance.py:2612} INFO - Dependencies all met for dep_context=requeueable deps ti=<TaskInstance: tmdb_realtime_ingest.extract_tmdb_data scheduled__2026-04-30T00:00:00+00:00 [queued]>
[2026-05-01T07:00:18.779+0000] {taskinstance.py:2865} INFO - Starting attempt 1 of 1
[2026-05-01T07:00:18.784+0000] {taskinstance.py:2888} INFO - Executing <Task(PythonOperator): extract_tmdb_data> on 2026-04-30 00:00:00+00:00
[2026-05-01T07:00:18.787+0000] {logging_mixin.py:190} WARNING - /home/***/.local/lib/python3.12/site-packages/***/task/task_runner/standard_task_runner.py:70 DeprecationWarning: This process (pid=2045) is multi-threaded, use of fork() may lead to deadlocks in the child.
[2026-05-01T07:00:18.788+0000] {standard_task_runner.py:72} INFO - Started process 2048 to run task
[2026-05-01T07:00:18.787+0000] {standard_task_runner.py:104} INFO - Running: ['***', 'tasks', 'run', 'tmdb_realtime_ingest', 'extract_tmdb_data', 'scheduled__2026-04-30T00:00:00+00:00', '--job-id', '32', '--raw', '--subdir', 'DAGS_FOLDER/tmdb_pipeline.py', '--cfg-path', '/tmp/tmpv1f46efq']
[2026-05-01T07:00:18.789+0000] {standard_task_runner.py:105} INFO - Job 32: Subtask extract_tmdb_data
[2026-05-01T07:00:18.815+0000] {task_command.py:467} INFO - Running <TaskInstance: tmdb_realtime_ingest.extract_tmdb_data scheduled__2026-04-30T00:00:00+00:00 [running]> on host 6ffc2c4e3562
[2026-05-01T07:00:18.841+0000] {taskinstance.py:3131} INFO - Exporting env vars: AIRFLOW_CTX_DAG_OWNER='***' AIRFLOW_CTX_DAG_ID='tmdb_realtime_ingest' AIRFLOW_CTX_TASK_ID='extract_tmdb_data' AIRFLOW_CTX_EXECUTION_DATE='2026-04-30T00:00:00+00:00' AIRFLOW_CTX_TRY_NUMBER='1' AIRFLOW_CTX_DAG_RUN_ID='scheduled__2026-04-30T00:00:00+00:00'
[2026-05-01T07:00:18.841+0000] {taskinstance.py:731} INFO - ::endgroup::
[2026-05-01T07:00:18.954+0000] {logging_mixin.py:190} INFO - Preview of TMDb data:
[2026-05-01T07:00:18.960+0000] {logging_mixin.py:190} INFO -                   genre_ids  ...         snapshot_timestamp
0                  [35, 18]  ... 2026-05-01 07:00:18.953813
1               [10402, 18]  ... 2026-05-01 07:00:18.953813
2                  [18, 35]  ... 2026-05-01 07:00:18.953813
3  [12, 16, 35, 10751, 878]  ... 2026-05-01 07:00:18.953813
4                  [28, 53]  ... 2026-05-01 07:00:18.953813

[5 rows x 9 columns]
[2026-05-01T07:00:18.962+0000] {logging_mixin.py:190} INFO - TMDb realtime ingestion complete!
[2026-05-01T07:00:18.962+0000] {python.py:240} INFO - Done. Returned value was: None
[2026-05-01T07:00:18.967+0000] {taskinstance.py:340} INFO - ::group::Post task execution logs
[2026-05-01T07:00:18.967+0000] {taskinstance.py:352} INFO - Marking task as SUCCESS. dag_id=tmdb_realtime_ingest, task_id=extract_tmdb_data, run_id=scheduled__2026-04-30T00:00:00+00:00, execution_date=20260430T000000, start_date=20260501T070018, end_date=20260501T070018
[2026-05-01T07:00:19.009+0000] {local_task_job_runner.py:266} INFO - Task exited with return code 0
[2026-05-01T07:00:19.018+0000] {taskinstance.py:3900} INFO - 1 downstream tasks scheduled from follow-on schedule check
[2026-05-01T07:00:19.019+0000] {local_task_job_runner.py:245} INFO - ::endgroup::
[2026-05-01T17:27:24.923+0000] {local_task_job_runner.py:123} INFO - ::group::Pre task execution logs
[2026-05-01T17:27:24.928+0000] {taskinstance.py:2612} INFO - Dependencies all met for dep_context=non-requeueable deps ti=<TaskInstance: tmdb_realtime_ingest.extract_tmdb_data scheduled__2026-04-30T00:00:00+00:00 [queued]>
[2026-05-01T17:27:24.930+0000] {taskinstance.py:2612} INFO - Dependencies all met for dep_context=requeueable deps ti=<TaskInstance: tmdb_realtime_ingest.extract_tmdb_data scheduled__2026-04-30T00:00:00+00:00 [queued]>
[2026-05-01T17:27:24.931+0000] {taskinstance.py:2865} INFO - Starting attempt 1 of 1
[2026-05-01T17:27:24.935+0000] {taskinstance.py:2888} INFO - Executing <Task(PythonOperator): extract_tmdb_data> on 2026-04-30 00:00:00+00:00
[2026-05-01T17:27:24.938+0000] {logging_mixin.py:190} WARNING - /home/***/.local/lib/python3.12/site-packages/***/task/task_runner/standard_task_runner.py:70 DeprecationWarning: This process (pid=215) is multi-threaded, use of fork() may lead to deadlocks in the child.
[2026-05-01T17:27:24.939+0000] {standard_task_runner.py:72} INFO - Started process 218 to run task
[2026-05-01T17:27:24.938+0000] {standard_task_runner.py:104} INFO - Running: ['***', 'tasks', 'run', 'tmdb_realtime_ingest', 'extract_tmdb_data', 'scheduled__2026-04-30T00:00:00+00:00', '--job-id', '49', '--raw', '--subdir', 'DAGS_FOLDER/tmdb_pipeline.py', '--cfg-path', '/tmp/tmpj11_pedk']
[2026-05-01T17:27:24.940+0000] {standard_task_runner.py:105} INFO - Job 49: Subtask extract_tmdb_data
[2026-05-01T17:27:24.957+0000] {task_command.py:467} INFO - Running <TaskInstance: tmdb_realtime_ingest.extract_tmdb_data scheduled__2026-04-30T00:00:00+00:00 [running]> on host b1eb5ffe0b5e
[2026-05-01T17:27:24.979+0000] {taskinstance.py:3131} INFO - Exporting env vars: AIRFLOW_CTX_DAG_OWNER='***' AIRFLOW_CTX_DAG_ID='tmdb_realtime_ingest' AIRFLOW_CTX_TASK_ID='extract_tmdb_data' AIRFLOW_CTX_EXECUTION_DATE='2026-04-30T00:00:00+00:00' AIRFLOW_CTX_TRY_NUMBER='1' AIRFLOW_CTX_DAG_RUN_ID='scheduled__2026-04-30T00:00:00+00:00'
[2026-05-01T17:27:24.980+0000] {taskinstance.py:731} INFO - ::endgroup::
[2026-05-01T17:27:25.228+0000] {logging_mixin.py:190} INFO - Preview of TMDb data:
[2026-05-01T17:27:25.242+0000] {logging_mixin.py:190} INFO -    tmdb_id                    title  ...                genre_ids  original_language
0  1007757                  Swapped  ...  [12, 16, 35, 10751, 14]                 en
1  1314481  The Devil Wears Prada 2  ...                 [35, 18]                 en
2  1318447                     Apex  ...                 [28, 53]                 en
3   936075                  Michael  ...              [10402, 18]                 en
4   687163        Project Hail Mary  ...                [878, 12]                 en

[5 rows x 8 columns]
[2026-05-01T17:27:25.247+0000] {logging_mixin.py:190} INFO - TMDb realtime ingestion complete!
[2026-05-01T17:27:25.247+0000] {python.py:240} INFO - Done. Returned value was: None
[2026-05-01T17:27:25.253+0000] {taskinstance.py:340} INFO - ::group::Post task execution logs
[2026-05-01T17:27:25.254+0000] {taskinstance.py:352} INFO - Marking task as SUCCESS. dag_id=tmdb_realtime_ingest, task_id=extract_tmdb_data, run_id=scheduled__2026-04-30T00:00:00+00:00, execution_date=20260430T000000, start_date=20260501T172724, end_date=20260501T172725
[2026-05-01T17:27:25.298+0000] {local_task_job_runner.py:266} INFO - Task exited with return code 0
[2026-05-01T17:27:25.310+0000] {taskinstance.py:3900} INFO - 1 downstream tasks scheduled from follow-on schedule check
[2026-05-01T17:27:25.310+0000] {local_task_job_runner.py:245} INFO - ::endgroup::
[2026-05-01T17:29:18.129+0000] {local_task_job_runner.py:123} INFO - ::group::Pre task execution logs
[2026-05-01T17:29:18.134+0000] {taskinstance.py:2612} INFO - Dependencies all met for dep_context=non-requeueable deps ti=<TaskInstance: tmdb_realtime_ingest.extract_tmdb_data scheduled__2026-04-30T00:00:00+00:00 [queued]>
[2026-05-01T17:29:18.136+0000] {taskinstance.py:2612} INFO - Dependencies all met for dep_context=requeueable deps ti=<TaskInstance: tmdb_realtime_ingest.extract_tmdb_data scheduled__2026-04-30T00:00:00+00:00 [queued]>
[2026-05-01T17:29:18.136+0000] {taskinstance.py:2865} INFO - Starting attempt 1 of 1
[2026-05-01T17:29:18.140+0000] {taskinstance.py:2888} INFO - Executing <Task(PythonOperator): extract_tmdb_data> on 2026-04-30 00:00:00+00:00
[2026-05-01T17:29:18.143+0000] {logging_mixin.py:190} WARNING - /home/***/.local/lib/python3.12/site-packages/***/task/task_runner/standard_task_runner.py:70 DeprecationWarning: This process (pid=215) is multi-threaded, use of fork() may lead to deadlocks in the child.
[2026-05-01T17:29:18.144+0000] {standard_task_runner.py:72} INFO - Started process 218 to run task
[2026-05-01T17:29:18.143+0000] {standard_task_runner.py:104} INFO - Running: ['***', 'tasks', 'run', 'tmdb_realtime_ingest', 'extract_tmdb_data', 'scheduled__2026-04-30T00:00:00+00:00', '--job-id', '54', '--raw', '--subdir', 'DAGS_FOLDER/tmdb_pipeline.py', '--cfg-path', '/tmp/tmpevz4bocp']
[2026-05-01T17:29:18.144+0000] {standard_task_runner.py:105} INFO - Job 54: Subtask extract_tmdb_data
[2026-05-01T17:29:18.160+0000] {task_command.py:467} INFO - Running <TaskInstance: tmdb_realtime_ingest.extract_tmdb_data scheduled__2026-04-30T00:00:00+00:00 [running]> on host a2bccb8913d9
[2026-05-01T17:29:18.182+0000] {taskinstance.py:3131} INFO - Exporting env vars: AIRFLOW_CTX_DAG_OWNER='***' AIRFLOW_CTX_DAG_ID='tmdb_realtime_ingest' AIRFLOW_CTX_TASK_ID='extract_tmdb_data' AIRFLOW_CTX_EXECUTION_DATE='2026-04-30T00:00:00+00:00' AIRFLOW_CTX_TRY_NUMBER='1' AIRFLOW_CTX_DAG_RUN_ID='scheduled__2026-04-30T00:00:00+00:00'
[2026-05-01T17:29:18.182+0000] {taskinstance.py:731} INFO - ::endgroup::
[2026-05-01T17:29:18.302+0000] {logging_mixin.py:190} INFO - Preview of TMDb data:
[2026-05-01T17:29:18.309+0000] {logging_mixin.py:190} INFO -    tmdb_id                    title  ...                genre_ids  original_language
0  1007757                  Swapped  ...  [12, 16, 35, 10751, 14]                 en
1  1314481  The Devil Wears Prada 2  ...                 [35, 18]                 en
2  1318447                     Apex  ...                 [28, 53]                 en
3   936075                  Michael  ...              [10402, 18]                 en
4   687163        Project Hail Mary  ...                [878, 12]                 en

[5 rows x 8 columns]
[2026-05-01T17:29:18.311+0000] {logging_mixin.py:190} INFO - TMDb realtime ingestion complete!
[2026-05-01T17:29:18.312+0000] {python.py:240} INFO - Done. Returned value was: None
[2026-05-01T17:29:18.315+0000] {taskinstance.py:340} INFO - ::group::Post task execution logs
[2026-05-01T17:29:18.315+0000] {taskinstance.py:352} INFO - Marking task as SUCCESS. dag_id=tmdb_realtime_ingest, task_id=extract_tmdb_data, run_id=scheduled__2026-04-30T00:00:00+00:00, execution_date=20260430T000000, start_date=20260501T172918, end_date=20260501T172918
[2026-05-01T17:29:18.329+0000] {local_task_job_runner.py:266} INFO - Task exited with return code 0
[2026-05-01T17:29:18.337+0000] {taskinstance.py:3900} INFO - 1 downstream tasks scheduled from follow-on schedule check
[2026-05-01T17:29:18.337+0000] {local_task_job_runner.py:245} INFO - ::endgroup::
[2026-05-01T18:01:48.534+0000] {local_task_job_runner.py:123} INFO - ::group::Pre task execution logs
[2026-05-01T18:01:48.540+0000] {taskinstance.py:2612} INFO - Dependencies all met for dep_context=non-requeueable deps ti=<TaskInstance: tmdb_realtime_ingest.extract_tmdb_data scheduled__2026-04-30T00:00:00+00:00 [queued]>
[2026-05-01T18:01:48.542+0000] {taskinstance.py:2612} INFO - Dependencies all met for dep_context=requeueable deps ti=<TaskInstance: tmdb_realtime_ingest.extract_tmdb_data scheduled__2026-04-30T00:00:00+00:00 [queued]>
[2026-05-01T18:01:48.542+0000] {taskinstance.py:2865} INFO - Starting attempt 1 of 1
[2026-05-01T18:01:48.546+0000] {taskinstance.py:2888} INFO - Executing <Task(PythonOperator): extract_tmdb_data> on 2026-04-30 00:00:00+00:00
[2026-05-01T18:01:48.550+0000] {logging_mixin.py:190} WARNING - /home/***/.local/lib/python3.12/site-packages/***/task/task_runner/standard_task_runner.py:70 DeprecationWarning: This process (pid=295) is multi-threaded, use of fork() may lead to deadlocks in the child.
[2026-05-01T18:01:48.550+0000] {standard_task_runner.py:72} INFO - Started process 298 to run task
[2026-05-01T18:01:48.550+0000] {standard_task_runner.py:104} INFO - Running: ['***', 'tasks', 'run', 'tmdb_realtime_ingest', 'extract_tmdb_data', 'scheduled__2026-04-30T00:00:00+00:00', '--job-id', '67', '--raw', '--subdir', 'DAGS_FOLDER/tmdb_pipeline.py', '--cfg-path', '/tmp/tmplp63cgm8']
[2026-05-01T18:01:48.551+0000] {standard_task_runner.py:105} INFO - Job 67: Subtask extract_tmdb_data
[2026-05-01T18:01:48.577+0000] {task_command.py:467} INFO - Running <TaskInstance: tmdb_realtime_ingest.extract_tmdb_data scheduled__2026-04-30T00:00:00+00:00 [running]> on host a710ab1e8878
[2026-05-01T18:01:48.607+0000] {taskinstance.py:3131} INFO - Exporting env vars: AIRFLOW_CTX_DAG_OWNER='***' AIRFLOW_CTX_DAG_ID='tmdb_realtime_ingest' AIRFLOW_CTX_TASK_ID='extract_tmdb_data' AIRFLOW_CTX_EXECUTION_DATE='2026-04-30T00:00:00+00:00' AIRFLOW_CTX_TRY_NUMBER='1' AIRFLOW_CTX_DAG_RUN_ID='scheduled__2026-04-30T00:00:00+00:00'
[2026-05-01T18:01:48.608+0000] {taskinstance.py:731} INFO - ::endgroup::
[2026-05-01T18:01:48.734+0000] {logging_mixin.py:190} INFO - Preview of TMDb data:
[2026-05-01T18:01:48.740+0000] {logging_mixin.py:190} INFO -    tmdb_id                    title  ...                genre_ids  original_language
0  1007757                  Swapped  ...  [12, 16, 35, 10751, 14]                 en
1  1314481  The Devil Wears Prada 2  ...                 [35, 18]                 en
2  1318447                     Apex  ...                 [28, 53]                 en
3   936075                  Michael  ...              [10402, 18]                 en
4   687163        Project Hail Mary  ...                [878, 12]                 en

[5 rows x 8 columns]
[2026-05-01T18:01:48.742+0000] {logging_mixin.py:190} INFO - TMDb realtime ingestion complete!
[2026-05-01T18:01:48.742+0000] {python.py:240} INFO - Done. Returned value was: None
[2026-05-01T18:01:48.746+0000] {taskinstance.py:340} INFO - ::group::Post task execution logs
[2026-05-01T18:01:48.746+0000] {taskinstance.py:352} INFO - Marking task as SUCCESS. dag_id=tmdb_realtime_ingest, task_id=extract_tmdb_data, run_id=scheduled__2026-04-30T00:00:00+00:00, execution_date=20260430T000000, start_date=20260501T180148, end_date=20260501T180148
[2026-05-01T18:01:48.775+0000] {local_task_job_runner.py:266} INFO - Task exited with return code 0
[2026-05-01T18:01:48.784+0000] {taskinstance.py:3900} INFO - 1 downstream tasks scheduled from follow-on schedule check
[2026-05-01T18:01:48.784+0000] {local_task_job_runner.py:245} INFO - ::endgroup::
[2026-05-01T18:34:34.876+0000] {local_task_job_runner.py:123} INFO - ::group::Pre task execution logs
[2026-05-01T18:34:34.884+0000] {taskinstance.py:2612} INFO - Dependencies all met for dep_context=non-requeueable deps ti=<TaskInstance: tmdb_realtime_ingest.extract_tmdb_data scheduled__2026-04-30T00:00:00+00:00 [queued]>
[2026-05-01T18:34:34.887+0000] {taskinstance.py:2612} INFO - Dependencies all met for dep_context=requeueable deps ti=<TaskInstance: tmdb_realtime_ingest.extract_tmdb_data scheduled__2026-04-30T00:00:00+00:00 [queued]>
[2026-05-01T18:34:34.888+0000] {taskinstance.py:2865} INFO - Starting attempt 1 of 1
[2026-05-01T18:34:34.896+0000] {taskinstance.py:2888} INFO - Executing <Task(PythonOperator): extract_tmdb_data> on 2026-04-30 00:00:00+00:00
[2026-05-01T18:34:34.899+0000] {logging_mixin.py:190} WARNING - /home/***/.local/lib/python3.12/site-packages/***/task/task_runner/standard_task_runner.py:70 DeprecationWarning: This process (pid=264) is multi-threaded, use of fork() may lead to deadlocks in the child.
[2026-05-01T18:34:34.900+0000] {standard_task_runner.py:72} INFO - Started process 270 to run task
[2026-05-01T18:34:34.899+0000] {standard_task_runner.py:104} INFO - Running: ['***', 'tasks', 'run', 'tmdb_realtime_ingest', 'extract_tmdb_data', 'scheduled__2026-04-30T00:00:00+00:00', '--job-id', '90', '--raw', '--subdir', 'DAGS_FOLDER/tmdb_pipeline.py', '--cfg-path', '/tmp/tmpk58o8s9t']
[2026-05-01T18:34:34.901+0000] {standard_task_runner.py:105} INFO - Job 90: Subtask extract_tmdb_data
[2026-05-01T18:34:34.919+0000] {task_command.py:467} INFO - Running <TaskInstance: tmdb_realtime_ingest.extract_tmdb_data scheduled__2026-04-30T00:00:00+00:00 [running]> on host cd0c900a39be
[2026-05-01T18:34:34.944+0000] {taskinstance.py:3131} INFO - Exporting env vars: AIRFLOW_CTX_DAG_OWNER='***' AIRFLOW_CTX_DAG_ID='tmdb_realtime_ingest' AIRFLOW_CTX_TASK_ID='extract_tmdb_data' AIRFLOW_CTX_EXECUTION_DATE='2026-04-30T00:00:00+00:00' AIRFLOW_CTX_TRY_NUMBER='1' AIRFLOW_CTX_DAG_RUN_ID='scheduled__2026-04-30T00:00:00+00:00'
[2026-05-01T18:34:34.944+0000] {taskinstance.py:731} INFO - ::endgroup::
[2026-05-01T18:34:35.083+0000] {logging_mixin.py:190} INFO - Preview of TMDb data:
[2026-05-01T18:34:35.090+0000] {logging_mixin.py:190} INFO -    tmdb_id  ...         snapshot_timestamp
0  1007757  ... 2026-05-01 18:34:35.081623
1  1314481  ... 2026-05-01 18:34:35.081623
2  1462229  ... 2026-05-01 18:34:35.081623
3  1318447  ... 2026-05-01 18:34:35.081623
4   687163  ... 2026-05-01 18:34:35.081623

[5 rows x 9 columns]
[2026-05-01T18:34:35.093+0000] {logging_mixin.py:190} INFO - TMDb realtime ingestion complete!
[2026-05-01T18:34:35.093+0000] {python.py:240} INFO - Done. Returned value was: None
[2026-05-01T18:34:35.097+0000] {taskinstance.py:340} INFO - ::group::Post task execution logs
[2026-05-01T18:34:35.097+0000] {taskinstance.py:352} INFO - Marking task as SUCCESS. dag_id=tmdb_realtime_ingest, task_id=extract_tmdb_data, run_id=scheduled__2026-04-30T00:00:00+00:00, execution_date=20260430T000000, start_date=20260501T183434, end_date=20260501T183435
[2026-05-01T18:34:35.120+0000] {local_task_job_runner.py:266} INFO - Task exited with return code 0
[2026-05-01T18:34:35.128+0000] {local_task_job_runner.py:245} INFO - ::endgroup::
