[2026-04-28T22:47:43.146+0000] {manager.py:486} INFO - Processing files using up to 2 processes at a time 
[2026-04-28T22:47:43.146+0000] {manager.py:487} INFO - Process each file at most once every 30 seconds
[2026-04-28T22:47:43.147+0000] {manager.py:488} INFO - Checking for new files in /opt/airflow/dags every 300 seconds
[2026-04-28T22:47:43.147+0000] {manager.py:832} INFO - Searching for files in /opt/airflow/dags
[2026-04-28T22:47:43.148+0000] {manager.py:835} INFO - There are 1 files in /opt/airflow/dags
[2026-04-28T22:47:43.180+0000] {manager.py:1008} INFO - 
================================================================================
DAG File Processing Stats

File Path                        PID  Runtime      # DAGs    # Errors  Last Runtime    Last Run      Last # of DB Queries
-----------------------------  -----  ---------  --------  ----------  --------------  ----------  ----------------------
/opt/airflow/dags/test_dag.py    167  0.01s             0           0                                                   0
================================================================================
[2026-04-28T22:48:13.429+0000] {manager.py:1008} INFO - 
================================================================================
DAG File Processing Stats

File Path                        PID  Runtime      # DAGs    # Errors  Last Runtime    Last Run               Last # of DB Queries
-----------------------------  -----  ---------  --------  ----------  --------------  -------------------  ----------------------
/opt/airflow/dags/test_dag.py    213  0.00s             1           0  0.15s           2026-04-28T22:47:43                      45
================================================================================
[2026-04-28T22:48:43.688+0000] {manager.py:1008} INFO - 
================================================================================
DAG File Processing Stats

File Path                        PID  Runtime      # DAGs    # Errors  Last Runtime    Last Run               Last # of DB Queries
-----------------------------  -----  ---------  --------  ----------  --------------  -------------------  ----------------------
/opt/airflow/dags/test_dag.py    227  0.00s             1           0  0.04s           2026-04-28T22:48:13                      12
================================================================================
[2026-04-28T22:49:13.997+0000] {manager.py:1008} INFO - 
================================================================================
DAG File Processing Stats

File Path                        PID  Runtime      # DAGs    # Errors  Last Runtime    Last Run               Last # of DB Queries
-----------------------------  -----  ---------  --------  ----------  --------------  -------------------  ----------------------
/opt/airflow/dags/test_dag.py    238  0.01s             1           0  0.06s           2026-04-28T22:48:43                      12
================================================================================
[2026-04-28T22:49:44.350+0000] {manager.py:1008} INFO - 
================================================================================
DAG File Processing Stats

File Path                        PID  Runtime      # DAGs    # Errors  Last Runtime    Last Run               Last # of DB Queries
-----------------------------  -----  ---------  --------  ----------  --------------  -------------------  ----------------------
/opt/airflow/dags/test_dag.py    249  0.01s             1           0  0.10s           2026-04-28T22:49:14                      12
================================================================================
[2026-04-28T22:50:14.654+0000] {manager.py:1008} INFO - 
================================================================================
DAG File Processing Stats

File Path                        PID  Runtime      # DAGs    # Errors  Last Runtime    Last Run               Last # of DB Queries
-----------------------------  -----  ---------  --------  ----------  --------------  -------------------  ----------------------
/opt/airflow/dags/test_dag.py    260  0.01s             1           0  0.06s           2026-04-28T22:49:44                      12
================================================================================
[2026-04-28T22:50:44.995+0000] {manager.py:1008} INFO - 
================================================================================
DAG File Processing Stats

File Path                        PID  Runtime      # DAGs    # Errors  Last Runtime    Last Run               Last # of DB Queries
-----------------------------  -----  ---------  --------  ----------  --------------  -------------------  ----------------------
/opt/airflow/dags/test_dag.py    271  0.01s             1           0  0.06s           2026-04-28T22:50:14                      12
================================================================================
[2026-04-28T22:51:15.352+0000] {manager.py:1008} INFO - 
================================================================================
DAG File Processing Stats

File Path                        PID  Runtime      # DAGs    # Errors  Last Runtime    Last Run               Last # of DB Queries
-----------------------------  -----  ---------  --------  ----------  --------------  -------------------  ----------------------
/opt/airflow/dags/test_dag.py    282  0.01s             1           0  0.06s           2026-04-28T22:50:45                      12
================================================================================
[2026-04-28T22:51:45.708+0000] {manager.py:1008} INFO - 
================================================================================
DAG File Processing Stats

File Path                        PID  Runtime      # DAGs    # Errors  Last Runtime    Last Run               Last # of DB Queries
-----------------------------  -----  ---------  --------  ----------  --------------  -------------------  ----------------------
/opt/airflow/dags/test_dag.py    293  0.01s             1           0  0.06s           2026-04-28T22:51:15                      12
================================================================================
[2026-04-28T22:52:16.041+0000] {manager.py:1008} INFO - 
================================================================================
DAG File Processing Stats

File Path                        PID  Runtime      # DAGs    # Errors  Last Runtime    Last Run               Last # of DB Queries
-----------------------------  -----  ---------  --------  ----------  --------------  -------------------  ----------------------
/opt/airflow/dags/test_dag.py    304  0.00s             1           0  0.07s           2026-04-28T22:51:45                      12
================================================================================
[2026-04-28T22:52:43.322+0000] {manager.py:832} INFO - Searching for files in /opt/airflow/dags
[2026-04-28T22:52:43.327+0000] {manager.py:835} INFO - There are 2 files in /opt/airflow/dags
[2026-04-28T22:52:46.385+0000] {manager.py:1008} INFO - 
================================================================================
DAG File Processing Stats

File Path                             PID  Runtime      # DAGs    # Errors  Last Runtime    Last Run               Last # of DB Queries
----------------------------------  -----  ---------  --------  ----------  --------------  -------------------  ----------------------
/opt/airflow/dags/tmdb_pipeline.py                           1           0  0.30s           2026-04-28T22:52:43                      45
/opt/airflow/dags/test_dag.py         321  0.01s             1           0  0.06s           2026-04-28T22:52:16                      12
================================================================================
[2026-04-28T22:53:16.694+0000] {manager.py:1008} INFO - 
================================================================================
DAG File Processing Stats

File Path                             PID  Runtime      # DAGs    # Errors  Last Runtime    Last Run               Last # of DB Queries
----------------------------------  -----  ---------  --------  ----------  --------------  -------------------  ----------------------
/opt/airflow/dags/tmdb_pipeline.py                           1           0  0.23s           2026-04-28T22:53:13                      12
/opt/airflow/dags/test_dag.py         338  0.00s             1           0  0.06s           2026-04-28T22:52:46                      12
================================================================================
[2026-04-28T22:53:47.038+0000] {manager.py:1008} INFO - 
================================================================================
DAG File Processing Stats

File Path                             PID  Runtime      # DAGs    # Errors  Last Runtime    Last Run               Last # of DB Queries
----------------------------------  -----  ---------  --------  ----------  --------------  -------------------  ----------------------
/opt/airflow/dags/tmdb_pipeline.py                           1           0  0.26s           2026-04-28T22:53:44                      12
/opt/airflow/dags/test_dag.py         355  0.01s             1           0  0.05s           2026-04-28T22:53:16                      12
================================================================================
[2026-04-28T22:54:17.605+0000] {manager.py:1008} INFO - 
================================================================================
DAG File Processing Stats

File Path                             PID  Runtime      # DAGs    # Errors  Last Runtime    Last Run               Last # of DB Queries
----------------------------------  -----  ---------  --------  ----------  --------------  -------------------  ----------------------
/opt/airflow/dags/tmdb_pipeline.py                           1           0  0.22s           2026-04-28T22:54:03                      12
/opt/airflow/dags/test_dag.py         378  0.00s             1           0  0.07s           2026-04-28T22:53:47                      12
================================================================================
[2026-04-28T22:54:47.940+0000] {manager.py:1008} INFO - 
================================================================================
DAG File Processing Stats

File Path                             PID  Runtime      # DAGs    # Errors  Last Runtime    Last Run               Last # of DB Queries
----------------------------------  -----  ---------  --------  ----------  --------------  -------------------  ----------------------
/opt/airflow/dags/tmdb_pipeline.py                           1           0  0.25s           2026-04-28T22:54:34                      12
/opt/airflow/dags/test_dag.py         395  0.01s             1           0  0.06s           2026-04-28T22:54:17                      12
================================================================================
[2026-04-28T22:55:18.500+0000] {manager.py:1008} INFO - 
================================================================================
DAG File Processing Stats

File Path                             PID  Runtime      # DAGs    # Errors  Last Runtime    Last Run               Last # of DB Queries
----------------------------------  -----  ---------  --------  ----------  --------------  -------------------  ----------------------
/opt/airflow/dags/tmdb_pipeline.py                           1           0  0.24s           2026-04-28T22:55:08                      12
/opt/airflow/dags/test_dag.py         418  0.01s             1           0  0.06s           2026-04-28T22:54:47                      12
================================================================================
[2026-04-28T22:55:48.837+0000] {manager.py:1008} INFO - 
================================================================================
DAG File Processing Stats

File Path                             PID  Runtime      # DAGs    # Errors  Last Runtime    Last Run               Last # of DB Queries
----------------------------------  -----  ---------  --------  ----------  --------------  -------------------  ----------------------
/opt/airflow/dags/tmdb_pipeline.py                           0           1  0.22s           2026-04-28T22:55:26                       4
/opt/airflow/dags/test_dag.py         435  0.01s             1           0  0.06s           2026-04-28T22:55:18                      12
================================================================================
[2026-04-28T22:56:19.157+0000] {manager.py:1008} INFO - 
================================================================================
DAG File Processing Stats

File Path                             PID  Runtime      # DAGs    # Errors  Last Runtime    Last Run               Last # of DB Queries
----------------------------------  -----  ---------  --------  ----------  --------------  -------------------  ----------------------
/opt/airflow/dags/tmdb_pipeline.py                           1           0  0.22s           2026-04-28T22:55:57                      13
/opt/airflow/dags/test_dag.py         452  0.00s             1           0  0.06s           2026-04-28T22:55:48                      12
================================================================================
[2026-04-28T22:56:49.512+0000] {manager.py:1008} INFO - 
================================================================================
DAG File Processing Stats

File Path                             PID  Runtime      # DAGs    # Errors  Last Runtime    Last Run               Last # of DB Queries
----------------------------------  -----  ---------  --------  ----------  --------------  -------------------  ----------------------
/opt/airflow/dags/tmdb_pipeline.py                           1           0  0.22s           2026-04-28T22:56:27                      13
/opt/airflow/dags/test_dag.py         470  0.01s             1           0  0.06s           2026-04-28T22:56:19                      12
================================================================================
[2026-04-28T22:57:19.840+0000] {manager.py:1008} INFO - 
================================================================================
DAG File Processing Stats

File Path                             PID  Runtime      # DAGs    # Errors  Last Runtime    Last Run               Last # of DB Queries
----------------------------------  -----  ---------  --------  ----------  --------------  -------------------  ----------------------
/opt/airflow/dags/test_dag.py         486  0.00s             1           0  0.07s           2026-04-28T22:56:49                      12
/opt/airflow/dags/tmdb_pipeline.py                           0           0  0.04s           2026-04-28T22:56:51                       3
================================================================================
[2026-04-28T22:57:44.139+0000] {manager.py:832} INFO - Searching for files in /opt/airflow/dags
[2026-04-28T22:57:44.149+0000] {manager.py:835} INFO - There are 1 files in /opt/airflow/dags
[2026-04-28T22:57:50.240+0000] {manager.py:1008} INFO - 
================================================================================
DAG File Processing Stats

File Path                        PID  Runtime      # DAGs    # Errors  Last Runtime    Last Run               Last # of DB Queries
-----------------------------  -----  ---------  --------  ----------  --------------  -------------------  ----------------------
/opt/airflow/dags/test_dag.py    502  0.01s             1           0  0.06s           2026-04-28T22:57:19                      12
================================================================================
[2026-04-28T22:58:20.610+0000] {manager.py:1008} INFO - 
================================================================================
DAG File Processing Stats

File Path                        PID  Runtime      # DAGs    # Errors  Last Runtime    Last Run               Last # of DB Queries
-----------------------------  -----  ---------  --------  ----------  --------------  -------------------  ----------------------
/opt/airflow/dags/test_dag.py    513  0.00s             1           0  0.07s           2026-04-28T22:57:50                      12
================================================================================
[2026-04-28T22:58:53.968+0000] {manager.py:486} INFO - Processing files using up to 2 processes at a time 
[2026-04-28T22:58:53.969+0000] {manager.py:487} INFO - Process each file at most once every 30 seconds
[2026-04-28T22:58:53.969+0000] {manager.py:488} INFO - Checking for new files in /opt/airflow/dags every 300 seconds
[2026-04-28T22:58:53.972+0000] {manager.py:832} INFO - Searching for files in /opt/airflow/dags
[2026-04-28T22:58:53.977+0000] {manager.py:835} INFO - There are 1 files in /opt/airflow/dags
[2026-04-28T22:58:54.068+0000] {manager.py:1008} INFO - 
================================================================================
DAG File Processing Stats

File Path                        PID  Runtime      # DAGs    # Errors  Last Runtime    Last Run      Last # of DB Queries
-----------------------------  -----  ---------  --------  ----------  --------------  ----------  ----------------------
/opt/airflow/dags/test_dag.py    166  0.03s             0           0                                                   0
================================================================================
[2026-04-28T22:59:24.382+0000] {manager.py:1008} INFO - 
================================================================================
DAG File Processing Stats

File Path                        PID  Runtime      # DAGs    # Errors  Last Runtime    Last Run               Last # of DB Queries
-----------------------------  -----  ---------  --------  ----------  --------------  -------------------  ----------------------
/opt/airflow/dags/test_dag.py    202  0.01s             1           0  0.06s           2026-04-28T22:58:54                      12
================================================================================
[2026-04-28T22:59:54.706+0000] {manager.py:1008} INFO - 
================================================================================
DAG File Processing Stats

File Path                        PID  Runtime      # DAGs    # Errors  Last Runtime    Last Run               Last # of DB Queries
-----------------------------  -----  ---------  --------  ----------  --------------  -------------------  ----------------------
/opt/airflow/dags/test_dag.py    213  0.01s             1           0  0.06s           2026-04-28T22:59:24                      12
================================================================================
[2026-04-28T23:00:25.016+0000] {manager.py:1008} INFO - 
================================================================================
DAG File Processing Stats

File Path                        PID  Runtime      # DAGs    # Errors  Last Runtime    Last Run               Last # of DB Queries
-----------------------------  -----  ---------  --------  ----------  --------------  -------------------  ----------------------
/opt/airflow/dags/test_dag.py    224  0.00s             1           0  0.06s           2026-04-28T22:59:54                      12
================================================================================
[2026-04-28T23:01:35.224+0000] {manager.py:486} INFO - Processing files using up to 2 processes at a time 
[2026-04-28T23:01:35.225+0000] {manager.py:487} INFO - Process each file at most once every 30 seconds
[2026-04-28T23:01:35.225+0000] {manager.py:488} INFO - Checking for new files in /opt/airflow/dags every 300 seconds
[2026-04-28T23:01:35.225+0000] {manager.py:832} INFO - Searching for files in /opt/airflow/dags
[2026-04-28T23:01:35.227+0000] {manager.py:835} INFO - There are 1 files in /opt/airflow/dags
[2026-04-28T23:01:35.250+0000] {manager.py:1008} INFO - 
================================================================================
DAG File Processing Stats

File Path                        PID  Runtime      # DAGs    # Errors  Last Runtime    Last Run      Last # of DB Queries
-----------------------------  -----  ---------  --------  ----------  --------------  ----------  ----------------------
/opt/airflow/dags/test_dag.py    167  0.01s             0           0                                                   0
================================================================================
[2026-04-28T23:02:05.480+0000] {manager.py:1008} INFO - 
================================================================================
DAG File Processing Stats

File Path                        PID  Runtime      # DAGs    # Errors  Last Runtime    Last Run               Last # of DB Queries
-----------------------------  -----  ---------  --------  ----------  --------------  -------------------  ----------------------
/opt/airflow/dags/test_dag.py    210  0.01s             1           0  0.05s           2026-04-28T23:01:35                      12
================================================================================
[2026-04-28T23:02:35.802+0000] {manager.py:1008} INFO - 
================================================================================
DAG File Processing Stats

File Path                        PID  Runtime      # DAGs    # Errors  Last Runtime    Last Run               Last # of DB Queries
-----------------------------  -----  ---------  --------  ----------  --------------  -------------------  ----------------------
/opt/airflow/dags/test_dag.py    221  0.01s             1           0  0.07s           2026-04-28T23:02:05                      12
================================================================================
[2026-04-28T23:03:06.094+0000] {manager.py:1008} INFO - 
================================================================================
DAG File Processing Stats

File Path                        PID  Runtime      # DAGs    # Errors  Last Runtime    Last Run               Last # of DB Queries
-----------------------------  -----  ---------  --------  ----------  --------------  -------------------  ----------------------
/opt/airflow/dags/test_dag.py    232  0.01s             1           0  0.07s           2026-04-28T23:02:35                      12
================================================================================
[2026-04-28T23:03:36.459+0000] {manager.py:1008} INFO - 
================================================================================
DAG File Processing Stats

File Path                        PID  Runtime      # DAGs    # Errors  Last Runtime    Last Run               Last # of DB Queries
-----------------------------  -----  ---------  --------  ----------  --------------  -------------------  ----------------------
/opt/airflow/dags/test_dag.py    243  0.01s             1           0  0.07s           2026-04-28T23:03:06                      12
================================================================================
[2026-04-28T23:04:06.755+0000] {manager.py:1008} INFO - 
================================================================================
DAG File Processing Stats

File Path                        PID  Runtime      # DAGs    # Errors  Last Runtime    Last Run               Last # of DB Queries
-----------------------------  -----  ---------  --------  ----------  --------------  -------------------  ----------------------
/opt/airflow/dags/test_dag.py    254  0.01s             1           0  0.06s           2026-04-28T23:03:36                      12
================================================================================
[2026-04-28T23:04:37.085+0000] {manager.py:1008} INFO - 
================================================================================
DAG File Processing Stats

File Path                        PID  Runtime      # DAGs    # Errors  Last Runtime    Last Run               Last # of DB Queries
-----------------------------  -----  ---------  --------  ----------  --------------  -------------------  ----------------------
/opt/airflow/dags/test_dag.py    271  0.01s             1           0  0.06s           2026-04-28T23:04:06                      12
================================================================================
[2026-04-28T23:05:07.410+0000] {manager.py:1008} INFO - 
================================================================================
DAG File Processing Stats

File Path                        PID  Runtime      # DAGs    # Errors  Last Runtime    Last Run               Last # of DB Queries
-----------------------------  -----  ---------  --------  ----------  --------------  -------------------  ----------------------
/opt/airflow/dags/test_dag.py    295  0.01s             1           0  0.07s           2026-04-28T23:04:37                      12
================================================================================
[2026-04-28T23:05:37.737+0000] {manager.py:1008} INFO - 
================================================================================
DAG File Processing Stats

File Path                        PID  Runtime      # DAGs    # Errors  Last Runtime    Last Run               Last # of DB Queries
-----------------------------  -----  ---------  --------  ----------  --------------  -------------------  ----------------------
/opt/airflow/dags/test_dag.py    330  0.00s             1           0  0.07s           2026-04-28T23:05:07                      12
================================================================================
[2026-04-28T23:06:08.105+0000] {manager.py:1008} INFO - 
================================================================================
DAG File Processing Stats

File Path                        PID  Runtime      # DAGs    # Errors  Last Runtime    Last Run               Last # of DB Queries
-----------------------------  -----  ---------  --------  ----------  --------------  -------------------  ----------------------
/opt/airflow/dags/test_dag.py    341  0.01s             1           0  0.05s           2026-04-28T23:05:37                      12
================================================================================
[2026-04-28T23:06:35.403+0000] {manager.py:832} INFO - Searching for files in /opt/airflow/dags
[2026-04-28T23:06:35.407+0000] {manager.py:835} INFO - There are 1 files in /opt/airflow/dags
[2026-04-28T23:06:38.455+0000] {manager.py:1008} INFO - 
================================================================================
DAG File Processing Stats

File Path                        PID  Runtime      # DAGs    # Errors  Last Runtime    Last Run               Last # of DB Queries
-----------------------------  -----  ---------  --------  ----------  --------------  -------------------  ----------------------
/opt/airflow/dags/test_dag.py    352  0.00s             1           0  0.06s           2026-04-28T23:06:08                      12
================================================================================
[2026-04-28T23:07:08.759+0000] {manager.py:1008} INFO - 
================================================================================
DAG File Processing Stats

File Path                        PID  Runtime      # DAGs    # Errors  Last Runtime    Last Run               Last # of DB Queries
-----------------------------  -----  ---------  --------  ----------  --------------  -------------------  ----------------------
/opt/airflow/dags/test_dag.py    364  0.00s             1           0  0.06s           2026-04-28T23:06:38                      12
================================================================================
[2026-04-28T23:09:30.491+0000] {manager.py:486} INFO - Processing files using up to 2 processes at a time 
[2026-04-28T23:09:30.491+0000] {manager.py:487} INFO - Process each file at most once every 30 seconds
[2026-04-28T23:09:30.491+0000] {manager.py:488} INFO - Checking for new files in /opt/airflow/dags every 300 seconds
[2026-04-28T23:09:30.491+0000] {manager.py:832} INFO - Searching for files in /opt/airflow/dags
[2026-04-28T23:09:30.493+0000] {manager.py:835} INFO - There are 1 files in /opt/airflow/dags
[2026-04-28T23:09:30.526+0000] {manager.py:1008} INFO - 
================================================================================
DAG File Processing Stats

File Path                        PID  Runtime      # DAGs    # Errors  Last Runtime    Last Run      Last # of DB Queries
-----------------------------  -----  ---------  --------  ----------  --------------  ----------  ----------------------
/opt/airflow/dags/test_dag.py    167  0.01s             0           0                                                   0
================================================================================
[2026-04-28T23:10:00.785+0000] {manager.py:1008} INFO - 
================================================================================
DAG File Processing Stats

File Path                        PID  Runtime      # DAGs    # Errors  Last Runtime    Last Run               Last # of DB Queries
-----------------------------  -----  ---------  --------  ----------  --------------  -------------------  ----------------------
/opt/airflow/dags/test_dag.py    209  0.01s             1           0  0.16s           2026-04-28T23:09:30                      45
================================================================================
[2026-04-28T23:10:31.076+0000] {manager.py:1008} INFO - 
================================================================================
DAG File Processing Stats

File Path                        PID  Runtime      # DAGs    # Errors  Last Runtime    Last Run               Last # of DB Queries
-----------------------------  -----  ---------  --------  ----------  --------------  -------------------  ----------------------
/opt/airflow/dags/test_dag.py    221  0.01s             1           0  0.08s           2026-04-28T23:10:00                      12
================================================================================
[2026-04-28T23:11:01.394+0000] {manager.py:1008} INFO - 
================================================================================
DAG File Processing Stats

File Path                        PID  Runtime      # DAGs    # Errors  Last Runtime    Last Run               Last # of DB Queries
-----------------------------  -----  ---------  --------  ----------  --------------  -------------------  ----------------------
/opt/airflow/dags/test_dag.py    238  0.01s             1           0  0.07s           2026-04-28T23:10:31                      12
================================================================================
[2026-04-28T23:11:31.777+0000] {manager.py:1008} INFO - 
================================================================================
DAG File Processing Stats

File Path                        PID  Runtime      # DAGs    # Errors  Last Runtime    Last Run               Last # of DB Queries
-----------------------------  -----  ---------  --------  ----------  --------------  -------------------  ----------------------
/opt/airflow/dags/test_dag.py    249  0.01s             1           0  0.07s           2026-04-28T23:11:01                      12
================================================================================
[2026-04-28T23:11:45.490+0000] {manager.py:486} INFO - Processing files using up to 2 processes at a time 
[2026-04-28T23:11:45.491+0000] {manager.py:487} INFO - Process each file at most once every 30 seconds
[2026-04-28T23:11:45.492+0000] {manager.py:488} INFO - Checking for new files in /opt/airflow/dags every 300 seconds
[2026-04-28T23:11:45.494+0000] {manager.py:832} INFO - Searching for files in /opt/airflow/dags
[2026-04-28T23:11:45.515+0000] {manager.py:835} INFO - There are 2 files in /opt/airflow/dags
[2026-04-28T23:11:45.553+0000] {manager.py:1008} INFO - 
================================================================================
DAG File Processing Stats

File Path                             PID  Runtime      # DAGs    # Errors  Last Runtime    Last Run      Last # of DB Queries
----------------------------------  -----  ---------  --------  ----------  --------------  ----------  ----------------------
/opt/airflow/dags/test_dag.py         170  0.01s             0           0                                                   0
/opt/airflow/dags/tmdb_pipeline.py    167  0.01s             0           0                                                   0
================================================================================
[2026-04-28T23:12:15.980+0000] {manager.py:1008} INFO - 
================================================================================
DAG File Processing Stats

File Path                             PID  Runtime      # DAGs    # Errors  Last Runtime    Last Run               Last # of DB Queries
----------------------------------  -----  ---------  --------  ----------  --------------  -------------------  ----------------------
/opt/airflow/dags/tmdb_pipeline.py    213  0.01s             1           0  0.37s           2026-04-28T23:11:45                      45
/opt/airflow/dags/test_dag.py         216  0.00s             1           0  0.10s           2026-04-28T23:11:45                      12
================================================================================
[2026-04-28T23:12:46.344+0000] {manager.py:1008} INFO - 
================================================================================
DAG File Processing Stats

File Path                             PID  Runtime      # DAGs    # Errors  Last Runtime    Last Run               Last # of DB Queries
----------------------------------  -----  ---------  --------  ----------  --------------  -------------------  ----------------------
/opt/airflow/dags/tmdb_pipeline.py    234  0.01s             1           0  0.24s           2026-04-28T23:12:16                      12
/opt/airflow/dags/test_dag.py         237  0.00s             1           0  0.06s           2026-04-28T23:12:16                      12
================================================================================
[2026-04-28T23:13:16.711+0000] {manager.py:1008} INFO - 
================================================================================
DAG File Processing Stats

File Path                             PID  Runtime      # DAGs    # Errors  Last Runtime    Last Run               Last # of DB Queries
----------------------------------  -----  ---------  --------  ----------  --------------  -------------------  ----------------------
/opt/airflow/dags/tmdb_pipeline.py    251  0.01s             1           0  0.23s           2026-04-28T23:12:46                      12
/opt/airflow/dags/test_dag.py         254  0.00s             1           0  0.05s           2026-04-28T23:12:46                      12
================================================================================
[2026-04-28T23:13:47.086+0000] {manager.py:1008} INFO - 
================================================================================
DAG File Processing Stats

File Path                             PID  Runtime      # DAGs    # Errors  Last Runtime    Last Run               Last # of DB Queries
----------------------------------  -----  ---------  --------  ----------  --------------  -------------------  ----------------------
/opt/airflow/dags/tmdb_pipeline.py    268  0.01s             1           0  0.24s           2026-04-28T23:13:16                      12
/opt/airflow/dags/test_dag.py         270  0.00s             1           0  0.06s           2026-04-28T23:13:16                      12
================================================================================
[2026-04-28T23:14:17.507+0000] {manager.py:1008} INFO - 
================================================================================
DAG File Processing Stats

File Path                             PID  Runtime      # DAGs    # Errors  Last Runtime    Last Run               Last # of DB Queries
----------------------------------  -----  ---------  --------  ----------  --------------  -------------------  ----------------------
/opt/airflow/dags/tmdb_pipeline.py    285  0.01s             1           0  0.25s           2026-04-28T23:13:47                      12
/opt/airflow/dags/test_dag.py         288  0.00s             1           0  0.06s           2026-04-28T23:13:47                      12
================================================================================
