[2026-05-04T23:35:26.915+0000] {local_task_job_runner.py:123} INFO - ::group::Pre task execution logs
[2026-05-04T23:35:26.929+0000] {taskinstance.py:2612} INFO - Dependencies all met for dep_context=non-requeueable deps ti=<TaskInstance: tmdb_realtime_ingest.extract_tmdb_genres scheduled__2026-05-03T00:00:00+00:00 [queued]>
[2026-05-04T23:35:26.940+0000] {taskinstance.py:2612} INFO - Dependencies all met for dep_context=requeueable deps ti=<TaskInstance: tmdb_realtime_ingest.extract_tmdb_genres scheduled__2026-05-03T00:00:00+00:00 [queued]>
[2026-05-04T23:35:26.941+0000] {taskinstance.py:2865} INFO - Starting attempt 1 of 1
[2026-05-04T23:35:26.954+0000] {taskinstance.py:2888} INFO - Executing <Task(PythonOperator): extract_tmdb_genres> on 2026-05-03 00:00:00+00:00
[2026-05-04T23:35:26.961+0000] {logging_mixin.py:190} WARNING - /home/***/.local/lib/python3.12/site-packages/***/task/task_runner/standard_task_runner.py:70 DeprecationWarning: This process (pid=189) is multi-threaded, use of fork() may lead to deadlocks in the child.
[2026-05-04T23:35:26.961+0000] {standard_task_runner.py:72} INFO - Started process 220 to run task
[2026-05-04T23:35:26.961+0000] {standard_task_runner.py:104} INFO - Running: ['***', 'tasks', 'run', 'tmdb_realtime_ingest', 'extract_tmdb_genres', 'scheduled__2026-05-03T00:00:00+00:00', '--job-id', '161', '--raw', '--subdir', 'DAGS_FOLDER/tmdb_pipeline.py', '--cfg-path', '/tmp/tmptgnyrew7']
[2026-05-04T23:35:26.963+0000] {standard_task_runner.py:105} INFO - Job 161: Subtask extract_tmdb_genres
[2026-05-04T23:35:27.000+0000] {task_command.py:467} INFO - Running <TaskInstance: tmdb_realtime_ingest.extract_tmdb_genres scheduled__2026-05-03T00:00:00+00:00 [running]> on host 6a67170d577a
[2026-05-04T23:35:27.057+0000] {taskinstance.py:3131} INFO - Exporting env vars: AIRFLOW_CTX_DAG_OWNER='***' AIRFLOW_CTX_DAG_ID='tmdb_realtime_ingest' AIRFLOW_CTX_TASK_ID='extract_tmdb_genres' AIRFLOW_CTX_EXECUTION_DATE='2026-05-03T00:00:00+00:00' AIRFLOW_CTX_TRY_NUMBER='1' AIRFLOW_CTX_DAG_RUN_ID='scheduled__2026-05-03T00:00:00+00:00'
[2026-05-04T23:35:27.058+0000] {taskinstance.py:731} INFO - ::endgroup::
[2026-05-04T23:35:27.355+0000] {python.py:240} INFO - Done. Returned value was: None
[2026-05-04T23:35:27.361+0000] {taskinstance.py:340} INFO - ::group::Post task execution logs
[2026-05-04T23:35:27.362+0000] {taskinstance.py:352} INFO - Marking task as SUCCESS. dag_id=tmdb_realtime_ingest, task_id=extract_tmdb_genres, run_id=scheduled__2026-05-03T00:00:00+00:00, execution_date=20260503T000000, start_date=20260504T233526, end_date=20260504T233527
[2026-05-04T23:35:27.392+0000] {local_task_job_runner.py:266} INFO - Task exited with return code 0
[2026-05-04T23:35:27.457+0000] {taskinstance.py:3900} INFO - 1 downstream tasks scheduled from follow-on schedule check
[2026-05-04T23:35:27.473+0000] {local_task_job_runner.py:245} INFO - ::endgroup::
[2026-05-07T07:21:07.669+0000] {local_task_job_runner.py:123} INFO - ::group::Pre task execution logs
[2026-05-07T07:21:07.686+0000] {taskinstance.py:2612} INFO - Dependencies all met for dep_context=non-requeueable deps ti=<TaskInstance: tmdb_realtime_ingest.extract_tmdb_genres scheduled__2026-05-03T00:00:00+00:00 [queued]>
[2026-05-07T07:21:07.693+0000] {taskinstance.py:2612} INFO - Dependencies all met for dep_context=requeueable deps ti=<TaskInstance: tmdb_realtime_ingest.extract_tmdb_genres scheduled__2026-05-03T00:00:00+00:00 [queued]>
[2026-05-07T07:21:07.693+0000] {taskinstance.py:2865} INFO - Starting attempt 1 of 1
[2026-05-07T07:21:07.705+0000] {taskinstance.py:2888} INFO - Executing <Task(PythonOperator): extract_tmdb_genres> on 2026-05-03 00:00:00+00:00
[2026-05-07T07:21:07.711+0000] {logging_mixin.py:190} WARNING - /home/***/.local/lib/python3.12/site-packages/***/task/task_runner/standard_task_runner.py:70 DeprecationWarning: This process (pid=2448) is multi-threaded, use of fork() may lead to deadlocks in the child.
[2026-05-07T07:21:07.716+0000] {standard_task_runner.py:72} INFO - Started process 2464 to run task
[2026-05-07T07:21:07.713+0000] {standard_task_runner.py:104} INFO - Running: ['***', 'tasks', 'run', 'tmdb_realtime_ingest', 'extract_tmdb_genres', 'scheduled__2026-05-03T00:00:00+00:00', '--job-id', '466', '--raw', '--subdir', 'DAGS_FOLDER/tmdb_pipeline.py', '--cfg-path', '/tmp/tmp_rhd0341']
[2026-05-07T07:21:07.718+0000] {standard_task_runner.py:105} INFO - Job 466: Subtask extract_tmdb_genres
[2026-05-07T07:21:07.767+0000] {task_command.py:467} INFO - Running <TaskInstance: tmdb_realtime_ingest.extract_tmdb_genres scheduled__2026-05-03T00:00:00+00:00 [running]> on host 1589e571b783
[2026-05-07T07:21:07.814+0000] {taskinstance.py:3131} INFO - Exporting env vars: AIRFLOW_CTX_DAG_OWNER='***' AIRFLOW_CTX_DAG_ID='tmdb_realtime_ingest' AIRFLOW_CTX_TASK_ID='extract_tmdb_genres' AIRFLOW_CTX_EXECUTION_DATE='2026-05-03T00:00:00+00:00' AIRFLOW_CTX_TRY_NUMBER='1' AIRFLOW_CTX_DAG_RUN_ID='scheduled__2026-05-03T00:00:00+00:00'
[2026-05-07T07:21:07.816+0000] {taskinstance.py:731} INFO - ::endgroup::
[2026-05-07T07:21:07.919+0000] {python.py:240} INFO - Done. Returned value was: None
[2026-05-07T07:21:07.929+0000] {taskinstance.py:340} INFO - ::group::Post task execution logs
[2026-05-07T07:21:07.929+0000] {taskinstance.py:352} INFO - Marking task as SUCCESS. dag_id=tmdb_realtime_ingest, task_id=extract_tmdb_genres, run_id=scheduled__2026-05-03T00:00:00+00:00, execution_date=20260503T000000, start_date=20260507T072107, end_date=20260507T072107
[2026-05-07T07:21:07.943+0000] {local_task_job_runner.py:266} INFO - Task exited with return code 0
[2026-05-07T07:21:07.959+0000] {taskinstance.py:3900} INFO - 1 downstream tasks scheduled from follow-on schedule check
[2026-05-07T07:21:07.959+0000] {local_task_job_runner.py:245} INFO - ::endgroup::
[2026-05-07T07:35:30.792+0000] {local_task_job_runner.py:123} INFO - ::group::Pre task execution logs
[2026-05-07T07:35:30.811+0000] {taskinstance.py:2612} INFO - Dependencies all met for dep_context=non-requeueable deps ti=<TaskInstance: tmdb_realtime_ingest.extract_tmdb_genres scheduled__2026-05-03T00:00:00+00:00 [queued]>
[2026-05-07T07:35:30.820+0000] {taskinstance.py:2612} INFO - Dependencies all met for dep_context=requeueable deps ti=<TaskInstance: tmdb_realtime_ingest.extract_tmdb_genres scheduled__2026-05-03T00:00:00+00:00 [queued]>
[2026-05-07T07:35:30.821+0000] {taskinstance.py:2865} INFO - Starting attempt 1 of 1
[2026-05-07T07:35:30.837+0000] {taskinstance.py:2888} INFO - Executing <Task(PythonOperator): extract_tmdb_genres> on 2026-05-03 00:00:00+00:00
[2026-05-07T07:35:30.848+0000] {logging_mixin.py:190} WARNING - /home/***/.local/lib/python3.12/site-packages/***/task/task_runner/standard_task_runner.py:70 DeprecationWarning: This process (pid=2404) is multi-threaded, use of fork() may lead to deadlocks in the child.
[2026-05-07T07:35:30.856+0000] {standard_task_runner.py:72} INFO - Started process 2427 to run task
[2026-05-07T07:35:30.871+0000] {standard_task_runner.py:104} INFO - Running: ['***', 'tasks', 'run', 'tmdb_realtime_ingest', 'extract_tmdb_genres', 'scheduled__2026-05-03T00:00:00+00:00', '--job-id', '805', '--raw', '--subdir', 'DAGS_FOLDER/tmdb_pipeline.py', '--cfg-path', '/tmp/tmpl0ui180o']
[2026-05-07T07:35:30.876+0000] {standard_task_runner.py:105} INFO - Job 805: Subtask extract_tmdb_genres
[2026-05-07T07:35:30.942+0000] {task_command.py:467} INFO - Running <TaskInstance: tmdb_realtime_ingest.extract_tmdb_genres scheduled__2026-05-03T00:00:00+00:00 [running]> on host da59d52ee0b5
[2026-05-07T07:35:31.096+0000] {taskinstance.py:3131} INFO - Exporting env vars: AIRFLOW_CTX_DAG_OWNER='***' AIRFLOW_CTX_DAG_ID='tmdb_realtime_ingest' AIRFLOW_CTX_TASK_ID='extract_tmdb_genres' AIRFLOW_CTX_EXECUTION_DATE='2026-05-03T00:00:00+00:00' AIRFLOW_CTX_TRY_NUMBER='1' AIRFLOW_CTX_DAG_RUN_ID='scheduled__2026-05-03T00:00:00+00:00'
[2026-05-07T07:35:31.105+0000] {taskinstance.py:731} INFO - ::endgroup::
[2026-05-07T07:35:31.254+0000] {python.py:240} INFO - Done. Returned value was: None
[2026-05-07T07:35:31.264+0000] {taskinstance.py:340} INFO - ::group::Post task execution logs
[2026-05-07T07:35:31.264+0000] {taskinstance.py:352} INFO - Marking task as SUCCESS. dag_id=tmdb_realtime_ingest, task_id=extract_tmdb_genres, run_id=scheduled__2026-05-03T00:00:00+00:00, execution_date=20260503T000000, start_date=20260507T073530, end_date=20260507T073531
[2026-05-07T07:35:31.293+0000] {local_task_job_runner.py:266} INFO - Task exited with return code 0
[2026-05-07T07:35:31.312+0000] {taskinstance.py:3900} INFO - 1 downstream tasks scheduled from follow-on schedule check
[2026-05-07T07:35:31.315+0000] {local_task_job_runner.py:245} INFO - ::endgroup::
[2026-05-07T07:44:44.935+0000] {local_task_job_runner.py:123} INFO - ::group::Pre task execution logs
[2026-05-07T07:44:44.970+0000] {taskinstance.py:2612} INFO - Dependencies all met for dep_context=non-requeueable deps ti=<TaskInstance: tmdb_realtime_ingest.extract_tmdb_genres scheduled__2026-05-03T00:00:00+00:00 [queued]>
[2026-05-07T07:44:44.996+0000] {taskinstance.py:2612} INFO - Dependencies all met for dep_context=requeueable deps ti=<TaskInstance: tmdb_realtime_ingest.extract_tmdb_genres scheduled__2026-05-03T00:00:00+00:00 [queued]>
[2026-05-07T07:44:44.997+0000] {taskinstance.py:2865} INFO - Starting attempt 1 of 1
[2026-05-07T07:44:45.012+0000] {taskinstance.py:2888} INFO - Executing <Task(PythonOperator): extract_tmdb_genres> on 2026-05-03 00:00:00+00:00
[2026-05-07T07:44:45.037+0000] {logging_mixin.py:190} WARNING - /home/***/.local/lib/python3.12/site-packages/***/task/task_runner/standard_task_runner.py:70 DeprecationWarning: This process (pid=5556) is multi-threaded, use of fork() may lead to deadlocks in the child.
[2026-05-07T07:44:45.045+0000] {standard_task_runner.py:72} INFO - Started process 5592 to run task
[2026-05-07T07:44:45.043+0000] {standard_task_runner.py:104} INFO - Running: ['***', 'tasks', 'run', 'tmdb_realtime_ingest', 'extract_tmdb_genres', 'scheduled__2026-05-03T00:00:00+00:00', '--job-id', '1154', '--raw', '--subdir', 'DAGS_FOLDER/tmdb_pipeline.py', '--cfg-path', '/tmp/tmptswxxssp']
[2026-05-07T07:44:45.051+0000] {standard_task_runner.py:105} INFO - Job 1154: Subtask extract_tmdb_genres
[2026-05-07T07:44:45.121+0000] {task_command.py:467} INFO - Running <TaskInstance: tmdb_realtime_ingest.extract_tmdb_genres scheduled__2026-05-03T00:00:00+00:00 [running]> on host da59d52ee0b5
[2026-05-07T07:44:45.279+0000] {taskinstance.py:3131} INFO - Exporting env vars: AIRFLOW_CTX_DAG_OWNER='***' AIRFLOW_CTX_DAG_ID='tmdb_realtime_ingest' AIRFLOW_CTX_TASK_ID='extract_tmdb_genres' AIRFLOW_CTX_EXECUTION_DATE='2026-05-03T00:00:00+00:00' AIRFLOW_CTX_TRY_NUMBER='1' AIRFLOW_CTX_DAG_RUN_ID='scheduled__2026-05-03T00:00:00+00:00'
[2026-05-07T07:44:45.280+0000] {taskinstance.py:731} INFO - ::endgroup::
[2026-05-07T07:44:45.509+0000] {python.py:240} INFO - Done. Returned value was: None
[2026-05-07T07:44:45.518+0000] {taskinstance.py:340} INFO - ::group::Post task execution logs
[2026-05-07T07:44:45.518+0000] {taskinstance.py:352} INFO - Marking task as SUCCESS. dag_id=tmdb_realtime_ingest, task_id=extract_tmdb_genres, run_id=scheduled__2026-05-03T00:00:00+00:00, execution_date=20260503T000000, start_date=20260507T074444, end_date=20260507T074445
[2026-05-07T07:44:45.528+0000] {local_task_job_runner.py:266} INFO - Task exited with return code 0
[2026-05-07T07:44:45.548+0000] {taskinstance.py:3900} INFO - 1 downstream tasks scheduled from follow-on schedule check
[2026-05-07T07:44:45.549+0000] {local_task_job_runner.py:245} INFO - ::endgroup::
[2026-05-07T08:00:08.196+0000] {local_task_job_runner.py:123} INFO - ::group::Pre task execution logs
[2026-05-07T08:00:08.227+0000] {taskinstance.py:2612} INFO - Dependencies all met for dep_context=non-requeueable deps ti=<TaskInstance: tmdb_realtime_ingest.extract_tmdb_genres scheduled__2026-05-03T00:00:00+00:00 [queued]>
[2026-05-07T08:00:08.256+0000] {taskinstance.py:2612} INFO - Dependencies all met for dep_context=requeueable deps ti=<TaskInstance: tmdb_realtime_ingest.extract_tmdb_genres scheduled__2026-05-03T00:00:00+00:00 [queued]>
[2026-05-07T08:00:08.256+0000] {taskinstance.py:2865} INFO - Starting attempt 1 of 1
[2026-05-07T08:00:08.412+0000] {taskinstance.py:2888} INFO - Executing <Task(PythonOperator): extract_tmdb_genres> on 2026-05-03 00:00:00+00:00
[2026-05-07T08:00:08.496+0000] {standard_task_runner.py:104} INFO - Running: ['***', 'tasks', 'run', 'tmdb_realtime_ingest', 'extract_tmdb_genres', 'scheduled__2026-05-03T00:00:00+00:00', '--job-id', '1644', '--raw', '--subdir', 'DAGS_FOLDER/tmdb_pipeline.py', '--cfg-path', '/tmp/tmp2pwbu2b6']
[2026-05-07T08:00:08.513+0000] {standard_task_runner.py:105} INFO - Job 1644: Subtask extract_tmdb_genres
[2026-05-07T08:00:08.549+0000] {logging_mixin.py:190} WARNING - /home/***/.local/lib/python3.12/site-packages/***/task/task_runner/standard_task_runner.py:70 DeprecationWarning: This process (pid=3144) is multi-threaded, use of fork() may lead to deadlocks in the child.
[2026-05-07T08:00:08.576+0000] {standard_task_runner.py:72} INFO - Started process 3203 to run task
[2026-05-07T08:00:08.738+0000] {task_command.py:467} INFO - Running <TaskInstance: tmdb_realtime_ingest.extract_tmdb_genres scheduled__2026-05-03T00:00:00+00:00 [running]> on host aec0b0090a27
[2026-05-07T08:00:08.993+0000] {taskinstance.py:3131} INFO - Exporting env vars: AIRFLOW_CTX_DAG_OWNER='***' AIRFLOW_CTX_DAG_ID='tmdb_realtime_ingest' AIRFLOW_CTX_TASK_ID='extract_tmdb_genres' AIRFLOW_CTX_EXECUTION_DATE='2026-05-03T00:00:00+00:00' AIRFLOW_CTX_TRY_NUMBER='1' AIRFLOW_CTX_DAG_RUN_ID='scheduled__2026-05-03T00:00:00+00:00'
[2026-05-07T08:00:09.004+0000] {taskinstance.py:731} INFO - ::endgroup::
[2026-05-07T08:00:09.261+0000] {python.py:240} INFO - Done. Returned value was: None
[2026-05-07T08:00:09.271+0000] {taskinstance.py:340} INFO - ::group::Post task execution logs
[2026-05-07T08:00:09.272+0000] {taskinstance.py:352} INFO - Marking task as SUCCESS. dag_id=tmdb_realtime_ingest, task_id=extract_tmdb_genres, run_id=scheduled__2026-05-03T00:00:00+00:00, execution_date=20260503T000000, start_date=20260507T080008, end_date=20260507T080009
[2026-05-07T08:00:09.356+0000] {local_task_job_runner.py:266} INFO - Task exited with return code 0
[2026-05-07T08:00:09.415+0000] {taskinstance.py:3900} INFO - 1 downstream tasks scheduled from follow-on schedule check
[2026-05-07T08:00:09.439+0000] {local_task_job_runner.py:245} INFO - ::endgroup::
[2026-05-07T08:09:45.958+0000] {local_task_job_runner.py:123} INFO - ::group::Pre task execution logs
[2026-05-07T08:09:45.988+0000] {taskinstance.py:2612} INFO - Dependencies all met for dep_context=non-requeueable deps ti=<TaskInstance: tmdb_realtime_ingest.extract_tmdb_genres scheduled__2026-05-03T00:00:00+00:00 [queued]>
[2026-05-07T08:09:46.006+0000] {taskinstance.py:2612} INFO - Dependencies all met for dep_context=requeueable deps ti=<TaskInstance: tmdb_realtime_ingest.extract_tmdb_genres scheduled__2026-05-03T00:00:00+00:00 [queued]>
[2026-05-07T08:09:46.007+0000] {taskinstance.py:2865} INFO - Starting attempt 1 of 1
[2026-05-07T08:09:46.043+0000] {taskinstance.py:2888} INFO - Executing <Task(PythonOperator): extract_tmdb_genres> on 2026-05-03 00:00:00+00:00
[2026-05-07T08:09:46.062+0000] {logging_mixin.py:190} WARNING - /home/***/.local/lib/python3.12/site-packages/***/task/task_runner/standard_task_runner.py:70 DeprecationWarning: This process (pid=526) is multi-threaded, use of fork() may lead to deadlocks in the child.
[2026-05-07T08:09:46.078+0000] {standard_task_runner.py:72} INFO - Started process 559 to run task
[2026-05-07T08:09:46.071+0000] {standard_task_runner.py:104} INFO - Running: ['***', 'tasks', 'run', 'tmdb_realtime_ingest', 'extract_tmdb_genres', 'scheduled__2026-05-03T00:00:00+00:00', '--job-id', '1732', '--raw', '--subdir', 'DAGS_FOLDER/tmdb_pipeline.py', '--cfg-path', '/tmp/tmp6nf5023n']
[2026-05-07T08:09:46.093+0000] {standard_task_runner.py:105} INFO - Job 1732: Subtask extract_tmdb_genres
[2026-05-07T08:09:46.214+0000] {task_command.py:467} INFO - Running <TaskInstance: tmdb_realtime_ingest.extract_tmdb_genres scheduled__2026-05-03T00:00:00+00:00 [running]> on host 304727ced316
[2026-05-07T08:09:46.344+0000] {taskinstance.py:3131} INFO - Exporting env vars: AIRFLOW_CTX_DAG_OWNER='***' AIRFLOW_CTX_DAG_ID='tmdb_realtime_ingest' AIRFLOW_CTX_TASK_ID='extract_tmdb_genres' AIRFLOW_CTX_EXECUTION_DATE='2026-05-03T00:00:00+00:00' AIRFLOW_CTX_TRY_NUMBER='1' AIRFLOW_CTX_DAG_RUN_ID='scheduled__2026-05-03T00:00:00+00:00'
[2026-05-07T08:09:46.345+0000] {taskinstance.py:731} INFO - ::endgroup::
[2026-05-07T08:09:46.547+0000] {python.py:240} INFO - Done. Returned value was: None
[2026-05-07T08:09:46.565+0000] {taskinstance.py:340} INFO - ::group::Post task execution logs
[2026-05-07T08:09:46.568+0000] {taskinstance.py:352} INFO - Marking task as SUCCESS. dag_id=tmdb_realtime_ingest, task_id=extract_tmdb_genres, run_id=scheduled__2026-05-03T00:00:00+00:00, execution_date=20260503T000000, start_date=20260507T080945, end_date=20260507T080946
[2026-05-07T08:09:46.610+0000] {local_task_job_runner.py:266} INFO - Task exited with return code 0
[2026-05-07T08:09:46.637+0000] {taskinstance.py:3900} INFO - 1 downstream tasks scheduled from follow-on schedule check
[2026-05-07T08:09:46.643+0000] {local_task_job_runner.py:245} INFO - ::endgroup::
[2026-05-07T08:21:37.343+0000] {local_task_job_runner.py:123} INFO - ::group::Pre task execution logs
[2026-05-07T08:21:37.358+0000] {taskinstance.py:2612} INFO - Dependencies all met for dep_context=non-requeueable deps ti=<TaskInstance: tmdb_realtime_ingest.extract_tmdb_genres scheduled__2026-05-03T00:00:00+00:00 [queued]>
[2026-05-07T08:21:37.368+0000] {taskinstance.py:2612} INFO - Dependencies all met for dep_context=requeueable deps ti=<TaskInstance: tmdb_realtime_ingest.extract_tmdb_genres scheduled__2026-05-03T00:00:00+00:00 [queued]>
[2026-05-07T08:21:37.369+0000] {taskinstance.py:2865} INFO - Starting attempt 1 of 1
[2026-05-07T08:21:37.385+0000] {taskinstance.py:2888} INFO - Executing <Task(PythonOperator): extract_tmdb_genres> on 2026-05-03 00:00:00+00:00
[2026-05-07T08:21:37.391+0000] {logging_mixin.py:190} WARNING - /home/***/.local/lib/python3.12/site-packages/***/task/task_runner/standard_task_runner.py:70 DeprecationWarning: This process (pid=582) is multi-threaded, use of fork() may lead to deadlocks in the child.
[2026-05-07T08:21:37.391+0000] {standard_task_runner.py:72} INFO - Started process 595 to run task
[2026-05-07T08:21:37.392+0000] {standard_task_runner.py:104} INFO - Running: ['***', 'tasks', 'run', 'tmdb_realtime_ingest', 'extract_tmdb_genres', 'scheduled__2026-05-03T00:00:00+00:00', '--job-id', '1834', '--raw', '--subdir', 'DAGS_FOLDER/tmdb_pipeline.py', '--cfg-path', '/tmp/tmpt6ev1kbs']
[2026-05-07T08:21:37.393+0000] {standard_task_runner.py:105} INFO - Job 1834: Subtask extract_tmdb_genres
[2026-05-07T08:21:37.443+0000] {task_command.py:467} INFO - Running <TaskInstance: tmdb_realtime_ingest.extract_tmdb_genres scheduled__2026-05-03T00:00:00+00:00 [running]> on host 468e1946259b
[2026-05-07T08:21:37.586+0000] {taskinstance.py:3131} INFO - Exporting env vars: AIRFLOW_CTX_DAG_OWNER='***' AIRFLOW_CTX_DAG_ID='tmdb_realtime_ingest' AIRFLOW_CTX_TASK_ID='extract_tmdb_genres' AIRFLOW_CTX_EXECUTION_DATE='2026-05-03T00:00:00+00:00' AIRFLOW_CTX_TRY_NUMBER='1' AIRFLOW_CTX_DAG_RUN_ID='scheduled__2026-05-03T00:00:00+00:00'
[2026-05-07T08:21:37.587+0000] {taskinstance.py:731} INFO - ::endgroup::
[2026-05-07T08:21:37.702+0000] {python.py:240} INFO - Done. Returned value was: None
[2026-05-07T08:21:37.707+0000] {taskinstance.py:340} INFO - ::group::Post task execution logs
[2026-05-07T08:21:37.707+0000] {taskinstance.py:352} INFO - Marking task as SUCCESS. dag_id=tmdb_realtime_ingest, task_id=extract_tmdb_genres, run_id=scheduled__2026-05-03T00:00:00+00:00, execution_date=20260503T000000, start_date=20260507T082137, end_date=20260507T082137
[2026-05-07T08:21:37.723+0000] {local_task_job_runner.py:266} INFO - Task exited with return code 0
[2026-05-07T08:21:37.752+0000] {taskinstance.py:3900} INFO - 1 downstream tasks scheduled from follow-on schedule check
[2026-05-07T08:21:37.752+0000] {local_task_job_runner.py:245} INFO - ::endgroup::
