[2026-05-02T17:49:23.835+0000] {local_task_job_runner.py:123} INFO - ::group::Pre task execution logs
[2026-05-02T17:49:23.844+0000] {taskinstance.py:2612} INFO - Dependencies all met for dep_context=non-requeueable deps ti=<TaskInstance: tmdb_realtime_ingest.extract_tmdb_data manual__2026-05-02T17:49:23.235823+00:00 [queued]>
[2026-05-02T17:49:23.848+0000] {taskinstance.py:2612} INFO - Dependencies all met for dep_context=requeueable deps ti=<TaskInstance: tmdb_realtime_ingest.extract_tmdb_data manual__2026-05-02T17:49:23.235823+00:00 [queued]>
[2026-05-02T17:49:23.848+0000] {taskinstance.py:2865} INFO - Starting attempt 1 of 1
[2026-05-02T17:49:23.855+0000] {taskinstance.py:2888} INFO - Executing <Task(PythonOperator): extract_tmdb_data> on 2026-05-02 17:49:23.235823+00:00
[2026-05-02T17:49:23.859+0000] {logging_mixin.py:190} WARNING - /home/***/.local/lib/python3.12/site-packages/***/task/task_runner/standard_task_runner.py:70 DeprecationWarning: This process (pid=225) is multi-threaded, use of fork() may lead to deadlocks in the child.
[2026-05-02T17:49:23.860+0000] {standard_task_runner.py:72} INFO - Started process 232 to run task
[2026-05-02T17:49:23.862+0000] {standard_task_runner.py:104} INFO - Running: ['***', 'tasks', 'run', 'tmdb_realtime_ingest', 'extract_tmdb_data', 'manual__2026-05-02T17:49:23.235823+00:00', '--job-id', '105', '--raw', '--subdir', 'DAGS_FOLDER/tmdb_pipeline.py', '--cfg-path', '/tmp/tmp2eok09dz']
[2026-05-02T17:49:23.864+0000] {standard_task_runner.py:105} INFO - Job 105: Subtask extract_tmdb_data
[2026-05-02T17:49:23.885+0000] {task_command.py:467} INFO - Running <TaskInstance: tmdb_realtime_ingest.extract_tmdb_data manual__2026-05-02T17:49:23.235823+00:00 [running]> on host 037e1bdd0e23
[2026-05-02T17:49:23.916+0000] {taskinstance.py:3131} INFO - Exporting env vars: AIRFLOW_CTX_DAG_OWNER='***' AIRFLOW_CTX_DAG_ID='tmdb_realtime_ingest' AIRFLOW_CTX_TASK_ID='extract_tmdb_data' AIRFLOW_CTX_EXECUTION_DATE='2026-05-02T17:49:23.235823+00:00' AIRFLOW_CTX_TRY_NUMBER='1' AIRFLOW_CTX_DAG_RUN_ID='manual__2026-05-02T17:49:23.235823+00:00'
[2026-05-02T17:49:23.916+0000] {taskinstance.py:731} INFO - ::endgroup::
[2026-05-02T17:49:24.719+0000] {logging_mixin.py:190} INFO - Preview of TMDb data:
[2026-05-02T17:49:24.724+0000] {logging_mixin.py:190} INFO -    tmdb_id  ...         snapshot_timestamp
0  1007757  ... 2026-05-02 17:49:24.717832
1  1314481  ... 2026-05-02 17:49:24.717832
2   936075  ... 2026-05-02 17:49:24.717832
3  1292695  ... 2026-05-02 17:49:24.717832
4  1651233  ... 2026-05-02 17:49:24.717832

[5 rows x 9 columns]
[2026-05-02T17:49:24.726+0000] {logging_mixin.py:190} INFO - TMDb realtime ingestion complete!
[2026-05-02T17:49:24.726+0000] {python.py:240} INFO - Done. Returned value was: None
[2026-05-02T17:49:24.729+0000] {taskinstance.py:340} INFO - ::group::Post task execution logs
[2026-05-02T17:49:24.729+0000] {taskinstance.py:352} INFO - Marking task as SUCCESS. dag_id=tmdb_realtime_ingest, task_id=extract_tmdb_data, run_id=manual__2026-05-02T17:49:23.235823+00:00, execution_date=20260502T174923, start_date=20260502T174923, end_date=20260502T174924
[2026-05-02T17:49:24.756+0000] {local_task_job_runner.py:266} INFO - Task exited with return code 0
[2026-05-02T17:49:24.772+0000] {taskinstance.py:3900} INFO - 1 downstream tasks scheduled from follow-on schedule check
[2026-05-02T17:49:24.772+0000] {local_task_job_runner.py:245} INFO - ::endgroup::
