[2026-05-04T23:37:12.242+0000] {local_task_job_runner.py:123} INFO - ::group::Pre task execution logs
[2026-05-04T23:37:12.247+0000] {taskinstance.py:2612} INFO - Dependencies all met for dep_context=non-requeueable deps ti=<TaskInstance: tmdb_realtime_ingest.create_dashboard_views manual__2026-05-04T23:36:41.900185+00:00 [queued]>
[2026-05-04T23:37:12.249+0000] {taskinstance.py:2612} INFO - Dependencies all met for dep_context=requeueable deps ti=<TaskInstance: tmdb_realtime_ingest.create_dashboard_views manual__2026-05-04T23:36:41.900185+00:00 [queued]>
[2026-05-04T23:37:12.249+0000] {taskinstance.py:2865} INFO - Starting attempt 1 of 1
[2026-05-04T23:37:12.253+0000] {taskinstance.py:2888} INFO - Executing <Task(PythonOperator): create_dashboard_views> on 2026-05-04 23:36:41.900185+00:00
[2026-05-04T23:37:12.258+0000] {logging_mixin.py:190} WARNING - /home/***/.local/lib/python3.12/site-packages/***/task/task_runner/standard_task_runner.py:70 DeprecationWarning: This process (pid=402) is multi-threaded, use of fork() may lead to deadlocks in the child.
[2026-05-04T23:37:12.258+0000] {standard_task_runner.py:72} INFO - Started process 405 to run task
[2026-05-04T23:37:12.258+0000] {standard_task_runner.py:104} INFO - Running: ['***', 'tasks', 'run', 'tmdb_realtime_ingest', 'create_dashboard_views', 'manual__2026-05-04T23:36:41.900185+00:00', '--job-id', '176', '--raw', '--subdir', 'DAGS_FOLDER/tmdb_pipeline.py', '--cfg-path', '/tmp/tmp6tntn3fq']
[2026-05-04T23:37:12.259+0000] {standard_task_runner.py:105} INFO - Job 176: Subtask create_dashboard_views
[2026-05-04T23:37:12.273+0000] {task_command.py:467} INFO - Running <TaskInstance: tmdb_realtime_ingest.create_dashboard_views manual__2026-05-04T23:36:41.900185+00:00 [running]> on host e1ba2d8925c7
[2026-05-04T23:37:12.296+0000] {taskinstance.py:3131} INFO - Exporting env vars: AIRFLOW_CTX_DAG_OWNER='***' AIRFLOW_CTX_DAG_ID='tmdb_realtime_ingest' AIRFLOW_CTX_TASK_ID='create_dashboard_views' AIRFLOW_CTX_EXECUTION_DATE='2026-05-04T23:36:41.900185+00:00' AIRFLOW_CTX_TRY_NUMBER='1' AIRFLOW_CTX_DAG_RUN_ID='manual__2026-05-04T23:36:41.900185+00:00'
[2026-05-04T23:37:12.297+0000] {taskinstance.py:731} INFO - ::endgroup::
[2026-05-04T23:37:12.304+0000] {base.py:84} INFO - Retrieving connection 'conn'
[2026-05-04T23:37:12.304+0000] {connection.py:413} INFO - Snowflake Connector for Python Version: 3.12.2, Python Version: 3.12.5, Platform: Linux-6.12.76-linuxkit-aarch64-with-glibc2.36
[2026-05-04T23:37:12.305+0000] {connection.py:1196} INFO - Connecting to GLOBAL Snowflake domain
[2026-05-04T23:37:12.305+0000] {connection.py:1277} INFO - This connection is in OCSP Fail Open Mode. TLS Certificates would be checked for validity and revocation status. Any other Certificate Revocation related exceptions or OCSP Responder failures would be disregarded in favor of connectivity.
[2026-05-04T23:37:13.008+0000] {base.py:84} INFO - Retrieving connection 'conn'
[2026-05-04T23:37:13.244+0000] {cursor.py:1156} INFO - Number of results in first chunk: 1
[2026-05-04T23:37:13.430+0000] {cursor.py:1156} INFO - Number of results in first chunk: 1
[2026-05-04T23:37:13.792+0000] {cursor.py:1156} INFO - Number of results in first chunk: 1
[2026-05-04T23:37:14.480+0000] {cursor.py:1156} INFO - Number of results in first chunk: 1
[2026-05-04T23:37:15.183+0000] {cursor.py:1156} INFO - Number of results in first chunk: 1
[2026-05-04T23:37:15.982+0000] {cursor.py:1156} INFO - Number of results in first chunk: 1
[2026-05-04T23:37:16.989+0000] {cursor.py:1156} INFO - Number of results in first chunk: 1
[2026-05-04T23:37:17.919+0000] {cursor.py:1156} INFO - Number of results in first chunk: 1
[2026-05-04T23:37:18.433+0000] {cursor.py:1156} INFO - Number of results in first chunk: 1
[2026-05-04T23:37:18.435+0000] {connection.py:788} INFO - closed
[2026-05-04T23:37:18.563+0000] {connection.py:794} INFO - No async queries seem to be running, deleting session
[2026-05-04T23:37:18.673+0000] {python.py:240} INFO - Done. Returned value was: None
[2026-05-04T23:37:18.697+0000] {taskinstance.py:340} INFO - ::group::Post task execution logs
[2026-05-04T23:37:18.698+0000] {taskinstance.py:352} INFO - Marking task as SUCCESS. dag_id=tmdb_realtime_ingest, task_id=create_dashboard_views, run_id=manual__2026-05-04T23:36:41.900185+00:00, execution_date=20260504T233641, start_date=20260504T233712, end_date=20260504T233718
[2026-05-04T23:37:18.742+0000] {local_task_job_runner.py:266} INFO - Task exited with return code 0
[2026-05-04T23:37:18.758+0000] {taskinstance.py:3900} INFO - 0 downstream tasks scheduled from follow-on schedule check
[2026-05-04T23:37:18.759+0000] {local_task_job_runner.py:245} INFO - ::endgroup::
