[2026-05-02T17:43:04.211+0000] {local_task_job_runner.py:123} INFO - ::group::Pre task execution logs
[2026-05-02T17:43:04.220+0000] {taskinstance.py:2612} INFO - Dependencies all met for dep_context=non-requeueable deps ti=<TaskInstance: tmdb_realtime_ingest.extract_tmdb_genres scheduled__2026-05-01T00:00:00+00:00 [queued]>
[2026-05-02T17:43:04.224+0000] {taskinstance.py:2612} INFO - Dependencies all met for dep_context=requeueable deps ti=<TaskInstance: tmdb_realtime_ingest.extract_tmdb_genres scheduled__2026-05-01T00:00:00+00:00 [queued]>
[2026-05-02T17:43:04.224+0000] {taskinstance.py:2865} INFO - Starting attempt 1 of 1
[2026-05-02T17:43:04.230+0000] {taskinstance.py:2888} INFO - Executing <Task(PythonOperator): extract_tmdb_genres> on 2026-05-01 00:00:00+00:00
[2026-05-02T17:43:04.235+0000] {logging_mixin.py:190} WARNING - /home/***/.local/lib/python3.12/site-packages/***/task/task_runner/standard_task_runner.py:70 DeprecationWarning: This process (pid=169) is multi-threaded, use of fork() may lead to deadlocks in the child.
[2026-05-02T17:43:04.236+0000] {standard_task_runner.py:72} INFO - Started process 200 to run task
[2026-05-02T17:43:04.235+0000] {standard_task_runner.py:104} INFO - Running: ['***', 'tasks', 'run', 'tmdb_realtime_ingest', 'extract_tmdb_genres', 'scheduled__2026-05-01T00:00:00+00:00', '--job-id', '100', '--raw', '--subdir', 'DAGS_FOLDER/tmdb_pipeline.py', '--cfg-path', '/tmp/tmps4e2cznq']
[2026-05-02T17:43:04.237+0000] {standard_task_runner.py:105} INFO - Job 100: Subtask extract_tmdb_genres
[2026-05-02T17:43:04.266+0000] {task_command.py:467} INFO - Running <TaskInstance: tmdb_realtime_ingest.extract_tmdb_genres scheduled__2026-05-01T00:00:00+00:00 [running]> on host b6b3d98776f7
[2026-05-02T17:43:04.311+0000] {taskinstance.py:3131} INFO - Exporting env vars: AIRFLOW_CTX_DAG_OWNER='***' AIRFLOW_CTX_DAG_ID='tmdb_realtime_ingest' AIRFLOW_CTX_TASK_ID='extract_tmdb_genres' AIRFLOW_CTX_EXECUTION_DATE='2026-05-01T00:00:00+00:00' AIRFLOW_CTX_TRY_NUMBER='1' AIRFLOW_CTX_DAG_RUN_ID='scheduled__2026-05-01T00:00:00+00:00'
[2026-05-02T17:43:04.312+0000] {taskinstance.py:731} INFO - ::endgroup::
[2026-05-02T17:43:04.518+0000] {python.py:240} INFO - Done. Returned value was: None
[2026-05-02T17:43:04.522+0000] {taskinstance.py:340} INFO - ::group::Post task execution logs
[2026-05-02T17:43:04.522+0000] {taskinstance.py:352} INFO - Marking task as SUCCESS. dag_id=tmdb_realtime_ingest, task_id=extract_tmdb_genres, run_id=scheduled__2026-05-01T00:00:00+00:00, execution_date=20260501T000000, start_date=20260502T174304, end_date=20260502T174304
[2026-05-02T17:43:04.548+0000] {local_task_job_runner.py:266} INFO - Task exited with return code 0
[2026-05-02T17:43:04.556+0000] {taskinstance.py:3900} INFO - 1 downstream tasks scheduled from follow-on schedule check
[2026-05-02T17:43:04.556+0000] {local_task_job_runner.py:245} INFO - ::endgroup::
[2026-05-02T18:54:52.652+0000] {local_task_job_runner.py:123} INFO - ::group::Pre task execution logs
[2026-05-02T18:54:52.664+0000] {taskinstance.py:2612} INFO - Dependencies all met for dep_context=non-requeueable deps ti=<TaskInstance: tmdb_realtime_ingest.extract_tmdb_genres scheduled__2026-05-01T00:00:00+00:00 [queued]>
[2026-05-02T18:54:52.671+0000] {taskinstance.py:2612} INFO - Dependencies all met for dep_context=requeueable deps ti=<TaskInstance: tmdb_realtime_ingest.extract_tmdb_genres scheduled__2026-05-01T00:00:00+00:00 [queued]>
[2026-05-02T18:54:52.671+0000] {taskinstance.py:2865} INFO - Starting attempt 1 of 1
[2026-05-02T18:54:52.680+0000] {taskinstance.py:2888} INFO - Executing <Task(PythonOperator): extract_tmdb_genres> on 2026-05-01 00:00:00+00:00
[2026-05-02T18:54:52.687+0000] {logging_mixin.py:190} WARNING - /home/***/.local/lib/python3.12/site-packages/***/task/task_runner/standard_task_runner.py:70 DeprecationWarning: This process (pid=302) is multi-threaded, use of fork() may lead to deadlocks in the child.
[2026-05-02T18:54:52.688+0000] {standard_task_runner.py:72} INFO - Started process 307 to run task
[2026-05-02T18:54:52.688+0000] {standard_task_runner.py:104} INFO - Running: ['***', 'tasks', 'run', 'tmdb_realtime_ingest', 'extract_tmdb_genres', 'scheduled__2026-05-01T00:00:00+00:00', '--job-id', '124', '--raw', '--subdir', 'DAGS_FOLDER/tmdb_pipeline.py', '--cfg-path', '/tmp/tmphni9wqr7']
[2026-05-02T18:54:52.690+0000] {standard_task_runner.py:105} INFO - Job 124: Subtask extract_tmdb_genres
[2026-05-02T18:54:52.728+0000] {task_command.py:467} INFO - Running <TaskInstance: tmdb_realtime_ingest.extract_tmdb_genres scheduled__2026-05-01T00:00:00+00:00 [running]> on host 391814367cf2
[2026-05-02T18:54:52.776+0000] {taskinstance.py:3131} INFO - Exporting env vars: AIRFLOW_CTX_DAG_OWNER='***' AIRFLOW_CTX_DAG_ID='tmdb_realtime_ingest' AIRFLOW_CTX_TASK_ID='extract_tmdb_genres' AIRFLOW_CTX_EXECUTION_DATE='2026-05-01T00:00:00+00:00' AIRFLOW_CTX_TRY_NUMBER='1' AIRFLOW_CTX_DAG_RUN_ID='scheduled__2026-05-01T00:00:00+00:00'
[2026-05-02T18:54:52.777+0000] {taskinstance.py:731} INFO - ::endgroup::
[2026-05-02T18:54:52.958+0000] {python.py:240} INFO - Done. Returned value was: None
[2026-05-02T18:54:52.965+0000] {taskinstance.py:340} INFO - ::group::Post task execution logs
[2026-05-02T18:54:52.965+0000] {taskinstance.py:352} INFO - Marking task as SUCCESS. dag_id=tmdb_realtime_ingest, task_id=extract_tmdb_genres, run_id=scheduled__2026-05-01T00:00:00+00:00, execution_date=20260501T000000, start_date=20260502T185452, end_date=20260502T185452
[2026-05-02T18:54:52.997+0000] {local_task_job_runner.py:266} INFO - Task exited with return code 0
[2026-05-02T18:54:53.017+0000] {taskinstance.py:3900} INFO - 1 downstream tasks scheduled from follow-on schedule check
[2026-05-02T18:54:53.018+0000] {local_task_job_runner.py:245} INFO - ::endgroup::
