[2026-05-04T23:35:28.689+0000] {local_task_job_runner.py:123} INFO - ::group::Pre task execution logs
[2026-05-04T23:35:28.697+0000] {taskinstance.py:2612} INFO - Dependencies all met for dep_context=non-requeueable deps ti=<TaskInstance: tmdb_realtime_ingest.load_tmdb scheduled__2026-05-03T00:00:00+00:00 [queued]>
[2026-05-04T23:35:28.704+0000] {taskinstance.py:2612} INFO - Dependencies all met for dep_context=requeueable deps ti=<TaskInstance: tmdb_realtime_ingest.load_tmdb scheduled__2026-05-03T00:00:00+00:00 [queued]>
[2026-05-04T23:35:28.706+0000] {taskinstance.py:2865} INFO - Starting attempt 1 of 1
[2026-05-04T23:35:28.712+0000] {taskinstance.py:2888} INFO - Executing <Task(PythonOperator): load_tmdb> on 2026-05-03 00:00:00+00:00
[2026-05-04T23:35:28.718+0000] {logging_mixin.py:190} WARNING - /home/***/.local/lib/python3.12/site-packages/***/task/task_runner/standard_task_runner.py:70 DeprecationWarning: This process (pid=238) is multi-threaded, use of fork() may lead to deadlocks in the child.
[2026-05-04T23:35:28.717+0000] {standard_task_runner.py:104} INFO - Running: ['***', 'tasks', 'run', 'tmdb_realtime_ingest', 'load_tmdb', 'scheduled__2026-05-03T00:00:00+00:00', '--job-id', '163', '--raw', '--subdir', 'DAGS_FOLDER/tmdb_pipeline.py', '--cfg-path', '/tmp/tmphivoz8cs']
[2026-05-04T23:35:28.719+0000] {standard_task_runner.py:105} INFO - Job 163: Subtask load_tmdb
[2026-05-04T23:35:28.719+0000] {standard_task_runner.py:72} INFO - Started process 248 to run task
[2026-05-04T23:35:28.753+0000] {task_command.py:467} INFO - Running <TaskInstance: tmdb_realtime_ingest.load_tmdb scheduled__2026-05-03T00:00:00+00:00 [running]> on host 6a67170d577a
[2026-05-04T23:35:28.803+0000] {taskinstance.py:3131} INFO - Exporting env vars: AIRFLOW_CTX_DAG_OWNER='***' AIRFLOW_CTX_DAG_ID='tmdb_realtime_ingest' AIRFLOW_CTX_TASK_ID='load_tmdb' AIRFLOW_CTX_EXECUTION_DATE='2026-05-03T00:00:00+00:00' AIRFLOW_CTX_TRY_NUMBER='1' AIRFLOW_CTX_DAG_RUN_ID='scheduled__2026-05-03T00:00:00+00:00'
[2026-05-04T23:35:28.804+0000] {taskinstance.py:731} INFO - ::endgroup::
[2026-05-04T23:35:28.819+0000] {base.py:84} INFO - Retrieving connection 'conn'
[2026-05-04T23:35:28.820+0000] {connection.py:413} INFO - Snowflake Connector for Python Version: 3.12.2, Python Version: 3.12.5, Platform: Linux-6.12.76-linuxkit-aarch64-with-glibc2.36
[2026-05-04T23:35:28.821+0000] {connection.py:1196} INFO - Connecting to GLOBAL Snowflake domain
[2026-05-04T23:35:28.821+0000] {connection.py:1277} INFO - This connection is in OCSP Fail Open Mode. TLS Certificates would be checked for validity and revocation status. Any other Certificate Revocation related exceptions or OCSP Responder failures would be disregarded in favor of connectivity.
[2026-05-04T23:35:29.741+0000] {base.py:84} INFO - Retrieving connection 'conn'
[2026-05-04T23:35:30.009+0000] {cursor.py:1156} INFO - Number of results in first chunk: 1
[2026-05-04T23:35:30.264+0000] {cursor.py:1156} INFO - Number of results in first chunk: 1
[2026-05-04T23:35:30.580+0000] {cursor.py:1156} INFO - Number of results in first chunk: 1
[2026-05-04T23:35:30.915+0000] {cursor.py:1156} INFO - Number of results in first chunk: 1
[2026-05-04T23:35:33.548+0000] {cursor.py:1156} INFO - Number of results in first chunk: 1
[2026-05-04T23:35:33.549+0000] {connection.py:788} INFO - closed
[2026-05-04T23:35:33.609+0000] {connection.py:794} INFO - No async queries seem to be running, deleting session
[2026-05-04T23:35:33.721+0000] {python.py:240} INFO - Done. Returned value was: None
[2026-05-04T23:35:33.730+0000] {taskinstance.py:340} INFO - ::group::Post task execution logs
[2026-05-04T23:35:33.731+0000] {taskinstance.py:352} INFO - Marking task as SUCCESS. dag_id=tmdb_realtime_ingest, task_id=load_tmdb, run_id=scheduled__2026-05-03T00:00:00+00:00, execution_date=20260503T000000, start_date=20260504T233528, end_date=20260504T233533
[2026-05-04T23:35:33.750+0000] {local_task_job_runner.py:266} INFO - Task exited with return code 0
[2026-05-04T23:35:33.764+0000] {taskinstance.py:3900} INFO - 0 downstream tasks scheduled from follow-on schedule check
[2026-05-04T23:35:33.764+0000] {local_task_job_runner.py:245} INFO - ::endgroup::
[2026-05-07T07:21:15.468+0000] {local_task_job_runner.py:123} INFO - ::group::Pre task execution logs
[2026-05-07T07:21:15.495+0000] {taskinstance.py:2612} INFO - Dependencies all met for dep_context=non-requeueable deps ti=<TaskInstance: tmdb_realtime_ingest.load_tmdb scheduled__2026-05-03T00:00:00+00:00 [queued]>
[2026-05-07T07:21:15.510+0000] {taskinstance.py:2612} INFO - Dependencies all met for dep_context=requeueable deps ti=<TaskInstance: tmdb_realtime_ingest.load_tmdb scheduled__2026-05-03T00:00:00+00:00 [queued]>
[2026-05-07T07:21:15.512+0000] {taskinstance.py:2865} INFO - Starting attempt 1 of 1
[2026-05-07T07:21:15.531+0000] {taskinstance.py:2888} INFO - Executing <Task(PythonOperator): load_tmdb> on 2026-05-03 00:00:00+00:00
[2026-05-07T07:21:15.579+0000] {standard_task_runner.py:104} INFO - Running: ['***', 'tasks', 'run', 'tmdb_realtime_ingest', 'load_tmdb', 'scheduled__2026-05-03T00:00:00+00:00', '--job-id', '487', '--raw', '--subdir', 'DAGS_FOLDER/tmdb_pipeline.py', '--cfg-path', '/tmp/tmp8k02979j']
[2026-05-07T07:21:15.541+0000] {logging_mixin.py:190} WARNING - /home/***/.local/lib/python3.12/site-packages/***/task/task_runner/standard_task_runner.py:70 DeprecationWarning: This process (pid=2606) is multi-threaded, use of fork() may lead to deadlocks in the child.
[2026-05-07T07:21:15.591+0000] {standard_task_runner.py:105} INFO - Job 487: Subtask load_tmdb
[2026-05-07T07:21:15.595+0000] {standard_task_runner.py:72} INFO - Started process 2620 to run task
[2026-05-07T07:21:15.671+0000] {task_command.py:467} INFO - Running <TaskInstance: tmdb_realtime_ingest.load_tmdb scheduled__2026-05-03T00:00:00+00:00 [running]> on host 1589e571b783
[2026-05-07T07:21:15.770+0000] {taskinstance.py:3131} INFO - Exporting env vars: AIRFLOW_CTX_DAG_OWNER='***' AIRFLOW_CTX_DAG_ID='tmdb_realtime_ingest' AIRFLOW_CTX_TASK_ID='load_tmdb' AIRFLOW_CTX_EXECUTION_DATE='2026-05-03T00:00:00+00:00' AIRFLOW_CTX_TRY_NUMBER='1' AIRFLOW_CTX_DAG_RUN_ID='scheduled__2026-05-03T00:00:00+00:00'
[2026-05-07T07:21:15.771+0000] {taskinstance.py:731} INFO - ::endgroup::
[2026-05-07T07:21:15.797+0000] {base.py:84} INFO - Retrieving connection 'conn'
[2026-05-07T07:21:15.799+0000] {connection.py:413} INFO - Snowflake Connector for Python Version: 3.12.2, Python Version: 3.12.5, Platform: Linux-6.12.76-linuxkit-aarch64-with-glibc2.36
[2026-05-07T07:21:15.802+0000] {connection.py:1196} INFO - Connecting to GLOBAL Snowflake domain
[2026-05-07T07:21:15.803+0000] {connection.py:1277} INFO - This connection is in OCSP Fail Open Mode. TLS Certificates would be checked for validity and revocation status. Any other Certificate Revocation related exceptions or OCSP Responder failures would be disregarded in favor of connectivity.
[2026-05-07T07:21:16.234+0000] {base.py:84} INFO - Retrieving connection 'conn'
[2026-05-07T07:21:16.465+0000] {cursor.py:1156} INFO - Number of results in first chunk: 1
[2026-05-07T07:21:16.618+0000] {cursor.py:1156} INFO - Number of results in first chunk: 1
[2026-05-07T07:21:16.746+0000] {cursor.py:1156} INFO - Number of results in first chunk: 1
[2026-05-07T07:21:16.973+0000] {cursor.py:1156} INFO - Number of results in first chunk: 1
[2026-05-07T07:21:19.164+0000] {cursor.py:1156} INFO - Number of results in first chunk: 1
[2026-05-07T07:21:19.166+0000] {connection.py:788} INFO - closed
[2026-05-07T07:21:19.241+0000] {connection.py:794} INFO - No async queries seem to be running, deleting session
[2026-05-07T07:21:19.338+0000] {python.py:240} INFO - Done. Returned value was: None
[2026-05-07T07:21:19.364+0000] {taskinstance.py:340} INFO - ::group::Post task execution logs
[2026-05-07T07:21:19.365+0000] {taskinstance.py:352} INFO - Marking task as SUCCESS. dag_id=tmdb_realtime_ingest, task_id=load_tmdb, run_id=scheduled__2026-05-03T00:00:00+00:00, execution_date=20260503T000000, start_date=20260507T072115, end_date=20260507T072119
[2026-05-07T07:21:19.508+0000] {local_task_job_runner.py:266} INFO - Task exited with return code 0
[2026-05-07T07:21:19.673+0000] {taskinstance.py:3900} INFO - 0 downstream tasks scheduled from follow-on schedule check
[2026-05-07T07:21:19.697+0000] {local_task_job_runner.py:245} INFO - ::endgroup::
[2026-05-07T07:35:37.235+0000] {local_task_job_runner.py:123} INFO - ::group::Pre task execution logs
[2026-05-07T07:35:37.250+0000] {taskinstance.py:2612} INFO - Dependencies all met for dep_context=non-requeueable deps ti=<TaskInstance: tmdb_realtime_ingest.load_tmdb scheduled__2026-05-03T00:00:00+00:00 [queued]>
[2026-05-07T07:35:37.257+0000] {taskinstance.py:2612} INFO - Dependencies all met for dep_context=requeueable deps ti=<TaskInstance: tmdb_realtime_ingest.load_tmdb scheduled__2026-05-03T00:00:00+00:00 [queued]>
[2026-05-07T07:35:37.258+0000] {taskinstance.py:2865} INFO - Starting attempt 1 of 1
[2026-05-07T07:35:37.275+0000] {taskinstance.py:2888} INFO - Executing <Task(PythonOperator): load_tmdb> on 2026-05-03 00:00:00+00:00
[2026-05-07T07:35:37.284+0000] {logging_mixin.py:190} WARNING - /home/***/.local/lib/python3.12/site-packages/***/task/task_runner/standard_task_runner.py:70 DeprecationWarning: This process (pid=2572) is multi-threaded, use of fork() may lead to deadlocks in the child.
[2026-05-07T07:35:37.287+0000] {standard_task_runner.py:72} INFO - Started process 2597 to run task
[2026-05-07T07:35:37.286+0000] {standard_task_runner.py:104} INFO - Running: ['***', 'tasks', 'run', 'tmdb_realtime_ingest', 'load_tmdb', 'scheduled__2026-05-03T00:00:00+00:00', '--job-id', '828', '--raw', '--subdir', 'DAGS_FOLDER/tmdb_pipeline.py', '--cfg-path', '/tmp/tmpc7kfnj8s']
[2026-05-07T07:35:37.288+0000] {standard_task_runner.py:105} INFO - Job 828: Subtask load_tmdb
[2026-05-07T07:35:37.347+0000] {task_command.py:467} INFO - Running <TaskInstance: tmdb_realtime_ingest.load_tmdb scheduled__2026-05-03T00:00:00+00:00 [running]> on host da59d52ee0b5
[2026-05-07T07:35:37.435+0000] {taskinstance.py:3131} INFO - Exporting env vars: AIRFLOW_CTX_DAG_OWNER='***' AIRFLOW_CTX_DAG_ID='tmdb_realtime_ingest' AIRFLOW_CTX_TASK_ID='load_tmdb' AIRFLOW_CTX_EXECUTION_DATE='2026-05-03T00:00:00+00:00' AIRFLOW_CTX_TRY_NUMBER='1' AIRFLOW_CTX_DAG_RUN_ID='scheduled__2026-05-03T00:00:00+00:00'
[2026-05-07T07:35:37.437+0000] {taskinstance.py:731} INFO - ::endgroup::
[2026-05-07T07:35:37.469+0000] {base.py:84} INFO - Retrieving connection 'conn'
[2026-05-07T07:35:37.470+0000] {connection.py:413} INFO - Snowflake Connector for Python Version: 3.12.2, Python Version: 3.12.5, Platform: Linux-6.12.76-linuxkit-aarch64-with-glibc2.36
[2026-05-07T07:35:37.472+0000] {connection.py:1196} INFO - Connecting to GLOBAL Snowflake domain
[2026-05-07T07:35:37.472+0000] {connection.py:1277} INFO - This connection is in OCSP Fail Open Mode. TLS Certificates would be checked for validity and revocation status. Any other Certificate Revocation related exceptions or OCSP Responder failures would be disregarded in favor of connectivity.
[2026-05-07T07:35:37.847+0000] {base.py:84} INFO - Retrieving connection 'conn'
[2026-05-07T07:35:38.037+0000] {cursor.py:1156} INFO - Number of results in first chunk: 1
[2026-05-07T07:35:38.212+0000] {cursor.py:1156} INFO - Number of results in first chunk: 1
[2026-05-07T07:35:38.372+0000] {cursor.py:1156} INFO - Number of results in first chunk: 1
[2026-05-07T07:35:38.769+0000] {cursor.py:1156} INFO - Number of results in first chunk: 1
[2026-05-07T07:35:41.097+0000] {cursor.py:1156} INFO - Number of results in first chunk: 1
[2026-05-07T07:35:41.111+0000] {connection.py:788} INFO - closed
[2026-05-07T07:35:41.217+0000] {connection.py:794} INFO - No async queries seem to be running, deleting session
[2026-05-07T07:35:41.443+0000] {python.py:240} INFO - Done. Returned value was: None
[2026-05-07T07:35:41.580+0000] {taskinstance.py:340} INFO - ::group::Post task execution logs
[2026-05-07T07:35:41.583+0000] {taskinstance.py:352} INFO - Marking task as SUCCESS. dag_id=tmdb_realtime_ingest, task_id=load_tmdb, run_id=scheduled__2026-05-03T00:00:00+00:00, execution_date=20260503T000000, start_date=20260507T073537, end_date=20260507T073541
[2026-05-07T07:35:41.729+0000] {local_task_job_runner.py:266} INFO - Task exited with return code 0
[2026-05-07T07:35:41.787+0000] {local_task_job_runner.py:245} INFO - ::endgroup::
[2026-05-07T07:44:53.135+0000] {local_task_job_runner.py:123} INFO - ::group::Pre task execution logs
[2026-05-07T07:44:53.150+0000] {taskinstance.py:2612} INFO - Dependencies all met for dep_context=non-requeueable deps ti=<TaskInstance: tmdb_realtime_ingest.load_tmdb scheduled__2026-05-03T00:00:00+00:00 [queued]>
[2026-05-07T07:44:53.165+0000] {taskinstance.py:2612} INFO - Dependencies all met for dep_context=requeueable deps ti=<TaskInstance: tmdb_realtime_ingest.load_tmdb scheduled__2026-05-03T00:00:00+00:00 [queued]>
[2026-05-07T07:44:53.165+0000] {taskinstance.py:2865} INFO - Starting attempt 1 of 1
[2026-05-07T07:44:53.172+0000] {taskinstance.py:2888} INFO - Executing <Task(PythonOperator): load_tmdb> on 2026-05-03 00:00:00+00:00
[2026-05-07T07:44:53.185+0000] {logging_mixin.py:190} WARNING - /home/***/.local/lib/python3.12/site-packages/***/task/task_runner/standard_task_runner.py:70 DeprecationWarning: This process (pid=5730) is multi-threaded, use of fork() may lead to deadlocks in the child.
[2026-05-07T07:44:53.186+0000] {standard_task_runner.py:72} INFO - Started process 5739 to run task
[2026-05-07T07:44:53.184+0000] {standard_task_runner.py:104} INFO - Running: ['***', 'tasks', 'run', 'tmdb_realtime_ingest', 'load_tmdb', 'scheduled__2026-05-03T00:00:00+00:00', '--job-id', '1176', '--raw', '--subdir', 'DAGS_FOLDER/tmdb_pipeline.py', '--cfg-path', '/tmp/tmp8ux190sd']
[2026-05-07T07:44:53.186+0000] {standard_task_runner.py:105} INFO - Job 1176: Subtask load_tmdb
[2026-05-07T07:44:53.235+0000] {task_command.py:467} INFO - Running <TaskInstance: tmdb_realtime_ingest.load_tmdb scheduled__2026-05-03T00:00:00+00:00 [running]> on host da59d52ee0b5
[2026-05-07T07:44:53.298+0000] {taskinstance.py:3131} INFO - Exporting env vars: AIRFLOW_CTX_DAG_OWNER='***' AIRFLOW_CTX_DAG_ID='tmdb_realtime_ingest' AIRFLOW_CTX_TASK_ID='load_tmdb' AIRFLOW_CTX_EXECUTION_DATE='2026-05-03T00:00:00+00:00' AIRFLOW_CTX_TRY_NUMBER='1' AIRFLOW_CTX_DAG_RUN_ID='scheduled__2026-05-03T00:00:00+00:00'
[2026-05-07T07:44:53.299+0000] {taskinstance.py:731} INFO - ::endgroup::
[2026-05-07T07:44:53.324+0000] {base.py:84} INFO - Retrieving connection 'conn'
[2026-05-07T07:44:53.324+0000] {connection.py:413} INFO - Snowflake Connector for Python Version: 3.12.2, Python Version: 3.12.5, Platform: Linux-6.12.76-linuxkit-aarch64-with-glibc2.36
[2026-05-07T07:44:53.325+0000] {connection.py:1196} INFO - Connecting to GLOBAL Snowflake domain
[2026-05-07T07:44:53.325+0000] {connection.py:1277} INFO - This connection is in OCSP Fail Open Mode. TLS Certificates would be checked for validity and revocation status. Any other Certificate Revocation related exceptions or OCSP Responder failures would be disregarded in favor of connectivity.
[2026-05-07T07:44:53.908+0000] {base.py:84} INFO - Retrieving connection 'conn'
[2026-05-07T07:44:54.283+0000] {cursor.py:1156} INFO - Number of results in first chunk: 1
[2026-05-07T07:44:54.565+0000] {cursor.py:1156} INFO - Number of results in first chunk: 1
[2026-05-07T07:44:54.717+0000] {cursor.py:1156} INFO - Number of results in first chunk: 1
[2026-05-07T07:44:55.023+0000] {cursor.py:1156} INFO - Number of results in first chunk: 1
[2026-05-07T07:44:57.139+0000] {cursor.py:1156} INFO - Number of results in first chunk: 1
[2026-05-07T07:44:57.152+0000] {connection.py:788} INFO - closed
[2026-05-07T07:44:57.295+0000] {connection.py:794} INFO - No async queries seem to be running, deleting session
[2026-05-07T07:44:57.464+0000] {python.py:240} INFO - Done. Returned value was: None
[2026-05-07T07:44:57.544+0000] {taskinstance.py:340} INFO - ::group::Post task execution logs
[2026-05-07T07:44:57.547+0000] {taskinstance.py:352} INFO - Marking task as SUCCESS. dag_id=tmdb_realtime_ingest, task_id=load_tmdb, run_id=scheduled__2026-05-03T00:00:00+00:00, execution_date=20260503T000000, start_date=20260507T074453, end_date=20260507T074457
[2026-05-07T07:44:57.657+0000] {local_task_job_runner.py:266} INFO - Task exited with return code 0
[2026-05-07T07:44:57.710+0000] {local_task_job_runner.py:245} INFO - ::endgroup::
[2026-05-07T08:00:13.223+0000] {local_task_job_runner.py:123} INFO - ::group::Pre task execution logs
[2026-05-07T08:00:13.238+0000] {taskinstance.py:2612} INFO - Dependencies all met for dep_context=non-requeueable deps ti=<TaskInstance: tmdb_realtime_ingest.load_tmdb scheduled__2026-05-03T00:00:00+00:00 [queued]>
[2026-05-07T08:00:13.248+0000] {taskinstance.py:2612} INFO - Dependencies all met for dep_context=requeueable deps ti=<TaskInstance: tmdb_realtime_ingest.load_tmdb scheduled__2026-05-03T00:00:00+00:00 [queued]>
[2026-05-07T08:00:13.248+0000] {taskinstance.py:2865} INFO - Starting attempt 1 of 1
[2026-05-07T08:00:13.262+0000] {taskinstance.py:2888} INFO - Executing <Task(PythonOperator): load_tmdb> on 2026-05-03 00:00:00+00:00
[2026-05-07T08:00:13.270+0000] {logging_mixin.py:190} WARNING - /home/***/.local/lib/python3.12/site-packages/***/task/task_runner/standard_task_runner.py:70 DeprecationWarning: This process (pid=3284) is multi-threaded, use of fork() may lead to deadlocks in the child.
[2026-05-07T08:00:13.273+0000] {standard_task_runner.py:72} INFO - Started process 3306 to run task
[2026-05-07T08:00:13.271+0000] {standard_task_runner.py:104} INFO - Running: ['***', 'tasks', 'run', 'tmdb_realtime_ingest', 'load_tmdb', 'scheduled__2026-05-03T00:00:00+00:00', '--job-id', '1659', '--raw', '--subdir', 'DAGS_FOLDER/tmdb_pipeline.py', '--cfg-path', '/tmp/tmps7bd3zi9']
[2026-05-07T08:00:13.274+0000] {standard_task_runner.py:105} INFO - Job 1659: Subtask load_tmdb
[2026-05-07T08:00:13.318+0000] {task_command.py:467} INFO - Running <TaskInstance: tmdb_realtime_ingest.load_tmdb scheduled__2026-05-03T00:00:00+00:00 [running]> on host aec0b0090a27
[2026-05-07T08:00:13.400+0000] {taskinstance.py:3131} INFO - Exporting env vars: AIRFLOW_CTX_DAG_OWNER='***' AIRFLOW_CTX_DAG_ID='tmdb_realtime_ingest' AIRFLOW_CTX_TASK_ID='load_tmdb' AIRFLOW_CTX_EXECUTION_DATE='2026-05-03T00:00:00+00:00' AIRFLOW_CTX_TRY_NUMBER='1' AIRFLOW_CTX_DAG_RUN_ID='scheduled__2026-05-03T00:00:00+00:00'
[2026-05-07T08:00:13.401+0000] {taskinstance.py:731} INFO - ::endgroup::
[2026-05-07T08:00:13.421+0000] {base.py:84} INFO - Retrieving connection 'conn'
[2026-05-07T08:00:13.425+0000] {connection.py:413} INFO - Snowflake Connector for Python Version: 3.12.2, Python Version: 3.12.5, Platform: Linux-6.12.76-linuxkit-aarch64-with-glibc2.36
[2026-05-07T08:00:13.427+0000] {connection.py:1196} INFO - Connecting to GLOBAL Snowflake domain
[2026-05-07T08:00:13.427+0000] {connection.py:1277} INFO - This connection is in OCSP Fail Open Mode. TLS Certificates would be checked for validity and revocation status. Any other Certificate Revocation related exceptions or OCSP Responder failures would be disregarded in favor of connectivity.
[2026-05-07T08:00:14.183+0000] {base.py:84} INFO - Retrieving connection 'conn'
[2026-05-07T08:00:14.393+0000] {cursor.py:1156} INFO - Number of results in first chunk: 1
[2026-05-07T08:00:14.527+0000] {cursor.py:1156} INFO - Number of results in first chunk: 1
[2026-05-07T08:00:14.877+0000] {cursor.py:1156} INFO - Number of results in first chunk: 1
[2026-05-07T08:00:15.131+0000] {cursor.py:1156} INFO - Number of results in first chunk: 1
[2026-05-07T08:00:16.878+0000] {cursor.py:1156} INFO - Number of results in first chunk: 1
[2026-05-07T08:00:16.880+0000] {connection.py:788} INFO - closed
[2026-05-07T08:00:16.952+0000] {connection.py:794} INFO - No async queries seem to be running, deleting session
[2026-05-07T08:00:17.035+0000] {python.py:240} INFO - Done. Returned value was: None
[2026-05-07T08:00:17.053+0000] {taskinstance.py:340} INFO - ::group::Post task execution logs
[2026-05-07T08:00:17.054+0000] {taskinstance.py:352} INFO - Marking task as SUCCESS. dag_id=tmdb_realtime_ingest, task_id=load_tmdb, run_id=scheduled__2026-05-03T00:00:00+00:00, execution_date=20260503T000000, start_date=20260507T080013, end_date=20260507T080017
[2026-05-07T08:00:17.091+0000] {local_task_job_runner.py:266} INFO - Task exited with return code 0
[2026-05-07T08:00:17.121+0000] {taskinstance.py:3900} INFO - 0 downstream tasks scheduled from follow-on schedule check
[2026-05-07T08:00:17.122+0000] {local_task_job_runner.py:245} INFO - ::endgroup::
[2026-05-07T08:09:56.796+0000] {local_task_job_runner.py:123} INFO - ::group::Pre task execution logs
[2026-05-07T08:09:56.903+0000] {taskinstance.py:2612} INFO - Dependencies all met for dep_context=non-requeueable deps ti=<TaskInstance: tmdb_realtime_ingest.load_tmdb scheduled__2026-05-03T00:00:00+00:00 [queued]>
[2026-05-07T08:09:56.956+0000] {taskinstance.py:2612} INFO - Dependencies all met for dep_context=requeueable deps ti=<TaskInstance: tmdb_realtime_ingest.load_tmdb scheduled__2026-05-03T00:00:00+00:00 [queued]>
[2026-05-07T08:09:56.962+0000] {taskinstance.py:2865} INFO - Starting attempt 1 of 1
[2026-05-07T08:09:56.990+0000] {taskinstance.py:2888} INFO - Executing <Task(PythonOperator): load_tmdb> on 2026-05-03 00:00:00+00:00
[2026-05-07T08:09:57.019+0000] {logging_mixin.py:190} WARNING - /home/***/.local/lib/python3.12/site-packages/***/task/task_runner/standard_task_runner.py:70 DeprecationWarning: This process (pid=665) is multi-threaded, use of fork() may lead to deadlocks in the child.
[2026-05-07T08:09:57.024+0000] {standard_task_runner.py:104} INFO - Running: ['***', 'tasks', 'run', 'tmdb_realtime_ingest', 'load_tmdb', 'scheduled__2026-05-03T00:00:00+00:00', '--job-id', '1758', '--raw', '--subdir', 'DAGS_FOLDER/tmdb_pipeline.py', '--cfg-path', '/tmp/tmprk4e8tu_']
[2026-05-07T08:09:57.032+0000] {standard_task_runner.py:105} INFO - Job 1758: Subtask load_tmdb
[2026-05-07T08:09:57.025+0000] {standard_task_runner.py:72} INFO - Started process 710 to run task
[2026-05-07T08:09:57.403+0000] {task_command.py:467} INFO - Running <TaskInstance: tmdb_realtime_ingest.load_tmdb scheduled__2026-05-03T00:00:00+00:00 [running]> on host 304727ced316
[2026-05-07T08:09:57.650+0000] {taskinstance.py:3131} INFO - Exporting env vars: AIRFLOW_CTX_DAG_OWNER='***' AIRFLOW_CTX_DAG_ID='tmdb_realtime_ingest' AIRFLOW_CTX_TASK_ID='load_tmdb' AIRFLOW_CTX_EXECUTION_DATE='2026-05-03T00:00:00+00:00' AIRFLOW_CTX_TRY_NUMBER='1' AIRFLOW_CTX_DAG_RUN_ID='scheduled__2026-05-03T00:00:00+00:00'
[2026-05-07T08:09:57.660+0000] {taskinstance.py:731} INFO - ::endgroup::
[2026-05-07T08:09:57.765+0000] {base.py:84} INFO - Retrieving connection 'conn'
[2026-05-07T08:09:57.770+0000] {connection.py:413} INFO - Snowflake Connector for Python Version: 3.12.2, Python Version: 3.12.5, Platform: Linux-6.12.76-linuxkit-aarch64-with-glibc2.36
[2026-05-07T08:09:57.772+0000] {connection.py:1196} INFO - Connecting to GLOBAL Snowflake domain
[2026-05-07T08:09:57.775+0000] {connection.py:1277} INFO - This connection is in OCSP Fail Open Mode. TLS Certificates would be checked for validity and revocation status. Any other Certificate Revocation related exceptions or OCSP Responder failures would be disregarded in favor of connectivity.
[2026-05-07T08:09:58.230+0000] {base.py:84} INFO - Retrieving connection 'conn'
[2026-05-07T08:09:58.549+0000] {cursor.py:1156} INFO - Number of results in first chunk: 1
[2026-05-07T08:09:58.830+0000] {cursor.py:1156} INFO - Number of results in first chunk: 1
[2026-05-07T08:09:58.947+0000] {cursor.py:1156} INFO - Number of results in first chunk: 1
[2026-05-07T08:09:59.269+0000] {cursor.py:1156} INFO - Number of results in first chunk: 1
[2026-05-07T08:10:00.740+0000] {cursor.py:1156} INFO - Number of results in first chunk: 1
[2026-05-07T08:10:00.741+0000] {connection.py:788} INFO - closed
[2026-05-07T08:10:00.815+0000] {connection.py:794} INFO - No async queries seem to be running, deleting session
[2026-05-07T08:10:00.947+0000] {python.py:240} INFO - Done. Returned value was: None
[2026-05-07T08:10:01.016+0000] {taskinstance.py:340} INFO - ::group::Post task execution logs
[2026-05-07T08:10:01.019+0000] {taskinstance.py:352} INFO - Marking task as SUCCESS. dag_id=tmdb_realtime_ingest, task_id=load_tmdb, run_id=scheduled__2026-05-03T00:00:00+00:00, execution_date=20260503T000000, start_date=20260507T080956, end_date=20260507T081001
[2026-05-07T08:10:01.064+0000] {local_task_job_runner.py:266} INFO - Task exited with return code 0
[2026-05-07T08:10:01.133+0000] {taskinstance.py:3900} INFO - 1 downstream tasks scheduled from follow-on schedule check
[2026-05-07T08:10:01.135+0000] {local_task_job_runner.py:245} INFO - ::endgroup::
[2026-05-07T08:21:42.783+0000] {local_task_job_runner.py:123} INFO - ::group::Pre task execution logs
[2026-05-07T08:21:42.804+0000] {taskinstance.py:2612} INFO - Dependencies all met for dep_context=non-requeueable deps ti=<TaskInstance: tmdb_realtime_ingest.load_tmdb scheduled__2026-05-03T00:00:00+00:00 [queued]>
[2026-05-07T08:21:42.808+0000] {taskinstance.py:2612} INFO - Dependencies all met for dep_context=requeueable deps ti=<TaskInstance: tmdb_realtime_ingest.load_tmdb scheduled__2026-05-03T00:00:00+00:00 [queued]>
[2026-05-07T08:21:42.808+0000] {taskinstance.py:2865} INFO - Starting attempt 1 of 1
[2026-05-07T08:21:42.814+0000] {taskinstance.py:2888} INFO - Executing <Task(PythonOperator): load_tmdb> on 2026-05-03 00:00:00+00:00
[2026-05-07T08:21:42.829+0000] {logging_mixin.py:190} WARNING - /home/***/.local/lib/python3.12/site-packages/***/task/task_runner/standard_task_runner.py:70 DeprecationWarning: This process (pid=704) is multi-threaded, use of fork() may lead to deadlocks in the child.
[2026-05-07T08:21:42.828+0000] {standard_task_runner.py:104} INFO - Running: ['***', 'tasks', 'run', 'tmdb_realtime_ingest', 'load_tmdb', 'scheduled__2026-05-03T00:00:00+00:00', '--job-id', '1852', '--raw', '--subdir', 'DAGS_FOLDER/tmdb_pipeline.py', '--cfg-path', '/tmp/tmp6xf9iyyk']
[2026-05-07T08:21:42.830+0000] {standard_task_runner.py:72} INFO - Started process 717 to run task
[2026-05-07T08:21:42.830+0000] {standard_task_runner.py:105} INFO - Job 1852: Subtask load_tmdb
[2026-05-07T08:21:42.859+0000] {task_command.py:467} INFO - Running <TaskInstance: tmdb_realtime_ingest.load_tmdb scheduled__2026-05-03T00:00:00+00:00 [running]> on host 468e1946259b
[2026-05-07T08:21:42.917+0000] {taskinstance.py:3131} INFO - Exporting env vars: AIRFLOW_CTX_DAG_OWNER='***' AIRFLOW_CTX_DAG_ID='tmdb_realtime_ingest' AIRFLOW_CTX_TASK_ID='load_tmdb' AIRFLOW_CTX_EXECUTION_DATE='2026-05-03T00:00:00+00:00' AIRFLOW_CTX_TRY_NUMBER='1' AIRFLOW_CTX_DAG_RUN_ID='scheduled__2026-05-03T00:00:00+00:00'
[2026-05-07T08:21:42.918+0000] {taskinstance.py:731} INFO - ::endgroup::
[2026-05-07T08:21:42.930+0000] {base.py:84} INFO - Retrieving connection 'conn'
[2026-05-07T08:21:42.931+0000] {connection.py:413} INFO - Snowflake Connector for Python Version: 3.12.2, Python Version: 3.12.5, Platform: Linux-6.12.76-linuxkit-aarch64-with-glibc2.36
[2026-05-07T08:21:42.932+0000] {connection.py:1196} INFO - Connecting to GLOBAL Snowflake domain
[2026-05-07T08:21:42.932+0000] {connection.py:1277} INFO - This connection is in OCSP Fail Open Mode. TLS Certificates would be checked for validity and revocation status. Any other Certificate Revocation related exceptions or OCSP Responder failures would be disregarded in favor of connectivity.
[2026-05-07T08:21:43.257+0000] {base.py:84} INFO - Retrieving connection 'conn'
[2026-05-07T08:21:43.398+0000] {cursor.py:1156} INFO - Number of results in first chunk: 1
[2026-05-07T08:21:43.506+0000] {cursor.py:1156} INFO - Number of results in first chunk: 1
[2026-05-07T08:21:43.624+0000] {cursor.py:1156} INFO - Number of results in first chunk: 1
[2026-05-07T08:21:43.860+0000] {cursor.py:1156} INFO - Number of results in first chunk: 1
[2026-05-07T08:21:45.523+0000] {cursor.py:1156} INFO - Number of results in first chunk: 1
[2026-05-07T08:21:45.532+0000] {connection.py:788} INFO - closed
[2026-05-07T08:21:46.025+0000] {connection.py:794} INFO - No async queries seem to be running, deleting session
[2026-05-07T08:21:46.146+0000] {python.py:240} INFO - Done. Returned value was: None
[2026-05-07T08:21:46.210+0000] {taskinstance.py:340} INFO - ::group::Post task execution logs
[2026-05-07T08:21:46.221+0000] {taskinstance.py:352} INFO - Marking task as SUCCESS. dag_id=tmdb_realtime_ingest, task_id=load_tmdb, run_id=scheduled__2026-05-03T00:00:00+00:00, execution_date=20260503T000000, start_date=20260507T082142, end_date=20260507T082146
[2026-05-07T08:21:46.308+0000] {local_task_job_runner.py:266} INFO - Task exited with return code 0
[2026-05-07T08:21:46.356+0000] {taskinstance.py:3900} INFO - 0 downstream tasks scheduled from follow-on schedule check
[2026-05-07T08:21:46.361+0000] {local_task_job_runner.py:245} INFO - ::endgroup::
